61761,在这篇博客及其评论区中，并没有明确提到两道不同的编程题目出现了雷同或冲突的情况。博客主要讨论的是一个特定的问题，即如何求解四面体内切球的中心和半径。评论区中的一条评论提到了CodeChef上的类似问题，但并没有具体说明这两道题是本质相同或相似的。

评论区中提到的CodeChef问题并没有给出具体的链接或名称，因此我们无法确认是否存在两道本质相同的题目。所以根据提供的信息，不能确定存在两道不同的编程题目出现雷同或冲突的情况。

如果有更多详细信息或具体的题目链接，可以进一步分析。目前来看，博客和评论区的内容主要是围绕一个特定问题的不同解法进行讨论。
55444,在这篇博客及其评论中，确实存在两道题目出现雷同的情况。具体来说：

- 博客作者提到的问题是计算组合数 \(nCr\) 对一个大质数取模，其中 \(n, r\) 和这个质数的数量级为 \(10^9\)。
- 在评论区中，用户 `radoslav11` 提到这个问题与一个过去 CodeChef 竞赛中的问题相同，即找到一个类似的组合数计算问题，其中 \(N\) 和 \(K\) 的值也非常大（接近 \(10^9\)）。

两道题目的关键点在于：
1. 计算组合数 \(nCr\)。
2. 结果需要对一个大质数取模。
3. 输入参数（\(n, r, p\)）的数量级都为 \(10^9\) 左右。

这两道题目在本质上是相同的，都是要求计算大规模组合数并对一个大质数取模。因此，这两道题目是雷同的。

相关链接：
- 博客链接：未提供具体的博客链接，但可以推测这是一篇关于组合数计算的博客文章。
- 竞赛题目链接：[Hackerearth 竞赛题目链接](https://www.hackerearth.com/challenge/competitive/october-circuits-17/algorithm/army-parade-7bcfea8e/)，由用户 `KrK` 提供。

总结：博客和评论区中的两道题目是本质相同的，涉及计算大规模组合数并对一个大质数取模的问题。
129073,根据提供的博客内容，我们可以分析是否存在两道不同编程题目出现雷同、冲突或撞题的信息。

博客中的主要内容集中在对某个用户提交的代码的质疑上。具体来说，用户`eggegg185`和`Heap_Over_Flow`讨论了在Codeforces竞赛中两个题目的代码雷同的问题。以下是关键信息：

- **(Q-D)** 和 **(Q-C)** 提交的代码疑似雷同。
- 具体提交链接为：
  - https://codeforces.com/contest/1972/submission/258916012
  - https://codeforces.com/contest/1972/submission/258916865

博客评论中提到，两道题目的代码是相同的，特别是对于问题(Q-D)和(Q-C)。例如，评论提到“they have submitted same codes......”（他们提交了相同的代码），以及“it should be, C :arscodeandamir For D1, one can argue it is mathematical and short, but I think this C too much similarity is a proof they cheated.”（它应该是C :arscodeandamir 对于D1，可以说它是数学的并且简洁，但我认为这个C太多的相似性是他们作弊的证据）。

**总结：**
根据这些评论，确实存在两道不同的编程题目（Q-C和Q-D）的代码高度相似甚至相同的情况。这可以被视为题目之间出现了雷同或冲突。

**结论：**
博客的评论区提到了两道不同的编程题目(Q-C)和(Q-D)的代码雷同或相似，这可能是作弊的迹象。具体出现在博客的评论部分，特别是由用户`Heap_Over_Flow`和`eggegg185`的评论中。
85661,在这篇博客中，并没有明确提到两道不同的编程题目的内容出现雷同、冲突或撞题的情况。相反，博主主要是讨论了他们提交的代码与他人提交的代码之间的相似性问题，这涉及到规则违反的问题。具体来说，博主声称他们的代码与其他人提交的代码有相似之处，但这是因为他们使用了GeeksForGeeks网站上公开发布的代码作为参考，而该代码在比赛开始之前就已经存在。

博客中提到的两道题目实际上是同一场竞赛中的同一道题目，即Codeforces Round #693 中的 Problem D。博主和其他几位提交了相似代码的人并没有在解决不同题目时出现了雷同、冲突或撞题的情况。

因此，根据你的要求，这篇博客及其评论区并不包含两道不同的编程题目出现雷同或冲突或撞题的信息。
20135,从提供的博客内容来看，博客本身描述了一个问题，即在一个二维数组中，使用三条路径从左上角到右下角的最大化成本的问题。然而，评论区并没有明确提到两道不同的编程题目出现雷同、冲突或撞题的信息。评论主要集中在如何解决这个问题的不同方法和思路。

评论#1提到了可以使用最小费用最大流(mincost maxflow)来解决问题，这是另一种方法，但并不是说它与博客中的问题相同或相似。

评论#2提出了一个分步骤处理三个路径的想法，但这仍然是对同一个问题的解决方案，并没有涉及到另一个不同的编程题目。

因此，在这段博客及其评论区中，并未发现两道不同的编程题目出现雷同、冲突或撞题的信息。所有讨论都集中在同一个问题的不同解法上。
45300,根据提供的博客内容和评论，没有明确提到两道不同的编程题目的雷同、冲突或相似性。评论#1提到的“555B - Case of Fugitive”与博客中讨论的“Problem E”似乎是两道独立的问题，尽管评论者建议解决“Case of Fugitive”可能会对理解“Problem E”有所帮助。

因此，在这段博客和评论中并没有发现两道不同编程题目的雷同或冲突信息。博主询问的是关于“Problem E”的解决方案，特别是使用了线段树（Segment Tree）的方法，而评论者则建议通过另一个问题来获得一些启发，但并没有直接说明这两个问题是雷同或冲突的。
58235,经过仔细检查这篇博客内容及其评论区，没有发现两道不同的编程题目出现雷同或冲突的信息。博客主要介绍了VK Cup 2018 Round 1的比赛情况、问题设置和一些有趣的讨论，但并没有提到两道不同题目在本质上相同或相似的情况。

评论区虽然有很多关于比赛难度、解题策略、以及一些具体题目的讨论，但也没有明确指出两道不同题目的核心内容是相同的或非常相似的情况。因此，根据提供的信息，无法指出具体的两道题目存在雷同或冲突。

如果有具体的题目名称或链接，可以进一步分析是否有雷同或冲突的情况。但从整体来看，这篇博客和评论区并没有显示这种情况。
78157,在这篇博客及其评论中，并没有明确提到两道不同的编程题目出现雷同、冲突或撞题的信息。博客和评论主要围绕一个核心问题——计算特定范围内与给定整数互质的整数个数，并讨论了使用欧拉函数（Euler Totient Function）和容斥原理（Inclusion-Exclusion Principle）的方法。

评论#0提到另一个问题，其中gcd应为k而不是1，但这并没有直接说明两个问题是相同的或相似的。它只是提供了一个参考链接，可能帮助理解类似的问题。评论#1进一步讨论了这个问题，但也没有明确指出这是与博客中的问题相同的另一个问题。

因此，在提供的内容中，并没有发现两道不同的编程题目出现雷同、冲突或撞题的情况。如果确实存在这样的情况，需要更具体的描述或例子来证明。
46843,根据提供的博客内容和评论，没有明确提到两道不同的编程题目出现雷同或冲突的信息。博客主要讨论了一种数据结构（作者称其为“block-tree”），并且在评论中提及了其他类似的数据结构和解决方案，但这些讨论并没有直接指出两道不同的题目是本质相同或相似的情况。

评论中确实提到了一些相关的想法和结构，例如：

1. **mugurelionut的论文**：评论者提到论文中的想法与作者提出的结构非常相似，但解决的问题类型不同（路径问题 vs 子树问题）。
   
2. **HackerEarth上的问题**：评论者提到一个HackerEarth上的问题使用了类似的结构，但没有具体说明两道题目的关系。

3. **Euler Tour Technique 和 2D Segment Tree**：评论者提出了另一种方法来处理子树查询，但这也不是直接指出两道题目雷同或冲突的例子。

综上所述，博客和评论中并没有明确指出两道不同的编程题目出现雷同或冲突的信息。
67376,在这篇博客和评论中，并没有出现两道不同的编程题目出现了雷同、冲突或撞题的信息。相反，讨论的是同一个问题的不同方面和复杂度。

博客中提出的问题是关于如何通过一系列操作将水杯中的水合并到最大容量，而评论中讨论了这个问题与背包问题（knapsack problem）和装箱问题（bin packing problem）的关系。具体来说：

- 博客作者提出了一个问题：给定N个杯子和它们的总水量V，如何用最少的操作次数使得$\left \lfloor{\frac{V}{M}}\right \rfloor$个杯子达到最大容量M。
- 评论者Merkurev提到，如果总水量V等于KM（K为任意整数），那么需要把杯子分成K组，每组的总水量为M。这实际上是一个装箱问题（bin packing problem）。
- 农民稻也提出了关于一般情况下的时间复杂度问题。

因此，这里并没有两道不同的编程题目的雷同或冲突，而是在讨论同一个问题的不同角度和复杂性。
