136261,在这篇博客及其评论区中，并没有直接指出两道不同的编程题目出现雷同、冲突或撞题的信息。大多数评论都是关于比赛的体验、对某些问题的看法以及寻求帮助解决特定问题的方法。

但是，在评论区的最后，用户“risingStark”提到一个问题：“Why are they repeating problems. Like the exact same thing.” 这句话暗示了他认为某个问题与另一个问题重复了，但并没有具体说明这两个问题是什么，也没有提供链接或更多的细节来支持这一点。

因此，根据提供的内容，我们无法明确地指出两道题目是本质相同或相似的具体例子。如果要确定是否存在雷同或冲突的问题，我们需要更多具体的上下文和信息。评论中的这句话可能是关键线索，但没有足够的信息来确认具体是哪两道题目。

总结来说，这篇博客及评论区中没有明确包含两道不同编程题目雷同或冲突的信息。如果有相关的信息，需要更详细的内容才能确认。
136256,从提供的博客内容来看，这是一篇关于算法实现和性能问题的讨论，而不是明确提到两道不同编程题目的雷同、冲突或撞题的情况。博主主要讨论了自己在实现Kuhn算法（用于求解二分图最大匹配的问题）时遇到的一个意外现象：在对代码进行了一定修改后，程序运行时间反而变长了。

博客中没有明确提及两道不同的编程题目的雷同或冲突，也没有提供具体的题目来源或链接。因此，根据给定的信息，我们无法确定博客中是否存在两道不同的编程题目出现雷同或冲突的情况。

如果要寻找两道题目雷同或冲突的信息，通常需要看到博主明确提到两道题目的描述、来源或链接，并且指出这两道题目虽然看起来不同但实际上核心相同或存在冲突的地方。而在这篇博客中并没有这样的内容。
136136,从提供的博客内容来看，这段文字并没有明确提到两道不同的编程题目出现了雷同、冲突或撞题的情况。相反，它主要讨论了一个特定问题（即在不同版本的C++编译器下运行同一段代码时出现的行为差异）。具体来说：

- 作者提到在C++17下通过的解决方案，在C++20/23下会出现运行时错误。
- 评论者讨论了其中的原因，指出了数组越界的问题（`a[id + 1]` 和 `b[id + 1]`），这可能是导致错误的原因之一。

因此，根据提供的信息，没有发现两道不同的编程题目存在雷同或冲突的情况。博客中的讨论集中在同一个问题的不同版本编译器下的表现差异上。
136110,在这篇博客及其评论中，确实提到了两道题目出现雷同的情况。具体来说，在评论区的#1、#^|0和后续回复中，用户“papa-ka-para”、“Amao_Fox”和“misaki646”讨论了Codeforces上的问题E1、E2和E3，指出它们本质上是相同的问题，只是输入规模不同。

以下是相关评论的摘录：

```plaintext
comment#1»papa-ka-para2 周前,#|←Rev.2→+3
Questions which are basically exactly same, just the bounds are same. In such cases, may be, the polygon should automatically mark G1 as solved, As soon as you solve G2.
For example, (https://codeforces.com/contest/2021/problem/E1,https://codeforces.com/contest/2021/problem/E2,https://codeforces.com/contest/2021/problem/E3) ... All these 3 are actually same problem. so IMO, there can be this optimisation, that if you solved E3, then E1, and E2 will be automatically marked as solved for you.
```

```plaintext
comment#^|0That's exactly what I want... somehow. Technically speaking, it may require a major overhaul. If the problem of easy and hard is the same except for input size, it is useful to automatically pass the easy version as soon as accept in hard version.
```

从这些评论可以看出，评论者们提到的三道题目（E1、E2和E3）是本质相同的题目，只是难度不同（通常是输入规模不同）。因此，这符合您提到的“两道题目是本质相同的或者相似的”的情况。

总结：
- 博客本身没有直接提到雷同题目，但评论区中的#1和#^|0等评论明确指出了这个问题。
- 相关题目为：
  - E1: [https://codeforces.com/contest/2021/problem/E1](https://codeforces.com/contest/2021/problem/E1)
  - E2: [https://codeforces.com/contest/2021/problem/E2](https://codeforces.com/contest/2021/problem/E2)
  - E3: [https://codeforces.com/contest/2021/problem/E3](https://codeforces.com/contest/2021/problem/E3)

希望这能帮到您！
136017,从提供的博客内容来看，并没有明确提到两道不同编程题目的雷同或冲突信息。不过，评论区中确实有一些关于不同问题的讨论，其中一些评论提到了不同的问题背景和解决方法，但这些并不构成雷同或冲突的题目。

具体来说：
- 评论#0、#1 和 #2 主要围绕一个特定的问题展开讨论，即如何处理数组中的最大子段和问题。
- 评论#1 提到另一个类似的问题，但是并没有提供具体的链接或描述，只是说“你可以看这个问题，如果链接打不开，确保加入这里”。
- 评论#2 提到的是一个分割问题（two partition），并将其与博客中的问题进行对比。然而，这只是一个理论上的联系，并不是两道相同或相似的具体编程题目的出现。

因此，根据所提供的信息，无法确定两道不同的编程题目出现了雷同或冲突的情况。评论区中的讨论更多是对某个问题的不同解决方案和相关理论背景的探讨，而不是两道题目的雷同或冲突。
136001,在这篇博客及其评论区中，并没有明确提到两道不同的编程题目出现了雷同、冲突或撞题的信息。相反，讨论主要集中在同一个问题（即Problem 2036D）的不同解决方案之间的相似性，以及参赛者是否无意中使用了相同的算法和数据结构。

博客作者（rachitbit）提到的是其解决方案与多位其他参赛者的解决方案存在相似之处，但这些相似性被归因于基础方法和常用的问题解决模式，而不是因为题目本身相同或相似。评论区中的讨论也集中在如何解释这种相似性以及如何证明自己的原创性上。

因此，根据你的要求，这里并没有两道不同的编程题目出现雷同、冲突或撞题的情况。
135766,经过仔细阅读和分析提供的博客内容及评论，我没有发现两道不同编程题目出现雷同、冲突或撞题的信息。每个题目似乎都是独立设计的，尽管有一些评论提到某些题目过于注重实现细节或存在表述上的问题，但没有明确指出任何两道题目是本质相同或相似的情况。

具体来说：

1. **评论中提到的问题**：
   - 有些评论者认为某些题目过于注重实现细节（例如问题D），但这并不意味着这些题目与其他题目本质上相同。
   - 一些评论者提到了题目D与LeetCode上的螺旋矩阵问题相似，但这只是指出了一个具体的实现方法，并不意味着题目本身是相同的。

2. **没有明确指出的雷同情况**：
   - 没有评论明确指出某两道题目是本质相同的。
   - 尽管存在对某些题目设计的批评，但这些批评主要集中在题目的表述、实现难度等方面，而不是题目本身的相似性。

因此，在这篇博客或其评论区中，没有发现两道不同的编程题目出现雷同或冲突的信息。
135659,根据提供的博客内容，没有明确提到两道不同的编程题目出现了雷同、冲突或撞题的信息。博客中的评论主要集中在对比赛公平性的质疑和对作弊行为的怀疑，但并没有具体指出哪两道题目存在雷同或相似的问题。

博客中提到的是Educational Codeforces Round 171 (Rated for Div. 2) 中的一些现象，特别是关于“same timing and same solution”，但这主要是指一些选手提交的时间和解决方案非常相似，从而引发了对比赛公平性的怀疑，而不是说两道不同的题目本身有雷同或冲突。

因此，从提供的信息来看，没有发现两道不同的编程题目出现了雷同或冲突的情况。如果要更准确地判断，需要更多具体描述两道题目的内容或链接。
135644,在这篇博客及其评论区中，确实存在两道题目雷同的情况。具体来说：

- 博客中的问题描述了一个字符串需要满足的条件，并要求找出一个给定长度且字典序大于给定字符串的美丽字符串。
- 在评论区中，用户`yatharth`和`SauravSingh`都提到这个博客中的问题与LeetCode上的一个问题相同。该问题的标题是“Lexicographically Smallest Beautiful String”。

以下是相关的链接：
- 博客中的问题：虽然没有直接提供链接，但根据评论内容，可以推测出它描述的是LeetCode上的某个问题。
- LeetCode上的问题：[Lexicographically Smallest Beautiful String](https://leetcode.com/problems/lexicographically-smallest-beautiful-string/description/)。

因此，博客中的问题和LeetCode上的问题“Lexicographically Smallest Beautiful String”是本质相同的。它们都要求找到一个给定长度的美丽字符串，并且该字符串的字典序要大于给定的字符串。

总结：
- 博客中的问题和LeetCode上的“Lexicographically Smallest Beautiful String”是雷同的。
- 这两道题目的雷同点在于它们的描述、目标和约束条件都是相同的。
135533,经过仔细检查这篇博客内容及其评论区，我没有发现两道不同的编程题目出现雷同、冲突或撞题的信息。每篇题解和对应的评论主要集中在各自题目的讨论上，没有出现两道题目本质上相同或相似的情况。

总结：
- 博客中的各个题目（A到G）都各自独立，没有题目间雷同或冲突的问题。
- 评论区也主要是针对每个题目的具体实现或理解进行讨论，未发现涉及多题之间雷同或冲突的内容。

因此，根据提供的信息，这些题目没有出现雷同或冲突的情况。
135504,在这篇博客及其评论区中，并没有直接提及两道不同编程题目的雷同、冲突或撞题的情况。评论主要集中在对特定问题的理解和解法上，特别是关于“Problem E”的讨论较多。评论者们讨论了如何正确理解题目要求以及如何应用二进制指数法来解决该问题。

唯一接近于提到两个题目相似之处的是评论中的以下部分：

```markdown
caustique4 weeks ago,#^|0Also why binary exponentiation of the permutation https://cp-algorithms.com/algebra/binary-exp.html#applying-a-permutation-k-times doesn't work? Still couldn't figure it out.

_trie_again4 weeks ago,#^|0yes , i also tried binary exponentiation but didnt worked

caustique4 weeks ago,#^|0The difference is that we need to compute not p^(k+1) but p^(2^k) which seems to be a harder task. But at the first glance I also thought that the problem from the current round and https://atcoder.jp/contests/abc367/tasks/abc367_e are almost identical.
```

这里提到的问题是当前竞赛中的问题E与之前竞赛（AtCoder Beginner Contest 367中的E题）几乎相同，但有一个关键的区别在于计算方法的不同。当前竞赛中的问题是计算`p^(2^k)`而不是`p^(k+1)`。因此，虽然这两道题在形式上看起来很相似，但是核心计算方式有所不同，所以它们并不是本质上相同的题目。

总结来说，这篇博客和评论区并没有明确指出两道不同题目出现雷同或冲突的信息，只是讨论了某个问题E与其他问题在解题方法上的相似性。
135494,经过仔细检查，这篇博客和评论区没有显示出两道不同的编程题目出现雷同、冲突或撞题的情况。所有提到的问题都是独立的，并且没有发现有两道题目本质上相同或相似的内容。

评论区主要讨论了比赛中的具体问题、互动问题的存在、对某些问题的理解以及比赛的一些细节等，但并没有指出任何两道题目的本质内容重复或冲突的信息。

因此，根据你的要求，这篇博客及其评论区没有包含两道不同的编程题目出现雷同或冲突的信息。
135429,从提供的博客内容来看，这并不是讨论两道不同编程题目的雷同、冲突或撞题问题，而是关于作者在Codeforces平台上的一个账号被怀疑抄袭的问题。具体来说，作者因为在某个比赛（Codeforces Round 974，问题D）中提交的代码与另一位用户BFR的代码高度相似而受到质疑。

因此，在这段博客内容中并没有涉及到两道不同的编程题目出现雷同或冲突的情况。相反，这里讨论的是同一个问题的不同解决方案之间的相似性争议。博主提到他的代码和另一位选手的代码非常相似，但强调这是由于编码风格类似造成的，并非故意抄袭。

所以，根据你的要求，这段博客或其评论区并未包含两道不同的编程题目出现雷同或冲突的信息。
135381,经过仔细检查，这篇博客及其评论区没有明确提到两道不同编程题目的雷同、冲突或撞题情况。这些评论主要讨论的是具体的题目解法、实现细节以及对比赛的一些反馈和感想。虽然有一些用户提到他们的解决方案与他人相同，但这些情况通常是由于采用了相似的解题思路而非题目本身存在雷同或冲突的问题。

因此，根据你的要求，这篇博客及其评论区并未包含两道不同的编程题目出现雷同或冲突的信息。
135341,经过仔细阅读和分析所提供的博客内容及其评论，没有发现两道不同编程题目出现雷同、冲突或撞题的情况。每篇博客都详细描述了各自问题的解决方案，且评论区主要讨论的是对特定题目的解法疑问或优化建议，而不是指出了两个题目之间存在雷同或冲突的问题。

如果要更精确地确认是否存在雷同或冲突的情况，通常需要寻找以下特征：
- 两道题目的核心问题是相同的。
- 解决方案非常相似，以至于它们本质上是同一问题的不同表述。

根据提供的博客内容，各题目如下：
- 2024A - Profitable Interest Rate
- 2024B - Buying Lemonade
- 2023A - Concatenation of Arrays
- 2023B - Skipping
- 2023C - C+K+S
- 2023D - Many Games
- 2023E - Tree of Life
- 2023F - Hills and Pits

这些题目涉及的内容范围广泛，从动态规划到图论再到贪心算法等不同领域。虽然有些题目在解决方法上可能有相似之处（例如使用贪心策略），但它们的核心问题和应用场景并不相同。

总结来说，提供的博客内容和评论中并没有明确提到两道题目的雷同或冲突。因此，可以得出结论：没有发现两道不同编程题目出现了雷同或冲突的信息。
135252,Based on the content of the blog post and the comments, there is no clear indication that two different programming questions are essentially the same or conflicting. The blog post and comments mainly discuss various aspects of the contest, including problem-solving strategies, discussions about specific problems, and general feedback.

However, there are several instances where users discuss the same problem (e.g., Div2 C) and propose different approaches or encounter similar issues. But this is typical in competitive programming forums and does not indicate that the problems themselves are identical or conflicting.

Therefore, I did not find any evidence in the blog or comments suggesting that two distinct programming questions were essentially the same or conflicting.
135184,从提供的博客内容和评论来看，虽然两道题目有相似之处，但它们并不是本质相同的题目。具体来说：

1. **题目来源**：
   - 一个是来自CSES的“动态区间查询”问题。
   - 另一个是来自Codeforces的教育部分的问题。

2. **主要差异**：
   - 主要的差异在于索引方式不同：CSES使用1索引，而Codeforces使用0索引。
   - 评论中提到的其他代码实现细节问题（如返回值处理、内存分配等）并没有改变这两道题的本质。

3. **博主遇到的问题**：
   - 博主尝试在Codeforces上提交通过了CSES的代码，但由于索引方式的不同导致运行时错误。
   - 评论者“TooNewbie”指出了代码中的一些问题，包括索引方式不一致、代码风格不佳等。

总结来说，博客内容及评论并未明确表示这两道题目是本质相同的或存在冲突。相反，博主的问题主要是由于两道题目的不同细节（特别是索引方式）引起的。因此，博客及评论区并没有包含两道不同编程题目出现雷同或冲突的信息。

如果需要进一步确认，可以查看具体的题目描述，但根据现有信息，这两道题目的核心问题和目标是不同的。
135173,经过仔细检查，这篇博客及其评论区并没有显示出两道不同的编程题目存在雷同或冲突的情况。每篇题目的描述和解决方案都针对不同的问题，且讨论的问题范围和解题思路也各不相同。以下是每个题目的简要总结：

1. **2025A - Two Screens**：
   - 这个问题是关于字符串操作的，核心在于找到最长公共前缀，从而计算出最少的操作次数。

2. **2025B - Binomial Coefficients, Kind Of**：
   - 这个问题涉及组合数学，通过预计算和快速幂算法来求解二项式系数。

3. **2025C - New Game**：
   - 这个问题是关于滑动窗口和排序数组的应用，目标是找到可以收集的最大卡片数量。

4. **2025D - Attribute Checks**：
   - 这个问题使用动态规划和差分数组优化来解决，目的是最大化通过的检查次数。

5. **2025E - Card Game**：
   - 这个问题涉及动态规划和组合数学，目的是计算满足特定条件的匹配数。

6. **2025F - Choose Your Queries**：
   - 这个问题涉及到图论中的边配对问题，通过深度优先搜索（DFS）实现。

7. **2025G - Variable Damage**：
   - 这个问题需要处理英雄和装备之间的关系，通过排序和平衡策略来求解。

从评论来看，有些讨论集中在具体题目上的实现细节和优化技巧，但没有出现两道题目本质相同或相似的情况。

因此，根据提供的内容，这篇博客及其评论区没有包含两道不同编程题目出现雷同或冲突的信息。
135095,经过仔细阅读和分析所提供的博客内容，没有发现两道不同的编程题目出现雷同、冲突或撞题的情况。每道题目都是独立且具有独特背景和解决方案的：

1. **问题A（Bus to Pénjamo）**：这是一个与家庭成员安排座位的问题，重点在于最大化幸福指数。
2. **问题B（Kar Salesman）**：这是一个关于销售汽车的问题，目标是最小化所需的客户数量。
3. **问题C（Gerrymandering）**：这是一个动态规划问题，目标是为Álvaro争取尽可能多的选票。
4. **问题D1和D2（Asesino）**：这两个问题是关于识别隐藏的“冒充者”的逻辑推理问题，D2相比D1增加了难度。
5. **问题E1和E2（Billetes MX）**：这两个问题都是关于网格中的值是否可以唯一确定的问题，E2相比E1增加了难度。

虽然有一些评论提到了不同题目之间的相似性，比如评论#7提到问题B和一个Codechef的问题相似，但并没有明确指出具体的题目内容和链接，因此无法确认这些相似之处是否构成雷同或冲突。

总结来说，博客中的所有题目都保持了各自独特的性质，并未出现雷同或冲突的情况。
135083,经过仔细检查这篇博客和评论区的内容，没有发现两道不同的编程题目出现雷同或冲突的信息。这些评论主要集中在讨论各个题目的解题思路、时间复杂度优化以及一些具体的实现细节上。虽然有一些评论提到了某些问题可能有类似的解法或相似的复杂度分析，但并没有明确指出两道不同的题目在本质上是相同的。

例如：

- 评论#13到评论#27主要讨论了问题D的不同解法，包括动态规划、二分查找和前缀和等方法。
- 评论#46和#47讨论了问题D的时间复杂度和实现细节。
- 评论#28到评论#30讨论了问题C的实现细节和时间复杂度问题。
- 其他评论也都是针对具体问题进行讨论，而不是提到两道题目的本质相同或相似。

因此，根据你提供的信息，这篇博客及其评论区并没有包含两道不同的编程题目出现雷同或冲突的信息。
