136261,在这篇博客及其评论区中，并没有明确提到两道不同编程题目的雷同或冲突的信息。评论主要集中在讨论比赛题目难度、个人表现以及一些具体问题的解决方案上。

唯一接近于提到“重复问题”的评论是来自用户`risingStark`的评论#17和#18，但该评论并没有提供足够的信息来证明两道题目是本质相同或相似的。评论内容如下：

```plaintext
» risingStark 4 days ago, # |-8
Why are they repeating problems. Like the exact same thing.
https://atcoder.jp/contests/acl1/tasks/acl1_e
```

这条评论提到的问题是关于AtCoder的一个任务（https://atcoder.jp/contests/acl1/tasks/acl1_e），但是没有明确指出这个任务与ABC380中的哪个任务是重复或相似的。

因此，根据提供的信息，这篇博客及其评论区并没有包含两道不同编程题目出现雷同或冲突的信息。如果需要进一步确认，可以检查具体的题目描述和内容。
136110,在这篇博客及其评论区中，确实提到了两道题目出现雷同或冲突的信息。具体来说，是在评论区中的讨论中提到的。评论者`papa-ka-para`指出了在Codeforces平台上的一些问题，特别是关于竞赛中出现的类似题目（E1, E2, E3）。这些题目本质上是相同的，只是输入规模不同。

相关评论如下：

```plaintext
comment#1»papa-ka-para2 weeks ago,#|←Rev.2→+3Questions which are basically exactly same, just the bounds are same. In such cases, may be, the polygon should automatically mark G1 as solved, As soon as you solve G2.For example, (https://codeforces.com/contest/2021/problem/E1,https://codeforces.com/contest/2021/problem/E2,https://codeforces.com/contest/2021/problem/E3) ... All these 3 are actually same problem. so IMO, there can be this optimisation, that if you solved E3, then E1, and E2 will be automatically marked as solved for you.
```

这里提到了三个题目，分别是：
1. [Codeforces 2021 Problem E1](https://codeforces.com/contest/2021/problem/E1)
2. [Codeforces 2021 Problem E2](https://codeforces.com/contest/2021/problem/E2)
3. [Codeforces 2021 Problem E3](https://codeforces.com/contest/2021/problem/E3)

这三道题被评论者认为是本质上相同的题目，只是输入规模有所不同。因此，它们被视为雷同题目。
136017,从提供的博客内容和评论来看，并没有明确提到两道不同的编程题目的雷同或冲突。评论主要讨论的是一个特定问题的不同解决方案以及该问题与其他NP完全问题（如二分划问题和三部分划问题）之间的关系。

评论中确实提到了几个相关的问题和算法，但这些讨论都是围绕同一个问题的不同方面展开的，而不是两道不同的题目。例如：

- 评论#1讨论了一个数组的最大子段和问题，包括如何通过正负值分开处理来解决这个问题。
- 评论#2和后续评论则将这个最大子段和问题与二分划问题和三部分划问题进行了联系，但这些联系是为了说明原问题的复杂性，并不是说这两道题目本身是雷同的。

因此，根据提供的内容，没有发现两道不同的编程题目出现雷同或冲突的信息。如果要找出雷同或冲突的情况，需要更具体的信息或指向不同题目的链接。
135766,经过仔细分析博客内容及其评论区，没有发现两道不同编程题目出现雷同、冲突或撞题的信息。博客主要是对Codeforces Round 984 (Div. 3)的介绍和参赛者们对比赛的感受及反馈。

参赛者们的评论主要集中在对题目的难易程度、实现复杂度、测试用例强度等方面的讨论，但并没有提到两道题目本质相同或相似的情况。因此，根据提供的信息，无法指出具体的两道题目存在雷同或冲突。
135659,从你提供的博客内容来看，并没有明确提到两道不同的编程题目出现雷同、冲突或撞题的信息。博客中的讨论主要集中在比赛中的疑似抄袭行为，而不是具体提到两道题目的内容雷同或相似。

博客内容大致如下：
- 指出在Educational Codeforces Round 171中，某些提交的代码有相同的提交时间和解决方案，这看起来很奇怪。
- 提问是否有人在试图测试Codeforces的反作弊系统。

因此，根据提供的信息，无法确认博客或其评论区存在两道不同编程题目的雷同或冲突。如果需要进一步分析，可能需要更多关于具体题目的描述或链接。如果有更多的细节或具体的题目链接，请提供，以便更准确地判断。
135533,经过仔细检查，这篇博客和评论区并没有包含两道不同的编程题目出现雷同、冲突或撞题的信息。每篇博客内容专注于不同的题目，且评论区主要讨论的是各个题目各自的解法、实现细节以及一些特定测试用例的问题。

以下是各题目的简要概述：

1. **2037A - TwiceProblem**
   - 题目要求计算数组中可以成对相等元素的数量。
   
2. **2037B - Intercepted Inputs**
   - 题目要求判断是否存在整数对 `(n, m)` 满足 `n * m + 2 = k`，同时需要考虑时间复杂度以避免超时。

3. **2037C - Superultra's Favorite Permutation**
   - 题目要求找到一个特定的排列使得任意两个相同奇偶性的数之和为合数。

4. **2037D - Sharky Surfing**
   - 题目涉及跳跃和使用能量棒来越过障碍，要求最小化使用的能量棒数量。

5. **2037E - Kachina's Favorite Binary String**
   - 题目要求通过查询子串的值来重建整个字符串。

6. **2037F - Ardent Flames**
   - 题目涉及二分查找以及区间覆盖问题，判断能否在一定次数内杀死至少 `k` 个敌人。

7. **2037G - Natlan Exploring**
   - 题目涉及动态规划和最大公约数的计算。

评论区主要是针对每个题目的具体实现、测试用例以及一些常见错误进行讨论，而没有出现两道题目本质上相同的情况。

因此，根据提供的信息，这篇博客和评论区并没有包含两道不同的编程题目出现雷同或冲突的信息。
135381,经过仔细阅读博客内容和评论区，我没有发现两道不同的编程题目出现雷同、冲突或撞题的信息。评论区主要讨论的是比赛中的问题、解题思路、代码实现以及一些比赛相关的反馈，没有提到两道题目本质相同或相似的情况。

如果需要进一步确认某些具体细节或有其他特定关键词需要检查，请提供更多信息，我可以再进行详细检查。
135341,经过仔细分析提供的博客内容和评论，没有发现两道不同的编程题目出现了雷同、冲突或撞题的信息。每道题目都描述了其独特的背景和解决方法，并且它们之间并没有本质上的相同或相似之处。

博客内容主要介绍了不同年份和编号的比赛题目及其解决方案。每个问题都有详细的解释和算法步骤，但这些内容都是针对各自独立的问题。评论部分主要是关于具体题目的实现细节、测试用例的反馈以及对某些算法的疑问，也没有提到任何两道题目的雷同或冲突情况。

因此，根据提供的信息，可以得出结论：博客内容和评论中并未出现两道不同题目雷同或冲突的情况。
135252,Based on the blog post and the associated comments, there is no indication of two different programming problems appearing with significant overlap or conflict within the same contest. Each problem appears to be distinct, and while there are discussions about the solutions and approaches to each problem, none of the comments suggest that two separate problems are essentially the same.

Therefore, there are no instances where two different programming problems from this contest appear to be essentially the same or conflicting with each other. The discussions focus on individual problems and the various methods used to solve them.
135173,经过仔细检查，这篇博客及其评论区并没有显示出两道不同的编程题目有雷同或冲突的情况。每篇博客都详细描述了各自的题目和解决方案，而评论区主要是对具体题目解法的讨论、疑问以及求助，并没有出现两道题目本质上相同或相似的情况。

因此，可以得出结论：该博客及评论区中并未包含两道不同编程题目雷同或冲突的信息。
135095,根据提供的博客内容，没有明显的迹象表明两道题目存在雷同、冲突或撞题的情况。每一道题目都涉及不同的问题和解决方案：

1. **题目2022A - Bus to Pénjamo** 涉及的是如何最大化家庭成员的幸福感，通过尽可能地将家庭成员安排在一起。
   
2. **题目2022B - Kar Salesman** 涉及的是如何分配汽车销售给客户，使得满足所有客户的需求并尽量减少客户数量。

3. **题目2022C - Gerrymandering** 涉及的是动态规划来解决如何分配选票的问题。

4. **题目2022D1 和 2022D2 - Asesino** 分别处理了寻找冒充者（impostor）的不同版本，其中D2版本更复杂，需要证明更多理论。

5. **题目2022E1 和 2022E2 - Billetes MX** 都涉及到了一个网格中元素之间的异或操作（XOR），但是E2版本更加复杂，增加了对图的连通性和环的检查。

这些题目虽然都是算法竞赛中的典型问题，但它们各自独立，没有重复或冲突。例如：

- **题目2022B** 与**CodeChef的某个题目**被提到过相似，但这并不意味着两者是雷同的，只是指出了可能存在类似的解题思路。

综上所述，从提供的博客内容来看，没有发现两道题目之间存在雷同、冲突或撞题的信息。
135083,经过仔细检查，这篇博客及其评论区并没有明确提到两道不同的编程题目出现了雷同、冲突或撞题的信息。评论区主要讨论的是各个题目本身的解法和实现细节，例如如何优化时间复杂度、为何某些代码会超时或运行错误等。评论中确实提到了一些题目之间的相似性，但这些相似性主要是针对解题方法和思路的相似，而不是题目本身的相同或相似。

例如，在评论中有人提到：
- Problem D 与另一道题目的相似性（如 qwertylkjhg 的评论）：“F is the same as https://codeforces.com/problemset/problem/405/E.”
- 另一个用户提到 Problem F 和某个问题的相似性（如 gabriel88766 的评论）：“gabriel887666 weeks ago, # | ← Rev.6 → 0 I was thinking about this problem when solving F, but F has multi edges.”

尽管这些评论指出了某些题目的相似性，但它们并未明确表示两道题目在本质上是相同的。因此，根据提供的信息，我们无法确定两道题目之间存在雷同或冲突。

如果需要进一步确认是否有题目雷同或冲突，建议查看题目本身以及官方提供的题解和评测标准。如果有具体的题目链接或其他参考资料，可以进一步对比分析。
135080,根据你提供的博客内容和评论，可以看出评论中提到了两个题目可能是相同或相似的问题。具体来说，评论#1中的用户VitalyKo提到第二个问题是第一个问题的变种，只是需要对零的数量进行一些调整。

从评论内容来看，这两个题目似乎是关于在一个数组中寻找第k个零的问题，但范围有所不同：
- 第一个问题可能是在整个数组范围内寻找第k个零。
- 第二个问题可能是在给定范围[L, R]内寻找第k个零。

根据评论，第二个问题实际上是第一个问题的一个变体，只是需要考虑范围[L, R]内的零数量。

因此，可以认为这两道题目本质上是相似的，因为它们都是寻找某个范围内的第k个零。不过，由于博客本身没有提供具体的题目来源或链接，我们无法确定具体是哪两道题。

总结：
- 这篇博客的评论区确实包含了两道相似的编程题目。
- 两道题目都是关于在一个数组中寻找第k个零的问题，但一个是在整个数组范围内，另一个是在给定范围[L, R]内。
- 具体的题目来源和链接无法从提供的信息中确认。
134873,经过仔细阅读博客内容和评论区，我没有发现两道不同编程题目出现雷同、冲突或撞题的信息。每篇博客文章和对应的评论主要集中在单个问题的不同解法和讨论上，没有提到两道题目的核心问题是相同的或者非常相似的情况。

例如：
- 博客中的问题D（Boss, Thirsty）和问题E（Digital Village）是完全不同的问题，分别涉及动态规划和最小生成树等不同的算法和技术。
- 博客中关于问题E的评论区讨论了不同的子问题（如E1, E2, E3），但这些子问题各自有其特定的解决方法，并没有指出它们之间存在雷同或冲突的问题。

因此，根据提供的内容，没有发现两道不同的编程题目出现了雷同或冲突的信息。
134435,在这篇博客及其评论区中，并没有明确出现两道不同的编程题目出现了雷同、冲突或撞题的信息。相反，讨论集中在同一个问题的不同方面，即如何通过移除一定数量的边使得一个完全图变成具有欧拉路径的图，并且讨论了为什么这种移除方法是最优的。

具体来说，博客和评论区主要围绕以下几点展开：

1. 在节点数为偶数的情况下，移除特定数量的边（即 \(\frac{m}{2} - 1\) 条边）可以使图变成具有欧拉路径的图。
2. 为什么这种移除方法是最优的，即为什么移除这些边之后形成的欧拉路径会是包含最多唯一边的路径。
3. 为什么不需要考虑非欧拉路径的情况，因为非欧拉路径并不会比欧拉路径包含更多的唯一边。

因此，从内容上看，这并不是两道不同的编程题目出现了雷同、冲突或撞题，而是在讨论同一个问题的不同角度和证明方法。
134422,经过仔细检查，这篇博客及其评论区并没有明确提到两道不同编程题目出现雷同、冲突或撞题的信息。评论区主要讨论的是各个题目的解题思路、实现方法以及对整个比赛的看法和反馈。没有评论指出两道题目的本质相同或相似。

因此，根据提供的信息，可以得出结论：这篇博客及其评论区并没有包含两道不同编程题目出现雷同或冲突的信息。
134420,Based on the provided blog content and comments, there is no clear indication of two different programming problems appearing to be essentially the same or conflicting with each other. Each problem described in the blog seems to be distinct with its own unique requirements and solution approaches.

However, to ensure clarity, here are some key points:

1. **Problem Descriptions**:
   - Each problem (e.g., 2018A - Cards Partition, 2018B - Speedbreaker, etc.) has a detailed description and solution.
   - Problems like 2018E1 - Complex Segments (Easy Version) and 2018E2 - Complex Segments (Hard Version) are clearly marked as variations of the same problem with increasing difficulty.
   - Similarly, 2018F1 - Speedbreaker Counting (Easy Version), 2018F2 - Speedbreaker Counting (Medium Version), and 2018F3 - Speedbreaker Counting (Hard Version) are different versions of the same problem.

2. **Comments Section**:
   - The comments section mainly focuses on seeking clarifications, discussing solutions, and providing alternative approaches to the problems.
   - There are no explicit mentions of two different problems being essentially the same or conflicting.

Given the above observations, there is no evidence of two distinct problems being essentially the same or conflicting. If you are looking for specific instances where a similar issue was raised in the comments or blog, none are apparent from the text provided.

If you suspect a potential overlap or conflict, please specify the exact problems or sections of the blog and comments you are referring to, and I can provide a more detailed analysis.
134379,在这篇博客中，作者AsianMario提到他的解决方案与另一位用户GesusM的解决方案存在显著的重合（coincidence），并且这种重合被认为是规则违规。问题出现在CodeForces的第2014D题上，但具体链接没有提供。然而，从描述来看，这个重合并不是由于两道不同的编程题目出现雷同或冲突，而是因为同一道题目的不同解法之间的相似性。

具体来说，这并不涉及两道不同的题目，而是同一道题目（2014D）的两个不同提交（solution）之间的相似性。因此，根据你的要求，这里并没有发现两道不同的编程题目出现了雷同或冲突的信息。

如果需要进一步确认是否存在两道不同的编程题目内容相似的情况，我们需要更多的信息或者另一篇包含两道不同题目对比的博客文章。
134052,在这篇博客及其评论中，并没有出现两道不同编程题目的雷同、冲突或相似的情况。每道题目都是独立且具有独特背景和要求的问题。以下是具体分析：

1. **题目A**（An OK Problem）：这个问题涉及在一个网格中找到不重叠的4x3子网格。
2. **题目B**（A Cool Pair Problem）：这个问题关注如何选择两个数a和b使得它们的和最大，同时满足特定条件。
3. **题目C**（Yet Another Cool Pair Problem）：这个问题关注的是在给定范围内选择两个数a和b，使得它们的最大公约数大于某个值，并且它们的二进制表示没有连续的1。
4. **题目D**（Tuples Fusion）：这个问题涉及对一组元组进行操作以最大化结果。
5. **题目E**（Fun is Counting）：这个问题涉及计算满足特定条件的排列数。
6. **题目F**（Mad MAD Sum）：这是一个区间更新和查询问题，涉及使用线段树。
7. **题目G**（Not an SQRT Problem）：这个问题涉及一种特殊的树遍历顺序（BFS-children-first-DFS），并使用线段树进行操作。

**评论区内容**：
- 在评论区中，用户讨论了题目A的解法，但这是针对同一道题目的讨论，而不是与其他题目之间的比较或冲突。
- 用户提出了一种数学方法来解决题目A，但这只是针对这道题的不同解法，而不是其他题目的雷同或冲突。

因此，从上述分析可以看出，这篇博客及其评论区并没有包含两道不同编程题目出现雷同或冲突的信息。
134039,经过仔细阅读和分析提供的博客内容及其评论区，我没有发现两道不同的编程题目出现雷同、冲突或撞题的信息。博客主要是关于一场Codeforces比赛的通知、感谢测试者以及参赛者的感想和讨论。评论区主要围绕比赛中的各个问题进行讨论，包括解题思路、代码实现等，但没有明显的迹象表明有两道题目在本质上是相同或相似的。

因此，根据提供的信息，可以得出结论：该博客及其评论区中没有包含两道不同编程题目雷同或冲突的信息。
133949,在这篇博客及其评论中，并没有发现两道不同的编程题目出现雷同、冲突或撞题的信息。博客和评论主要围绕以下几个方面展开讨论：

1. **关于AI对编程比赛的影响**：许多评论者和博主讨论了AI在编程比赛中可能带来的影响，包括作弊的可能性以及对比赛公平性的影响。
   
2. **关于比赛的目的**：一些人认为编程比赛是为了享受解决问题的乐趣，而另一些人则认为比赛是为了竞争和提升自己的技能。

3. **关于作弊和公平性的担忧**：评论中提到了作弊现象如何影响比赛的公平性和个人的积极性。

4. **关于不同人群的动机**：有人喜欢纯粹解决问题的乐趣，而有些人则希望通过比赛获得更好的排名或证明自己的能力。

博客和评论中并没有提到任何具体的编程题目，也没有提及两道题目之间存在雷同或冲突的情况。因此，根据你的要求，这篇博客或其评论区并未包含两道不同编程题目雷同或冲突的信息。
133788,根据提供的博客内容和评论，没有发现两道不同的编程题目出现雷同或冲突的情况。每篇题解都描述了各自独立的问题和解决方案，而评论区的讨论也主要是针对单个题目的问题描述清晰度，而不是指出了两个不同题目的相似性或冲突。

具体来说：
1. **A. Unity** 和其他题目如 **B. Help The Students**, **C. Number System**, 等等，都是完全不同的问题。
2. **评论区** 的讨论主要集中在 **A. Unity** 的问题描述上，即“多少个团队可以被形成”和“多少种方式一个团队可以被形成”的区别，但这也只是对单一题目的讨论，而不是两个不同题目的相似性或冲突。

因此，在提供的博客内容中，没有发现两道不同的编程题目出现雷同或冲突的信息。
133783,从你提供的博客内容来看，它主要是关于某个用户在竞赛中提交的代码与其他用户的代码存在雷同的问题。然而，这个博客并没有包含两道不同的编程题目的具体信息，也没有明确提到两个具体的编程题目或链接。因此，无法根据这段内容判断是否存在两道不同的编程题目出现雷同或冲突的情况。

博客内容主要集中在讨论某个特定问题（即问题B）的代码雷同问题，并没有涉及其他不同的编程题目。因此，没有找到两道不同编程题目的相关信息，更不用说它们是否雷同或冲突了。

如果需要进一步分析两道不同的编程题目的雷同或冲突情况，我们需要具体的题目描述和相关代码片段来进行对比。
133709,在这篇博客及其评论区中，并没有直接提到两道不同编程题目的雷同、冲突或撞题的情况。博主讨论的是一个功能建议，即在Luogu平台上实现一种随机导航到与用户当前评级相近的问题的功能。评论区中的内容主要是对UI设计的评价和另一个相关功能（Codeforces POTD扩展程序）的介绍，而不是讨论两个具体编程题目的相似性或雷同。

评论#1提到的Codeforces POTD扩展程序确实提供了一个类似的特性，即每天为用户推荐一个与其评级相近的问题。但是，这并不构成两道不同编程题目的雷同或冲突。相反，它们更像是两种实现相同或类似功能的不同方式或平台上的服务。

因此，在这个博客及其评论区中，并没有发现包含两道不同编程题目雷同或冲突的信息。
133645,在这篇博客和其评论区中，并没有明确提到两道不同的编程题目出现了雷同或冲突。相反，讨论的是同一个问题的不同解决方案和变体。具体来说，博主提出了一个题目，即给定三个整数 \(A\)、\(B\) 和 \(C\)，找到一个数 \(x\)，使得通过操作 \(A := A \oplus x\)、\(B := B \oplus x\) 和 \(C := C \oplus x\) 后，\(A\)、\(B\) 和 \(C\) 变成非递减顺序。这个题目在评论区中被进一步讨论和扩展。

评论区中提到的另一个方法是由 Morsan 提出的，他建议将问题分解为三个子问题来寻找最小的 \(Y\)、\(Z\) 和 \(K\)，然后计算 \(X = Y | Z | K\)。但这种方法并不是一个新的题目，而是对原问题的一种解决方案。

因此，根据你的要求，这里并没有出现两道不同的编程题目出现雷同或冲突的情况。所有讨论都围绕同一个问题的不同方面和解决方案展开。
133606,在提供的博客评论和讨论中，并没有明确出现两道不同的编程题目出现雷同、冲突或撞题的信息。博客内容主要集中在对国际信息学奥林匹克竞赛（IOI 2024）的讨论、成绩公告、参赛者的感言以及对题目的分析和讨论上。

然而，在评论中有一些关于题目相似性的讨论，例如：

1. **评论#18** 和 **评论#19** 中提到的“Nile”问题与之前的一些问题有相似之处，但并没有明确指出具体的雷同或冲突。

2. **评论#25** 中提到了一个问题与AtCoder上的一个题目相似，但这只是作者的猜测，并没有提供足够的证据证明它们之间存在雷同或冲突。

3. **评论#30** 到 **评论#32** 提到的“Hieroglyphs”问题，虽然详细描述了如何解决该问题的不同子任务，但也没有提到任何与之前题目雷同或冲突的情况。

因此，从提供的评论和博客内容来看，并没有明确指出两道不同的编程题目出现雷同、冲突或撞题的信息。如果需要更具体的信息，可能需要查看具体的题目描述或官方发布的解决方案。
133516,经过仔细阅读博客内容和相关评论，我没有发现两道不同的编程题目出现雷同或冲突的信息。每道题目都有其独特的描述、解决方案以及相关的提示。以下是一些关键点：

1. **博客内容**：
   - 每个题目都有详细的描述、解题思路及代码实现。
   - 各题目的解决方案和算法各不相同，没有明显的雷同之处。

2. **评论区**：
   - 评论主要集中在对各个题目的具体实现、理解上的问题以及对解题思路的讨论。
   - 没有提到任何两道题目之间存在雷同或冲突的情况。

因此，在提供的博客内容和评论中，并未发现两道不同的编程题目出现雷同或冲突的信息。
133509,经过仔细检查，这篇博客及其评论区并没有显示出两道不同的编程题目出现雷同或冲突的情况。每道题目都有其独特的描述、输入输出规范以及解决方案。虽然有些题目在解法上可能有相似之处（例如动态规划的应用），但它们本质上还是不同的问题。

具体来说：
- 问题A和B分别涉及数学计算和字符串处理。
- 问题C和D涉及数组和图论相关的算法。
- 问题E到H则涵盖了字符串操作、动态规划、数论等多种算法和技术。

这些题目之间没有明显的雷同或冲突现象。评论区主要是用户对题目本身的讨论、提交代码的问题反馈以及对题解的疑问等，并没有提到任何两道题目是本质相同或相似的情况。

因此，可以得出结论：这篇博客及其评论区没有包含两道不同的编程题目出现雷同或冲突的信息。
133456,根据提供的博客内容，没有直接提到两道不同编程题目的雷同、冲突或相似的情况。博客主要讨论的是一个具体问题中的性能问题（TLE，即“Time Limit Exceeded”，超出时间限制），特别是与`lower_bound`函数相关的性能差异。

博客中的评论提到`lower_bound(set.begin(), set.end(), x)`比`set.lower_bound(x)`慢，后者的时间复杂度为O(log(n))，而前者的时间复杂度为O(n)。这并没有涉及到两道不同题目的雷同或冲突的问题。

因此，在这段博客及其评论中，并未发现两道不同编程题目的雷同或冲突信息。
133401,经过仔细阅读和分析，该博客文章及其评论区并没有出现两道不同的编程题目出现雷同、冲突或撞题的情况。这些评论主要讨论的是如何为达到4000分及以上的用户设定一个合适的称号或排名名称，而不是讨论编程题目的内容或解决方案。

因此，根据你的要求，这里没有找到包含两道不同的编程题目出现了雷同或冲突或撞题的信息。
133380,在这篇博客和评论区的内容中，并没有直接指出两道不同编程题目的雷同或冲突。但是，从评论内容中可以推测出一些线索：

1. 在评论#2中，“AlephNullams2008”提到他们的代码看起来和其他人（包括博主）的代码非常相似，这暗示可能存在抄袭或者雷同的情况。但这里并没有明确指出是哪两道题目的雷同。

2. 在评论#3中，“TahsinArafat”提到题C（C题）的所有参与者的代码几乎相同，他猜测这可能是巧合。同样地，这里没有具体说明这两道题目的细节或链接，也没有直接提到雷同的两道题目。

总结来说，虽然评论区有一些关于代码相似性的讨论，但并没有明确指出两道不同编程题目的雷同或冲突。此外，这些评论更多的是对单一题目的代码相似性提出疑问，而不是明确指出两道不同的编程题目有雷同或冲突。

因此，根据提供的内容，无法确定具体的两道题目及其雷同情况。如果需要进一步的信息，可能需要查看更多关于这些题目的详细描述或提交记录。
133206,根据提供的博客内容和评论区的内容，没有发现两道不同的编程题目出现雷同、冲突或撞题的信息。评论区主要讨论的是各个题目的解题思路、时间复杂度问题、实现细节以及比赛过程中遇到的一些具体问题。例如，一些评论提到了某些题目的时间限制过紧、提交代码的实现细节问题、测试用例的理解等。

评论中提到的类似变量名或相似代码实现的情况，通常是由相同的问题解决方法导致的，并非题目本身的内容雷同。例如，评论区中提到的`naivedyam`和`puneet_73`的情况，更多是在讨论代码相似性问题而非题目本身的雷同或冲突。

因此，从提供的信息来看，没有明确指出两道不同的编程题目存在雷同或冲突的情况。
133187,从提供的博客内容来看，并没有直接提到两道不同的编程题目出现雷同、冲突或撞题的信息。相反，博客和评论主要讨论的是一个特定问题的不同解法和理解。

问题描述为：给定一个二维矩阵，其中“#”代表被阻挡的单元格，“.”代表可通行的单元格，“E”代表出口点。要求设计一套指令（上、下、左、右），无论起始位置在哪里，都可以到达出口。

博客和评论区的内容主要是围绕如何解决这个问题展开的，包括但不限于以下几点：
- 如何将问题转化为机器人移动的问题。
- 使用广度优先搜索（BFS）寻找最短路径。
- 如何处理墙的阻碍以及如何利用墙来引导所有起点移动到出口。

因此，根据提供的信息，这里并没有涉及到两道不同的编程题目之间的雷同、冲突或撞题。如果要判断是否有类似的情况，需要更明确地指出两道不同的编程题目的来源和链接，但目前提供的信息中并未提及这一点。
133067,经过仔细检查，该博客及其评论区没有明确指出两道不同编程题目出现雷同、冲突或撞题的信息。评论区主要讨论的是比赛的感受、题目难度、解题方法以及一些参赛者的疑问和请求帮助的内容。

有一些评论提到了猜测解题策略的情况，但并没有提到两个题目的核心内容或解题方法有重复或相似之处。例如：

- 评论 #41 中提到 "B was an absolute guess" 和 "C is my least favorite kind of problem, pretty easy to guess but much harder (imo) to prove a solution."
- 评论 #108 提到 "%%% zlt round"，但这些都没有具体说明题目之间存在雷同或冲突。

因此，根据提供的信息，无法确定两道题目出现了雷同或冲突。如果需要更详细的分析，可能需要更多具体的描述或引用来明确指出题目之间的相似性。
133046,经过仔细阅读博客及其评论区，我没有发现两道不同的编程题目出现雷同、冲突或撞题的信息。评论区主要讨论的是关于新支持的C++23编译器的一些性能问题和特性，例如某些代码在不同版本的C++编译器下运行速度的差异等。这些讨论并没有涉及到两道不同的编程题目本质相同或相似的情况。

如果未来评论区出现了类似的问题，可以继续检查是否有两道不同的编程题目的描述、输入输出格式或解题方法有高度相似的情况。但在当前内容中，并没有发现这样的情况。
132823,从提供的博客内容来看，没有明确的证据表明两道编程题目出现了雷同、冲突或相似的情况。博客的主要讨论集中在一道特定的问题上，即如何解决一个数组非严格递增的问题（原问题是关于严格递增的）。评论中提到的另一道题目实际上是对原问题的一种变体处理方法，即将数组转换为非严格递增的形式，通过将每个元素减去其索引值来实现。这并不是两道本质相同或相似的题目，而是一种将原问题转化为另一种形式的方法。

评论中提到的相关链接是：
1. 原问题：https://codeforces.com/contest/713/problem/C
2. 变体问题：虽然评论中没有直接给出第二个问题的具体链接，但提到的解决方案涉及对原问题进行变形处理。

总结来说，博客和评论中并没有出现两道不同题目雷同、冲突或相似的情况，只是讨论了原问题的一个变体解法。
132781,在这篇博客及其评论区中，并没有直接提到两道不同的编程题目出现雷同、冲突或撞题的信息。评论主要集中在对比赛题目的讨论、提交代码的问题以及一些具体题目的解法上。例如，评论者讨论了某些题目的解法、代码优化和测试数据的问题等。

但是，在评论中确实提到了一些题目之间可能存在相似性的情况，但这些并未明确说明题目本身是雷同或冲突的。例如：

- 评论#2中提到问题E和F分别是已知的题目：
  - 问题E与[这个链接](https://cp-algorithms.com/algebra/binary-exp.html#applying-a-permutation-k-times)相关。
  - 问题F与[这个链接](https://codeforces.com/blog/entry/85900?#comment-736594)相关。

评论者认为这些题目是“众所周知”的问题，并且建议更高质量的问题应该被提出。这暗示了某些题目可能与已知问题相似，但并没有明确说明它们是完全相同的题目。

因此，根据提供的评论内容，我们不能确定地指出两道不同的编程题目出现了雷同或冲突。如果需要进一步确认，可能需要更详细地检查具体的题目描述和测试数据。
132725,在这篇博客及其评论中，并没有明确提到两道不同的编程题目出现雷同、冲突或撞题的情况。相反，博主和其他评论者主要讨论的是他们各自的解决方案被误认为是抄袭的问题。

具体来说：

1. 博主（chaserxJ）提到他提交的代码与许多其他用户提交的代码有相似之处，但解释了他的解题思路和实现方式与这些代码有所不同。
   
2. Axial-Tilted 和 Mahmoood 等评论者也表达了对博主代码的独特性的看法，并认为博主并没有作弊，只是因为当前的反作弊系统过于严格而被错误地标记为相似。

3. 其他用户（如 sury666）也提到他们的解决方案也被标记为相似，尽管他们的方法完全不同。

总结来看，这篇博客和评论区的重点在于讨论和澄清误解，并没有涉及到两道不同的编程题目出现雷同或冲突的问题。因此，根据你的要求，这里并没有找到两道不同的编程题目出现雷同或冲突的信息。
132670,根据你提供的信息，博客中提到“Problem C in yesterday’s Div 3 is similar with the LeetCode problem 'Find and Replace Pattern'”。这里指出了Codeforces的某次Div 3比赛中Problem C与LeetCode上的一个题目“Find and Replace Pattern”存在相似性。

但是，仅凭这一句话我们无法确定这两道题目是否本质上完全相同或存在冲突。通常来说，如果两道题目在输入输出、解题思路、数据结构等方面非常相似，可以认为它们有雷同之处。然而，博客中并没有提供足够的细节来确认这一点。

为了明确是否存在雷同或冲突的情况，我们需要查看这两道题的具体描述和要求。如果博客中没有进一步的详细信息，我们只能推测这两道题目的相似性，但不能直接断定它们存在雷同或冲突。

因此，根据现有信息，我们不能确定地指出这两道题目有雷同或冲突。如果有更多具体的描述或例子，我们可以进行更准确的判断。如果你能提供更多关于这两道题目的详细信息，我可以帮助你进行更详细的分析。
132585,从提供的博客内容来看，并没有明确提到两道不同的编程题目出现雷同或冲突的情况。相反，这段博客主要讨论的是某个用户（adarshrai24）在某次比赛中作弊的问题。评论中虽然提到了多个比赛和问题编号，但并没有具体说明哪两道题目是本质相同或相似的。

博客内容主要集中在对adarshrai24作弊行为的指责以及该用户的回应上。评论中提及了一些链接和文件夹，但这些链接并未直接指向具体的编程题目，而是指向一些泄露的内容或讨论。

因此，在提供的博客内容中，并未发现两道不同的编程题目出现雷同或冲突的信息。如果有相关的信息，需要更明确的描述或具体的题目链接来确认。
132569,Based on the provided blog content, there are no clear indications of two different programming questions exhibiting substantial overlap, duplication, or conflict with each other. Each problem presented in the blog (A through H) seems to address unique challenges and solution approaches:

1. **Problem A (Distanced Coloring)** focuses on coloring a grid with distinct colors under certain constraints.
2. **Problem B (Removals Game)** deals with determining the winner of a game based on specific rules about array manipulation.
3. **Problem C (Black Circles)** involves checking if a point can reach a target without intersecting with moving circles.
4. **Problem D1 and D2 (DFS Checker)** involve validating Depth-First Search (DFS) orders for different versions with varying complexities.
5. **Problem E (Cosmic Rays)** is about processing and merging blocks of data with specific conditions.
6. **Problem F1 and F2 (Court Blue)** tackle grid traversal with prime number considerations but in different scopes.
7. **Problem G (Lattice Optimizing)** uses a meet-in-the-middle strategy with a twist for solving a complex problem.
8. **Problem H (Counting 101)** involves dynamic programming and optimization techniques.

While there are overlaps in concepts (like dynamic programming or graph theory principles) across different problems, each problem has its unique context and solution methodology. There is no evidence of two distinct problems being essentially the same or conflicting with each other.

If you have specific concerns or need a detailed comparison between any two problems, please provide more details or specify which problems you are referring to, and I can assist further.
132346,经过仔细阅读和分析提供的博客内容及评论区信息，我没有发现两道不同的编程题目出现了雷同或冲突或撞题的信息。评论区主要讨论的是比赛中的问题解决策略、比赛体验、对某些题目的疑惑以及一些参赛者对于被指控抄袭的申诉等。评论中没有提到任何两道题目的本质相同或相似的情况。

如果需要进一步检查其他博客或评论，请提供更详细的信息或链接。目前根据提供的信息，未发现相关问题。
132322,经过仔细检查，该博客及其评论区并没有包含两道不同的编程题目出现雷同或冲突的信息。这些评论主要集中在对比赛的感受、对题目的讨论、以及一些关于提交代码后遇到的问题和疑问。此外，还有一些用户针对被误判为代码相似度的情况进行了申诉。

具体来说，评论中提到的一些问题包括但不限于：
- 对某些题目的解法和实现细节的讨论。
- 提交代码后遇到的各种错误（如TLE、WA等）。
- 比赛过程中的一些技术问题（如队列时间过长）。
- 针对某些题目代码相似度的申诉。

没有发现两道不同题目存在雷同或冲突的信息。评论区的主要内容是围绕着比赛本身以及参赛者之间的互动和求助。
132244,在这篇博客中，我们并没有看到两道不同的编程题目出现雷同或冲突的信息。相反，博主讨论了几种与子集选择和最大化某些值相关的问题。博主明确地指出了每道题目的不同之处，并展示了它们之间的联系。

具体来说：
- **问题P1** 是关于从一个数组中选择一个大小为 \( k \) 的子集，使其元素之和最大。
- **问题P2** 和 **问题P3** 是关于从两个数组中分别选择两个不相交的子集，使它们的元素之和最大。
- **问题P4** 是关于对数组中的某些元素执行操作以最大化某种价值。
- **问题P5** 是关于选择一些州作为合作者，并计算所需的最少时间。

其中，问题P2 和问题P3 实际上是同一种问题的不同变体。P3 在评论区被提及，但并没有显示出雷同或冲突。实际上，P3 通过引入一个额外的观察（即存在一个位置 \( p \)，使得所有 \( i \in [1, p] \) 要么在 \( S \) 中要么在 \( T \) 中），使得问题进一步细化。这并不意味着题目雷同，而是一种扩展或变化。

总结：这篇博客中的问题并不是本质相同或相似的题目，而是展示了不同情境下类似的问题解决方法。因此，没有发现两道题目出现雷同或冲突的情况。
132225,在这篇博客和评论中，确实存在两道不同的编程题目出现雷同的情况。具体来说：

在评论 #4 中，用户提到 AtCoder 问题 E（Xor Sigma Problem）与 Codeforces 问题 D（Sum of XOR Functions）非常相似。评论内容如下：

```plaintext
E — Xor Sigma Problem is a strictly easier version of CF1879D : Sum of XOR Functions. In fact, when I solved the harder version 10 days back, I had already prepared model solution for the easier version (was planning to write a blog and create an easy version). I was able to get AC by just changing 2 lines in the code from hard version.
```

这里明确指出 AtCoder 问题 E 和 Codeforces 问题 D 是本质相同的问题，只是难度不同。

另外，在评论 #6 中，用户也提到这个问题的相似性：

```plaintext
not_ahmed_hamed4 months ago,#^|0It's the same as Xor Sum 4 but you should work on the prefix xor array instead of the array itself :"→Reply»»bibimoni4 months ago,#^|0it also very similar to https://codeforces.com/contest/1879/problem/D→Reply
```

这些评论都指出了AtCoder 问题 E 和 Codeforces 问题 D 之间的雷同关系。

因此，这两道题目的雷同信息出现在博客的评论区，具体位置在评论 #4 和 #6。涉及的题目分别是：
1. AtCoder 问题 E（Xor Sigma Problem）：https://atcoder.jp/contests/abc365/tasks/abc365_e
2. Codeforces 问题 D（Sum of XOR Functions）：https://codeforces.com/contest/1879/problem/D
132213,经过仔细检查，这篇博客及其评论区并没有显示出两道不同的编程题目出现雷同、冲突或撞题的信息。评论区主要讨论的是比赛中的具体问题、难度、解决方案以及对比赛整体的看法和感受。例如，评论中提到了一些问题的难度、评分分布、解题方法等，但这些讨论都是围绕单个题目展开的，没有指出两道不同题目本质上相同或相似的情况。

因此，根据你的要求，这篇博客和其评论区没有包含两道不同的编程题目出现雷同或冲突的信息。
132185,经过仔细检查，这篇博客及其评论区并没有出现两道不同的编程题目雷同、冲突或撞题的情况。每道题目都有其独特的解题思路和方法：

1. **问题A（Question Marks）** 和其他问题没有重复的内容。
2. **问题B（Parity and Sum）** 解决的是一个关于数组中奇偶数转换的问题，与其他问题没有重叠。
3. **问题C（Light Switches）** 讨论的是在一个特定模式下灯光开关的问题，与其它问题无关。
4. **问题D（Med-imize）** 解决的是如何通过删除子序列来最小化数组的中位数，与其他问题不同。
5. **问题E（Xor-Grid Problem）** 涉及的是矩阵操作和计算某些属性的问题，与其它问题没有重复。
6. **问题F1和F2（Dyn-scripted Robot）** 都讨论了机器人路径规划的问题，但它们有不同的复杂度和解决方案。

因此，在博客内容和评论中没有发现两道题目本质上相同或相似的情况。每个题目都是独立的，具有不同的背景和解决方法。
132176,从提供的博客内容来看，没有直接提到两道不同的编程题目出现雷同、冲突或撞题的信息。博客主要讨论了一个具体的问题（1997E - Level Up），并提供了该问题的解题思路和提示。在评论区中，用户“nskybytskyi”提到了该问题与另一个使用类似思想的问题（walking on a segment tree）有相似之处，但并没有明确说明这两道题是本质相同或相似的具体题目。

如果需要指出具体的两道题目是否存在雷同或冲突，我们至少需要知道“walking on a segment tree”的具体题目名称和链接，但这些信息并未提供。

因此，根据现有信息，不能确定两道不同的编程题目出现了雷同或冲突。如果有更多信息或具体的题目链接，可以进一步分析。目前，评论区只是提到了一个类似的算法思想，并没有明确指出两道具体题目的雷同或冲突。
132079,根据提供的博客内容和评论，没有明确提到两道不同的编程题目出现了雷同、冲突或撞题的信息。然而，在评论区中有一条评论提到了一个与博客中讨论的问题相似的题目：

> comment#3 by grinding_codex:
>
> "This problem is nearly similar 622F - The Sum of the k-th Powers and can be solved using lagrange interpolation. Btw, nice post"

这条评论提到的题目是Codeforces上的问题622F - The Sum of the k-th Powers，它与博客中讨论的问题（计算所有\(k \in [0, K]\)的\(S_k = 1^k + 2^k + \dots + n^k\)）是相似的，但并未明确说明这两道题目存在雷同或冲突。

因此，可以说这两道题目在概念上是相似的，但并没有证据表明它们是完全相同的题目或存在冲突。所以按照你的要求，不能指出这两个题目存在雷同或冲突的信息。如果需要更详细的信息，可以进一步查阅Codeforces上的题目622F以确认其具体要求和解法。
132049,经过仔细阅读博客内容及评论，我没有发现两道不同的编程题目出现雷同、冲突或撞题的信息。这些讨论主要集中在各题目的解法、提交情况以及遇到的技术问题上，例如代码优化、溢出处理、数据结构选择等。

评论中确实提到一些题目（如D题和E题）的难度和复杂度，但没有明确指出两道题目之间存在本质相同或相似的情况。因此，根据提供的信息，无法指出两道题目雷同或冲突的具体位置和来源。
132014,经过仔细分析，这篇博客及其评论区没有出现两道不同的编程题目出现雷同或冲突的情况。每篇题解都专注于各自的题目，并没有重复或冲突的问题描述或解决方案。

具体来说：

1. **博客内容**：
   - 每个题目都有详细的解释、证明和代码示例，涉及不同类型的算法问题。
   - 题目之间有明显的区分，如题目A讨论了最大元素的优化，题目B处理了位运算和数组重建，而题目C讨论了如何将数组变为零等。

2. **评论区**：
   - 大多数评论集中在对特定题目的理解、实现细节、复杂度分析等方面。
   - 评论区没有提到任何两个题目存在雷同或冲突的内容。

因此，根据你的要求，没有发现博客或其评论区中两道不同的编程题目出现雷同或冲突的信息。
131958,从提供的博客内容来看，确实存在两道编程题目雷同的情况。具体来说，博客作者提到的CodeChef的问题1996A - Legs与另一个问题FARMLEGS非常相似。根据博客内容中的讨论，这两道题目的描述和约束条件都非常接近。

以下是相关信息的具体位置和涉及的题目来源：

- **来源**：CodeChef 和另一个未明确提及的平台（可能是Codeforces Gym）
- **链接**：虽然没有提供具体的链接，但可以通过相关平台搜索这两个问题的名字找到它们。
    - CodeChef 的问题可以尝试通过其官网的搜索功能找到。
    - 另一个问题是通过Codeforces Gym找到的，链接为：[https://codeforces.com/gym/100488/problem/H](https://codeforces.com/gym/100488/problem/H)

博客中提到的关键信息如下：
- 博主提到自己提交的问题1996A - Legs与FARMLEGS几乎完全相同。
- 评论者satyam343指出了这个问题的存在。
- 评论者dalex进一步指出，在Codeforces Gym中也有类似的题目，只是做了一些小改动。

因此，根据博客内容，这两道题确实是本质相同的或非常相似的题目。
131928,在这篇博客及其评论区中，确实存在关于两道题目雷同或冲突的信息。具体来说，评论区中的某些内容提到问题G（即ABC364中的G题）与之前的一个比赛题目（BOI 2016中的某题）非常相似。

相关信息出现在评论#5和评论#7中：

- **评论#5**:
  > maimaiDX 4 months ago, # | 0  
  > It is not a good habit to present old questions in new competitions.
  
  这条评论表达了对于在新比赛中重复使用旧题目的不满。

- **评论#7**:
  > outfinity 4 months ago, # | +4  
  > Problem G coincides with a problem from BOI 2016 (link), so it wasn't hard to copy-paste my previous code :)

  这条评论明确指出ABC364中的G题与BOI 2016中的某个题目很相似，并且有人直接复制了之前的代码。

- **评论#10**:
  > b00s 4 months ago, # | +19  
  > Why the problem E and C were almost same, but their input style was different?
  
  这条评论指出问题E和C虽然主题相似，但输入格式不同，但并没有涉及两道题目的雷同或冲突。

因此，两道题目雷同或冲突的信息主要集中在ABC364中的G题与BOI 2016中的某个题目之间。具体来源和链接如下：
- **ABC364 G题**: [链接](https://atcoder.jp/contests/abc364)
- **BOI 2016题目**: [链接](链接被评论中提及但未给出，可以理解为BOI 2016中的某个题目)

总结：两道题目的雷同或冲突信息主要集中在ABC364的G题和BOI 2016中的某个题目之间。
131796,经过仔细检查，这篇博客及其评论区并没有明确提到两道不同的编程题目出现了雷同、冲突或撞题的情况。评论主要集中在对比赛的感受、对具体题目的讨论和反馈，以及个别题目解法的交流上。

唯一可能引起注意的地方是评论#35和评论#66之间的对话，其中提到问题E（E题）存在一些与之前的问题相似之处。但这种相似性被描述为“可能是巧合”（"it's probably just a coincidence"），并且没有明确说明这两道题目在本质上是相同的或相似的。

具体来说：
- 评论#35：“Pretty much the same problem as E:1503B - 3-Coloring though it's probably just a coincidence.”
- 评论#66：“I think the idea is just a somewhat intuitive approach that keeps popping up for this kind of problem.”

尽管有这些评论，但它们并没有明确说明两道题目的本质相同或相似。因此，根据你的要求，这篇博客及其评论区并没有包含两道不同题目出现雷同或冲突的信息。
131698,从提供的博客内容来看，没有明确提到两道编程题目的具体内容和链接。因此，无法直接判断是否有两道不同但本质相同或相似的编程题目出现雷同或冲突的情况。

但是，评论区中提到了一个与博客内容相关的链接：
- 评论#0 提到需要了解一种叫做 XOR basis 的技术来解决这个问题，并且给出了一个链接，指向 AtCoder 竞赛平台上的一个问题：https://atcoder.jp/contests/abc141/tasks/abc141_f。

根据这两段信息，我们可以推测评论者认为博客中的问题和 AtCoder 上的问题可能有相似之处，因为都涉及到位运算和子序列操作。然而，这并不足以证明两道题目是本质相同的，因为仅凭评论中的描述不足以全面理解两道题目的具体要求。

如果要更准确地判断是否存在雷同或冲突，我们需要进一步查看博客内容的具体题目要求以及 AtCoder 链接指向的具体题目要求。目前的评论只是暗示了两者可能存在某种关联，但没有明确指出它们是相同的或相似的问题。

总结来说，在提供的信息中，没有明确指出两道题目是本质相同的或相似的，只有一些暗示性的信息。因此，不能确定存在雷同或冲突的情况。如果要进一步确认，建议查看两道题目的具体描述。
131693,在这篇博客及其评论中，确实存在两道题目雷同的情况。具体来说：

- 博客中的问题描述了一个数组，要求计算其中满足每个出现值都出现奇数次的子数组的数量。
- 在评论区中，用户"Fly_onwards"和"kozliklekarsky"提到，这个问题与另一个链接的问题相同。

评论区中提到的相同问题的链接没有具体显示出来，但是根据评论内容可以推断出这两个评论者认为博客中的问题与他们提供的链接中的问题是相同的。

因此，这里的雷同情况出现在评论区的评论#2和评论#3中，它们指出博客中的问题与另一个未提供链接的问题是相同的。如果需要进一步分析，需要查看评论中提到的具体链接来确认两道题目的实际内容。但根据评论内容，我们可以确定这两条评论指出了雷同的问题。

总结：
- 雷同出现在评论#2和评论#3中，它们提到博客中的问题与另一个链接的问题是相同的。
- 但是，由于链接未提供，我们无法直接确认具体的问题来源。
131545,从提供的博客内容和评论来看，并没有直接提到两道题目是本质相同或相似的情况。评论主要集中在对某一特定问题的讨论，该问题是关于在一个数组上处理两种类型的查询：点更新查询和计算特定范围内的子数组之和。

评论中提到的问题与Google Online Assessment (OA)相关，并且提到了一个具体的题目链接（https://www.hackerearth.com/practice/data-structures/advanced-data-structures/segment-trees/practice-problems/algorithm/range-function-4-18b4a425/），但并没有明确表示这道题与其他题目存在雷同、冲突或相似之处。

因此，根据提供的信息，我们无法确定博客或其评论区包含两道不同编程题目的雷同或冲突信息。如果需要更准确的判断，可能需要更多的上下文信息或具体的题目描述来对比。
131467,在这篇博客及其评论区中，确实存在两道不同的编程题目出现雷同或冲突的情况。主要体现在博客的评论区，特别是针对G题的讨论中。评论者提到G题与CSES（Competitive Programming Learning Platform）上的某些问题相似。具体来说：

1. **G题与CSES的问题相似**：
   - 评论者`lookcook`提到：“I copied pasted my solution to G from CSES and changed 0 lines. I don't think problems like this should appear in a rated round.” 这里提到的CSES问题链接为：[https://cses.fi/problemset/task/2103](https://cses.fi/problemset/task/2103)
   - 另外，评论者`newfiles-codeforces`也提到：“Problem G is a template of Aho–Corasick algorithm.”
   - 评论者`Physics212303`提到：“They are the same. Here is the template task in Luogu. [https://vjudge.net/problem/LightOJ-1427](https://vjudge.net/problem/LightOJ-1427)”

从这些评论可以看出，G题与CSES上的某些问题有很高的相似度，甚至可以直接使用CSES上的模板解决问题。这表明两道题目在本质上是相似的，可能会导致参赛者认为题目设计不够原创或公平。

总结：
- **来源**: G题（AtCoder Beginner Contest 362）
- **链接**: [https://atcoder.jp/contests/abc362/tasks/abc362_g](https://atcoder.jp/contests/abc362/tasks/abc362_g)

- **相似题目**:
  - CSES上的任务: [https://cses.fi/problemset/task/2103](https://cses.fi/problemset/task/2103)
  - Luogu上的任务: [https://vjudge.net/problem/LightOJ-1427](https://vjudge.net/problem/LightOJ-1427)

这种相似性可能会让参赛者感到困惑和不满，尤其是对于那些不熟悉特定算法模板的选手来说。
131411,在这篇博客及其评论区中，并没有直接提及两道不同的编程题目出现雷同、冲突或撞题的信息。评论区主要讨论的是比赛的一些细节问题、对某些题目的看法以及一些技术性的问题，但并没有明确提到两道题目的内容相似或相同。

唯一接近相关信息的是评论#11和评论#12，其中提到D题与Codeforces上的另一道题Hx非常相似。具体内容如下：

```markdown
comment#11»PubabaOnO4 months ago,#|+51Problem D is almost same as https://codeforces.com/contest/1637/problem/Hx
```

这条评论指出AtCoder世界巡回赛决赛中的D题与Codeforces上的一道名为Hx的题目几乎相同。不过这并不构成题目之间的“冲突”或“雷同”，而只是指出了一道题目的相似之处。

因此，在这篇博客或其评论区中，并没有明确指出两道不同的编程题目出现了雷同或冲突的信息。如果要指出的话，可以认为评论#11提到了D题与Codeforces上的Hx题目的相似性，但并不符合题目之间存在雷同或冲突的标准定义。
131112,根据提供的博客内容和评论区的信息，没有直接提到两道题目存在雷同、冲突或相似的问题。不过，在评论区中确实提到了一个问题可能与另一个问题相似的情况，但并没有提供具体的链接或来源来证明这一点。具体来说，评论区中的对话如下：

```plaintext
comment#4»implementation_sucks5 months ago,#|0IsPossible Contendera repeated problem?→Reply
comment#6»aryanc4035 months ago,#^|+81975C - Chamo and Mocha's ArrayThis problem might be the reason why you feel so.
```

这里，`implementation_sucks` 提到一个叫做 `IsPossible Contender` 的问题可能是一个重复的问题，而 `aryanc403` 提到可能是与“1975C - Chamo and Mocha's Array”这道题相似。但是，他们并没有提供足够的信息来确认这两道题是完全相同或相似的题目，也没有给出这两个问题的具体链接或来源。

因此，根据现有信息，我们不能确定博客或其评论区中存在两道不同题目出现雷同或冲突的信息。如果需要进一步确认，可能需要更多的上下文信息或具体的题目链接。
130907,根据你提供的博客内容，这里并没有明确提到两道不同的编程题目出现雷同或冲突的情况。相反，博客的内容主要集中在讨论某个用户（似乎叫“madurakavikovidh”）在竞赛中的代码与其他人的代码高度相似的问题。

从评论区来看，有用户指出该用户的代码与在线找到的一些教程中的代码非常相似，并且怀疑他使用了不正当手段来获取高分。但是这些讨论并未涉及到两道不同的编程题目之间出现雷同或冲突的问题。

所以，根据提供的信息，没有发现两道不同的编程题目出现了雷同或冲突的情况。如果有其他具体的信息或上下文需要分析，请提供更多的细节。
130903,经过仔细阅读和分析提供的博客内容及其评论区，我没有发现两道不同编程题目出现雷同、冲突或撞题的信息。评论区主要讨论的是对比赛题目的理解、解题方法、比赛体验以及一些技术细节问题，没有提到两道题目的本质相同或相似的问题。

评论区中有一些用户提到他们的代码与其他人有相似之处，但这些情况都是因为使用了类似的算法或逻辑，而不是因为题目本身存在雷同或冲突的情况。例如，一些用户提到他们在解决问题D时采用了类似的贪心算法或动态规划策略，这可能是由于该问题本身可以有多重解法，而这些解法在某些情况下会显得相似。

因此，根据所提供的信息，可以得出结论：博客或其评论区没有包含两道不同编程题目出现雷同或冲突的信息。
130900,从你提供的博客内容来看，并没有直接提到两道不同的编程题目出现了雷同、冲突或撞题的信息。相反，讨论主要集中在用户[Salah Saad]的解决方案与另一位用户的解决方案之间的相似性问题上。这个争议是关于同一个题目（即Codeforces上的Problem 1982C）的不同解决方案之间的相似性，而不是两道不同题目的相似性。

因此，根据你的要求——寻找两道不同的编程题目出现雷同、冲突或撞题的信息——在这篇博客中并没有找到相关的内容。博客中的讨论主要是围绕着对同一道题目的不同解法是否雷同展开的。

如果需要进一步查找或分析其他具体的博客或评论内容，请提供更多的上下文或具体内容。
130889,从提供的博客内容来看，并没有明确提到两道不同的编程题目的存在，也没有直接说明这两道题目是本质相同或相似的情况。博客的主要内容是关于作者收到的代码匹配通知，以及作者试图解释这种匹配可能是巧合，而不是故意抄袭。因此，根据这段博客的内容，我们无法找到两道不同的编程题目出现雷同或冲突的信息。

博客中提到了一个具体的题目 "1986C - Update Queries"，但没有提及另一道相似或相同的题目。此外，评论区的讨论也主要集中在作者的代码匹配问题上，而不是在比较两道编程题目的相似性。

综上所述，这段博客及其评论区并没有包含两道不同的编程题目出现了雷同或冲突的信息。
130882,Based on the provided blog post, there are no indications of two different programming problems appearing with substantial overlap, conflict, or similarity. The blog post is primarily an announcement for an upcoming Educational Codeforces Round, followed by comments from participants discussing various aspects of the contest problems, their solutions, and other contest-related issues.

The comments discuss different problems (A, B, C, D, etc.), but there are no explicit mentions of two distinct problems being essentially the same or having significant overlap. Each problem seems to be discussed independently, and participants are sharing their individual approaches and experiences with each problem.

Therefore, there is no evidence from the given text indicating that two different programming problems have appeared with significant overlap or conflict.
130762,经过仔细检查，这篇博客及其评论区没有出现两道不同的编程题目雷同或冲突的情况。每条评论主要集中在各自的题目上，讨论了各自的解法、实现细节以及遇到的问题。例如，有些评论讨论了如何解决特定题目（如问题D、问题F等），但这些讨论都是针对各自题目的具体问题，而不是指出不同题目之间的雷同或冲突。

因此，根据你的要求，这篇博客和其评论区没有发现两道不同的编程题目出现雷同或冲突的信息。
130712,经过仔细检查，该博客及其评论区并没有包含两道不同编程题目出现雷同或冲突或撞题的信息。博客内容主要集中在介绍一次Codeforces竞赛的相关信息、奖励机制以及对问题的讨论和解题思路分享。评论区的内容主要是参赛者们对于题目难度的反馈、解题方法的交流以及一些技术性问题的讨论。

因此，根据你的要求，没有发现两道不同的编程题目出现雷同或冲突的信息。
130702,在这篇博客及其评论区中，确实存在两道不同的编程题目出现雷同的情况。以下是具体分析：

### 博客内容
博客主要介绍了即将举行的UNIQUE VISION Programming Contest 2024 Summer（即AtCoder Beginner Contest 359），并列举了比赛中的七个题目（A-G）。

### 评论区
评论区中有多处提到题目之间的雷同情况，尤其是问题C、F和G。以下是具体例子：

1. **问题C与Codeforces 1421D的雷同**
   - 评论#24 和 #25 提到问题C与Codeforces上的问题1421D非常相似。
   - 评论#24: “C was exactly same as https://codeforces.com/contest/1421/problem/D”
   - 评论#25: “C was exactly same as https://codeforces.com/contest/1421/problem/D. Just consider the right point of tiles (moving between left and right didn't encounter any cost), and those right points forms the hexagon. It can be solved via linear algebra, no need to go into greedy”

2. **问题F与Luogu P7840的雷同**
   - 评论#23 和 #27 提到问题F与Luogu上的问题P7840相同。
   - 评论#23: “Problem F has appeared here previously : https://www.luogu.com.cn/problem/P7840”
   - 评论#27: “And this problem is from the year 2021.”

3. **问题G与Luogu P4103的雷同**
   - 评论#32 提到问题G与Luogu上的问题P4103相同。
   - 评论#32: “G : https://www.luogu.com.cn/problem/P4103”

### 总结
根据上述评论，我们可以确定以下雷同关系：
- **问题C**与**Codeforces 1421D**（链接：https://codeforces.com/contest/1421/problem/D）
- **问题F**与**Luogu P7840**（链接：https://www.luogu.com.cn/problem/P7840）
- **问题G**与**Luogu P4103**（链接：https://www.luogu.com.cn/problem/P4103）

这些雷同问题出现在评论区的评论#23至#27和评论#32中。
130527,经过仔细检查，这篇博客及其评论区没有出现两道不同的编程题目雷同、冲突或撞题的情况。博客中讨论的是不同题目的解法和实现细节，而评论区的讨论主要集中在各个题目的具体实现问题和理解上，并没有提到两道题目本质上相同或相似的问题。

如果要找出潜在的相似性或雷同，需要明确的是，博客本身并没有直接比较不同题目的内容。评论区也没有提及任何关于题目本质相同的讨论或对比。

如果有更具体的关键词或上下文需要进一步检查，请告知。目前看来，这些题目在博客和评论区中的讨论都是独立的。
130226,根据提供的博客内容和评论，确实存在两道题目雷同或冲突的信息。具体来说，评论#5、#6 和 #9 提到了问题 E 与另一个平台上的题目相似或相同。

以下是相关信息的具体位置和涉及的题目：

- **评论#5**：用户 Tanzim_bn 指出“Problem E is similar to this!”（问题 E 类似于这个！）。这里没有提供具体的链接，但提到了问题 E 与其他某个问题相似。
  
- **评论#6**：用户 AvaraKedavra 表示“E was exactly same as this.”（问题 E 完全一样）。并且进一步提到这可能是为什么问题 E 有很多提交的原因。同样，这里也没有提供具体的链接，但是指出了问题 E 与另一个平台上的问题完全相同。

- **评论#9**：用户 then00bprogrammer 花了超过40分钟实现问题 E，后来发现它在另一个平台上也有类似的问题。这里也未提供具体的链接，但是明确表示了在 Leetcode 上有类似的问题。

虽然这些评论没有提供具体的链接，但是它们明确表明了在 AtCoder 的 ABC357 竞赛中的问题 E 与其他平台上的问题存在雷同或相似的情况。

如果需要具体的链接来进一步确认，可能需要访问该竞赛的官方页面或相关平台的题目库进行比对。
130175,经过仔细检查，这篇博客及其评论区没有出现两道不同的编程题目雷同或冲突的情况。博客内容主要介绍了Codeforces Round 951 (Div. 2) 的相关信息，包括比赛时间、评分分布、题目作者和感谢名单等。评论区主要是参赛者对各个问题的讨论、解题思路分享以及一些感想。

评论中虽然有用户提到某些题目的解法（例如，B题和C题的解法），但这些讨论都是针对各自题目的独立解法，并未发现两道不同题目存在雷同或冲突的问题。因此，根据提供的信息，可以得出结论：这篇博客及其评论区没有包含两道不同的编程题目出现雷同或冲突的信息。
130045,根据提供的博客内容和评论，没有发现两道不同编程题目的雷同、冲突或撞题的信息。每一道题目的描述和解决方案都相对独立且具有独特性。以下是简要分析：

1. **题目A - Guess the DNA!**
   - 这个题目要求通过最多5n+1次查询来猜测一个长度为n的DNA序列。

2. **题目B - Bit GCD**
   - 这个题目涉及计算一个数组的最大公约数（GCD），并对其进行一系列操作以达到特定条件。

3. **题目C - Permu Shift**
   - 这个题目要求通过一系列操作将一个排列转换成n个长度为1的循环。

4. **题目D - Biased Coin**
   - 这个题目涉及动态规划，计算一枚偏置硬币在给定次数内出现特定数量正面的概率。

5. **题目E - Make it different!**
   - 这个题目要求两个字符串之间没有任何公共子序列，通过交换字符实现这一点。

6. **题目F - XOR Sum**
   - 这个题目涉及计算一个序列的异或和，并给出一种方法来计算特定值的异或和。

7. **题目G - Right Triangles**
   - 这个题目要求计算给定边长的直角三角形的数量。

**评论区的内容**：
- 评论区中提到的是对题目A的一个更优解，但并没有涉及到与其他题目的雷同、冲突或撞题的问题。

因此，根据提供的信息，这两篇博客及其评论区没有包含两道不同编程题目出现雷同或冲突的信息。
129902,经过仔细检查，我没有发现这篇博客文章或其评论区中存在两道不同编程题目出现雷同、冲突或撞题的信息。所有的讨论都集中在各自题目的解法和实现上，没有提到两道题目本质上相同或相似的情况。

博客主要介绍了即将举行的Codeforces Round 949 (Div. 2)，包括比赛时间、评分分布、作者和测试者名单等信息。评论区则讨论了各个题目的难度、解题思路以及对比赛的整体评价等。

如果有具体的题目被提及为雷同或相似，请提供更详细的信息，以便进一步分析。
129549,在这篇博客及其评论区中，确实存在两道题目出现雷同的情况。具体来说，评论#3中的用户md_nihal指出，博客中讨论的问题与他在CodeChef上的一个提交（https://www.codechef.com/viewsolution/1060437559）中的问题相同。虽然原文没有明确提到这两道题的具体内容，但从评论区的讨论来看，这表明这两道题目本质上是相同的。

因此，可以认为这两道题是本质相同的题目。然而，由于原文中并没有提供这两道题的具体描述或链接，我们只能基于评论内容进行推断。

总结：
- 博客和评论区中包含两道本质相同的编程题目。
- 具体涉及的题目来源于md_nihal在CodeChef上的提交（https://www.codechef.com/viewsolution/1060437559）。
- 这个信息出现在评论#3中。
129425,从提供的博客和评论内容来看，并没有明确提到两道不同编程题目的雷同、冲突或相似的情况。评论主要集中在对同一个问题的不同解法和算法复杂度的讨论上。

具体来说：

- 博主分享了一段代码，该代码解决了一个关于信号过滤的问题。
- 评论者“alpha1215”指出博主的方法不正确，并提供了一个使用动态规划（DP）的解决方案，时间复杂度为O(n^2)。
- 其他评论者（如“sanjay6969”、“SyxP”、“19o7”）则提供了额外的见解和建议，但并没有涉及到两个不同题目之间的雷同或冲突。

因此，在这段博客和评论中，并没有发现两道不同的编程题目出现雷同或冲突的信息。所有讨论都围绕着一个核心问题的不同解法展开。
129409,在这篇博客及其评论中，并没有直接提到两道不同的编程题目的雷同、冲突或撞题信息。评论#1只是提到了一个与博客内容相关的LeetCode问题链接，但并没有详细说明这道题和博客中的问题是否雷同或冲突。

具体来说：

- 博客讨论的是在一个数组中找到满足特定条件（子数组的按位或运算结果大于等于某个查询值）的子数组数量的问题。
- 评论#1提供了LeetCode的一个相关问题链接：“https://leetcode.com/problems/bitwise-ors-of-subarrays/description/”，但没有详细解释这两者之间的关系。

因此，根据提供的信息，我们不能确定这两道题目是本质相同或相似的。评论#1只是提供了一个相关问题的链接，而没有明确指出这两个问题是否雷同或冲突。如果需要进一步确认，我们需要查看LeetCode题目“Bitwise ORs of Subarrays”的具体内容，以判断其与博客中的问题是否存在雷同或冲突的情况。
129370,从提供的博客内容来看，没有明确提到两道不同的编程题目出现了雷同、冲突或撞题的信息。相反，讨论集中在对一个特定问题的不同变体和理解上。具体来说：

- 第一条评论提到第二个公式“somewhat”与第一个相同。
- 第二条评论指出第二个公式要求`m1`和`m2`是不相交的子集。
- 第三条评论提到第一个公式与“Grouping”相关。

这些讨论都是围绕同一个问题的不同方面展开的，并未提及两道不同题目之间的雷同或冲突。因此，根据所提供的信息，没有发现两道不同的编程题目出现雷同或冲突的情况。

如果需要进一步分析，可以提供更多关于这两道题目的详细描述或链接。
129332,在这篇博客和其评论区中，确实提到了两道相似的编程题目。具体来说，评论#1中的用户Muaath_57个月前提到，这个问题与Codeforces上的一道题（Div.1 — B — Xor Pyramid）本质上是相同的。

以下是具体的引用：

评论#1：
```
This problem already exists in Codeforces (Div.1 — B — Xor Pyramid), and here is my solution:
Do a range dp, where pyr(l,r) is the value of the head of the pyramid if we considered range[l,r].
pyr(l,r)=pyr(l,r−1)⊕pyr(l+1,r)
And you can create another DP where you calculate the maximum:
dp(l,r)=max(dp(l,r−1),dp(l+1,r),pyr(l,r))
```

这两道题目都是关于XOR操作的动态规划问题，尽管它们的具体形式和输入输出可能有所不同，但解决思路和方法非常相似。因此，可以说这两道题目是本质相同的。

总结：
- 博客中的题目：题目未给出链接，但描述了一个数组上的函数计算问题。
- Codeforces上的题目：Div.1 — B — Xor Pyramid，链接为 https://codeforces.com/problemset/problem/1375/B

这两道题目在评论区被指出是本质相同的。
129324,从提供的博客内容来看，该博客主要讨论了一个特定的编程问题，即在一个数组中找到排序后相邻元素的最大差值。博客作者提供了详细的解题思路和步骤，并且评论区也围绕这一问题展开了讨论。

在评论区中，有几条评论提到了类似的问题：

1. **评论#0** 提供了LeetCode的一个问题链接：[https://leetcode.com/problems/maximum-gap/description/](https://leetcode.com/problems/maximum-gap/description/)，这个问题是寻找一个数组排序后的相邻元素的最大差值，与博客中的问题一致。

2. **评论#2** 提到了一个名为“consecutive max difference”的问题：[https://csacademy.com/contest/interview-archive/task/consecutive-max-difference/](https://csacademy.com/contest/interview-archive/task/consecutive-max-difference/)，这同样是一个寻找排序后相邻元素最大差值的问题。

3. **评论#3** 提到了一个面试问题：[https://www.interviewbit.com/problems/maximum-consecutive-gap/](https://www.interviewbit.com/problems/maximum-consecutive-gap/)，这也是寻找排序后相邻元素最大差值的问题。

这些评论都指向了同一个问题的不同版本或不同平台上的表述。虽然它们在表述上有所不同，但核心问题是一致的，即寻找排序后相邻元素的最大差值。

因此，可以得出结论，博客及其评论区确实包含了几种不同表述下的同一问题，而不是两道不同的题目出现雷同、冲突或撞题的情况。具体来说：

- **LeetCode 问题**: [https://leetcode.com/problems/maximum-gap/description/](https://leetcode.com/problems/maximum-gap/description/)
- **CS Academy 问题**: [https://csacademy.com/contest/interview-archive/task/consecutive-max-difference/](https://csacademy.com/contest/interview-archive/task/consecutive-max-difference/)
- **InterviewBit 问题**: [https://www.interviewbit.com/problems/maximum-consecutive-gap/](https://www.interviewbit.com/problems/maximum-consecutive-gap/)

这些链接指向的都是同一个核心问题的不同表述方式。
129206,在这篇博客及其评论区中，确实提到了两道编程题目的相关信息，并且这两道题目存在一定的相似性。具体来说：

- 博客中的问题是关于一个巧克力店，学生每天购买特定索引的巧克力，要求确定第k天之后剩余的最低价格巧克力。
- 在评论区中，用户anango提到了一个更难版本的问题，其链接为：[Codeforces Problem 1852/A](https://codeforces.com/problemset/problem/1852/A)。

从评论区的内容来看，这两个问题的核心思想非常相似，都是关于每次移除特定索引的元素并求最终剩余的最小值的问题。尽管细节上有所不同（例如巧克力的数量范围），但核心逻辑和解决思路是非常类似的。

因此，可以认为这两道题目是本质相似的，虽然它们并不完全相同。

具体位置如下：
- 博客内容：描述了一个巧克力店的问题，学生每天购买特定索引的巧克力。
- 评论区：用户anango提到的Codeforces上的问题链接：[Codeforces Problem 1852/A](https://codeforces.com/problemset/problem/1852/A)。

总结：这两道题目在博客和评论区中都有提及，它们在核心逻辑上是相似的，尽管具体的场景和约束条件有所不同。
129094,经过仔细阅读博客内容和相关评论，我没有发现两道不同的编程题目出现雷同、冲突或撞题的信息。博客主要讨论的是如何通过生日攻击（Birthday Attack）方法来找到具有相同哈希值的不同字符串，以及如何避免这类攻击。博客中提供了两个例子，但它们都是用来说明同一个概念的不同实例，并非两道不同的编程题目。

具体来说：

1. 第一个例子展示了如何生成具有相同哈希值的字符串，使用了特定的哈希函数和模数。
2. 第二个例子则是一个具体的练习题，要求找到两个特定条件的18位数字，其哈希值在给定模数下相等。

这两个例子都用于解释同一个主题——生日攻击的应用和避免方法，而不是两道独立的题目。因此，根据你的要求，这两道题目并不符合“两道不同的编程题目出现了雷同或冲突”的条件。
129073,根据你提供的博客内容，没有直接提到两道不同编程题目的雷同、冲突或撞题信息。博客和评论主要讨论的是提交代码的相似性以及作弊的可能性，但并没有明确指出两道不同的编程题目的雷同或冲突。

具体来说：
- 提交的链接指向了Codeforces上的竞赛提交记录。
- 讨论集中在提交代码的时间、代码的相似性以及是否存在作弊行为。
- 例如，评论中提到“they have submitted same codes”（他们提交了相同的代码），但这仍然是指同一个问题的不同提交，而不是指两个不同的题目。

因此，从提供的信息来看，并没有找到两道不同的编程题目出现雷同或冲突的情况。如果有其他具体的段落或信息需要进一步分析，请提供详细内容。
129045,在这篇博客及其评论区中，并没有明确出现两道不同的编程题目有雷同、冲突或相似的情况。博主主要介绍了一种使用Heavy Light Decomposition（HLD）解决树上子树查询问题的方法，并且在评论区讨论了一些替代方法和思路。

但是，有一个值得注意的地方是在评论区的讨论中提到了另一个问题，这个问题与博客中的问题有一定的相似性，但并不是完全相同的问题。具体来说：

1. 在评论区，用户`asdasdqwer`提到一个叫做“DMOJ dmopc20c1p5”的问题（链接：https://dmoj.ca/problem/dmopc20c1p5），该问题要求计算子树内的不同值数量。这与博主所讨论的问题有些相似，但不是完全相同的问题。博主所讨论的问题是关于子树内不同值的和，而不是计数。

2. 另外一个提到的问题是BOI 2017 - Railway（链接：https://www.british-olympiad.org/2017-british-olympiad-in-computer-science-past-papers/），这个题目的目标是计算路径上的特定条件，虽然与博主讨论的问题在形式上有所不同，但都涉及到树上的操作。

因此，从严格意义上讲，这两道题目并不算雷同或冲突，因为它们的目标和解决方案的具体细节不同。博主讨论的问题是子树内不同值的和，而提到的其他问题则涉及不同的目标，如不同值的计数等。

综上所述，这篇博客及其评论区并没有明确出现两道不同的编程题目有雷同、冲突或相似的情况。
129023,在这篇博客和评论中，并没有明确提到两道不同的编程题目的具体内容，只是提到了一个具体的题目以及对这个题目的讨论。从评论来看，评论者们主要是在讨论如何解决给定的题目，而不是在谈论另一道相似或相同的题目。

评论#3提到“CF1117G”，这可能是指Codeforces上的一个问题，但并没有提供足够的信息来确定它是否与博客中的问题相同或相似。因此，我们不能仅凭这一点就断定这两道题目是雷同或冲突的。

综上所述，根据提供的内容，这篇博客及其评论区并未包含两道不同的编程题目出现雷同或冲突的信息。如果要更准确地判断，我们需要知道更多关于“CF1117G”的具体描述。
128976,在这篇博客及其评论区中，确实存在两道题目雷同的信息。具体来说，出现在评论区第17条评论之后的内容中：

评论 #17:
```
Physics2123037 months ago,#|+10[Advanced Group A / Intermediate Group C] LIS for Stringis the same asABC240Ex.
```

根据这条评论，可以看出“LIS for String”这个题目与ABC240中的某个题目是相同的。不过，这里没有明确指出ABC240的具体链接，但通常情况下，ABC240可能是AtCoder比赛的一个编号。

为了更准确地定位这两道题目的来源，我们需要知道ABC240是指哪个平台的比赛。如果是在AtCoder平台上，那么可以通过以下方式查找：
- 访问 AtCoder 官方网站：https://atcoder.jp/
- 查找 ABC240 比赛的详情页面。

但是，从评论内容来看，可以推测这两道题目的来源如下：
- **LIS for String** 来自于Turing Cup竞赛的一部分，具体是高级组和中级组的一部分问题。
- **ABC240Ex** 是指AtCoder比赛编号为ABC240的一道题。

总结：
- **两道题目雷同的评论位置**：评论区第17条评论之后。
- **题目来源**：
  - **LIS for String**: 来自于Turing Cup竞赛。
  - **ABC240Ex**: 来自于AtCoder平台上的ABC240比赛。 

因此，这两道题目是本质上相同的或非常相似的。
128735,从提供的博客内容来看，这是一篇关于Codeforces竞赛中解决方案相似性的声明或评论。博主提到其在问题1957B中的解决方案与其他几个用户的解决方案有显著的重合，但博主认为这是一种巧合，因为这个问题的解法非常直接且简单。

然而，这段文本并没有明确提到两道不同的编程题目的内容。因此，根据给定的信息，我们无法确定该博客或评论区是否包含两道不同的编程题目出现了雷同、冲突或撞题的信息。

换句话说，博客中讨论的是同一个问题（即Codeforces上的问题1957B）的不同解决方案之间的相似性，而不是两道不同的题目之间的雷同、冲突或撞题。如果需要进一步分析，需要更多的上下文信息来确认是否有两道不同的题目涉及相似或相同的解决方案。
128681,在这篇博客及其评论中，并没有明确提到两道本质相同或相似的编程题目。博客本身讨论的是一个特定的问题：长度至少为2的最大子数组和问题。虽然在评论中提到了一些相关问题和解决方法，但这些评论并没有指出两道不同的题目是本质相同的或有冲突的。

评论中提到的一些相关问题包括：
- CSES平台上的一个问题：https://cses.fi/problemset/task/1644
- CodeChef平台上的另一个类似问题，要求找到长度至少为2的最大负数子数组和，且提供了一个O(n)的解决方案。

然而，这些只是对原问题的变体或解决方案的讨论，并未表明它们与原问题本质上是相同的。因此，根据提供的信息，没有发现两道不同的编程题目出现雷同或冲突的情况。
128426,Based on the information provided, there is no indication that the blog post or its comments include two different programming problems that are essentially the same or in conflict with each other.

Each problem presented in the blog post (A through F) appears to be distinct, covering different topics and requiring different algorithms or strategies to solve. For instance:

- **Problem A** deals with determining the minimum number of steps required to remove players based on certain conditions.
- **Problem B** focuses on a card game strategy and counting pairs of cards.
- **Problem C** is about constructing a matrix with specific properties and proving its optimality.
- **Problem D** involves manipulating an array to maximize a certain value using a specific operation.
- **Problem E** is about simulating a process involving monsters with varying energy levels.
- **Problem F** is about constructing a graph and determining the number of connected components.

The comments section does not mention any overlap or similarity between these problems either. Instead, the comments discuss various aspects of each problem individually, including solutions, strategies, and potential pitfalls.

Therefore, there is no evidence in the provided content suggesting that two different programming problems are essentially the same or in conflict with each other.
128357,从提供的博客内容来看，博主遇到的问题并不是因为两道不同的编程题目出现了雷同、冲突或撞题的情况。相反，博主在解决同一个问题时遇到了两种不同实现方式导致的结果差异。

博主所讨论的问题是关于求所有子集的异或和（XOR sum of all subsets）。博主尝试了两种方法来实现这一目标：

1. 直接在主函数中读取输入并处理。
2. 先将输入存储在一个 `vector` 中，然后再进行处理。

在这两种情况下，博主使用的算法逻辑是一样的，都是使用 `bitset` 来优化计算过程。但是博主发现在第二种方法中，程序在某些测试用例上输出总是为0，并且因此得到了错误的答案（WA - Wrong Answer）。

这里并没有涉及到两道不同的题目出现雷同或冲突的问题，而是博主对于相同问题的不同实现方式产生了不同的结果。博主的问题主要在于理解为何这两种看似相似的方法会产生不同的结果，而不是两道题目的雷同或冲突。

如果需要进一步分析为什么会出现这种情况，可能需要检查输入数据的具体情况以及两种实现方式之间的细微差别。但根据提供的信息，这并不符合两道不同题目雷同、冲突或撞题的标准。
128350,根据提供的博客内容，可以发现两道题目在本质上是相同的或相似的。具体来说，博客中提到的第一个问题是关于在一个二维平面上给定n个点，找到任意可能矩形的最大面积，该矩形由一对点作为对角顶点。博客作者指出这个问题与另一个问题“几乎相同”，并表示以下教程也适用于那个问题，只需要稍作修改。

从评论区来看，没有直接提到具体的另一道题目的来源或链接。但是，根据博客内容的描述，我们可以推测这两道题是本质相同的。博主提到的第二个问题并没有在博客中明确给出，但通过博主的描述和评论反馈，我们可以推断出第二道题应该是类似的寻找最大矩形面积的问题。

因此，可以认为博客中的两道题目是本质相同的，因为它们都涉及到在一组点中找到最大矩形面积的问题。但具体的第二道题目的来源或链接并未在博客或评论区中明确给出。

总结：博客中的两道题目是本质相同的，但没有明确指出另一道题目的来源或链接。博主只是提到这个问题与另一个问题“几乎相同”，但没有提供详细信息。如果需要更精确的信息，可能需要查找博主提到的具体的另一篇教程或问题链接。
128144,从你提供的博客内容来看，博客本身并没有明确提到两道题目的对比或提及任何两道题目的雷同、冲突或相似性。博客主要讨论了一个特定的编程问题和解决方法，而评论区中也没有明确指出两道题目的雷同或相似。

评论#0（Pirate_King8个月前）提供了一种不同的方法来解决问题，即使用动态规划（DP）来计算波浪数组的数量，但这仍然是对同一个问题的不同解法，并没有提到另一道题目的存在。

评论#1（agastya298个月前）请求作者用另一种方法解答同样的问题，这表明评论者认为这个问题可以用不同的方法解决，但依然没有提到第二道题目。

因此，根据提供的信息，没有发现两道不同的编程题目出现了雷同或冲突或撞题的情况。
127454,在这篇博客和评论中，没有明确提到两道不同的编程题目出现了雷同、冲突或撞题的信息。但是，评论区中有提到这道题目与计算逆序对（inversions）的问题有相似之处。

具体来说，在评论区中，用户`pranjaljha` 提到“isn't this the same as counting inversions?”（这不就是计算逆序对吗？）。逆序对是指在一个数组中，对于任意两个下标 i 和 j，如果 i < j 并且 a[i] > a[j]，那么这对下标就构成一个逆序对。

虽然这个问题与逆序对问题有相似之处，但它们并不是同一个题目。逆序对问题通常关注的是计算数组中的逆序对数量，而该博客的问题关注的是求解每个元素之前比它大的元素的数量之和。

因此，根据你的要求，这里并没有出现两道不同编程题目的雷同或冲突的信息。评论区只是提到了一个问题与另一个问题之间的相似性，但并未说明这两者是相同的或存在冲突。
127439,根据你的描述和提供的内容，博客中的各个问题并没有出现雷同或冲突的情况。每个问题都独立且具有不同的背景和解决方案。以下是针对你提供的博客内容的一些总结：

1. **问题A**（Median of an Array）：讨论了如何通过排序数组找到中位数，并计算需要多少次操作才能使中位数增加。
   
2. **问题B**（Maximum Sum）：涉及如何最大化数组的总和，通过插入子数组的最大和多次来实现。
   
3. **问题C**（Tree Cutting）：涉及树的切割问题，通过重新根节点证明了贪心算法的正确性。
   
4. **问题D**（Birthday Gift）：讨论了如何通过位运算将数组分割成多个子段，并计算最大数量的子段。
   
5. **问题E**（Girl Permutation）：涉及到排列问题，通过组合数学计算符合条件的排列数。
   
6. **问题F**（Nobody is needed）：涉及Fenwick树的应用，通过动态规划更新Fenwick树来解决问题。

从这些描述来看，每个问题都是独立的，它们涉及不同的算法和技术，没有出现雷同或冲突的问题。

如果你怀疑有两道题目存在雷同或冲突，可以提供更具体的细节，例如具体题目描述或代码片段，这样我可以更准确地进行分析。但从目前提供的信息来看，各个问题都是独立且有不同的解决方法。
127426,在这篇博客和评论中，确实提到了两道题目存在相似性的问题。具体来说，评论区中的用户“celin”指出，Day 1的Problem B与另一任务（链接未给出，但可以推测是一道以前出现过的题目）有相似之处。

关键评论如下：
```plaintext
「celin8 months ago,#^|0Problem B is an easier version of this task(link). There is also an explanation in its editorial. In both tasks choosing a random element of array(and a difference of 1) and looking at its prime divisors gives at least 50% probability to find an answer, so the probability of not finding the answer in the worst case after all guesses is 1/(2^guesses).」
```

此外，misteg168也承认了这一点，并表示他们设置这道题时并未发现其与已有题目的相似性。

因此，这两道题目的信息如下：
1. **Day 1的Problem B**：出现在2023年西班牙信息学奥林匹克竞赛（OI）决赛中。
2. **相似题目**：一个未给出具体链接的先前题目，但可以推测其为一道类似的概率计算问题。

总结：这两道题目本质上是相似的，尽管它们是不同的竞赛题目。相关信息出现在评论区，特别是celin和misteg168的评论中。
127345,在这篇博客及其评论区中，确实存在两道题目雷同的信息。具体来说，在评论区的第11条、第12条和第13条评论中，用户讨论了题目H与AtCoder上的题目C之间的关系。以下是相关评论的内容：

### 评论内容
#### 评论 #11
```text
jeroenodb8 months ago,#^|+28Funnily enough, H was exactly the same problem.
```

#### 评论 #12
```text
JagguBandar8 months ago,#^|0I got that as well but just couldn't frame it in time :(
```

#### 评论 #13
```text
islingr8 months ago,#^|0Exactly, I read H and was so confused if I am solving the right problem until I got AC.
```

#### 评论 #14
```text
thenymphsofdelphi8 months ago,#^|+3https://atcoder.jp/contests/arc085/tasks/arc085_c
```

### 分析
这些评论表明题目H与AtCoder上的一个题目C非常相似，甚至可以说是同一道题。具体来说，题目H与AtCoder上的ARC085-C问题是一样的。这可以从评论中提及的具体问题编号和链接中看出。

### 结论
博客中的题目H与AtCoder上的ARC085-C题目雷同或冲突。

### 来源和链接
- **博客题目H**：ICL Round 1题目之一
- **AtCoder题目**：[ARC085-C](https://atcoder.jp/contests/arc085/tasks/arc085_c)

这两道题目的雷同信息出现在评论区的第11至第14条评论中。
127171,根据你提供的博客内容和评论，可以发现其中确实存在两道题目的雷同情况。

在评论区中，用户 `cper` 提到：“Same problem”，并指向了另一个问题“1411D - Grime Zoo”。这表明他们认为当前博客中的问题与“1411D - Grime Zoo”问题是相同的。

因此，在博客的评论区部分，出现了两道题目雷同的信息。具体来说：

- 博客中的问题：一个字符串替换问题，目标是最小化某个方程值。
- 另一道题目：1411D - Grime Zoo。

这两道题目的核心问题都是关于字符串替换和最小化某种计算结果的问题，因此可以认为它们是本质相同的。

博客链接（假设）：未提供具体的博客链接，但可以根据上下文推断出其主题和问题描述。
另一道题目的链接：https://codeforces.com/problemset/problem/1411/D

总结：博客中的评论区出现了两道题目的雷同信息。
126771,从提供的博客内容和评论来看，这里并没有提到两道不同的编程题目的出现，而是讨论了同一个问题的不同解法。具体来说，博主描述了一个给定数组的问题，即找到每个元素左边第一个比它小的元素的索引。博主提到了一种使用栈的解法，并且还提供了一种不使用栈的解法。评论区进一步讨论了这两种方法的时间复杂度。

总结：
- 博客中并没有涉及两道不同的编程题目。
- 讨论的是同一个问题的不同解法。
- 因此，没有发现两道不同的编程题目出现了雷同、冲突或撞题的情况。

如果需要进一步分析或有其他具体的博客内容，请提供更多信息。
126458,在这篇博客及其评论区中，并没有直接提到两道不同的编程题目出现雷同或冲突的信息。评论区主要讨论了比赛的时间安排、题目的解法以及一些组织方面的问题，但没有明确指出两道题目的本质相同或相似。

唯一接近这种描述的是评论#9和#10：

- **评论#9**: “D is exactly same as this” （D题与某个链接中的题目完全相同）
- **评论#10**: 没有直接提到雷同或冲突，只是对E题的解法进行了讨论。

从评论#9来看，确实提到了D题与其他某个题目的雷同问题，但是并没有提供具体的链接或来源信息。因此，我们无法确定具体是哪两道题出现了雷同。

总结来说，评论区里确实提到了可能存在雷同的情况，但缺乏足够的细节来确认两道题的具体内容和来源。如果要找到具体的雷同题目，需要进一步的信息补充。
126423,在你提供的博客内容和评论中，并没有明确出现两道不同编程题目之间雷同、冲突或撞题的信息。每篇博客内容都描述了不同的问题和解决方案，而评论区主要讨论的是具体问题的解法、代码实现以及遇到的问题等。

例如：
- **问题A** 讨论了一个数组中的元素排列问题。
- **问题B** 讨论了一个硬币组合问题。
- **问题C** 讨论了一个交互式查询问题。
- **问题D1 和 D2** 讨论了一个关于XOR操作的游戏问题。
- **问题E** 讨论了一个与LCM相关的操作问题。

在评论区中，用户主要是针对各个问题的具体解法进行讨论，如为什么某些方法有效或无效，如何优化代码等。但并没有提到两个不同的题目本质上相同或存在冲突的情况。

唯一可能有类似感觉的评论是来自用户Joshc的评论，他提到问题C似乎与之前的一个DMOJ竞赛中的问题非常相似，但这更像是一个巧合而不是实际的雷同或冲突。评论中也提到这可能是巧合，且没有进一步的细节证明这两个题目实际上是相同的。

因此，在所提供的材料中，并未发现两道不同的编程题目存在雷同或冲突的信息。
126416,在博客的评论区中，确实存在两道题目雷同的信息。具体来说，在评论#101和评论#102中提到的问题涉及到两道题目的雷同问题。

评论#101中提到：

```plaintext
fast_photon9 months ago,#|+11I'm sorry but is Div.1 B similar to contest 733 problem E?(✺ω✺)
```

评论#102中提到：

```plaintext
Inkyo9 months ago,#|+26wait...so div1B/div2D andCF733Eare completely equal?
```

这两条评论都指出了Div.1 B 和 CF733 E 题目之间的雷同问题。

来源与链接：
- Div.1 B 来自于 Codeforces Round 930 (Div. 1): https://codeforces.com/contest/1937/problem/B
- CF733 E 来自于 Codeforces Round 733: https://codeforces.com/contest/733/problem/E

这两道题目在结构上非常相似，甚至可以通过简单的字符替换（将“U”替换成“>”，将“D”替换成“<”）来实现互相转换。因此，这两道题目的本质是相同的。
