51521,在这篇博客及其评论中，并没有直接提到两道不同的编程题目出现雷同、冲突或撞题的信息。博客主要介绍了在线镜像比赛的相关信息以及比赛的一些细节，包括注册方式、比赛形式、持续时间等。评论部分主要是对比赛问题质量的正面反馈和一些技术性的问题讨论。

然而，评论区中的一个子讨论涉及到了一道题目的具体问题，但并不涉及到两道不同题目的雷同或冲突：

- Xellos 提到“permutation recovery”这道题的所有测试数据中N=0，这导致了他的程序超时。
- geniucos 指出最后两个任务没有标准输入/输出，而 Xellos 没有注意到这一点，因此他认为这些信息应该在题目描述中明确提到。

这个讨论集中在单个问题的具体实现上，并没有提到另一个相似或相同的题目。

综上所述，在这篇博客及其评论中没有找到两道不同编程题目的雷同或冲突的信息。
51520,在这篇博客及其评论区的内容中，确实存在两道题目雷同或相似的信息。具体来说，出现在评论区中的讨论提到了这一点：

评论#4到评论#11主要讨论了几个问题，其中特别提到“Subsequence Queries”和“Connected Permutations”这两个问题与之前HackerEarth比赛中的题目非常相似。具体而言，Lewin提到他可以将之前解决的“Retroactive Integers”和“Connected Permutations”的代码直接应用到“Subsequence Queries”和“Colored Forests”上。

以下是具体的评论链接：

- HackerEarth Round (Last Month): https://www.hackerearth.com/problem/algorithm/
- CS Academy Contest #24 Problems:
  - Subsequence Queries: http://csacademy.com/contest/archive/task/subsequence-queries/
  - Colored Forests: http://csacademy.com/contest/archive/task/colored-forests/

评论#4到评论#11详细讨论了这两道题目的相似性以及解决方案的重叠部分，这表明这两道题目的本质或解决方案非常相似，甚至可以说是雷同的。

总结：这两道题目分别是来自CS Academy Contest #24的“Subsequence Queries”和“Colored Forests”，以及之前HackerEarth比赛中的“Retroactive Integers”和“Connected Permutations”。评论区中明确指出这两组题目在解题思路上存在高度相似性。
51512,在这篇博客和其评论区中，并没有明确提到两道不同编程题目的出现雷同、冲突或撞题的信息。评论区主要讨论的是关于比赛的时间调整、注册窗口以及如何获取题目等问题。唯一的相关评论是评论#8，其中用户Deemo提到TOKI Open 2017中的两道题与之前其他竞赛中的两道题（418D - Big Problems for Organizers 和 487E - Tourists）有相似之处。但是这并不是直接说明在TOKI Open 2017中存在两道题目雷同或冲突，而只是指出了两道题目的相似性。

因此，根据您的要求，这里并没有明确指出两道题目是本质相同或相似的。如果有需要指出的话，可以认为是在评论#8中提到的相似题目的信息：

评论#8:
> Harder version of two of them can be found here:  
> 418D - Big Problems for Organizers  
> 487E - Tourists

这两道题来源于Codeforces，但请注意，这仅仅是提到题目的相似性，并非明确指出TOKI Open 2017中的两道题雷同或冲突。
51501,从提供的博客内容和评论来看，并没有明确提到两道不同的编程题目的具体内容或链接，也没有直接说明这两道题目是本质相同或相似的。评论主要集中在对博客内容的支持和感谢，以及指出第二个问题（主控树问题）与最近Codeforces比赛中的一道题非常相似。

然而，评论者animeshf提到的“second problem”（即主控树问题）与Codeforces上的一道题非常相似。但这里并没有提供足够的信息来确认这两道题目的具体细节或链接，因此我们无法明确指出这两道题目的雷同或冲突。

总结来说，从给出的内容中，我们不能确定地指出两道不同的编程题目出现了雷同或冲突。需要更多的信息或具体的题目链接才能做出准确判断。如果想要进一步分析，建议查看原文中的链接或获取更详细的题目描述。
51464,在这篇博客及其评论区中，并没有明确提到两道不同的编程题目出现雷同、冲突或撞题的信息。博客主要介绍了两个比赛（AtCoder Regular Contest 071 和 AtCoder Beginner Contest 058），并指出了这两个比赛之间的一些关联性，即后两个任务在ABC中与前两个任务在ARC中是相同的。但这是关于比赛设置的信息，而不是关于题目本身的内容。

评论区讨论的是对某些题目的解法和理解问题，例如如何解决某个特定问题（如评论#2和#3中的讨论），但并没有提到两个不同的题目本质上相同或相似的情况。

因此，根据提供的信息，这篇博客及其评论区没有包含两道不同的编程题目出现雷同或冲突或撞题的信息。
51457,从提供的博客链接和评论内容来看，并没有直接显示出两道不同的编程题目出现雷同、冲突或撞题的信息。博客中的讨论集中在单个问题上，即如何处理浮点数集合的问题，并且重点在于`set`容器对浮点数(double)的处理。

评论区的讨论主要围绕以下几个方面：
1. 如何正确使用`set`容器来处理浮点数。
2. 使用`epsilon`来处理浮点数的精度问题。
3. 具体代码中`set`声明的位置差异导致结果不同。

评论#1提到“一个类似的问题几周前被问到”，但并未提供具体的问题链接或进一步的细节，所以无法确定是否存在两道相似的题目。

因此，根据提供的信息，没有明确证据表明博客或其评论区存在两道不同的编程题目出现雷同、冲突或撞题的情况。如果需要更准确的答案，可能需要更多具体的题目描述或链接。
51272,在这篇博客及其评论区中，确实存在两道题目雷同的情况。具体来说，在评论区的comment#0和comment#1中提到了这一点。

评论区中的comment#0提到一个来自Hackerrank的Ad Infinitum比赛的问题，而comment#1指出这个问题与博客中列出的第一个问题（Necklace）实际上是同一个问题。具体如下：

- **comment#0**（由satyaki3794发布）：
  > Here's another problem of some previous Ad Infinitum contest on Hackerrank. These Ad Infinitum contests are math-based contests so it is likely that Burnside's Lemma has appeared in them, although I could find only this one.
  
- **comment#1**（由flash_7发布）：
  > Added it. But the problem is same as the 1st problem in the list. Thanks though :)

因此，这两道题目（Ad Infinitum比赛中的问题和Necklace）是本质相同的。

总结：
- **Necklace**（来源：博客列表中的第一个问题）
- **Ad Infinitum比赛中的问题**（来源：评论区comment#0）

这两道题目的雷同信息出现在博客的评论区，具体是在comment#0和comment#1之间。
51241,在这篇博客及其评论区的内容中，并没有直接提到两道不同的编程题目的具体内容或链接。但是，根据评论内容，可以推断出讨论的是同一个问题的不同解法，即在一个字符串中找到包含所有不同字符的最小子串问题。

评论者`rezzaque`提出了两种解决方案，而`allenite`也提供了一种类似的解决方案，并且提供了相关的Codeforces链接（http://codeforces.com/problemset/problem/701/C），这个链接指向的是一个名为"BerSU Ball"的问题，这与讨论的最小子串问题无关。

因此，在这里并没有发现两道不同的编程题目出现雷同或冲突的信息。讨论的所有方法都是解决同一个问题的不同方式。

如果需要寻找两道不同的编程题目出现雷同或冲突的信息，目前提供的内容并不符合这个条件。如果有其他具体的博客或评论区内容，请提供更多信息以便进一步分析。
51240,在这篇博客中，确实存在两道编程题目雷同的信息。具体来说：

- 博客中的问题描述为：给定一个表示网球比赛结果的字符串（例如："ababbabaa"），计算出所有可能的有效局数（set），并输出比赛结果（赢得更多局的选手获胜）。每个局由固定数量的游戏组成（例如，局大小为3，那么"ababb | abaa"表示一局平局；局大小为2时，无法形成有效的比赛；局大小为6时，"ababbabaa"表示A选手获胜）。
  
- 在评论区中，用户`fakeac`提到这个题目与Codeforces上的题目几乎相同，并提供了链接：[Codeforces Problem 496/D](http://codeforces.com/problemset/problem/496/D)。

因此，可以认为这两道题目是本质相同的。博客中的问题和Codeforces上的题目都涉及到根据给定的比赛结果字符串，计算出有效局数并确定比赛结果。尽管具体的实现细节可能会有所不同，但核心问题是相同的。

总结：
- 博客中的题目：给定网球比赛结果字符串，计算有效局数并确定比赛结果。
- Codeforces题目：[Codeforces Problem 496/D](http://codeforces.com/problemset/problem/496/D)，同样涉及根据比赛结果字符串计算有效局数。

两道题目的关键点在于根据给定的比赛结果字符串，计算有效局数并确定比赛结果。因此，它们是本质上相同的题目。
51230,从提供的博客内容和评论来看，并没有出现两道不同的编程题目雷同或冲突的情况。博客主要讨论了一个问题：给定一个数组 \(a_1, a_2, \ldots, a_n\) 和一个整数 \(K\)（\(n \leq 10^5\), \(a_i \leq 10^9\)），判断能否将该数组分割成 \(K\) 个不相交的子数组，使得每个子数组的和都相等。

博客中的评论提到了一个反例，证明了博主老师提出的贪心算法并不总是最优解。但这个反例并没有涉及到另一个不同的编程题目，只是指出了现有算法的一个缺陷或不足。

因此，根据提供的信息，无法找到两道不同的编程题目出现了雷同或冲突的内容。
51200,在这篇博客及其评论区中，并没有明确提到两道不同的编程题目出现了雷同或冲突的信息。相反，讨论主要集中在如何使用`bsearch()`和`std::lower_bound`来解决一个特定的问题，即在一个“隐藏”的数组上进行查找。

具体来说，博客作者展示了如何在C语言中使用`bsearch()`函数来实现这个功能，而评论者`yeputons`则提出了可以使用`std::lower_bound`（假设是在C++环境中）来达到相同的效果。评论者还进一步讨论了实现细节，比如如何处理自定义比较器以及如何处理较大的范围（例如`r == 10^18`）。

因此，根据你的要求，这里并没有发现两道不同题目出现雷同或冲突的情况。讨论的核心是如何解决同一个问题的不同方法，而不是两道不同的题目内容相似或相同。
51198,在这篇博客及其评论中，并没有直接提到两道不同的编程题目出现了雷同或冲突的信息。博客内容主要是关于即将到来的克罗地亚信息学奥林匹克竞赛（Croatian Olympiad in Informatics）的赛前讨论和相关问题解答，而评论区主要讨论了比赛的具体情况、时间安排以及个别题目的解题思路。

然而，在评论区的最后一段，提到了一个问题：“Problem 4 was already posed at JAG contest.” 这表明第四道题与之前某个JAG竞赛中的题目重复了。具体来说，第四道题已经在JAG竞赛中出现过，链接为：[http://jag2015spring.contest.atcoder.jp/tasks/icpc2015spring_a](http://jag2015spring.contest.atcoder.jp/tasks/icpc2015spring_a)。

所以，根据你的要求，这里存在两道题目雷同的情况：

- 第四道题（来自克罗地亚信息学奥林匹克竞赛，链接：[https://github.com/koosaga/olympiad/blob/master/Croatia/coi17_zagrade.cpp](https://github.com/koosaga/olympiad/blob/master/Croatia/coi17_zagrade.cpp)）
- 第四道题（来自JAG竞赛，链接：[http://jag2015spring.contest.atcoder.jp/tasks/icpc2015spring_a](http://jag2015spring.contest.atcoder.jp/tasks/icpc2015spring_a)）

这两道题本质上是相同的，出现在不同的竞赛中。这一信息出现在评论区的最后一段。
51034,在这篇博客及其评论中，并没有直接提到两道不同的编程题目出现了雷同、冲突或撞题的信息。评论主要集中在比赛时间调整、比赛与Codechef Cook Off时间冲突以及个别题目的难度和设计问题上。

具体来说：

- **评论#0** 和 **评论#1** 主要讨论了比赛时间调整的问题。
- **评论#2** 中提到“Standard problem on cactus?”（关于仙人掌的标准问题），并表达了对这类题目的不满。但这里并没有提到与另一道题目的雷同或冲突。
- **评论#3** 请求解释一道名为“Special MVC”的动态规划问题的部分内容。

因此，根据提供的信息，没有发现两道不同的编程题目出现了雷同或冲突的情况。如果需要更详细的分析，可能需要更多的上下文或具体的题目描述。
50978,在这篇博客及其评论区中，并没有明确提到两道不同的编程题目出现了雷同、冲突或撞题的信息。评论主要集中在对比赛的具体问题的讨论、解决方案、代码错误、以及一些特定问题的调试上。例如，评论区提到了某些题目可能存在的复杂度问题、测试用例问题、以及算法实现的问题。

但是，在评论区第39条评论中，有人提到了今天的问题E与另一个问题有相似之处：

```
SaYami8 years ago,#|+16A similar problem of today's E :link→Reply
```

这里提到了今天的E题与另一个问题相似，但并没有提供具体的题目来源或链接，因此无法确认这两道题目是否本质相同或相似。

除此之外，评论区没有其他明显提到两道题目雷同、冲突或撞题的信息。如果需要更详细的分析或找出具体相似的题目，需要进一步的信息或链接来验证。
50842,在这篇博客和评论中，并没有直接提到两道不同的编程题目出现雷同、冲突或撞题的信息。博客作者分享了一份关于最小费用流（Min-Cost Flow）的演示文稿，并且在评论区中有用户提供了相关的习题建议。

评论中的两个问题分别是：

1. Admiral问题（SuprDewd提到的问题）
2. Catering问题（SuprDewd提到的问题）

以及另外两个问题：

3. HackerRank上的Vertical Paths问题（msci提到的问题）
4. CodeChef上的CHEFBOOK问题（msci提到的问题）

这些问题是被分别提出的，并且没有明确说明它们之间存在雷同或冲突的情况。因此，在提供的内容中并没有发现两道不同的编程题目出现了雷同或冲突或撞题的信息。如果需要更详细的分析，可能需要更多关于这些题目的具体描述或官方说明来确认是否存在雷同或冲突。
50621,从你提供的博客内容来看，该博客及其评论区主要讨论的是关于“ICM Technex 2017 and Codeforces Round #400 (Div. 1 + Div. 2, combined)”竞赛中的一个问题（问题C），特别是关于使用`unordered_map`和`map`的数据结构在时间复杂度上的差异。

在这篇博客和评论中，并没有提到两道不同的编程题目出现了雷同、冲突或撞题的情况。博客作者主要描述了自己提交的代码在给定的时间限制内超时的问题，并且通过更换数据结构（从`unordered_map`改为`map`）解决了这个问题。

因此，根据你的要求，这里并没有发现两道不同的编程题目出现雷同或冲突的信息。博客和评论区的内容都集中在单个问题的不同解决方案上。
50585,经过仔细检查，这篇博客及其评论区并没有明确提到两道不同的编程题目出现雷同、冲突或撞题的情况。评论区主要讨论的是比赛过程中遇到的技术问题、解题思路、以及对某些题目难度和实现方法的看法，但没有具体指出两道不同的题目存在雷同或冲突的问题。

因此，根据提供的内容，不能确定博客或其评论区包含两道不同编程题目雷同或冲突的信息。
50518,根据提供的博客内容和评论，没有明确提到两道不同编程题目的雷同、冲突或撞题的信息。评论和博客主要讨论的是同一个问题的不同解法以及对Mo's算法的应用。

但是，值得注意的是，用户"gvaibhav21"提到的问题与博主提出的问题是“几乎相同”的，并且可以使用类似的复杂度和方法来解决。这暗示了可能存在相似的问题，但并没有具体指出另一道题目的来源或链接。

因此，在提供的信息中，没有明确指出两道不同的编程题目的雷同或冲突。如果要更准确地找出是否有雷同或冲突的情况，需要更多的上下文信息，尤其是关于"gvaibhav21"所提到的具体问题的详细描述或链接。

总结：
- 没有明确的证据表明两道不同的编程题目存在雷同或冲突。
- 如果有具体的题目链接或描述，可以进一步分析是否存在雷同或冲突的情况。
50376,在这篇博客及其评论区中，确实存在两道题目雷同的情况。具体来说：

- 博客中的问题描述为：“Given a Tree. How to find no.of pairs (i,j) such that XOR of all the paths from I'th node to J'th node is equal to given k??”（给定一棵树。如何找到满足路径异或值等于给定k的节点对(i,j)的数量？）

- 在评论#2中提到的IOI 2011 Race的问题描述是关于路径和而不是路径异或。但是评论#3给出了一个解决方案，该方案将原问题转换成了一个数组问题，即“Find the number of pairs (i, j) such that a[i] ^ a[j] = k.”（找到满足a[i]异或a[j]等于k的节点对(i, j)的数量）。这实际上是与博客中的问题相同的问题，只是表述形式不同。

因此，这两道题目在本质上是相同的。第一个问题是关于树中节点路径的异或值，而第二个问题则是通过一种变换方式将其转化为数组中的异或对问题。但核心问题是一样的，都是求满足特定异或条件的节点对数量。

博客链接无法直接给出，因为这是基于提供的文本内容的分析。而IOI 2011 Race的具体链接没有在评论中提供，但可以推测这是一个国际信息学奥林匹克竞赛的问题。
50280,经过仔细检查，这篇博客及其评论区并没有明确指出两道不同的编程题目出现了雷同、冲突或撞题的信息。大部分评论讨论的是各个题目的具体解法和比赛体验，并没有提到两道题目本质上相同或相似的问题。

不过，在评论中确实有一些用户提到了某些题目与其它地方的题目有相似之处，但这些并不构成明显的雷同或冲突：

1. 在评论#27中，用户HannibalLecter 提到：“A Problem copied? where?” 并提供了一个UVA的题目链接（https://uva.onlinejudge.org/index.php?option=com_onlinejudge&Itemid=8&page=show_problem&problem=1099），认为问题A可能是抄袭的，但没有给出具体的相似性细节。
   
2. 在评论#46中，用户snacache 指出问题D与UVa上的一个题目非常相似（https://uva.onlinejudge.org/index.php?option=com_onlinejudge&Itemid=8&page=show_problem&problem=1099），但依然没有具体说明这两道题目的核心部分是否完全相同。

3. 评论#28至#30中提到的问题B与POI（波兰信息学奥林匹克）中的某个问题相似，而问题D则被提及与CodeChef上的一个题目类似。

虽然存在一些相似性的讨论，但并没有明确指出两道题目是本质相同或冲突的情况。因此，根据你的要求，这篇博客及其评论区没有出现两道不同题目雷同或冲突的信息。
50169,根据提供的博客内容和评论，可以看出其中提到了两道本质上相似或相同的编程题目。具体来说：

- 博客中的问题是关于在一个NxN迷宫中找到从起点到终点的所有路径，使得形成的字符串是回文串。
- 在评论#2中提到的“codeforces570E - Pig and Palindromes”问题也是关于回文串的问题，尽管具体的场景和细节不同，但核心问题都是如何找出满足特定条件（这里是回文条件）的路径数量。

因此，这两道题目在本质上是相似的，因为它们都涉及到寻找特定模式（即回文）的路径计数问题。

出现雷同或冲突的信息出现在评论#2中，具体内容如下：

```
comment#2»komendart8 years ago,#|+5There is almost the same problem in codeforces570E - Pig and Palindromes
```

这里指出了两道题目的相似性。两道题目的来源分别是：
1. 博客中的题目（未提供直接链接，但可以根据描述识别）
2. Codeforces上的题目：[Codeforces Problem 570E - Pig and Palindromes](https://codeforces.com/problemset/problem/570/E)
50117,在这篇博客及其评论区中，并没有明确提到两道不同编程题目的雷同或冲突信息。博主主要讨论了一个特定的问题，即在一个环形序列中选择不重复的数字，而评论者们也主要围绕这个特定问题进行了解释和讨论。

评论#2提到该问题与GCPC 2013问题G（Ringworld）类似，但并没有直接说这两道题是雷同或冲突的。评论者只是指出了一个可能的等效转换方法，将环形问题转化为线性问题来解决。因此，这并不意味着两道题目本质上是相同的或存在冲突。

总结来说，在提供的内容中没有发现两道不同编程题目的雷同或冲突的信息。
50057,根据提供的博客内容，没有直接提到两道不同的编程题目出现雷同、冲突或撞题的信息。不过，在评论区中有一条评论提到了两道题目的相似性：

在评论#4中，用户cgy4ever提到第一题和他三年前写的一篇任务几乎相同。这暗示了可能存在两道相似的题目，但并没有提供具体的题目来源或链接。

因此，根据你给出的信息，没有明确指出两道不同编程题目的雷同或冲突的具体例子，只有间接的暗示。如果需要进一步分析或查找具体题目来源，可能需要更多上下文或具体题目描述。
50013,在这篇博客及其评论区中，并没有发现两道不同的编程题目出现了雷同或冲突或撞题的信息。博主主要讨论的是如何高效地读取和写入整数的方法，并提供了一些优化技巧和实现代码。

唯一提到相似内容的是评论#2和#3中的讨论，评论者BekzhanKassenov提到了一个基于相同思想但具有更美观接口的代码库。然而，这并不意味着存在两道相同的编程题目，只是在讨论类似的技术或工具。

具体来说：
- 博主分享了一种高效读写整数的方法。
- BekzhanKassenov 提到了一个基于相同思想但接口更友好的代码库（链接为 http://ideone.com/X1tP8Q）。

这两部分内容都是围绕如何处理输入输出进行优化，但并不是两道不同的编程题目出现了雷同或冲突的情况。因此，没有找到符合你要求的信息。
49928,在这篇博客及其评论区中，确实存在两道编程题出现雷同的情况。具体来说，在评论区中提到AtCoder Grand Contest 009中的问题D与一个来自POI（Polish Olympiad in Informatics）的问题是本质上相同的。

相关信息如下：

- **AtCoder Grand Contest 009 问题D**：
  - 参考链接：[AtCoder Grand Contest 009](https://atcoder.jp/contests/agc009)

- **POI Cave 问题**：
  - 参考链接：[POI Cave 问题](http://main.edu.pl/en/archive/oi/11/jas)

在评论区中，用户`zscoder`指出AtCoder Grand Contest 009中的问题D与POI Cave问题是相同的。这在以下评论中有所体现：

```markdown
comment#3»zscoder8 years ago,#|+6D is the same problem asPOI Cave. That probably explainsko_osaga's 2 min AC.→Reply
```

此外，用户`Swistakk`也进一步确认了这个问题，并提供了关于POI Cave问题的详细描述：

```markdown
comment#5»Swistakk8 years ago,#|←Rev.2→+6D is a very well known problem from (old) POI.http://main.edu.pl/en/archive/oi/11/jasSad that I realized that so late. In its original formulation it asks something like "minimal number of queries to perform a binary search on a tree".→Reply
```

因此，这两道题是本质相同的。
49863,根据提供的博客内容和评论区信息，确实存在两道编程题目雷同的情况。具体来说，在评论区的第6条评论中提到问题7（"Transactions"）与另一道题目完全相同，包括输入格式和所有约束条件。

相关信息如下：

- **博客中的题目**：
  - 问题7（"Transactions"），属于难度较高的题目。

- **评论区提到的另一道题目**：
  - 评论区没有直接提供另一道题目的链接，但评论者指出了与问题7完全相同的另一道题目的存在。该评论提到的另一道题目的链接是“this problem”，但未提供具体的链接。

因此，根据评论者的描述，我们可以推断两道题目是雷同的。具体位置在评论区第6条评论中。

总结：博客中问题7（"Transactions"）与另一道题目雷同。评论者指出问题7与另一道题目的输入格式和所有约束条件完全相同，但没有提供另一道题目的具体链接。
49813,从提供的博客内容来看，博主提出的问题是一个关于数组组合求和的问题，即给定一个目标数组A和多个数组，判断是否存在某些数组的子集，使得这些数组对应位置元素相加后等于目标数组A。

在这篇博客的评论区中，Jakube 提到这个问题本质上是一个多维背包问题（multidimensional knapsack）。而 chaosagent 补充说这个问题与传统的背包问题是一样的，只是用数组相加替代了数字相加。

这里并没有出现两道不同的编程题目雷同或冲突的情况，而是将博主提出的问题与背包问题进行了类比，说明了它们之间的关系。因此，根据你的要求，这篇博客及其评论区并没有包含两道不同的编程题目出现了雷同或冲突的信息。相反，它是通过一个已知问题（背包问题）来帮助理解博主所提出的新问题。

如果需要进一步分析其他博客或评论区，请提供更多的内容。
49679,在这篇博客及其评论区中，并没有直接提到两道不同的编程题目出现雷同或冲突的情况。博客内容主要讨论了一个特定的动态规划问题及其公式推导过程，而评论区的内容是对该问题的一个相关观察和解释。

评论区中的讨论实际上是对同一个问题的不同表述方式，并未涉及到两道不同的题目。评论者提到的计算方法虽然与博客中的方法略有不同，但仍然是针对同一个问题的不同表达形式，而不是两道不同的题目。因此，这里并没有发现两道不同的编程题目出现雷同或冲突的信息。

总结来说，在提供的博客及评论区中，并没有找到两道不同的编程题目出现雷同、冲突或撞题的信息。
49615,从你提供的博客内容来看，没有明确提到两道不同的编程题目的具体内容或出处，只是提到了一个与除数相关的算法问题以及另一个问题（546D - Солдат и игра с числами），并建议使用动态规划和快速输入输出方法来解决第一个问题。

要判断这两道题目是否存在雷同、冲突或相似的情况，需要具体的题目描述。然而，从这段博客内容中，并未提供足够的信息来判断这两道题目是否本质相同或相似。博客中的讨论主要是针对如何优化第一个问题的解法，而并没有详细说明第二个问题的具体内容。

因此，根据提供的信息，无法确定这两道题目是否存在雷同或冲突。为了做出准确的判断，我们需要查看这两个具体问题的完整描述和要求。如果可以的话，请提供更多的细节或直接的问题链接。
49446,在这篇博客及其评论区中，并没有明确提到两道不同的编程题目出现雷同、冲突或撞题的信息。不过，在评论区中确实有讨论将同一个技术应用于不同问题的情况。具体来说，评论区中的讨论主要集中在如何使用该段树技术解决不同的问题上，而不是指出了两个本质上相同或相似的问题。

评论区中提到的具体例子包括：

1. **评论#0** 中，有人询问是否可以使用这种技巧来解决“排序范围 [l, r] 增加或减少并输出最终序列”的问题。而TLE则回应说可以使用上述方法在O(nlogn)的时间复杂度内解决这个问题。

2. **评论#1** 中，ko_osaga提到另一个问题可能与此相关，TLE也认为可以使用同样的方法解决这个问题。

然而，这些讨论更多地是在探讨如何将同一技术应用到不同问题上，而不是明确指出两道不同的题目是本质上相同或相似的。

因此，根据你的要求，这里并没有发现两道不同的编程题目出现了雷同或冲突或撞题的信息。
49396,在这篇博客和评论区的内容中，并没有直接提到两道不同的编程题目出现雷同、冲突或撞题的信息。博客主要介绍了即将到来的ICPC区域赛及其镜像比赛的信息，并没有提及具体的题目内容或比较不同题目之间的相似性。

评论区虽然讨论了具体的问题，但并没有明确指出两个不同问题在本质上相同或相似。例如：

- 在评论#0中，用户chemthan指出了Problem B与另一个CodeChef上的题目VALMAX相似，但animeshf认为这两个问题是不同的，并详细解释了原因。
  
- 在评论#1和#2中，用户讨论了不同题目的解法，如问题E和H，但这些讨论并未指出题目之间存在雷同或冲突。

因此，根据提供的内容，无法找到两道不同的编程题目出现雷同或冲突的信息。如果需要更详细的分析，可能需要提供更多的评论或更具体的讨论内容。
49180,经过仔细检查，这篇博客及其评论区没有出现两道不同编程题目雷同、冲突或撞题的信息。所有讨论的内容都是针对这次比赛中的各个题目，包括它们的解决方案和遇到的问题。这些讨论并没有显示出任何两道题是本质相同或相似的情况。

博客和评论区主要围绕以下几个方面展开：
1. 比赛的时间安排和规则。
2. 题目难度和个人解题经验。
3. 具体题目的解题方法和实现细节。
4. 测试用例和系统测试的速度等。

如果需要进一步的帮助，例如具体某个题目的解答或其他相关信息，请告诉我！
49143,根据提供的博客内容，这段文字主要描述了在比赛之后查看其他人解决方案时发现两份代码高度雷同的情况。然而，它并没有明确提到具体的编程题目，也没有提及两道不同的编程题目的存在。因此，从这段内容中我们无法判断是否存在两道不同的编程题目出现了雷同、冲突或撞题的信息。

为了更准确地判断，我们需要看到具体讨论的题目内容以及它们之间的比较。目前提供的信息不足以确定两道不同题目之间是否存在雷同或冲突。如果能提供更详细的信息，比如题目描述或链接，那么就可以进一步分析是否存在雷同或冲突的问题。
49115,根据提供的博客内容和评论，没有明确提到两道不同的编程题目出现雷同、冲突或撞题的信息。博客及其评论主要集中在讨论如何确定一个数是否为连续质数的乘积，以及相关的一些解题思路和方法。

评论中提到的不同解题方法和扩展思路都是围绕同一个问题展开的，即“如何判断一个数是否可以表示为连续质数的乘积”，并没有涉及两个不同的但本质上相同或相似的问题。

因此，根据给出的内容，无法指出任何包含两道不同但雷同、冲突或撞题的编程题目的信息。如果要找到相关信息，可能需要更详细的博客内容或评论区更多的上下文信息。
49023,在这篇博客及其评论中，并没有明确提到两道不同的编程题目出现雷同或冲突的信息。博主和评论者主要讨论的是比赛中的各个问题、解题方法以及比赛的一些细节。

唯一接近于提到类似问题的是Errichto在评论#3中提到的第一题和第三题可能是之前在其他比赛中出现过的题目。然而，这并没有具体指出哪两道题是相似或相同的，也没有提供具体的题目来源或链接。

因此，根据提供的内容，我们无法指出具体的两道题目存在雷同或冲突的信息。如果要确定这一点，我们需要更具体的信息或链接来对比这两道题目。
49001,在这篇博客及其评论区中，并没有明确提到两道不同的编程题目出现雷同或冲突的信息。评论区主要讨论的是比赛中的具体问题和解题方法，但并没有指出两个不同的题目之间存在雷同或冲突的情况。

不过，在评论区中提到了一些题目之间的关系：

1. 在评论#12中，用户Swistakk提到：
   - 硬题（Div1 Hard）几乎与来自中国的一场2015年Petrozavodsk冬季竞赛中的J题相同。
   - 中等难度题目（Div1 Medium）与另一场比赛（2008年ontak比赛）的问题类似，尽管问题表述有所不同。

尽管这些评论指出了某些题目之间的相似性，但并没有明确说明它们是本质相同的题目，也没有提到冲突或雷同的问题。因此，根据您的要求，我们不能说这两道题目出现了雷同或冲突的信息。
48988,在这篇博客和评论中，确实提到了两道本质上相似的题目。具体来说：

- 博客作者提出的问题是关于找到一棵树上两条不相交路径（即没有共同节点的路径），并且这两条路径的总成本最大。
- 评论者提到的另一个问题是SPOJ上的一个问题，虽然评论者没有明确给出题目名称，但提到可以使用动态规划来解决这个问题。评论者建议对于每个顶点，计算其子树内最长的两条到叶子的距离以及不在其子树内的最长距离，然后利用这些信息来找到不相交路径的最大和。

从评论者的描述来看，这两道题目的核心解决思路是一致的，都是通过动态规划来寻找不相交路径的最大和。唯一的区别在于一个是求和，另一个可能是求积（根据评论者的提示：“All you need to do is replace product with sum”）。因此，这两道题目的本质是相同的。

**总结：**
- **出现雷同的题目：**
  - 博客中的问题
  - SPOJ上的问题（评论者未提供具体链接）

**雷同的地方：**
- 两道题目都是关于寻找不相交路径的问题。
- 解决方法都涉及到动态规划。
- 目标都是最大化路径的某种度量（原问题为求和，而SPOJ问题为求积，但解决方案类似）。
48987,在这篇博客和评论中，确实提到了两道不同的编程题目之间可能存在雷同或冲突的情况。具体来说，评论中提到的两道题目分别是：

1. SPOJ上的MATCHING问题：[http://www.spoj.com/problems/MATCHING/](http://www.spoj.com/problems/MATCHING/)
2. CodeForces上的D问题：[http://codeforces.com/contest/722/problem/D](http://codeforces.com/contest/722/problem/D)

评论者提到，在解决这两个问题时，使用了不同的算法（Kuhn算法与Hopcroft-Karp算法）。其中，Kuhn算法在解决CodeForces上的D问题时可能导致TLE（超时），而Hopcroft-Karp算法可以AC（通过所有测试用例）。这表明两道题目在某些情况下可能对算法的时间复杂度有不同要求。

评论中关键部分如下：
- 评论#2（bicsi）提到：“Do you have AC on these problems with this code? http://www.spoj.com/problems/MATCHING/ http://codeforces.com/contest/722/problem/D”
- 评论#2（bicsi）进一步解释：“Both problems got accepted, without any substantial modifications to the algorithm. Link to the CF problem: http://codeforces.com/contest/722/submission/22865806”

尽管两道题目都通过了，但它们对算法效率的要求有所不同，这暗示了这两道题目的本质可能相同或相似，但在实际应用中对算法的选择有不同的要求。因此，这里存在两道题目在某种程度上“雷同”的情况。
48969,从你提供的博客内容来看，该博客讨论了一个与机器和任务分配相关的问题。博客作者提出了一个具体的问题，并询问是否有算法可以解决这个问题（除了暴力求解法）。评论区中的一条评论指出了一个特殊情况，即当只有两个任务且它们需要相同的处理能力时，分配机器给这两个任务就变成了一个分区问题（partition problem），这是一个已知的NP完全问题。

因此，评论区中的这条评论暗示了原博客中的问题在某些情况下可能会退化成一个已知的NP完全问题（分区问题）。这并不是说两道题目本身是相同的，而是说在特定条件下，原问题的一部分可以被简化为一个已知的复杂问题。

但是，根据你的要求，我们需要找到两道不同的编程题目，它们在本质上是相同的或相似的，并且在博客或评论区中明确提到这一点。在这篇博客的内容中，并没有直接提到两道不同的编程题目之间存在雷同或冲突的情况。相反，评论区只是指出了一种特殊情况下的复杂性。

所以，根据你提供的内容，这篇博客和其评论区并没有包含两道不同的编程题目出现雷同或冲突的信息。如果要找到这样的例子，可能需要更具体的博客或评论内容来分析。
48954,在这篇博客及其评论区中，确实存在两道编程题目的雷同问题。具体来说，在评论区的comment#2中，用户Single_Ready_To_Mingle指出了csacademy.com上的第三题与CodeForces上的另一题是相同的。

以下是相关评论的内容：

```plaintext
comment#2»Single_Ready_To_Mingle8 years ago,#|+9
The third task https://csacademy.com/contest/round-16/#task/marble-weights/
is same as this http://codeforces.com/problemset/problem/727/C!!!
```

从这段评论可以看出，csacademy.com上的第三题“marble weights”与CodeForces上的题目727/C是相同的。这两道题本质上是相同的，只是可能在细节上有所不同。

总结：
- **两道题目的来源和链接**：
  - csacademy.com上的第三题：[Marble Weights](https://csacademy.com/contest/round-16/#task/marble-weights/)
  - CodeForces上的题目：[Problem 727/C](http://codeforces.com/problemset/problem/727/C)

- **评论位置**：评论区的comment#2。
48949,根据提供的博客内容和评论，可以发现两道编程题目的代码确实存在雷同的情况。具体来说，博客作者提到他担心 `oyu8201` 在作弊，因为他们的代码几乎是完全一样的。评论区中的用户也指出了这一点。

以下是具体的细节：

- **博客内容**：博主展示了他的代码，并表示怀疑 `oyu8201` 的代码是抄袭的。
  
- **评论#0**：用户 `Blackness8` 指出博主和 `oyu8201` 的代码是完全相同的。
  
- **评论#2**：`oyu8201` 承认了抄袭行为。

从这些信息可以看出，两道题目的代码出现了雷同。博主和 `oyu8201` 提交的代码是完全一样的，这表明他们解决的是同一个问题，并且 `oyu8201` 复制了博主的代码。

因此，可以认为这两道题目是本质相同的，因为它们是由同一份代码解决的。

**总结**：
- 博客中博主和 `oyu8201` 提交的代码是完全一样的，这意味着他们解决了同一道编程题目。
- 这种雷同出现在博客内容本身和评论区中的讨论中。
- 关键评论是 `Blackness8` 和 `oyu8201` 的回复。

**结论**：博客中涉及的两道题目实际上是同一道题目，因为它们的代码是完全相同的。
48905,在这篇博客及其评论区中，并没有直接提到两道不同的编程题目出现雷同、冲突或撞题的信息。相反，讨论主要集中在两个训练营（Barcelona ACM-ICPC Bootcamp 和 Petrozavodsk camp）的区别和目标上。

评论区中的一个用户（Swistakk）提出了一个问题，涉及到这两个训练营的内容是否有重叠，特别是关于问题集是否会有重复。但是这并不涉及具体编程题目的雷同或冲突，而是关于不同训练营提供的训练内容是否有所区别。

因此，在这篇博客及其评论区中，没有发现两道不同的编程题目出现雷同、冲突或撞题的信息。主要讨论的是不同训练营之间的差异以及它们的目标群体。
48904,在这篇博客及其评论中，并没有明确提到两道不同的编程题目出现雷同、冲突或撞题的信息。博主描述了一个关于有向无环图（DAG）的问题，而评论者们主要是针对这个问题本身进行讨论和提供解决方案，比如使用深度优先搜索（DFS）、广度优先搜索（BFS）、动态规划（DP）等方法。

唯一提到的链接是评论#1中的SPOJ的题目“DAGCNT2”，但这个链接只是用来测试博主所描述的问题的一个实例，而不是说它与博主提出的问题是相同的题目。

因此，在提供的内容中没有发现两道不同题目出现雷同、冲突或撞题的情况。
48772,从提供的博客内容和评论来看，博客本身和评论并没有直接指出两道不同题目的雷同、冲突或撞题的问题。相反，博主和评论者分享了几个使用最小生成树（MST）或最大流算法的相似问题的例子。每个例子都是独立的，且它们各自展示了如何利用这些算法来解决特定问题。

具体来说：
- 博主提到的是USACO 2016 February Platinum Fenced In（链接：http://usaco.org/index.php?page=viewproblem2&cpid=625），并希望找到更多类似的题目。
- 评论#0分享了两个与MST相关的题目链接：
  - Code Festival 2016 Qual B C（链接：http://code-festival-2016-qualb.contest.atcoder.jp/tasks/codefestival_2016_qualB_c）
  - Code Festival 2016 Final G（链接：http://cf16-final-open.contest.atcoder.jp/tasks/codefestival_2016_final_g）
- 评论#1分享了一个最大流问题的例子：
  - Goods Transportation（链接：724E — Goods transportation，来自Codeforces）
- 评论#2分享了另一个最大流问题的例子：
  - Captain America（链接：704D - Капитан Америка，来自Codeforces）
- 评论#3提到了两个动态规划问题的例子，但这两个问题并不涉及MST或最大流算法，而是减少状态数以通过评测。

总结来说，提供的内容中并没有发现两道不同题目的雷同、冲突或撞题的情况。每一道题目的提出都是为了展示如何应用特定算法来解决问题，并没有重复或相似到引起雷同或冲突的程度。
48699,从提供的博客内容来看，这段对话主要是围绕一个具体的编程问题进行讨论，而不是明确地提及两道不同的编程题目出现雷同、冲突或撞题的情况。具体来说，这个讨论集中在如何将一个数分解为两个质数之和（对于偶数）或三个质数之和（对于奇数），以及测试用例的有效性。

以下是对话的主要焦点：
- 作者提交了一个解决方案，但不确定其正确性。
- AlexandruValeanu 指出作者的解决方案有问题，因为所选的数字（如200和1900）似乎是随机的。
- ManiSadati 提供了一些具体的例子来证明他的解决方案可以避免时间限制错误（TLE）。
- hellman_8 指出作者假设任何小于\(10^9\)的偶数都可以被分解为两个质数之和，而奇数可以被分解为三个质数之和，并给出了实际测试中遇到的最大最小质数的例子。
- 讨论进一步深入到具体测试用例的情况。

虽然讨论涉及了质数分解的问题，但它并没有明确提到两道不同的编程题目存在雷同或冲突。因此，根据给出的信息，我们无法得出结论说这两道题目是本质相同或相似的。

总结：从提供的博客内容来看，没有发现两道不同的编程题目出现了雷同或冲突的信息。
48659,经过仔细阅读提供的博客内容和评论，没有发现两道不同的编程题目出现雷同、冲突或撞题的信息。每个题目都被单独解释和讨论，没有出现重复的问题描述或解决方案。

以下是几个可能需要注意的地方：

1. 在评论中有一些用户对某些问题的解决方案提出了自己的方法，但这并不构成题目之间的雷同或冲突。
   
2. 对于某些题目，例如问题D（Taxes），有不同的解题方法被提出，但这些方法都是针对同一个问题的不同解法，并不涉及两个不同问题的雷同。

3. 评论中提到一些问题与其它平台上的题目有相似之处（例如评论#12提到的问题D与另一场竞赛中的题目相似），但这只是指出题目相似，并未明确表示雷同或冲突。

综上所述，从提供的博客内容和评论中，并未发现两道不同的编程题目出现雷同或冲突的情况。
48567,从提供的博客内容来看，并没有明确提到两道不同的编程题目出现了雷同、冲突或相似的情况。博客内容主要讨论了一种特定类型的区间修改问题（例如在一个数组上进行区间增加操作），并给出了相应的解决方案。同时，博客也引用了另一个问题“Troynacci Query”的编辑手记链接，但并未详细说明这两个问题之间的关系。

评论区也没有提到两道题目存在雷同或冲突的信息。评论区的讨论集中在理解区间修改问题的解法背后的原因，并未提及另一道题目的具体细节或与之比较。

因此，根据现有信息，无法确定两道不同的编程题目出现了雷同或冲突的情况。如果要找到具体的题目和链接，需要更详细的描述或更多上下文信息。目前提供的信息不足以支持这样的结论。
48547,在这篇博客和其评论区中，确实存在一些关于两道不同编程题目出现雷同或冲突的信息。具体如下：

在评论区中，有几条评论提到两道题目之间的雷同问题，例如：

- **评论#20** 提到：“Also similar is http://usaco.org/index.php?page=viewproblem2&cpid=576”。
- **评论#31** 提到：“Div1 B is exactly the same with ECPC 16 J.”。
- **评论#44** 和 **评论#45** 提到：“http://codeforces.com/gym/101147/problem/J is similar to today's div. 2 D”。

这些评论表明，在Codeforces Round #381的Div2 D问题与ACM埃及大学生编程竞赛2016中的J问题非常相似。此外，还有评论提到USACO的一个问题与Div2 D问题非常相似。

总结来说，博客中的评论区出现了两道不同编程题目的雷同或冲突的信息，具体涉及的问题如下：
- Codeforces Round #381的Div2 D问题与ACM埃及大学生编程竞赛2016中的J问题。
- Codeforces Round #381的Div2 D问题与USACO的一个问题。

这些相似性导致了一些参赛者感到困惑，并且引发了作弊的担忧。希望这些信息对你有所帮助。
48426,在这篇博客及其评论区中，并没有明确提到两道不同编程题目的雷同、冲突或撞题的信息。评论区主要讨论的是比赛中的具体问题以及一些解决方案和测试用例的弱点，但并没有指出两道不同题目的内容存在雷同或相似的情况。

唯一提到类似情况的评论是评论#6，其中提到问题E与另一个网站上的题目相似：

> zeliboba8 years ago,#|+45
> 1) Last problem was similar to https://www.hackerearth.com/problem/algorithm/perfect-permutations-september-clash/description/

但是这条评论仅指出了最后一个问题（即问题E）与另一个网站上的问题有相似之处，而不是两道不同的题目之间存在雷同或冲突。

因此，根据提供的信息，无法确认两道不同的编程题目出现了雷同或冲突。如果有进一步的具体信息或评论，请提供更详细的内容以便进一步分析。
48375,在这篇博客及其评论中，并没有直接提到两道不同的编程题目出现雷同、冲突或撞题的信息。然而，我们可以从评论部分找到一个与博客中的第三题相似的问题链接。

具体来说，在评论#2中，用户`sam298`提到第三题（Q3）有一个非常相似的问题，这个问题可以通过二分查找和贪心算法来解决，其链接为“Aggressive Cows”。

博客中的第三题（Q3）：
- 题目描述：给定n个点和一个区间，需要选择K+2个点使得相邻两点之间的最小距离最大。
- 来源：Codenation竞赛题。

相似问题“Aggressive Cows”：
- 题目描述：在一个数轴上有若干个牛舍，需要将牛放入这些牛舍中，使得任意两头牛之间的最小距离最大化。
- 链接：通常这类问题可以在一些在线评测平台上找到，比如POJ上的题目“POJ 2456 Aggressive cows”。

虽然这两个问题的背景不同，但它们都涉及到了最大化最小距离的问题，因此可以认为它们是本质上相似的问题。

总结：
- 出现雷同或相似题目的信息出现在评论#2中。
- 博客中的第三题（来源：Codenation竞赛）与“Aggressive Cows”问题相似。
48367,根据你提供的博客内容和评论，可以发现其中涉及到了两道编程题目的讨论，并且确实存在题目相似的情况。

具体来说：

- 博客中描述的问题是一个关于图的遍历问题，要求从一个起始点开始遍历图中的每个节点，并通过异或操作更新当前利润值R，目标是找到能够获得的最大R值。
- 在评论#1中，用户knightL提到另一道类似的题目（[Codeforces 724G](http://codeforces.com/contest/724/problem/G)），这道题也涉及到图的遍历，但目的是求所有可能的值的总和，而不是最大值。

虽然这两道题目的目标略有不同（一个是求最大值，另一个是求总和），但它们的基本框架和核心思想是相似的，即通过遍历图中的节点来更新某个值。

因此，可以认为这两道题目在本质上是相似的。

总结：
- **相似的题目**：博客中提到的题目与 Codeforces 724G 题目相似。
- **位置**：出现在评论#1中，由用户knightL提出。

链接如下：
- 博客中的问题没有直接提供链接，但可以根据描述理解其为图遍历问题。
- Codeforces 724G: [http://codeforces.com/contest/724/problem/G](http://codeforces.com/contest/724/problem/G)

因此，这两道题目确实存在相似性。
48309,在这篇博客及其评论中，并没有明确提到两道不同的编程题目出现雷同或冲突的信息。博主和评论者主要讨论的是BZOJ 3850题目以及如何计算大臣们收到金币的数量，同时提到了一个与之相似的问题，即“皇后问题”。

具体来说：
- 博主提到的BZOJ 3850题目是关于“国王游戏”的贪心算法问题。
- 博主提及了另一个相似的问题“皇后游戏”。
- 评论者询问如何翻译NOIP题目中有关计算大臣们收到金币数量的部分。

从这些内容来看，没有明确指出这两道题目（BZOJ 3850和皇后问题）存在雷同或冲突的信息。博主只是表示这两个问题是相似的，但没有详细说明它们的具体雷同之处。

因此，根据给出的信息，无法判断这两道题目存在雷同或冲突的情况。如果有更多的上下文信息，可能会有助于进一步分析。
48092,在这篇博客及其评论中，并没有明确提到两道不同的编程题目出现雷同、冲突或撞题的信息。博主和评论者讨论的是不同题目的解决方法。

但是，评论#1中的用户“rsFalse”提到一个细节：“Which C? It is better if organizers do not name different tasks with same letters.” 这句话暗示了可能存在一个命名上的问题，即不同的题目被用相同的字母（例如"C"）来命名，可能会导致混淆。不过，这并不意味着这两道题目本质上相同或相似，而只是说它们使用了相同的字母来表示，这可能会造成误解或混淆。

所以，根据提供的信息，我们不能确定两道不同的编程题目出现了雷同或冲突。如果有具体的题目来源和链接，我们可以进一步分析。但从目前的评论内容来看，没有明确指出两道题目是本质相同的或相似的。
47980,在这篇博客及其评论区中，并没有发现两道不同的编程题目出现雷同、冲突或撞题的信息。每条评论都集中在特定的题目上，讨论了解题方法、代码实现等细节。例如：

- `Div2 900` 和 `Div1 300` 是不同的题目，它们各自有不同的解法和讨论。
- `SortingSubsets` 和 `PartisanGame` 是两个不同的题目，它们分别有不同的讨论和解决方案。

所有这些题目都是独立的，没有出现两道题目本质上相同或相似的情况。因此，这篇博客及其评论区中并没有包含两道不同编程题目出现雷同或冲突的信息。
47970,根据提供的博客内容和评论，没有发现两道不同的编程题目出现雷同、冲突或撞题的信息。博客和评论主要讨论的是如何高效地乘以多个多项式的问题，并且提到了一个具体的竞赛题目（CodeChef COOK75 的 COUNTWAY 问题）。评论中提到的解决方案主要是围绕使用FFT（快速傅里叶变换）来解决这个问题。

具体来说，评论#0提到的 "huffman style" 算法和评论#2中提到的使用FFT的方法都是用来解决同一个问题的不同方法，并非两道不同的题目。评论#4提到的另一个提交的解决方案也是基于同样的问题（COUNTWAY），只是提供了一个不使用FFT的具体实现的例子。

因此，在这段博客和评论中并没有发现两道不同题目雷同、冲突或撞题的情况。
47901,从提供的博客内容来看，并没有直接提到两道不同的编程题目出现雷同、冲突或撞题的信息。博客主要讨论的是CODE FESTIVAL 2016资格赛C的一些细节和赛后的问题分析。特别是评论区中的讨论更多集中在对某个参赛者（wwwwodddd）的解题速度和提交代码风格上的质疑，但并没有明确指出两道不同题目本质上相同或相似的情况。

因此，根据所提供的信息，无法确认博客或其评论区中存在两道不同的编程题目雷同、冲突或撞题的情况。如果确实有此类信息，需要更具体的内容来支持这一结论。目前看来，评论区更多关注的是比赛公平性和某位选手的表现问题，而不是题目本身的重复性。
47897,在这篇博客和其评论中，并没有直接提到两道不同的编程题目的雷同、冲突或撞题的信息。博主和评论者主要讨论的是同一道题的不同解法，特别是关于树（Tree）上的配对问题以及如何计算总距离等问题。

具体来说，博主和评论者们讨论了以下几种方法：
1. 使用重心分解算法找到一个根节点，使得所有配对路径都经过这个根节点。
2. 通过欧拉遍历（Euler Tour）的方法对节点进行排序并配对。
3. 对于加权边的情况，如何处理总距离的计算。

尽管这些方法都是针对同一个问题的不同解决思路，但并没有出现两道不同题目的雷同或冲突的情况。

因此，根据您的要求，这篇博客及其评论区并没有包含两道不同的编程题目出现了雷同或冲突或撞题的信息。
47543,在这篇博客及其评论中，并没有直接提到两道不同的编程题目出现了雷同或冲突的情况。博客内容主要是描述了一个特定的问题（在一个数组上进行区间操作），而评论主要讨论了该问题的解决方法和另一个类似问题的链接。

然而，在评论#2中，用户LSY_is_retired 提到了一个与博客中所述问题非常相似的问题（来自 HDU Online Judge 的问题编号5828）。尽管这两个问题有相似之处，但它们并不是完全相同的问题，因为它们有不同的背景和细节。

总结来说，这篇博客及其评论中并没有明确指出两道不同的编程题目出现了雷同或冲突的信息。评论#2虽然提到了另一个相似的问题，但这并不构成雷同或冲突，只是表明存在类似的问题。因此，没有符合要求的雷同或冲突的信息需要指出。
47431,在这篇博客及其评论中，确实存在两道不同的编程题目出现雷同的情况。具体来说，博客作者在更新（UPD 2）中提到：

> I must apologize for the problem C. We decided to simplify it in the last moment, and it turned out, that the simplified version of it already appeared on another online judge.

这表明问题C和另一个在线评测平台上的题目是相似的。而在评论区中，有多条评论指出了这个问题C和CS Academy上的一个题目相似。例如，评论#28和#56：

评论#28:
> kocko8 years ago, #|^ | +28 Very nice round! Problem C was the same as this one from CSAcademy.

评论#56:
> notAboAlmanalAnyMore8 years ago, #|^ |-8 bad statement in problem B you can steal problem C solution from HERE ! weak test cases and a lot of hacks I'm glad because I didn't participate xD

因此，这两道题目分别是：
1. 当前博客中的Problem C
2. CSAcademy上的一个题目（链接未直接给出，但评论者提到可以参考）

这些评论指出了这两道题目的相似性，从而导致了雷同的问题。
47255,从提供的博客内容来看，主要讨论的是Tarjan算法在寻找强连通分量（SCC）、割点（articulation points）和桥（bridges）时的应用。虽然评论中提到了不同场景下使用`low[u] = min(low[u], low[v])`和`low[u] = min(low[u], disc[v])`的区别，但并没有明确指出两道不同的编程题目存在雷同或冲突的问题。

具体来说：
- 博客和评论主要围绕Tarjan算法的实现细节展开，讨论了在不同问题场景下如何正确应用该算法。
- 没有提到具体的题目来源或链接，也没有明确指出两道题目的雷同或冲突问题。

因此，根据提供的信息，无法确定博客或其评论区包含了两道不同的编程题目出现雷同或冲突的信息。如果有具体的题目链接或其他详细信息，可能会更容易发现潜在的问题。
47246,从提供的博客内容和评论来看，并没有明确提到两道不同的编程题目出现了雷同、冲突或撞题的信息。博主主要讨论的是如何使用Heavy-Light Decomposition（HLD）来解决QTREE4问题，并且提到了QTREE5与QTREE4几乎是相同的问题，只是目标函数不同（最大值到最小值的变化）。但是这并不构成雷同或冲突，而只是说明了两道题目的相似性。

评论部分也只是询问博主是否已经用HLD解决了该问题并请求一些提示，没有涉及到两道题目的雷同或冲突问题。

因此，根据所提供的信息，无法确认存在两道不同的编程题目出现了雷同或冲突的情况。如果需要更详细的分析，可能需要更多关于这两道题的具体描述或链接。如果有具体的链接或更详细的内容，请提供，以便进行进一步的分析。
47189,从提供的博客内容和评论来看，博客本身讨论的是SPOJ上的题目TOINCSEQ，其核心问题是通过最少的操作次数将一个整数序列变为非递减序列。而评论区中并没有出现两道不同的编程题目的描述或链接，更多的是围绕这同一个问题的不同解法和讨论。

评论区中的讨论主要集中在如何使用动态规划（DP）来解决问题以及对具体测试用例的讨论。例如，评论者“rachitiitr”提到可以先去除数组中的重复元素，然后问题就变成类似的了。然而，这只是对原问题的一个变体处理方式，并不是另一个独立的编程题目。

因此，根据你提供的信息和要求，没有发现两道不同的编程题目出现了雷同、冲突或撞题的信息。评论区的内容主要是围绕原问题的不同解决方案和变体讨论，而不是出现了两个不同的题目。
47119,根据提供的博客内容和评论，没有发现两道不同的编程题目出现雷同或冲突的信息。博客和评论主要讨论了这次比赛的问题设置、难度以及一些具体问题的解决方案和错误分析。

博客中提到了5个不同难度级别的题目，并且在评论区中也主要是围绕这些题目展开的讨论，但没有明确提到两道题目的本质相同或相似的情况。评论区的内容大多集中在解题方法、测试用例的解释以及对比赛的一些反馈上。

因此，在这个博客和其评论中并没有找到两道不同的编程题目出现雷同或冲突的信息。
47060,在这篇博客及其评论区中，并没有明确提到两道不同的编程题目出现雷同、冲突或撞题的情况。博主和评论者主要讨论的是两个不同问题的设计理念和实施效果，而不是这两个问题本身的内容雷同或冲突。

具体来说：
- 博主提到了两个不同的问题：一个是Bubble Cup中的问题H（一个随机算法可以通过的问题），另一个是Bubble Cup中的问题B（一个动态规划问题，其中线性内存解决方案可能不被预期接受）。
- 在评论中，组织者和参赛者就这些问题的设计理念进行了讨论，包括随机算法是否适合、内存限制是否合理等问题，但并没有提及这两道题目的内容存在雷同或冲突。

因此，在这篇博客和其评论区中，并未发现两道不同的编程题目出现雷同或冲突的信息。
47059,After analyzing the provided blog and comments, there is no clear indication that two different programming problems with significant overlap or duplication were presented in this context. However, there is a discussion about the similarity between two specific problems:

- **Div1C (Problem C in Div1)** from Codeforces Round #371.
- **Problem C** from Codeforces Round #13.

According to the comments, **Div1C from Round #371** is considered similar to **Problem C from Round #13**. Specifically, the key difference is that one problem asks for a strictly increasing sequence while the other asks for a non-decreasing sequence. Despite this minor difference, the core idea of the problems is essentially the same.

### Relevant Comments:
- **Comment #28**: Pepe.Chess mentions that **Div1C** from Round #371 is similar to **Problem C** from Round #13.
- **Comment #43**: geniucos mentions that he knew the problem before but not the NlogN solution.
- **Comment #58**: ladpro98 points out that Problem C from Round #13 is the same problem with only a slight change in the requirement for the sequence.

### Conclusion:
While the problems are not identical, they are considered very similar by the community. Therefore, the blog and comments indicate that **two different problems** with substantial overlap appeared in different rounds of Codeforces.

**Location of the Mention:**
- The relevant comments are found in the section discussing the problems of the contest, particularly in comments #28, #43, and #58.

### Source Links:
- **Div1C from Round #371**: [Codeforces Round #371](https://codeforces.com/contest/714)
- **Problem C from Round #13**: [Codeforces Round #13](https://codeforces.com/contest/13/problem/C)
47054,在这篇博客及其评论区中，并没有明确出现两道不同的编程题目雷同或冲突的信息。博客和评论主要讨论的是关于字符串分割为回文子串的问题以及相关算法和数据结构的应用。

具体来说：

- 博客作者询问是否有O(n)或O(nlogn)的解决方案来找到将一个字符串分割成回文子串的最小数量的方法，并提到了一个O(n^2)的动态规划解法。
- 评论#0给出了一个O(nlogn)的算法，并提到可以使用EERTREE数据结构来解决这个问题。
- 评论#1提供了一个类似的题目链接（http://acm.timus.ru/problem.aspx?space=1&num=2058），但是这个链接指向的问题并不是直接与上述问题相同或相似。它只是提到另一个类似的问题供参考。
- 评论#2和#3的讨论更多是在于算法实现和复杂度分析上，并没有涉及两道不同题目雷同或冲突的情况。
- 评论#4和#5则是在讨论EERTREE数据结构的名称和用途。

因此，根据提供的信息，没有发现两道不同的编程题目出现了雷同或冲突的信息。所有的讨论都集中在同一个问题的不同解决方案上。
47030,在这篇博客及其评论区中，并没有明确提到两道不同编程题目的雷同、冲突或相似性。博客主要讨论的是TCO2016 Online Wildcard round的比赛情况和一些参赛者的反馈。

唯一可能涉及类似问题的评论是关于“parallel round”的第500题的解决方法。然而，从评论内容来看，这并不是指两道题目的雷同或冲突，而是说明了同一题目在不同轮次比赛中出现的情况，即同一题目（编号为500的问题）出现在了Wildcard round和平行轮次（parallel round）中。

评论区中提到的题目并没有提供具体的来源或链接，因此无法确定它们是否是本质上相同或相似的问题。因此，根据提供的信息，这篇博客及评论区中并未包含两道不同编程题目的雷同或冲突信息。
46926,根据提供的博客内容和评论，没有明确的证据表明存在两道不同的编程题目出现雷同、冲突或撞题的情况。博主提到的是一个与莫比乌斯函数相关的数对问题，而该问题的目标是找到具有特定质数最大公约数的数对。评论中提到的另一个问题TRENDGCD（链接未提供），虽然评论者认为两者“几乎相同”，但并未具体说明这两个问题在本质上是相同的。

因此，从这段内容来看，没有发现两道不同题目之间存在雷同或冲突的情况。如果需要更准确的判断，可能需要查看TRENDGCD问题的具体描述和要求。如果有具体的链接或更多描述，可以进一步分析是否存在雷同或冲突的问题。
46866,在这篇博客及其评论中，并没有明确提到两道不同的编程题目出现了雷同、冲突或撞题的信息。相反，博主和评论者讨论的是同一个问题的不同解决方案，具体来说是关于二维数组的不同遍历顺序对程序性能的影响。

博客内容描述了两个不同的解决方案，它们本质上是在解决相同的问题，但二维数组的遍历顺序不同，导致了程序运行时间的显著差异。评论区的讨论进一步解释了这种现象与缓存友好性（cache-friendly code）有关，以及这种差异在类似编程竞赛中的影响。

因此，这里并没有两道不同的题目出现雷同或冲突的情况，而是在讨论同一个问题的不同实现方式及其性能差异。
46843,经过仔细阅读博客内容及其评论区，没有发现两道不同的编程题目出现雷同、冲突或撞题的信息。博主介绍了一种新的数据结构用于处理树上的子树更新和查询问题，而评论区中提到的一些其他方法或数据结构（如mugurelionut的论文中的方法、Euler Tour Technique结合分块的方法等）虽然与博主提出的数据结构有相似之处，但它们解决的是不同的问题或采用了不同的方法。

具体来说：

1. **博主提出的Block Tree**：这是一种处理树上子树更新和查询的新数据结构，主要通过分块的方式进行优化。
   
2. **mugurelionut的论文**：主要讨论了路径查询的问题，虽然也提到了可以处理某些子树问题，但其核心思路和博主提出的Block Tree不同。

3. **Euler Tour Technique结合分块的方法**：这是另一种处理树上子树查询的方法，但具体的实现细节和博主提出的Block Tree并不完全相同。

因此，评论区中提及的其他方法或数据结构虽然与博主提出的数据结构有相似之处，但它们本质上是不同的解决方案，针对的是不同的问题或应用场景。没有发现两道不同的编程题目出现了雷同或冲突的信息。
46830,Based on the provided blog content and comments, there are no clear indications of two different programming problems having significant overlap or conflict with each other. The blog primarily consists of editorials and comments related to a Codeforces contest, specifically contest 711.

Each problem (A, B, C, D, E) is discussed separately, and while there are discussions about the implementation details and potential pitfalls for each problem, there are no explicit mentions of two distinct problems being essentially the same or conflicting with each other.

To summarize:

1. **Problem A (Bus)**: Deals with arranging passengers in a bus.
2. **Problem B (Magic Square)**: Ensures all rows, columns, and diagonals have the same sum.
3. **Problem C (Tree Coloring)**: Involves coloring trees such that no more than `k` contiguous groups have the same color.
4. **Problem D (Directed Roads)**: Finds the number of ways to orient edges such that each vertex has exactly one outgoing edge.
5. **Problem E (Birthday Cake)**: Calculates probabilities related to assigning birthdays to people.

The comments mainly focus on clarifications, debugging issues, and understanding the solutions rather than pointing out similarities or conflicts between problems.

Therefore, based on the provided information, there is no evidence of two different programming problems appearing to be the same or conflicting with each other.
46641,经过仔细检查所提供的内容，这篇博客和评论区中并没有出现两道不同的编程题目雷同或冲突的情况。评论主要集中在对比赛题目的讨论、解题思路分享以及对某些问题的看法上，并没有提到两道不同的题目本质上相同或相似的问题。

评论中提到了一些关于题目难度和解决方案的讨论，例如：

- 针对题目C（关于勾股数的生成），很多参赛者分享了他们的解题方法，有些甚至通过Google找到了相关公式。
- 针对题目D和E，参赛者讨论了不同的解题策略，包括使用DFS树、持久化数据结构等方法。
- 还有一些人提到预测试不够强，导致一些错误的代码通过了预测试，但未能通过系统测试。

总体来看，这些评论主要集中在对具体题目的讨论上，而不是指出不同题目之间存在雷同或冲突的问题。因此，根据提供的内容，没有发现两道不同的编程题目出现了雷同或冲突的信息。
46451,从提供的博客内容来看，并没有直接提到两道不同的编程题目出现雷同、冲突或撞题的信息。博客中的内容主要是在讨论一个特定的问题（来自Kattis平台的一个问题，题目名称为"Physical Music"），并提供了一种简化问题的方法来解决它。

具体来说，博客中的讨论集中在如何简化和解决一个问题上，而不是在比较两个不同问题之间的相似性或雷同。评论中提到的“这基本上与计算逆序对相同”（this is basically the same as counting inversions），这里指的是同一个问题的不同解法，而不是指两道不同的题目。

因此，在这个特定的博客内容中，没有发现两道不同的编程题目出现雷同或冲突的信息。如果有其他具体的博客内容或更多上下文信息，可能会有助于更准确地分析。
46450,经过仔细阅读您提供的博客内容和评论，我没有发现两道不同的编程题目出现雷同、冲突或撞题的信息。每篇博客和评论主要集中在各自问题的解决方案、算法思路以及代码实现上，并没有提及两个不同题目的本质相同或相似的情况。

如果需要进一步确认某些特定题目是否存在雷同或冲突，可以提供具体的题目描述或链接，这样可以更准确地进行对比分析。从当前提供的信息来看，没有明确的证据表明存在雷同或冲突的问题。
46419,在这篇博客及其评论区中，并没有明确提到两道不同的编程题目的具体内容，只是提到了两道题目的名称和链接，但没有详细描述这两道题目的具体要求和内容。因此，我们无法直接从提供的信息中判断这两道题目是否存在雷同或冲突的情况。

不过，根据评论中的描述，可以推测出两道题目的大致情况：

1. **CodeChef上的CW2问题**：
   - 问题要求计算某个数值i在所有排列中的贡献，通过考虑比i大的数字的数量和它们在i之前或之后的不同排列方式来计算。
   - 提到的公式涉及组合数学和阶乘的计算。

2. **SPOJ上的LOOPEXP问题**：
   - 问题要求找到所有[1..n]的排列中最小值语句为真的次数。
   - 使用递归来解决，定义了辅助函数b(n) = a(n)/n!，并通过观察b(n)与b(n-1)之间的差异来得到答案。

尽管这两道题目的背景不同，但是从评论中的描述来看，它们都涉及到排列组合以及期望值的计算，这可能导致两道题目在某些方面有相似之处。然而，由于缺乏具体的题目描述和要求，我们不能明确地说它们在本质上是相同的或存在冲突。

为了更准确地判断，需要查看这两道题的具体描述和要求。如果能够提供更详细的题目描述或链接，将有助于做出更准确的判断。
46195,经过仔细检查，这篇博客及其评论区没有出现两道不同的编程题目雷同或冲突的情况。博客内容主要是关于一次在线编程竞赛的通知、更新和讨论。评论区中，用户主要讨论了各个题目的解法和具体实现细节，但并没有出现两道不同的题目在本质上相同或相似的情况。

例如：

- 评论区中提到的Div2 D/Div1 A（即巴士接送学生问题）与其它题目没有明显的雷同或冲突。
- 其它题目如Div2 B（棋盘上放置车的问题）、Div2 C（字符串匹配问题）等，也没有出现重复或相似的情况。

因此，这篇博客和评论区的内容没有涉及两道不同题目雷同或冲突的信息。
46193,在这篇博客和其评论区中，确实存在一道题目的描述与另一道题目的描述有相似之处的情况。具体来说，在评论区中的一个回复里提到了“Game of Rocks”这道题目与某个USACO问题非常相似。以下是相关信息：

- **评论区信息**：
  - **评论者**：Benq
  - **内容**：大多数问题都很有趣。然而，问题陈述中包含了一些不清楚的地方。他还注意到“Game of Rocks”这个题目与某个USACO问题非常相似。

- **涉及的题目**：
  - **题目一**：“Game of Rocks”
  - **题目二**：某道USACO题目（虽然评论没有提供具体的链接或来源，但提到是USACO的问题）

因此，根据评论者的说法，“Game of Rocks”这道题目与某道USACO题目在本质上是相似的。尽管评论者认为这可能是巧合，但这两道题目之间存在相似性。

总结：博客评论区中的信息显示了“Game of Rocks”与某道USACO问题在本质上是相似的。
46111,从提供的博客内容和评论来看，这并没有直接提到两道不同的编程题目出现雷同、冲突或撞题的信息。博客本身描述了一个字符串处理问题，而评论区也没有明确提到两道题目的链接或出处，更没有指出这两道题存在雷同或冲突的情况。

评论区主要讨论了如何解决这个问题以及算法实现的细节，但没有提及其他类似的问题或题目。因此，根据所提供的信息，无法找出两道不同的编程题目存在雷同、冲突或撞题的情况。如果需要进一步分析，可能需要提供更多的背景信息或评论内容。
46102,在这篇博客及其评论区中，并没有明确提到两道不同的编程题目出现雷同、冲突或相似的情况。主要讨论的是一个特定的问题，即RMQ（Range Maximum Query）问题的一个变种，其中包含插入操作和查询最大值的操作。

然而，在评论区中提到了一些相关的资源和问题，例如SPOJ上的HORRIBLE问题（链接为：http://www.spoj.com/problems/HORRIBLE/）。该问题被用来解释如何处理类似的问题，但并没有明确说明这个题目与博客中的问题本质上相同或相似。评论区的其他内容主要是关于解决方案的建议和相关数据结构的介绍，例如Treap和Segment Tree等。

因此，根据提供的信息，无法确认两道不同的编程题目出现了雷同或冲突。如果要找到两道相似题目，可以参考评论区中的链接，例如HORRIBLE问题，但它们并未被明确指出为与博客中讨论的问题雷同或冲突。
46071,在这篇博客及其评论区中，确实存在两道题目出现雷同的信息。具体来说，在评论区的第`comment#1`和`comment#2`之间，有用户指出了两道题目的相似性。

以下是具体的分析：

在`comment#1`中，用户`ffao`提到：“The probabilities will be given with at most 3 decimal places”（概率最多给出三位小数），并表示这通常是一个无关紧要的信息。然后紧接着，该用户表达了对Hard题目的兴趣，并希望其他人也能享受这些题目。

而在`comment#2`中，用户`qwerty787788`指出，他给出的题目与当天Hard题目的内容非常相似。具体来说，他提到在VK Cup总决赛中的题目695A - LRU与当天的Hard题目非常相似，但他的题目中n的限制是<=20（因为他们的团队未能解决更大限制的问题）。

因此，这里出现了两道题目雷同的情况：
1. TopCoder当天的Hard题目。
2. VK Cup总决赛中的695A - LRU题目。

这两道题目的相似性在于它们处理的是相同类型的问题，只是输入规模不同。

总结：
- 博客：无直接提及题目雷同。
- 评论区：`comment#2`指出的两道题目雷同信息。
- 题目来源：TopCoder当天的Hard题目和VK Cup总决赛中的695A - LRU题目。

相关评论位置：`comment#2`。
45576,在这篇博客及其评论中，虽然有一些关于使用`std::bitset`优化动态规划（DP）问题的讨论，但并没有明确指出两道不同的编程题目是本质相同或相似的。因此，没有发现两道不同的编程题目出现雷同或冲突的信息。

评论区主要集中在讨论如何使用`std::bitset`来优化一些特定类型的DP问题，比如那些输出为布尔值的问题（如能否达到某个状态）。评论中提到了几个不同的问题和比赛任务，包括COCI 2015/2016 Task UZASTOPNI、Codeforces 685E - Travelling Through the Snow Queen's Kingdom、SnackDown 2016 Online elimination round中的Robot Walk等，但这些讨论的重点是如何利用`std::bitset`进行优化，并没有说明这些题目之间存在雷同或冲突的情况。

因此，根据提供的信息，可以得出结论：该博客和评论区中并没有包含两道不同编程题目出现雷同或冲突的信息。
45556,经过仔细检查，这篇博客及其评论区没有出现两道不同的编程题目雷同、冲突或撞题的情况。每条评论和博客内容都是围绕着具体的题目进行讨论，但没有发现两道本质上相同或相似的问题。

博客主要介绍了即将举行的Codeforces比赛信息，包括问题作者、评分分布等细节。评论区则涉及对具体问题的解法讨论，例如如何解决某些特定的编程挑战，以及一些技术性细节，如时间复杂度分析和溢出处理等。

因此，根据提供的内容，未发现两道不同的编程题目存在雷同或冲突的情况。
45300,在这篇博客及其评论区的内容中，并没有直接提到两道不同题目的具体信息，也没有明确指出两道题是本质相同或相似的。评论#1提到的是另一种技术，并且提到了另一道题555B - Case of Fugitive，但没有详细说明这两道题之间的关系，也没有说它们是雷同或冲突的。

因此，根据提供的信息，我们不能得出结论说这两道题目出现了雷同或冲突。评论#1只是建议解决另一道题可能会对理解当前问题有所帮助，并没有提到两道题目有雷同或冲突的情况。

总结来说，在这段博客和评论中没有出现两道不同编程题目雷同或冲突的信息。
45181,After carefully reviewing the blog post and the comments, there is no indication that two different programming problems are essentially the same or conflicting. Each problem presented in the blog is distinct, and the comments are primarily focused on discussing the solutions and complexities of each problem individually.

Here is a brief summary of the problems discussed:

1. **677A - Vanya and Fence**
   - This problem involves calculating the total width of friends based on their heights.
   
2. **677B - Vanya and Food Processor**
   - This problem deals with efficiently processing potatoes based on their heights and smashing speed.
   
3. **677C - Vanya and Label**
   - This problem involves transforming a word into binary notation and counting possible pairs of characters.
   
4. **677D - Vanya and Treasure**
   - This problem involves finding the shortest path to open chests of different colors.
   
5. **677E - Vanya and Balloons**
   - This problem involves finding the largest cross of non-zero balloons in a grid.

The comments discuss various aspects of the solutions and complexities for these problems, but there is no evidence of two problems being essentially the same or conflicting.

Therefore, there is no indication of two different programming questions appearing with coincidences, conflicts, or similarities in the provided blog post or its comments.
45080,在这篇博客及其评论中，并没有明确提到两道不同的编程题目出现了雷同、冲突或撞题的信息。评论区主要讨论的是比赛相关的问题和解法，以及一些个人经历和经验分享。

不过，在评论#10和评论#13中，提到了一个问题C与几个月前另一个比赛中的问题相似的情况：

评论#10:
```
LoneFox8 years ago,#|+55Hmm, Problem C is identical to an existing contest problem from several months ago:https://jollybeeoj.com/contest/24/problem/126
```

评论#13:
```
Petr8 years ago,#^|←Rev.2→+12Oops, this is an unfortunate coincidence indeed :(
EDIT: I guess it just happens that the same idea comes to the mind of different people at the same time. We had this problem written since September of last year, and also asked quite a lot of internal testers but nobody seen it before. I hope there were not too many people already familiar with it.
```

这里提到的问题C与几个月前的另一个比赛中的问题存在相似性。尽管如此，这并不是两道不同题目的雷同或冲突，而是一个原创性的问题可能与其他地方的问题有相似之处。因此，这并不符合您所指的“两道不同的编程题目出现了雷同或冲突”的情况。

总结来说，这篇博客及其评论中没有发现两道不同题目的雷同或冲突。
45048,在这篇博客及其评论区中，确实提到了两道相似的编程题目。具体来说，博客中描述的问题和HackerRank上的一个挑战问题非常相似。

博客中的问题是关于在一个预算下购买最多数量的商品，每个商品有一定的库存量，购买多个该商品的成本函数为`A + (k-1)*B`。评论区中的用户提到，这个问题与HackerRank上的一道名为"Hats"的题目相同。这道题的链接为：[HackerRank Hats Challenge](https://www.hackerrank.com/contests/indeed-prime-codesprint/challenges/hats)。

因此，可以认为这两道题目是本质相同的。博客中的问题和HackerRank上的"Hats"挑战题目都是关于在一定预算内最大化价值的问题，它们都涉及到物品的购买限制和成本函数。

总结：
- 博客中的问题：在给定预算下购买物品以最大化价值。
- HackerRank上的问题："Hats"挑战题目，同样是在给定预算下购买物品以最大化价值。
- 这两道题目的核心逻辑和解题思路是相同的。

相关评论出现在评论区的第3条评论，由用户i40189指出这两道题目的相似性。
44972,根据提供的博客内容，确实发现了两道编程题目存在雷同的情况。具体来说：

- 在评论区的**comment#7**中提到：“Contest has ended, thanks to everyone for participation! I'll post all materials a bit later, sorry for delay. Currently you have several editorials and some of codes by setter and/or tester available, plus codes of all contestants.”

- 接着，在同一条评论中进一步说明了两道题目的情况：
  - “Ways of Seeing” 这个问题后来被发现和GCJ 2015 Round 2中的一个问题相同。
  - “Make n00b_land Great Again!” 这个问题与最近的May World CodeSprint中的一个问题相似，但有显著的区别。

因此，两道题目出现雷同的地方在于：

1. **“Ways of Seeing”** 和 GCJ 2015 Round 2中的一个问题相同。
2. **“Make n00b_land Great Again!”** 和最近的May World CodeSprint中的一个问题相似，尽管有显著的区别。

这两道题目的雷同信息出现在博客的评论区的**comment#7**中。具体的博客链接并未直接给出，但从上下文可以推测该博客是关于HackerEarth May Circuits竞赛的介绍。如果需要更具体的链接，可能需要查看原文中的相关部分。
44953,在这篇博客及其评论中，没有直接提到两道不同的编程题目出现了雷同或冲突的信息。但是，博客和评论中提到了一些相关的概念和问题，可以进行一定的分析：

- 博客讨论了如何在一个正权无向图中找到具有最小直径的生成树（MDST）。这里引用了两个问题：一个是SPOJ上的PT07C，另一个是SPOJ上的MDST。
- 评论#3提到一个相似的问题，在一个资源里提供了关于加权图上MDST的O(n*m)或O(n^3)算法。这个问题是指Codeforces上的266D — BerDonalds。

虽然这些题目都是与生成树有关的问题，但它们关注的具体问题和解决方法并不完全相同。PT07C 和 MDST 都是关于最小直径生成树的问题，而266D — BerDonalds 是一个与最短路径服务点布局相关的问题，尽管它也可能涉及到生成树的概念。

因此，根据给定的要求，这两组问题并不是本质相同的或者相似到足以被视为“雷同或冲突”的情况。它们分别探讨了不同方面的问题，即使它们之间有一些间接的联系。

总结：这篇博客和其评论中没有出现两道不同的编程题目雷同或冲突的信息。
44886,根据你的描述和提供的博客内容，评论区中的信息似乎暗示了两道不同题目之间的相似性或雷同问题。具体来说，评论者提到Smoothsort与Fibonacci堆之间可能存在相似之处。

原文评论如下：
```
Isn't this the same as Fibonacci heap?
```

这里评论者提出Smoothsort（使用Leonardo堆的优化版本的堆排序）与Fibonacci堆是否相同的问题。虽然这并不一定意味着这两者是完全相同的算法，但它确实暗示了两者之间存在潜在的相似性或关联性。

因此，在这种情况下，可以说博客的评论区包含了一种关于两道不同编程题目（Smoothsort与Fibonacci堆）雷同或相似的信息。

不过，为了更准确地回答这个问题，我们需要更多的上下文来确定这两者是否真的存在雷同或冲突。如果仅基于这个评论，我们可以认为评论者认为这两个概念之间有某种联系或相似性，但没有直接证据表明它们是本质上相同的算法。

如果要具体指出来源和链接的话，可以这样表述：

- **来源**: 博客评论区
- **链接**: 
  - Smoothsort: https://en.wikipedia.org/wiki/Smoothsort
  - Fibonacci Heap: 可以通过进一步搜索找到相关信息，例如：https://en.wikipedia.org/wiki/Fibonacci_heap

请注意，上述链接中的第二个链接并不是博客中直接提到的，但它是评论者可能指代的Fibonacci堆的相关信息。
44754,经过仔细阅读所提供的博客内容和评论，没有发现两道不同的编程题目出现雷同、冲突或撞题的信息。每道题目都有其独特的描述和解决方法，且相互之间并没有明显的重复或相似之处。因此，可以得出结论：该博客中的题目都是独立的，不存在雷同或冲突的情况。

如果需要进一步确认特定题目之间的关系，可以提供具体的题目链接或来源，以便进行更详细的分析。但从目前提供的内容来看，并没有发现题目之间存在雷同或冲突的问题。
44505,从提供的博客内容和评论来看，并没有明确提到两道不同的编程题目出现雷同、冲突或撞题的情况。相反，讨论集中在如何解决同一个问题的不同方法上。

具体来说，博客主要讨论了如何高效地回答给定一系列点和查询的问题，即对于每个查询需要找出满足特定线性方程的点的数量。评论中也围绕这一主题展开讨论，例如如何通过排序、二分查找、以及扫描线算法来解决这个问题。

评论#1提出了一种不同的解决方案，即预先计算每对点所定义的直线，并记录每条直线上点的数量。然后，对于每个查询，可以通过预计算的结果来快速得到答案。然而，这仍然是对同一个问题的不同解法，而不是两道不同的题目出现雷同或冲突。

因此，在这段博客及其评论中，并未发现两道不同的编程题目出现了雷同或冲突的信息。
44466,经过仔细阅读博客内容和相关评论，没有发现两道不同的编程题目出现雷同、冲突或撞题的信息。每篇题解都专注于各自的问题，并且评论区也没有提到任何关于不同题目之间存在雷同或相似之处的讨论。

因此，根据你提供的信息，这篇博客及其评论区并没有包含两道不同的编程题目出现了雷同或冲突的信息。
44389,从提供的博客内容和评论来看，并没有明确提到两道不同的编程题目的雷同、冲突或相似之处。评论区中确实有一条评论提到了一个问题与另一问题相似，但并没有给出具体的问题名称或链接。

评论#1提到：“BTW, problem D is very similar to this problem”，但没有提供具体的链接或问题名称。因此，无法确认这两道题目是否真的存在雷同或冲突的情况。

总结来说，根据提供的信息，我们不能确定博客或其评论区包含两道不同编程题目的雷同或冲突信息。如果要更准确地回答这个问题，需要更多的细节或具体的问题链接来进行比较。
44362,经过仔细阅读博客内容和评论区，我没有发现明确的证据表明有两道不同的编程题目出现了雷同或冲突。博客主要讨论的是Codeforces Round #347的组织情况以及该轮比赛因为解决方案泄露而变为非评分赛的情况。评论区里虽然有很多关于比赛结果、解决方案和比赛体验的讨论，但并没有明确指出两道不同的题目在本质上是相同的或相似的。

唯一接近这种情况的可能是某些用户在评论中提到的个别问题解法上的差异，比如：

- 在评论#49中，有人提到了Div2 B题的不同解法，但这只是不同人的解题思路，而不是两道题目本身相同或相似的问题。
- 在评论#54中，用户讨论了Div2 C题的不同解题方法，但这也仅限于对同一题目的不同解决策略。

总体来说，评论区和博客正文没有提到任何两道不同的题目出现雷同或冲突的情况。
43984,在这篇博客及其评论中，没有直接提到两道不同的编程题目出现了雷同、冲突或撞题的信息。相反，讨论主要集中在如何解决一个特定问题的不同方法上。

具体来说，博客和评论区讨论的是同一个问题的不同解决方案，即在一个树结构中找到所有节点的P代堂兄弟的数量。以下是讨论的要点：

1. **问题描述**：
   - 给定一个有N个节点的树，需要找到每个节点的P代堂兄弟的数量。P代堂兄弟是指存在一个节点Z，它是X和Y的共同P代祖先。

2. **解决方案讨论**：
   - radoslav119 提出了一种使用二进制提升（binary lifting）的方法来计算每个节点的P代堂兄弟数量，并且该方法的时间复杂度为O(N + NlogN)。
   - Arunnsit 提出了一个需求，即需要求解每一个P值的情况（1 <= P <= N），而不仅仅是某个特定的P。
   - radoslav119 进一步提出了一个复杂度为O(N√N)的解决方案，使用MO算法来处理这个问题。
   - P_Nyagolov 提到可以使用持久化线段树实现O(NlogN)的解决方案。
   - ffao 提供了一个简单的O(N)解决方案，通过计算每个距离出现的次数来解决这个问题。

从这些讨论中可以看出，虽然有不同的方法来解决同一个问题，但并没有出现两道不同的题目有雷同或冲突的情况。所有讨论都围绕着如何优化和简化解决同一个问题的不同方法。
43967,在这篇博客及其评论区中，并没有明确出现两道不同的编程题目雷同或冲突的信息。相反，讨论集中在对一道特定问题的不同解法以及这些解法的有效性上。具体来说，博客和评论区主要围绕一个最大流（max flow）类型的问题进行讨论，特别是如何使用最大流算法和二分查找来解决问题。

博客作者提出了一种方法，并询问这种方法是否正确。评论者提供了具体的例子和反例来解释这种方法的局限性。例如，评论者 iamscrew 提供了一个反例来说明博客作者的方法在某些情况下可能会失败。

因此，这里并没有提到两道不同的题目，也没有提到题目之间存在雷同、冲突或撞题的情况。讨论的重点在于同一个问题的不同解决策略及其有效性。
43944,在这篇博客及其评论中，没有明确提到两道不同的编程题目出现了雷同或冲突的信息。不过，有一条评论提到了一个与博客中讨论的问题相似的问题。

评论#4中的用户提到的问题（“can you also find an efficient way to say if we reverse any substring will it be valid, given the input is not necessarily initially valid”）与博客中讨论的问题（给定一个平衡括号字符串，找到所有平衡子串的数量）并不完全相同。博客中的问题限定输入已经是平衡的，而评论中的问题则不限定输入是否平衡，并且涉及反转子串的有效性检查。

但是，这些并不是本质相同的题目。因此，根据你的要求，这两道题目并没有出现雷同或冲突的信息。换句话说，博客和评论中没有提到两道本质相同的编程题目。
43871,在这篇博客及其评论区中，并没有直接出现两道不同的编程题目雷同、冲突或撞题的信息。博主和评论者主要讨论的是Topcoder SRM 685中的各个问题，以及一些解题思路和方法。

唯一接近于提到两题相似之处的是评论#4，其中提到：

```
jqdai08159 years ago,#|+56The hard problem is exactly the same asthis one(in Chinese).
```

这条评论指出硬题目与一个中文网站上的某个问题相同。但这里并没有具体指出两道题目的来源或链接，只是说明了两题有相似性。

因此，根据提供的内容，不能明确指出两道不同编程题目的雷同或冲突信息。如果需要进一步确认，需要更多关于这两道题的具体描述或链接。
43864,根据你提供的博客和评论内容，没有直接提到两道编程题目的具体内容或出处，因此无法直接判断是否存在两道不同编程题目的雷同、冲突或撞题情况。

但是，有一条评论提到了一个潜在的冲突问题：

> satyaki37949 年前：
>
> It's clashing with Topcoder SRM 685. :(
>
> （中文翻译：这与Topcoder SRM 685相冲突。:(）

这条评论表明HackerRank的比赛时间与Topcoder SRM 685比赛时间有冲突，而不是指题目内容的雷同或冲突。

因此，在这段博客和评论中并没有明确提到两道不同编程题目的雷同或冲突信息。如果有具体题目链接或描述，可以进一步分析是否有雷同或冲突的问题。目前，仅有的冲突信息是比赛时间上的冲突。
43840,从提供的博客内容来看，并没有直接提到两道不同的编程题目出现了雷同、冲突或撞题的信息。博客主要讨论的是一个特定的问题——Samu和特殊互质数问题，以及一个评论者提到的一个类似但不完全相同的问题。

评论中提到的“another way round”可能暗示存在另一个类似的问题，但是并没有明确说明第二个问题的具体细节或提供相关链接。因此，无法从现有信息中确定两道不同的编程题目之间存在雷同或冲突。

如果要找出潜在的第二道题目，需要更多的上下文或具体信息。根据目前的信息，我们不能断定存在两道题目雷同或冲突的情况。如果有更多信息，例如评论者提供的链接或其他详细描述，可能会有助于进一步分析。
