126241,在这篇博客及其评论区中，并没有明确提到两道不同的编程题目的具体来源或链接，也没有直接指出两道题目存在雷同、冲突或相似的情况。因此，根据提供的信息，我们无法确定是否存在两道不同的编程题目出现了雷同或冲突的情况。

评论区主要讨论的是如何解决一个特定的问题：给定一个整数数组，找到所有可能的数对的GCD（最大公约数）之和。评论者们分享了解决这个问题的不同方法和技巧，但没有提及另一道相似的题目或问题。

如果要准确判断是否存在雷同或冲突的题目，我们需要具体的题目来源或链接，以及更详细的描述或代码示例来对比分析。目前的信息不足以做出这样的判断。
126125,在这篇博客及其评论中，并没有明确提到两道不同的编程题目出现了雷同或冲突或撞题的信息。博客和评论主要讨论的是关于一些用户在Codeforces平台上疑似作弊的行为，而不是关于两道不同题目的相似性或雷同性问题。

评论中的内容主要是对某些用户的提交代码进行分析和质疑，认为这些提交可能涉及抄袭或作弊行为。例如，有人指出了两份非常相似的代码（如评论#6和#7所示），但这些评论并未具体说明这两份代码来自两道不同的题目，而是更多地关注于同一个用户的不同提交之间的相似性。

因此，在这段博客内容中并没有出现两道不同编程题目的雷同或冲突的情况。如果要查找雷同或冲突的题目，需要寻找明确提到两道不同题目之间存在雷同或相似的内容，而这段博客及评论中并没有提供这样的信息。
126072,经过仔细检查，这篇博客及其评论区并没有出现两道不同的编程题目雷同或冲突的情况。博客主要是关于Codeforces Round 928 (Div. 4) 的介绍和一些参赛者对比赛的看法与反馈。评论区中的讨论主要集中在各个题目本身的解法、难度以及个人表现上，并没有提到两道不同题目内容相同或相似的问题。

评论中确实有一些用户提到了他们在解决某些问题时参考了之前在网上找到的解决方案（例如从GeeksforGeeks等网站），但这些情况都属于个别用户的反馈，并不涉及题目本身的雷同或冲突问题。此外，部分用户因为使用了公共平台（如ideone）而导致代码被他人看到并被系统判定为代码雷同，但这同样不是题目本身的问题。

因此，根据你的要求，这里没有发现两道不同的编程题目出现了雷同或冲突的信息。
126041,在这篇博客及其评论区中，并没有明确提到两道不同的编程题目出现了雷同、冲突或相似的情况。博客主要讨论的是如何以低于 \(O(n^2)\) 的复杂度来检查一个排列是否存在满足特定条件的两个索引。评论区中的讨论主要是围绕着算法实现和具体细节展开的。

唯一可能涉及相似问题的地方是在评论#2中，用户Wasif_Shahzad提到的一个特定排列模式（2-level permutation），并将其与另一个称为“K-Lever Permutation”的问题进行比较。但这种比较并不是指这两道题是本质上相同的或相似的问题，而是他个人对一种排列模式的理解，并且他也承认自己误解了博客的初衷。

因此，在这篇博客和评论区中并没有发现两道不同的编程题目出现雷同或冲突的信息。
125787,经过仔细检查，这篇博客及其评论区并没有包含两道不同编程题目出现雷同或冲突的信息。评论区主要讨论的是具体问题的解法、比赛体验以及一些技术细节，没有提到两道题目本质相同或相似的情况。

因此，可以得出结论：在这篇博客及其评论区中，没有发现两道不同的编程题目出现了雷同或冲突的信息。
125666,根据提供的博客内容和评论区信息，没有明显的迹象表明存在两道不同的编程题目出现雷同、冲突或撞题的情况。

具体来说：

1. **博客内容**：
   - 描述了一个关于街道上汽车排列的问题，要求将偶数长度街道上的汽车均匀分布，即每两个相邻汽车之间恰好有一个空位。这是一道具体的编程挑战，没有提到其他类似的题目。

2. **评论区**：
   - 评论区中的讨论主要集中在输入文件的问题上。例如，评论#1提到了一个输入文件的问题，而评论#2和#3则说明了这是一个与另一个部分（part 3）相同的文件问题，并且已经进行了修正。这里并没有提到任何两道不同题目之间的雷同、冲突或撞题问题。

因此，在提供的信息中，并没有发现两道不同的编程题目出现雷同或冲突的信息。
125538,在这篇博客及其评论区中，确实存在两道题目出现雷同的信息。具体来说，博客中讨论的问题与300iq竞赛中的一个问题非常相似。根据评论区中的信息：

- **评论#4** 中用户 **golikovnik** 指出，博客中讨论的问题与“300iq Contest 2”的一道题“F - Fast Spanning Tree”完全相同。

因此，这两道题目是本质相同的，因为它们描述了同一个问题的不同表述方式。具体来源和链接如下：

- 博客中讨论的问题。
- 来源：300iq Contest 2
- 链接：未直接提供链接，但可以推测这是一道在线编程比赛中的题目。通常这类比赛的题目可以在相应的比赛页面找到，例如300iq的个人网站或其他在线竞赛平台。

综上所述，这两道题目在本质上是相同的。
125452,在这篇博客及其评论区中，并没有直接指出两道不同编程题目的雷同、冲突或撞题的信息。大部分评论都是关于比赛中的具体问题的解题思路和一些技术细节的讨论。

不过，在评论#18和评论#20中，用户提出了一个与题目难度和分值相关的问题，即为什么B、C、D三道题的分值相同（均为600分），并且认为C题应该比B题更难，应给予更高的分值。

评论内容如下：
```
»phtniit10 months ago,#|←Rev.2→+5Why Problem C&D has the same point(600) as Problem B?I think they are surely more difficult than B, especially C.I quite like C, and believe it deserves 700!Is C(or some part of it) a well-known problem in Japan or somewhere?
```

以及回复：
```
»»Dominater06910 months ago,#^|←Rev.2→0I found B quite harder than C and D, so it depends on the person i would say. And no, C wasnt standard to me, it was just easier for me personallyTook 50mins on B. 15 on C and 25 on D. I think for me C = D, just i didnt identify the easy (standard) way to find chromatic number fast instead submitted wrong guesses
```

这些评论主要是针对题目的主观难度感受，并不涉及两道题目的雷同或冲突问题。因此，根据你的要求，这里并没有发现两道不同编程题目的雷同或冲突的信息。
125305,在这篇博客及其评论中，并没有明确提到两道不同的编程题目的雷同、冲突或撞题的信息。相反，讨论的核心集中在对某一特定题目的解法相似性上的质疑，即Codeforces Round 922 (Div. 2) 中的题目1918C - XOR-distance。作者和一些评论者指出了一些提交的代码高度相似，怀疑存在作弊行为。

具体来说，博客中提到的是同一个题目（1918C - XOR-distance）的不同提交代码之间的相似性问题，而不是两道不同题目的雷同或冲突。因此，根据你的要求（两道不同的编程题目出现雷同或冲突），这篇博客及评论区并没有提供相关的信息。

如果有任何其他具体的细节或进一步的问题，请随时告知。
125215,经过仔细检查，这篇博客及其评论区并没有明确提到两道不同的编程题目出现雷同、冲突或撞题的信息。评论区主要是对比赛的问题集、解题方法和一些具体问题进行讨论，但没有发现两道不同的题目本质上是相同或相似的情况。

因此，根据提供的内容，没有找到两道不同的编程题目出现雷同或冲突的信息。如果有任何具体的题目对比需求，请提供更详细的信息或链接，以便进一步分析。
125094,根据你提供的博客内容和评论，没有明显的迹象表明有两道不同的编程题目出现了雷同、冲突或撞题的信息。博客的主要讨论点是一个特定的问题，即如何通过合并数组中的元素使得每个元素至少为K，并求解最小合并次数以使最终数组达到最大长度。

评论中提到的内容也没有涉及两道不同题目之间的雷同或冲突：

- 评论#0提供了一个反例，但仍然是讨论同一个问题的不同实例。
- 评论#1和评论#2只是提到作者在某次比赛中的误解，误将一个题目理解为他们正在讨论的那个问题。这并不意味着这两个题目本身是相同的。

因此，根据你提供的信息，博客及评论区并没有包含两道不同的编程题目出现雷同或冲突的情况。
125022,从你提供的博客内容来看，没有直接提到两道不同的编程题目出现了雷同、冲突或撞题的信息。相反，讨论主要集中在同一个问题的不同解法上，特别是动态规划（DP）和贪心算法（Greedy Algorithm）的应用。

具体来说，博客中的问题来自于Codeforces竞赛中的一个题目（链接：https://codeforces.com/contest/1343/problem/C），而评论区的讨论主要围绕着该题目的不同解法展开。一些评论者建议使用贪心算法而不是动态规划来解决这个问题，认为动态规划在这个特定的问题上可能效率不高。

因此，在这段博客内容中并没有出现两道不同的编程题目雷同、冲突或撞题的情况。如果要指出任何类似的问题，那可能是对于同一个问题的不同解法建议，但这些并不符合你的要求中的“两道不同的编程题目”。
124988,根据你提供的博客内容和评论，我没有发现两道不同的编程题目出现了雷同、冲突或撞题的信息。博客中的问题主要是关于计算给定整数 \( n \) 内可以由两个整数 \( x \) 和 \( y \) 的乘积表示的不同整数 \( z \) 的数量，并且提供了一个例子来解释这个问题。而评论部分主要是在讨论解决这个问题的方法以及相关的数学概念，例如欧拉函数（Euler totient function），但并没有提到另一道类似的编程题目。

评论 #0 提到了一个类似的问题出现在 mathoverflow 网站上，但是这个链接指向的是一个与乘法表相关的数学问题，而不是一道编程题目。因此，这也不构成两道编程题目雷同的情况。

总结来说，在所提供的博客和评论中没有发现两道不同的编程题目出现雷同或冲突的信息。
124816,经过仔细阅读和分析博客内容及评论区，我没有发现两道不同的编程题目出现雷同或冲突的情况。评论区主要讨论的是各个题目的解题思路、实现方法以及一些具体的技术问题，但并没有提到两道题目在本质上是相同的或者相似的。

评论区中确实有一些关于题目难度和理解的讨论，例如：

1. 有人提到E题与APIO 2022的某题非常相似（CALLSIGN_NULL_ 的评论）。
2. 有人提到某些题目可能存在测试用例或题目描述上的问题（如 theoriginalshyam 提到的B题的长度问题）。

然而，这些讨论并没有明确指出两道题目是本质上相同的或者相似的。因此，根据你的要求，这篇博客或其评论区并没有包含两道不同题目出现雷同或冲突的信息。
124748,从提供的博客内容和评论来看，并没有直接提到两道不同的编程题目出现雷同、冲突或撞题的信息。评论主要集中在对具体问题的理解和解法上，比如“STINGY ARRAYS”和“EQUAL2”的讨论，但并没有明确指出这两道题目之间存在雷同或冲突的情况。

唯一提到类似情况的是评论区中的一条评论：
```
comment#0»_Dimpal_10 months ago,#|+13EQUAL2和A and Bare very similar. Other questions were good though.
```
这里提到了“EQUAL2”与“A and B”非常相似，但是没有提供足够的信息来确认这两道题目是哪两道具体的题目，也没有提供具体的题目来源或链接。因此，无法确定是否存在雷同或冲突的问题。

综上所述，在提供的信息中没有明确指出两道不同编程题目存在雷同或冲突的情况。如果需要进一步确认，可能需要更多的上下文信息或直接查看这些题目的具体内容。
124668,从提供的博客内容来看，并没有明确提到两道不同的编程题目出现了雷同、冲突或撞题的信息。博主主要在描述他们在Codeforces Round #919中的D题和Codeforces Round #223中的C题之间发现了相似之处，并且通过一些简单的修改就使得之前的代码可以被接受。

具体来说：

- 博主提到Codeforces Round #919 D题和Codeforces Round #223 C题非常相似。
- 但是博主并没有详细说明这两道题目的具体内容或算法，只是说通过简单的输入格式修正和少量修改就能使之前提交的代码通过测试。

因此，从提供的信息中无法确定这两道题目本质上是否相同或相似。博主只是主观上觉得这两道题相似，并没有提供具体的题目描述或算法细节来证明它们是雷同或冲突的。

所以，根据提供的内容，不能确认博客或其评论区包含了两道不同编程题目的雷同或冲突信息。
124286,经过仔细阅读这篇博客及其评论，我没有发现两道不同的编程题目出现雷同、冲突或撞题的信息。博客主要介绍了一种用于树形动态规划（Dynamic Programming on Trees）的模板，特别是针对需要重根（rerooting）的问题。博客中列举了多个问题示例，但这些示例均是为了展示该模板的应用，并没有显示两道不同的题目是本质相同或相似的情况。

评论区也没有提到两道不同的题目存在雷同或冲突的内容。评论者们主要讨论的是模板的具体实现细节、性能优化以及一些相关问题的解决方法。

因此，根据提供的信息，没有发现两道不同的编程题目出现雷同或冲突的情况。
124274,在这篇博客及其评论区中，并没有明确提到两道不同的编程题目出现了雷同或冲突的信息。评论区主要讨论的是对比赛题目的一些看法和反馈，包括题目难度、是否存在与已有题目相似的情况等。

然而，在评论区的某个回复中提到了一个问题，即题目F可能与洛谷（Luogu）上的某道题相似：

> And someone said that F is as same as a problem in luogu?idk

但是这个评论并没有提供具体的题目链接或详细描述，只是模糊地提到题目F和洛谷上的一道题相似。因此，我们无法根据这条信息确定具体哪两道题目存在雷同或冲突。

综上所述，这篇博客及其评论区并没有包含两道不同编程题目的雷同或冲突的具体信息。如果要确认具体的雷同或冲突问题，需要更多的信息和具体的题目链接来验证。
124112,在这篇博客及其评论中，并没有明确提到两道不同的编程题目出现了雷同、冲突或撞题的信息。博客内容主要讨论的是一个数学问题，即如何找到一个数的最大因子和次大因子。评论部分也主要是对这一方法的讨论以及确认是否有遗漏的条件。

博客和评论中并没有提及任何具体的编程题目、来源或链接，也没有对比两道不同的编程题目的内容。因此，无法根据提供的信息判断是否存在两道不同编程题目的雷同或冲突问题。

如果需要进一步的帮助，比如具体查找某些编程题目之间的相似性，可能需要提供更详细的信息或具体的题目链接。
123876,经过仔细检查，这篇博客及其评论区没有包含两道不同的编程题目出现雷同或冲突的信息。评论区主要讨论的是参赛者的体验、对题目的理解以及一些具体的实现问题，并没有提到两道不同题目的本质相同或相似的情况。

评论中确实有一些用户提到了具体题目的实现细节和遇到的问题，比如为什么某些代码会超时或得到错误答案等，但这些都不涉及两道不同题目的内容相似性问题。

所以，根据你的要求，这篇博客和评论区并没有发现两道不同的编程题目出现了雷同或冲突的信息。
123646,根据你提供的博客内容，博主提到他们最近在解决一些编程问题时，发现 LeetCode 上的问题 1381B - Unmerge 和 ICPC 的问题 1906E - Merge Not Sort 非常相似。博主没有明确指出这两道题是否存在雷同或冲突，但暗示了它们之间存在相似性。

从描述来看，这两道题目确实有相似之处，但没有直接证据表明它们是完全相同的问题。因此，可以认为博主在暗示这两道题可能存在雷同或相似的问题，但没有具体说明它们在何处雷同或冲突。

总结：
- **博客位置**：博客全文
- **涉及题目**：
  - [LeetCode 1381B - Unmerge](https://leetcode.com/problems/unmerge/)
  - [ICPC 1906E - Merge Not Sort](此处未提供链接，可能需要查找具体的ICPC题目集)

建议进一步查看这两道题的具体内容，以确认它们是否真的存在雷同或冲突。如果需要，可以提供更多详细信息以便更准确地分析。
123584,经过仔细检查提供的博客内容和评论区内容，没有发现两道不同的编程题目出现雷同、冲突或撞题的情况。每篇博客文章都专注于单独的编程问题及其解决方案，而评论区主要是对各个问题的具体实现和理解进行讨论。

例如：

- 博客文章分别详细描述了问题A、问题B、问题C等不同的题目，每个问题都有独立的背景、准备步骤、提示和解决方案。
- 评论区的讨论主要集中在具体题目的解法、代码实现以及对某些特定细节的理解上，没有重复或相似的问题描述。

因此，根据提供的信息，可以确认这些博客和评论区的内容并没有出现两道不同题目雷同或冲突的情况。
123524,在这篇博客及其评论中，并没有直接提到两道不同的编程题目出现雷同、冲突或撞题的信息。相反，讨论主要集中在个人提交的解决方案与他人解决方案的相似性问题上，以及这种相似性是否构成违规行为的问题。

具体来说，该博客主要是博主回应了关于其提交的代码与其他人高度相似而被指控违反规则的情况。评论区中的讨论也围绕着这个事件展开，一些用户怀疑博主可能抄袭了他人的代码，而博主则坚称自己并没有抄袭，只是发生了巧合。

因此，在这段博客内容中并没有明确指出两道不同的编程题目之间存在雷同或冲突的信息。博主和评论者们关注的是单个问题的不同解决方案之间的相似性问题。
123519,从提供的博客内容来看，这段文字主要描述了博主收到了一条消息，指出其提交的解决方案（solution 237987568）与多个其他用户提交的解决方案存在显著雷同（significant coincidence）。然而，这些提到的解决方案和雷同现象并没有提供具体的题目来源或链接，也没有详细说明哪两道题目存在雷同或冲突。

因此，根据提供的信息，我们无法确认两道不同的编程题目之间是否存在雷同或冲突。博主提到的是自己提交的代码与其他用户的代码有雷同，但没有明确指出是哪两道题目的问题。

如果需要进一步判断是否有两道不同的编程题目出现雷同或冲突，需要更多具体的信息，例如题目名称、链接或更详细的代码对比分析等。目前提供的信息不足以做出准确判断。
123493,在这篇博客及其评论区的内容中，并没有发现两道不同编程题目出现雷同、冲突或撞题的信息。每篇教程都针对特定的问题进行了详细的解释和讨论，虽然有些评论提到了一些对某些题目理解上的困惑或算法实现上的疑问，但并没有提到两个题目本质上相同或相似的情况。

例如：
- 在评论#1和#11中，用户提到了在题目D中的最大元素和最小元素的理解问题，但这只是对某个题目内部细节的不同解释，并不涉及两个题目之间的雷同或冲突。
- 在评论#2和#21中，用户对于题目B（Swap and Delete）的测试用例有不同的理解，但这同样是对单个题目测试用例的讨论，并没有涉及到两个不同题目间的雷同或冲突。
- 其他评论也主要是关于具体题目的算法实现、复杂度优化等问题，而不是题目之间内容上的重复或相似。

因此，根据提供的信息，可以得出结论：该博客及其评论区中没有出现两道不同编程题目雷同、冲突或撞题的信息。
123436,经过仔细检查，这篇博客及其评论区并没有包含两道不同的编程题目出现雷同或冲突的信息。评论区主要讨论的是比赛中的具体问题、解题思路和一些技术细节，以及用户对于比赛结果和评分的疑问。没有发现两道不同题目的内容有雷同或冲突的情况。

如果要具体指出，可以这样总结：

1. **评论区的内容主要是对比赛题目的讨论**，例如如何解决特定的问题，分享自己的解题方法等。
   
2. **没有发现两道不同题目的内容有雷同或冲突**。即使有些题目有类似的解法（如E1和E2），这些相似性也是因为它们本质上属于同一类问题，并非雷同或冲突。

因此，这篇博客和其评论区中没有出现两道不同题目的雷同或冲突信息。
123429,根据您提供的博客内容和评论区信息，可以发现评论区中存在关于两道编程题目雷同或冲突的信息。具体来说：

- **评论#1** 指出了一些问题，其中提到“VNOI Cup 2023”的一些题目与“Grand Arena 3”中的题目有相似之处。特别是提到问题D1E（来自VNOI Cup 2023）与今天的D1C（来自Grand Arena）非常相似。

因此，评论区中确实提到了两道不同比赛中的编程题目存在雷同的情况。以下是详细信息：

- **来源**：VNOI Cup 2023 和 solved.ac Grand Arena #3
- **具体题目**：
  - VNOI Cup 2023 的问题D1E
  - solved.ac Grand Arena 的问题D1C

这些信息出现在评论区中，评论者指出了这两个比赛中的题目存在相似性。因此，这里确实存在两道不同比赛中的编程题目雷同的情况。
123411,经过仔细阅读和分析提供的博客内容，没有发现两道不同编程题目出现雷同、冲突或撞题的信息。博客内容主要是关于一次Codeforces比赛的情况介绍、参赛者对题目的讨论以及一些个人感想和建议等。虽然有部分评论提到某些题目与之前比赛的题目有相似之处，但这些讨论并没有明确指出两道题目本质上相同或相似，也没有提供具体的题目来源和链接。

例如，评论区中提到的一些问题，如PeruvianCartel提到的问题F与之前的COI15P2完全相同，但这类讨论并没有形成明确的证据链来证明两道题目是本质相同的。因此，根据现有信息，无法确认两道题目存在雷同或冲突。

总结来说，这篇博客及其评论区未包含两道不同的编程题目出现雷同或冲突的信息。
123408,根据你提供的博客内容和评论区信息，没有直接提到两道不同编程题目的雷同、冲突或撞题的情况。但是评论区中出现了一个用户（Misa-Misa）提到“Same problem, wtf!”，这暗示可能存在另一个与当前问题类似的题目，但没有给出具体的链接或来源信息。

为了更准确地判断是否存在雷同或冲突的问题，需要更多的上下文信息，比如另一篇博客的内容或链接。如果Misa-Misa所指的相同问题出现在另一篇博客中，我们需要查看那篇博客的具体内容来确认。

从现有信息来看，无法明确指出具体哪两道题目存在雷同或冲突。如果有更多关于Misa-Misa提到的“Same problem”的信息或其他相关博客链接，请提供，这样可以进一步分析。
123269,根据提供的博客内容和评论，没有直接提到两道题目雷同、冲突或撞题的信息。评论主要集中在提交被拒绝的原因以及不同语言解决方案的一致性问题上，但并没有明确指出两道题目是本质相同或相似的问题。

评论中的关键点包括：
1. 解决方案在题目B和C中被拒绝，原因是Moss（一种查重工具）检测到相似度高。
2. 提交者使用了几乎相同的Python代码解决B题，然后切换到类似的C++代码解决C题。
3. 还有其他问题（A和D）也被拒绝，这引起了对提交者行为的怀疑。

然而，这些评论并没有明确说明题目B和C在逻辑或结构上有相似之处。因此，从提供的信息来看，不能得出结论说这两道题目出现了雷同或冲突。如果需要进一步确认，可能需要查看具体的题目描述或解决方案代码。
123171,在这篇博客和评论区的内容中，并没有直接出现两道不同的编程题目出现雷同或冲突的情况。不过，有一些评论提到了类似的数据结构方法被用于解决不同的问题，这可以被视为某种形式的“雷同”，但它们并不是同一个具体的问题，只是采用了相似的技术手段。

具体来说：

1. **评论#1** 中提到的问题 [starwarsmovies](https://open.kattis.com/problems/starwarsmovies) 可能可以通过文中介绍的数据结构来解决。
   
2. **评论#2** 中提到的问题 [ccc17s5](https://dmoj.ca/problem/ccc17s5) 也可以通过文中介绍的数据结构来解决，只需进行一些小的修改。

3. **评论#3** 中提到的问题 [455D - Serega and Func](http://codeforces.com/problemset/problem/455/D) 也可以使用类似的思路来解决。

4. 评论#0 和 #1 提到的另一个数据结构，[384596/yi-zhong-ji-yu-fen-kuai-di-shuo-ju-jie-gou](https://www.luogu.com.cn/blog/384596/yi-zhong-ji-yu-fen-kuai-di-shuo-ju-jie-gou)，虽然语言不同，但其实现原理与文中描述的方法有相似之处，都涉及分块和移动元素。

这些情况表明，文中所介绍的数据结构方法已经被用于解决多个不同的编程问题，但每个问题本身仍然是独立的。因此，虽然这些方法有相似之处，但并没有明确指出两道具体的题目是雷同或冲突的。
123079,根据提供的博客内容和评论，没有发现两道不同的编程题目出现雷同、冲突或撞题的信息。博客主要介绍了Codeforces Round 914 (Div. 2) 的相关情况，包括比赛时间、评分分布、感谢名单等信息，而评论则讨论了各个题目的解法、难度以及一些技术性问题。

唯一提到类似问题的是评论#50和#68：

- 评论#50由用户vitosevskich指出：“D1实际上是EJOI 2020 Day 1 Task 'Exam' Subtask 6。”
- 评论#68由用户Sokol080808指出：“问题D是这个任务的一个子群。”

从这两条评论来看，问题D与EJOI 2020 Day 1 Task "Exam" Subtask 6有相似之处，但并没有直接说明它们是完全相同的问题。因此，如果需要具体指出雷同或冲突的情况，可以认为D1和EJOI 2020 Day 1 Task "Exam" Subtask 6之间存在雷同。

具体的引用如下：
- 博客本身没有提到这一点。
- 评论#50：“What? D1 is actually EJOI 2020 Day 1 Task "Exam" Subtask 6.”
- 评论#68：“Problem D is a subgroup of this task https://ejoi2020.ge/static/assets/Day1/Problems/Exam.pdf”

因此，如果要指出雷同或冲突的地方，可以总结为以下内容：
- **来源**：Codeforces Round 914 (Div. 2) 和 EJOI 2020 Day 1 Task "Exam" Subtask 6。
- **链接**：[EJOI 2020 Day 1 Task "Exam" Subtask 6](https://ejoi2020.ge/static/assets/Day1/Problems/Exam.pdf)。

希望这能帮助你理解这些信息。如果有其他问题或需要进一步澄清，请告诉我！
122956,从你提供的博客内容来看，这里并没有提到两道不同的编程题目出现雷同、冲突或撞题的情况。相反，博主在抱怨其在Codeforces平台上的一个特定问题（即1901B - Chip and Ribbon）的解决方案被判定为与其他用户的解决方案雷同，并因此被跳过（skipped），从而引发了一系列的问题和困惑。

博客中的主要内容集中在描述博主对于其提交的解决方案被判定为与他人雷同而感到不满，并解释自己并未有作弊行为。博主还提到已经联系了相关负责人但未得到回复，所以决定写这篇博客来寻求帮助和澄清情况。

因此，根据你的要求，这篇博客及其评论区并没有涉及两道不同的编程题目出现雷同或冲突的信息。博主所讨论的是同一个题目的多个解决方案之间的雷同问题，而不是两道不同题目的相似性。
122951,经过仔细阅读博客内容和评论区的内容，我没有发现两道不同编程题目出现雷同或冲突的信息。每篇博客文章都是针对不同的题目进行了解析和讨论，而评论区主要围绕各题目的解法、理解、实现细节等方面展开，没有出现两道题本质上相同或相似的情况。

因此，可以得出结论：在这篇博客及其评论区中，并没有出现两道不同题目本质相同或相似的情况。
122931,经过仔细检查提供的博客内容和评论区，没有发现两道不同编程题目出现雷同、冲突或撞题的信息。评论区主要讨论的是比赛中的具体问题、解题思路、代码实现等细节，并未提到任何两道题题目本质相同或相似的情况。

如果需要进一步确认特定内容是否存在雷同或冲突，可以提供更具体的评论或内容片段。目前从给出的内容来看，并未发现相关情况。
122874,经过仔细阅读提供的博客内容和评论区，我没有发现两道不同的编程题目出现雷同、冲突或撞题的信息。评论区主要讨论的是各个题目如何解决、遇到的问题及解决方案等，但没有明确提到两道题是本质上相同的或相似的题目。

若要找到潜在的雷同或冲突问题，需要具体查看题目本身和它们的描述，而不仅仅是从评论区的信息来判断。评论区中的对话主要是关于解题思路、技巧和遇到的具体技术问题，而不是关于题目的本质相同或相似。

如果需要进一步的帮助，例如检查具体的题目描述或提供解题建议，可以提供更多细节或具体题目描述。
122823,根据你提供的博客内容，确实提到了两道题目的相似性问题，但并没有明确指出这两道题目的具体内容或链接，只是提及了它们之间的某种联系。具体来说，作者提到今天的Div2-912轮次中的某个问题（https://codeforces.com/contest/1903/problem/C）使用了与一个旧问题（https://codeforces.com/contest/1175/problem/D）相同的想法。

以下是相关评论：

1. **评论#2** (vgtcross): 
   - 这条评论中，用户vgtcross直接指出了今天的问题和一个旧问题之间的相似性，并讨论了为什么会出现这种相似性。虽然没有提供具体的相似点，但明确指出两个问题是相似的。

2. **评论#4** (Heap_OverFlow):
   - 这条评论中，用户Heap_OverFlow提到今天的教育题目(Edu)是四年前的一个题目，暗示了存在巧合的可能性。

基于这些信息，我们可以得出结论：
- 博客的内容和评论区确实提到了两道题目（来源为Codeforces，链接分别为https://codeforces.com/contest/1903/problem/C 和 https://codeforces.com/contest/1175/problem/D）之间存在相似性或雷同的情况。
- 这种相似性或雷同出现在今天的Div2-912轮次中的问题与一个旧问题之间。

因此，这两道题目被认定为具有相似性或雷同，但具体的相似之处并未详细说明。
122820,经过仔细阅读和分析，这篇博客及其评论区并没有明确指出两道不同的编程题目出现了雷同、冲突或撞题的信息。评论区主要是对题目本身和解题思路的讨论，并没有提及两道题目在本质上是相同的或相似的情况。

如果需要进一步确认是否存在雷同或相似的问题，可以特别关注以下几点：
1. 题目描述是否非常相似。
2. 解题方法是否有高度重叠或相同。
3. 来源和链接是否指向了同一道题目或非常相似的题目。

从评论区的内容来看，大部分评论都是针对单个题目的解题思路、实现细节或疑惑的讨论，没有明显的雷同或冲突的情况。例如，有评论提到C题与之前遇到的一个问题类似，但并未详细说明具体的问题名称或链接，因此无法直接确认其为同一题目或高度相似的题目。

总结：根据现有内容，没有发现两道不同的编程题目出现雷同、冲突或撞题的信息。
122784,在这篇博客及其评论区中，并没有明确提到两道不同的编程题目出现了雷同、冲突或相似的情况。两段内容分别讨论了寻找图中最小权重环的问题，但它们是以不同角度和方法来阐述的：

1. 第一段内容主要讨论了使用Dijkstra算法从每个顶点出发来找到图中的最小环，并且提到了时间复杂度。
2. 第二段内容则提出了另一种方法，即通过移除每条边并使用最短路径算法来找到最小权重环。

尽管这两个问题本质上都是关于如何在加权无向图中找到最小权重环，但是它们并不是直接重复或冲突的题目，而只是两种不同的解题思路。因此，根据您的要求，这并不构成两道题目雷同或冲突的情形。

总结来说，这篇博客和评论区中并没有出现两道不同编程题目雷同或冲突的信息。
122677,After carefully reviewing the blog post and its associated comments, there is no evidence of two different programming questions appearing with significant overlap or conflict. The blog post describes several distinct problems (A through F) and provides detailed solutions and hints for each one. Each problem appears to cover a unique concept or algorithmic challenge:

- **Problem A (Заполните водой - Fill with Water)**: This problem deals with filling empty cells in a grid with water under certain conditions.
- **Problem B (Лаура и операции - Laura and Operations)**: This problem involves performing operations on digits and observing the parity of the numbers.
- **Problem C (Аньи и двоичное дерево - Anji's Binary Tree)**: This problem requires traversing a binary tree and determining the minimum number of operations needed to change the labels.
- **Problem D (НОД меньших - GCD of Smaller Elements)**: This problem focuses on calculating the sum of GCDs of all triplets in an array.
- **Problem E (Транзитивный граф - Transitive Graph)**: This problem deals with transitive closures in directed graphs.
- **Problem F (Локальные удаления - Local Deletions)**: This problem involves handling local deletions in an array.

Each problem appears to be distinct, covering different aspects of algorithm design and problem-solving techniques. Therefore, there is no indication of any overlap or conflict between two different problems in the blog post. 

If you have any specific concerns or if you believe there is a particular instance of overlap or conflict, please provide more details so that I can assist you further.
122639,经过仔细检查，这篇博客及其评论区并没有明确指出两道不同的编程题目出现雷同、冲突或撞题的情况。评论区中确实有一些用户提到题目间的相似性，但这些讨论更多是基于解题策略和方法论的相似性，而不是题目本身的相同或高度相似。

例如，在评论区中有一段对话提到了Codeforces EDU 66中的问题C与当前问题D之间的相似性：

```
FruitForce12 months ago,#|←Rev.2→-10Problem C andProblem D in CF EDU 66are the same actually, isn't that enough to make this roundUNRATED?
```

然而，其他评论者反驳了这一观点，指出这两个问题虽然有相似之处，但本质上并不相同：

```
Adnanboii12 months ago,#^|0If you actually read the two problems you'd see that they are different, the problem you linked is bounded with a given integer K for the amount of subarrays, whilst in the problem C from today's contest, we aren't bounded at all.

vgtcross12 months ago,#^|←Rev.2→+1They aren't the same actually (today's C allows for any number of subarrays, that EDU D requires k subarrays), but the solution ideas are still almost the same (reduce the problem to sum of suffix sums).But no, rounds aren't made unrated because of repeated problems. Only copied problems make rounds unrated. If the problems were similar on accident, the round is kept rated.
```

因此，尽管存在一些讨论，但没有明确指出两道不同的题目是完全相同或高度相似的。总结来说，这篇博客和评论区中没有包含两道不同的编程题目出现雷同或冲突的信息。
122409,根据提供的博客内容和评论，没有直接证据表明两道不同的编程题目出现了雷同、冲突或撞题的信息。不过，在评论中有一些间接的提示，表明某些问题之间可能存在相似性或关联性：

1. **评论#2** 中提到的D题和段树（Segment Tree）相关的讨论。其中，`tautology` 和 `213976` 讨论了使用段树来解决问题，而 `foundnt_Alice` 和 `Imran435` 提到了使用最大堆（Max Heap）的方法来解决同样的问题。尽管他们讨论的是同一个问题的不同解法，但并没有直接指出两道不同题目的雷同或冲突。

2. **评论#5** 中 `electric_boogaloo` 提到的E题与另一个问题（可能是来自Coding Ninjas的问题）的相似性。该评论认为E题是一个经过修改后的动态规划（DP）版本的另一个问题，但同样没有明确指出两道不同题目的雷同或冲突。

总结来说，评论中确实提到了一些题目之间的相似性或关联性，但并没有直接指出两道不同题目的雷同或冲突。因此，无法从这些评论中明确指出两道题目（及其来源和链接）存在雷同或冲突的信息。
122407,经过仔细检查，这篇博客及其评论区并没有显示出两道不同的编程题目出现雷同或冲突的情况。每篇博客都描述了不同的问题和解决方案，并且它们涉及的问题域和算法策略各不相同。以下是每个题目的简要概述：

1. **问题A**（1899A）：这是一个简单的数学游戏问题，主要关注如何通过操作使一个数变成可以被3整除的状态。
   
2. **问题B**（1899B）：这个问题涉及到求解一个数组中满足特定条件的最大差值的问题，时间复杂度为\(O(n \log n)\)或\(O(n \sqrt[3]{n})\)。

3. **问题C**（1899C）：这是一个关于数组中寻找最大子段和的问题，其中需要避免某些特定位置上的元素。

4. **问题D**（1899D）：这个问题是要求计算满足特定指数方程的数对数量，可以通过数学推导来解决。

5. **问题E**（1899E）：这是一个排序问题，通过移除数组中的最小值来检查是否可以将整个数组排序。

6. **问题F**（1899F）：这个问题是构建一种特殊树结构，使得树上任意两点之间的距离等于给定值。

7. **问题G**（1899G）：这是一个图论问题，涉及到查找节点间的祖先关系。

这些题目虽然有各自的复杂度和解决方案，但没有发现它们之间存在雷同或冲突的情况。因此，根据你的要求，这篇博客及其评论区没有包含两道不同的编程题目出现雷同或冲突的信息。
122359,在这篇博客和评论中，并没有明确提到两道不同的编程题目出现了雷同、冲突或相似的情况。不过，在评论中提到了一个与博客内容相关的题目链接，即用户ay0121提供的Codeforces上的题目链接：[https://codeforces.com/contest/1132/problem/F](https://codeforces.com/contest/1132/problem/F)。Enchom评论说这个题目与博客中的问题非常相似，并且使用了类似的动态规划方法。

所以，虽然没有直接说明两道题目的雷同或冲突，但确实提到了一个相似的问题。具体来说：

- 博客中的问题是关于字符串压缩，通过移除连续的三个或更多相同字符来达到最优压缩效果。
- ay0121 提到的 Codeforces 题目是关于一个类似的问题，使用了类似的动态规划方法来解决。

这两者在本质上是相似的，因为它们都涉及到通过某种方式（如移除字符）来优化字符串处理问题，并且都采用了动态规划的方法来求解。然而，这两道题目并不是直接的雷同或冲突，而是在处理问题的方法上有相似之处。
122205,根据提供的博客内容片段，没有足够的信息来判断是否存在两道不同的编程题目出现雷同、冲突或撞题的情况。博客内容只提供了一个问题描述，即“计算从图中的节点a到节点b的最短路径的数量”，并且包含了一条评论，但该评论并未详细说明具体的问题或指向任何特定的题目链接。

评论中提到的链接（https://codeforces.com/blog/entry/118251）并没有直接提供关于另一个题目的描述或具体内容。因此，我们无法通过这段信息确认两道题目的雷同、冲突或撞题情况。

为了能够做出准确判断，需要更多详细信息，例如另一道题目的描述、出处及具体链接等。如果有更多的内容或具体的题目描述，可以提供更详细的分析。
122172,经过仔细检查，这篇博客及其评论区并没有出现两道不同编程题目雷同、冲突或撞题的信息。每篇博客文章都专注于解决特定的问题，并且评论区中的讨论也集中在对每个问题的理解和解决方案上。

评论区中有一些用户对解题方法提出疑问或分享自己的解法，但这些讨论并没有涉及到两道不同题目之间存在雷同或冲突的情况。例如：

- 一些用户提出了他们对某些题目的解题思路，如评论#3中提到的关于问题E的解法。
- 评论#9中提到的关于问题D的不同解法，以及评论#11中提到的关于问题E的不同数据结构实现方法。

评论区中确实有一些用户提到题目难度或解题技巧，但没有发现任何关于题目内容雷同或冲突的信息。因此，根据提供的信息，可以确认这篇博客及其评论区并没有包含两道不同的编程题目出现雷同或冲突的情况。
122158,在这篇博客和评论区的内容中，并没有明确提到两道不同的编程题目出现了雷同或冲突的情况。博客和评论主要讨论的是同一个问题的不同解决方案。

但是，在评论区中提到了一个问题与USACO竞赛中的某个问题可能相同。具体来说，评论#3提到“isn't it this problem from USACO?”（这不就是来自USACO的问题吗？），然后评论#4提到“Yes, this is it”（是的，就是它）。这表明他们认为博客中的问题可能与USACO中的某个问题相同。

然而，从评论中并没有给出具体的题目来源和链接，因此无法确认这两道题目是否本质上是相同的。如果要确认这一点，需要找到具体的USACO题目并进行比较。

总结：在提供的内容中，没有直接指出两道不同的编程题目出现了雷同或冲突的信息。只有评论区提到了博客中的问题可能与USACO中的某个问题相同，但没有提供足够的细节来验证这一点。
122054,从你提供的博客内容来看，在评论区中确实提到了两道题目存在雷同的问题。

具体来说：

- **评论#1**由用户**Gassa**提出：“Problem C == problem G? The statements are exactly the same.” 这里提到问题C和问题G的描述完全相同，这表明这两道题是本质上相同的。
  
- **回复**由用户**tt1213**回复：“Noted. The issue has been rectified. All problems have been added successfully. Sorry for the inconvenience!” 这个回复确认了这个问题已经被修正。

因此，根据你的要求，这两道题目是本质相同的。它们出现在同一个博客文章中的评论区里，具体是评论#1。但没有提供具体的题目来源和链接，只是指出了问题是C和G。

总结：
- **雷同题目**：问题C和问题G
- **位置**：博客评论区，评论#1
- **博主回应**：已经修正了这个问题
122035,在这篇博客及其评论区中，确实存在两道本质上相似的编程题目的讨论。具体来说：

评论#2中的用户AbdelmagedNour提到：“There are bunch of easy O(nlogn) solutions like this problem. It is almost the same, asking to divide array into subarrays with limitation on the size but cost of subarray is only max instead of max-min.”

这里提到了两道相似的题目：
1. 当前博客中的问题：给定一个数组arr和整数m，找到将数组分成至少包含m个元素的组的方法，使得每个组的最大值与最小值之差的最大值最小化。
2. 另外一个问题：将数组分成子数组，限制每个子数组的大小，但成本只考虑最大值而不考虑最大值和最小值之间的差。

这两道题目虽然有一些不同之处（如成本计算方式），但它们都是关于如何将数组分割成满足特定条件的子数组的问题。因此，可以说这两道题目是本质相似的。

具体位置是在评论#2中，由用户AbdelmagedNour发表的评论。 

来源和链接：由于这是一篇博客文章的评论区，没有直接的链接指向这两道题目的来源。不过，AbdelmagedNour 提到的第一道题即为当前博客所讨论的问题，而第二道题则未明确给出来源。
122011,在这篇博客及其评论中，并没有发现两道不同的编程题目出现雷同或冲突的信息。评论主要集中在对比赛题目的难度、实现复杂度以及比赛时间安排等方面的反馈和讨论。

唯一的可能接近“雷同”情况的是在评论 #5 和后续评论中提到的问题B与Codeforces上的一个问题（1870E - Очередная задача на MEX）的相似性：

- 评论者aryanc403提到：“Is problem B similar to 1870E - Очередная задача на MEX?”
- Golovanov399回复：“Same.”
- TheScrasse进一步补充：“This solution works in both problems.”

尽管这些评论表明了两个问题在解决方案上有一定的相似性，但它们并不是完全相同的问题。因此，不能算作是本质相同的题目。

综上所述，这篇博客及其评论中并没有出现两道不同的编程题目出现了雷同或冲突的信息。
121963,经过仔细分析，这篇博客及其评论区没有明确指出两道不同的编程题目出现雷同或冲突的情况。尽管有一些用户提到某些题目与之前的题目相似，但这些评论并没有提供足够的证据证明两道不同的题目是本质相同或相似的。

例如，有用户提到了LeetCode上的一个题目与Codeforces题目D相似（评论#45和#51），但并没有详细说明这两道题目的具体内容和核心区别，也没有明确指出它们是本质相同的题目。

因此，在提供的博客内容和评论中，并未发现明确的两道不同编程题目雷同或冲突的信息。如果需要进一步确认，可以检查具体题目的描述和要求，以确保它们之间不存在实质性重复。
121746,根据提供的博客内容和评论区信息，没有直接提到两道题目雷同或冲突的情况。然而，在评论中提到了一道题目与另一场竞赛中的题目相似的问题：

评论#50中提到，许多人在题目F上取得了成功，但只有少数人解决了题目E。原因是题目F在之前的牛客网月赛中出现过。这暗示了题目F和之前比赛中的某个题目是相似的。

具体来说，评论内容如下：
```plaintext
Siriushfgame13 个月前,#|0为什么这么多人解决了F但只有少数人解决了E？→Reply
Captainfly13 个月前,#^|0因为F是一个在之前比赛中出现过的题目。→Reply
```

进一步在评论#25中，有用户明确指出F和E实际上是相同的题目：
```plaintext
fwacmer_aroyal13 个月前,#|0https://ac.nowcoder.com/acm/contest/27836/E?&headNav=acmIt 和 F 是完全相同的。→Reply
```

基于以上评论，可以得出结论：博客中的题目F与另一场竞赛中的题目E是相同的或非常相似的。具体链接为：
- 题目F：Codeforces Round 907 (Div. 2) 的题目F
- 题目E：牛客网月赛中的题目E，链接为 https://ac.nowcoder.com/acm/contest/27836/E

因此，这两道题目在本质上是相同的或非常相似的。
121587,在这篇博客中，作者提出了两个问题，一个是较简单的版本，另一个是较难的版本。从博客内容来看，这两个问题是完全不同的，一个涉及数组的计算，另一个涉及三维向量和重力的计算。因此，这两个问题本质上并不是相同的或相似的问题。

然而，在评论区中，HusseinFarhat 提到了第二个问题与 StackOverflow 上的一个页面所提出的问题类似。这意味着第二个问题在某种程度上可能与其他地方提出的问题有相似之处。但需要注意的是，这种相似性并不意味着两个问题本身是相同的，而只是它们在解决方法上可能存在相似之处。

具体来说，评论区中的信息表明：

> For the second problem, this is a stackoverflow page which asks the same questions, the solutions don't look optimal though, they're mostly estimation. 

这条评论指出第二个问题在 StackOverflow 上也有类似的提问，但解决方案并不理想，主要是估计值。这表明第二个问题可能与其他地方提出的问题有相似之处，但这并不意味着两个问题本质上是相同的。

因此，根据你的要求，这里并没有出现两道不同的编程题目本质相同或相似的情况。评论区提到的 StackOverflow 页面只是说明了第二个问题可能有类似的解决方案，但并没有明确指出两个问题本身是相同的或相似的。
121579,经过仔细阅读博客内容及评论区，我没有发现两道不同编程题目出现雷同、冲突或撞题的信息。评论区主要讨论的是比赛题目难度、评分系统、测试用例以及一些技术问题，如数据结构的选择和反哈希测试等。

唯一提到类似问题的评论是在评论#52和#53中，用户质疑一道题目（Div3F/Div2C）与另一道题目相似：

> 江北少年（评论#52和#53）提到：“看来这轮中的问题F和这个问题是一样的。这只是巧合吗？”

但是根据上下文，这只是用户提出的一个疑问，没有明确指出这两道题是本质相同或相似的问题，也没有提供具体的题目来源或链接。因此，无法确定这是否属于雷同或冲突的情况。

综上所述，该博客及其评论区并没有包含两道不同的编程题目出现了雷同或冲突的信息。
121394,在这篇博客及其评论区中，确实提到了两道相似的编程题目。具体来说，博主NeoYL提到CodeChef上的题目（题目链接：https://www.codechef.com/problems/ADMN）和洛谷上的题目（题目链接：https://www.luogu.com.cn/problem/P3267）是相似的问题。

这两道题目的相似之处在于它们都涉及到在一个树结构上放置“大臣”（或类似的概念），并且需要满足一定的条件。虽然具体的细节和限制可能有所不同，但基本的问题设定是相似的。

在评论区中，NeoYL明确指出了这一点：“This problem is similar to a problem on luogu.com.cn”。因此，可以认为这两道题目存在雷同或相似的情况。

总结：
- **题目1**：CodeChef上的ADMN问题，链接为：https://www.codechef.com/problems/ADMN
- **题目2**：洛谷上的P3267问题，链接为：https://www.luogu.com.cn/problem/P3267

这两个题目在博客的评论区中被提及为相似的问题。
121311,根据你提供的博客内容和评论，可以发现其中提到了一些关于提交代码相似性的讨论，但没有直接提到两道不同的编程题目出现了雷同、冲突或撞题的信息。具体来说：

- 博客中提到的是同一个用户（_luqyou_）在不同题目中的提交代码之间存在相似性，比如将初始化函数放在主函数中、使用相同的逻辑和变量等。
  
- 评论区主要讨论了这些相似性是否意味着作弊，以及不同问题之间的提交时间顺序是否合理等问题，但没有明确提到两道不同的题目本身内容相同或相似的情况。

因此，从你提供的内容来看，并没有发现两道不同的编程题目出现了雷同、冲突或撞题的信息。如果有进一步的具体内容或链接指向两道题目本身内容相似的情况，请提供更多信息以便进行更准确的分析。
121296,在这篇博客及其评论中，并没有明确提到两道不同编程题目的雷同或冲突信息。评论者主要讨论的是他们解决特定题目时遇到的困难以及一些解题技巧和观察点，但并没有指出两道题目的内容是雷同或冲突的。

唯一的相关之处在于评论者提到两道具体的题目：1861C 和 1861D。然而，这些评论并未说明这两道题目本身存在雷同或冲突的问题，只是提及了这两道题目作为例子来讨论解题过程中的难点和关键观察点。

具体来说：

- 评论#0中，用户`0x00021`提到了1861C和1861D作为例子。
- 然而，后续的讨论集中在如何解决这些题目上，而不是它们之间的雷同或冲突问题。

因此，根据提供的内容，没有发现两道不同的编程题目出现了雷同或冲突的信息。
121225,在这篇博客及其评论中，并没有明确提到两道不同的编程题目出现雷同、冲突或撞题的信息。博客的主要内容是作者Basihijaz对于自己被指控抄袭的经历和感受的叙述，以及他与其他用户关于Codeforces反作弊系统的讨论。评论区也主要围绕作者的指控、作弊检测系统的可靠性以及竞赛编程中作弊行为的定义等问题进行讨论。

虽然博客中提到了多对相似或相同的提交代码（如Problem B224888371与Submission224901176），但这些例子都是在同一场竞赛中的不同提交，而不是不同竞赛中的两道题目。因此，没有发现两道不同题目之间存在雷同或冲突的情况。 

总结来说，博客及评论区没有涉及两道不同题目出现雷同或冲突的信息。
120925,经过仔细阅读和分析提供的博客内容及其评论，没有发现两道不同的编程题目出现雷同、冲突或撞题的情况。博客主要介绍了华为赞助的一场在线编程竞赛，并且在评论中讨论了比赛的具体问题和解决方案。

评论区的内容主要是参赛者分享他们的解题思路和策略，以及对比赛的一些反馈和疑问。例如，有用户分享了一些简单的算法可以达到不错的成绩（如Solution 1 和 Solution 2），还有其他用户分享了他们使用模拟退火算法、贪心算法等不同方法来解决问题的经验。这些内容并没有表明两道题目是本质相同或相似的。

因此，根据所提供的信息，博客及评论区没有包含两道不同的编程题目出现雷同或冲突的信息。
120824,在这篇博客和其评论区中，确实存在两道题目出现雷同或冲突的信息。具体来说，在评论区中，有多位用户指出了某些题目难度分布和内容上的问题，尤其是关于题目之间的难度跳跃和重复的问题。

关键评论如下：

1. **KroosTheKeenGlint** 在第80条评论中提到：
   > Div.1 A = Div.2 B but Div.1 B = Div.2 E What's this?

   这表明了Div.1 A与Div.2 B是相同的问题，而Div.1 B与Div.2 E是相同的问题，这显然是不合适的。

2. **shine_1** 在第92条评论中提到：
   > Div1 A to Div1 B C was such a huge difficulty jump :/

   这表明从Div.1 A到Div.1 B和C之间存在很大的难度跳跃，这也暗示了题目设计上可能存在一些问题。

3. **alxwen711** 在第93条评论中提到：
   > Div 1's A was Div 2's B.
   
   这进一步确认了Div.1 A与Div.2 B是同一个问题。

总结来说，这些评论揭示了两道题目之间存在雷同的问题，特别是Div.1 A与Div.2 B是相同的问题，而Div.1 B与Div.2 E也是相同的问题。这种安排显然不合理，因为不同级别的比赛应该有不同的难度和内容。

具体的博客链接和评论链接无法直接提供，但可以参考上述评论内容进行分析。
120687,在这篇博客及其评论区中，并没有直接提到两道不同的编程题目出现雷同、冲突或撞题的信息。相反，讨论的是同一个题目（即Codeforces上的1863C问题）的不同解决方案之间的相似性问题。

具体来说，博客作者收到了一条消息，指出其提交的解决方案与另外两个用户（Schi2oid 和 LBRhhhh）的解决方案存在显著雷同。这引发了关于是否存在抄袭或系统漏洞的讨论。但是，这些讨论都围绕着同一个编程题目的不同解答展开，并未涉及两道不同的题目内容相似或冲突的情况。

因此，根据您的要求，这篇博客和评论区并没有包含两道不同的编程题目出现雷同或冲突的信息。
120652,在这篇博客及其评论区中，并没有发现两道不同的编程题目出现雷同、冲突或撞题的信息。评论区主要讨论的是各个题目（如F、C、D、E和G等）的具体解法和实现细节，而没有提及两道不同题目的内容存在重复或冲突的情况。

唯一可能涉及相似问题的地方是在评论#7和评论#8中提到的问题F和问题abc213-g之间的关系，但这也只是说它们几乎是相同的题目，并不构成雷同、冲突或撞题的问题。

具体来说：
- **评论#7**: stefdasca询问如何解决G问题，并得到Misuki的回答，提到abc213-g几乎与当前问题相同。
- **评论#8**: Misuki建议可以参考abc213-g的问题，因为这两个问题非常相似。

但这些讨论仅表明两道题目的相似性，并没有明确指出雷同、冲突或撞题的问题。因此，根据提供的信息，可以认为该博客及其评论区并没有包含两道不同编程题目的雷同或冲突的信息。
120524,经过仔细检查，这篇博客及其评论区没有出现两道不同的编程题目出现雷同、冲突或撞题的情况。每道题目都具有独特的描述和解决方案，且没有明显的重复或相似之处。

博客内容涵盖了从题目A到H的详细教程和解释，每个问题都有其特定的背景、算法思路以及实现方法。评论区主要集中在对具体题目的讨论、求解方法的探讨以及一些技术细节上的交流，并未发现有两道题目本质相同或相似的情况。

因此，根据提供的信息，可以确定该博客及其评论区没有包含两道不同题目雷同或冲突的内容。
120392,在这篇博客及其评论中，并没有直接提到两道不同的编程题目出现雷同或冲突的信息。评论主要集中在以下几个方面：

1. 用户对CodeChef赛事评分机制的质疑。
2. 对某些用户得分异常的讨论。
3. 针对某个具体问题（即输入为`1 1 2 2 2`或`1 1 3 3 3`时输出-1，而`1 1 1 2 2`时输出`1 2 1 2 1`）的讨论。

虽然评论#3提到一个具体的问题（输入格式和预期输出），但并没有明确指出这是与其他题目雷同或冲突的情况。因此，根据提供的信息，我们无法断定存在两道不同题目出现雷同或冲突的情况。

如果有更多的信息或具体的题目链接，可能会更容易判断是否存在题目雷同或冲突的情况。但从当前内容来看，这并不是一个问题。
120381,在这篇博客及其评论中，并没有出现两道不同的编程题目雷同、冲突或撞题的情况。博主主要介绍了并查集（Disjoint Set Union, DSU）的数据结构以及其应用，并通过一个示例问题来说明如何使用DSU解决图中的连通性问题。

评论部分也没有涉及两道题目雷同或冲突的内容。评论主要集中在对示例问题和DSU使用的讨论，其中一些评论者提出了不同的观点，例如可以使用更简单的算法（如DFS）来解决示例问题，但这些讨论并没有涉及到两道不同题目的雷同或冲突问题。

因此，根据提供的内容，未发现两道不同的编程题目出现了雷同或冲突的信息。
120353,根据提供的博客文章和评论内容，没有发现两道不同的编程题目出现雷同、冲突或撞题的情况。每篇博客都针对特定的题目进行了详细的解释和讨论，而评论区的内容主要是对解题方法的讨论和反馈，而不是描述新的题目或指出题目之间的雷同。

博客文章分别介绍了以下几道题：

1. **1867A - 绿金狗**：数组和排列问题。
2. **1867B - XOR Palindromes**：关于字符串的回文问题。
3. **1867C - Salyg1n 和 MEX 游戏**：关于MEX游戏策略的问题。
4. **1867D - 循环操作**：关于数组循环操作的问题。
5. **1867E1 - Salyg1n 和数组（简单版本）**：通过子数组查询来获取整个数组的异或值。
6. **1867E2 - Salyg1n 和数组（困难版本）**：更复杂的子数组查询问题。
7. **1867F - 最不同的树**：寻找具有最小不同子树数量的树。

评论区主要涉及对这些题目的解法、实现细节、测试用例以及一些特定情况下的疑问，但并没有提及两道题目之间存在雷同或冲突的内容。

如果有任何具体的评论或部分需要进一步分析，请提供更详细的信息。
120236,从提供的博客内容来看，没有直接提到两道不同的编程题目出现了雷同、冲突或撞题的信息。博客的主要内容集中在作者声称自己被误认为有作弊行为，并提供了一些具体的例子和链接来支持他的观点。评论区中的讨论也主要是关于作者是否真的存在作弊行为的争议，而不是具体提到两道不同的编程题目有雷同或相似之处。

因此，根据你提供的信息，这篇博客及其评论区并没有包含两道不同编程题目的雷同或冲突信息。如果需要进一步的信息，可能需要更详细的博客内容或评论内容来分析。
119916,在这篇博客及其评论区中，并没有直接提到两道不同的编程题目出现了雷同、冲突或撞题的信息。博主主要讨论的是如何解决一个特定问题，即在一个数组的子段内找到出现频率最高的元素。博主引用了StackOverflow上的一个方法并尝试实现它，但遇到了WA（Wrong Answer）的问题。之后，评论者们提供了一些额外的见解和解决方案，例如使用Mo's算法或其他更高效的算法。

评论中的确提到了其他题目，如“1514D - Cut and Stick”和“P4168 [Violet]蒲公英”，但这些只是作为额外信息或建议提供的参考，并不是说它们与原问题本质上相同或相似。

因此，根据提供的内容，这里并没有发现两道不同题目之间存在雷同、冲突或撞题的信息。
119904,在这篇博客及其评论区中，并没有明确提到两道不同的编程题目出现了雷同或冲突的情况。评论区主要讨论的是博主是否通过作弊达到了专家等级的问题，而不是关于两道不同题目的雷同或冲突。

唯一接近于题目雷同的讨论出现在博主LGMVasa的回复中，他解释说今天的题目D非常简单且直接，基本上就是矩阵遍历，因此很多人的提交看起来相似是很正常的。但这里并没有提到具体的题目来源或链接，也没有明确指出两道题目的雷同或冲突。

因此，根据提供的内容，没有发现两道不同的编程题目出现了雷同或冲突的信息。
119647,从提供的博客内容来看，没有直接提到两道不同的编程题目出现雷同、冲突或撞题的情况。博客和评论讨论的是同一个问题的不同解法及其背后的数学原理。具体来说：

- 博主在讨论一个数组构造问题，其中涉及到了最大公约数（GCD）和最小公倍数（LCM）的概念。
- 评论者“TheScrasse”提出了另一种解决方案，即令 \( b_i = \max(a_i, a_{i+1}) \)，并提示博主考虑使用“GCD的定义”，以及针对每个质数独立求解。

从这些内容中，我们并没有发现两道不同的题目出现雷同或冲突的信息。博客和评论中的讨论都是围绕同一个问题的不同解法展开的。

如果要找到相似的问题，可能需要更多的上下文信息，比如其他评论或博客的其他部分。但从当前提供的内容来看，并没有明确提到两道不同题目的雷同或冲突。
119512,经过仔细检查所提供的博客内容及其评论区，没有发现两道不同的编程题目出现雷同或冲突的信息。每条评论主要集中在对单个问题的讨论、解法分享或对整个比赛的感受上，而没有出现两道不同题目的核心内容或解题思路存在显著重合的情况。

简单来说，评论区并没有指出任何两道题目之间有雷同或冲突的内容。因此，可以认为这些题目在本质上是独立且不同的。
119441,在这篇博客及其评论区中，并没有明确提到两道不同题目的描述或链接，而只是提到了一些类似问题或解题思路。因此，根据你提供的内容，我们无法直接找出两道题目在本质上相同或相似的情况。

但是，根据评论#2和评论#3中的内容，可以推测出可能存在两道题目相似的情况：

- 评论#2提到：“https://ejoi2017.eolymp.io/problems/1 我可能错了，但这是不是同一个问题（M=52）？我有一个O(NMlog)的解决方案，通过了。” 这里提到了一个具体的题目链接，并且认为该题目与博客中的问题相似。
  
- 评论#3提到：“USACO Open 14 Fair Photography 的确定性nm^2在官方解答中。” 这里也提到了另一个题目，并暗示了解法相似。

然而，这两条评论并没有详细描述这两个问题的具体内容，也没有直接指出它们是雷同或冲突的。因此，我们不能确切地指出哪两道题是本质相同的或相似的，除非提供更多的上下文或具体问题描述。

总结来说，在给定的内容中，我们没有找到明确的证据证明两道不同的编程题目出现了雷同或冲突。如果有更详细的描述或链接，我们可以进一步分析。
119403,从你提供的博客内容来看，并没有直接提到具体的编程题目或它们之间的雷同、冲突或相似性。博客主要讨论的是某次比赛使用了来自其他网站的重复题目，这影响了比赛的公平性和编程竞赛的精神。因此，根据这段文字，我们无法确定两道不同编程题目的具体内容以及它们是否存在雷同或冲突。

为了找到具体的题目及其雷同或冲突的信息，我们需要更多关于博客内容的具体描述或直接引用包含这些信息的部分。如果你能提供博客中具体提到题目或其雷同/冲突的部分，我将能够更好地帮助你分析。
119398,Based on the content provided, there are no clear indications that two different programming problems in the blog post are essentially the same or have significant overlap. Each problem appears to be unique and covers different aspects of algorithmic challenges:

1. **Problem A (Buttons)**: This problem involves game theory and strategic play between two players taking turns to press buttons.
2. **Problem B (The Walkway)**: This problem deals with optimization, specifically minimizing the number of cookies eaten by Petya by strategically removing cookie sellers.
3. **Problem C (Yet Another Permutation Problem)**: This problem is related to permutations and finding a specific arrangement of numbers to maximize the number of distinct GCDs.
4. **Problem D (Trees and Segments)**: This problem involves dynamic programming and optimizing segments of a string with transformations.
5. **Problem E1 & E2 (Rollbacks)**: These problems involve maintaining a data structure that supports efficient modifications and rollbacks.

While there are discussions about the difficulty and clarity of the problems, particularly regarding Problem B and C, there is no indication of two different problems being fundamentally the same or having significant overlap.

If you are looking for potential issues related to overlapping problems, you might want to focus on the discussion about Problem B, which some users found confusing and difficult to interpret. However, this does not imply that the problems are essentially the same or conflicting in terms of their core concepts.

In summary, there is no evidence from the provided blog and comments that two different problems are fundamentally the same or have significant overlap.
119105,在这篇博客和其评论区中，没有直接提到两道不同编程题目的雷同、冲突或相似的情况。不过，在评论区中提到了一个与博客中讨论的题目相似的问题链接。

具体来说，在评论#5中，用户Utsav8215提到Codeforces上有一个与博客中提到的第三题相似的问题：

- **博客中的第三题**：评论区没有明确说明第三题的具体内容，但根据上下文，它似乎是关于区间操作和查询的题目。
- **相似问题链接**：[Codeforces #978 G](https://codeforces.com/contest/978/problem/G)

虽然这表明存在一个相似的问题，但并没有明确表示这两道题是本质相同或相似到出现雷同或冲突的程度。因此，不能明确地说这两道题出现了雷同或冲突的信息。

总结：在这篇博客及其评论区中，并没有明确指出两道不同编程题目的雷同或冲突信息。仅有一条评论提到了一个与第三题相似的问题链接。
118987,根据提供的博客内容和评论，可以发现两道题目存在雷同的情况。具体来说：

- 博客作者描述了一个问题：给定不同种类的蛋糕数量，求最多能取出多少个由k种不同蛋糕组成的k-元组。
- 在评论区中，用户`drdilyor`指出，博客中的问题与Codeforces上的一个练习题（链接为：https://codeforces.com/edu/course/2/lesson/6/2/practice/contest/283932/problem/G）本质上是相同的。

因此，这两道题目的核心问题是相同的，都是关于如何从给定的不同种类的物品中选择k种不同的物品组成k-元组的问题。虽然它们的约束条件可能有所不同（例如博客中的题目没有明确提到每个蛋糕的数量上限，而Codeforces的题目中提到a[i] <= 1e9），但核心思想和解决方法是一致的。

出现雷同的具体位置是在评论区第1条评论中，由用户`drdilyor`指出的。

总结：
- 博客中的题目：无特定链接，但在博客内容中已经详细描述。
- Codeforces上的题目：https://codeforces.com/edu/course/2/lesson/6/2/practice/contest/283932/problem/G

这两道题目是本质相同的。
118882,经过仔细阅读博客及其评论区的内容，我没有发现两道不同的编程题目出现雷同、冲突或撞题的信息。博客的主要内容集中在通过数学训练来提高编程竞赛的表现，而评论区主要是关于如何实施这个计划和一些相关的讨论。评论中没有提到两道具体的编程题目存在雷同或冲突的情况。

因此，根据提供的内容，可以得出结论：该博客及其评论区并没有包含两道不同的编程题目出现雷同或冲突的信息。
118673,在这篇博客及其评论区中，并没有明确提到两道不同的编程题目出现雷同、冲突或撞题的信息。大部分讨论集中在单个问题上，即计算数组中满足 `(A[i] & A[j]) == 0` 的数对数量。

评论区里有一些用户讨论了解决这个问题的不同方法，例如使用Trie树、SOS DP等技术。然而，这些讨论都是围绕同一个问题展开的，而不是两个不同的但本质上相似或相同的题目。

唯一的例外是在评论#6中提到的一个稍微不同的问题：“如何解决 `ai & aj = k` 的问题”，但这个讨论并没有深入展开，也没有提供具体的题目来源或链接。

因此，根据你的要求，这篇博客及评论区并没有包含两道不同但本质上相似或相同的编程题目的信息。
118457,经过仔细分析，这篇博客及其评论区并没有明确提到两道不同的编程题目出现雷同、冲突或撞题的信息。尽管评论区中讨论了多个问题的不同解法和思路，但这些讨论主要集中在单个题目的解法上，而没有提及两个不同题目之间存在雷同或相似的情况。

唯一的相关评论是关于问题E（E是古老的问题），并且有人提到它与某个之前的问题非常相似。然而，这个评论并没有提供足够的信息来确认这两个题目是否本质上相同或相似。

因此，根据提供的信息，可以得出结论：博客和评论区中没有明确指出两道不同的编程题目出现雷同、冲突或撞题的信息。
118391,从提供的博客内容来看，没有明确提到两道不同的编程题目出现了雷同或冲突或撞题的信息。每一道题目都被单独讨论和解释，并且它们都通过不同的方法和网络构建来解决。例如：

1. **Codeforces 802O: April Fools' Problem**：这道题是关于最小化准备和打印问题的成本，通过构建一个流网络并使用最小费用流算法来解决。

2. **Codeforces 866D: Buy Low Sell High**：这道题是关于最大化股票交易利润，同样通过构建一个流网络并使用最大费用流算法来解决。

3. **CSES Programmers and Artists**：这道题是关于最大化编程者和艺术家技能总和，也通过构建一个流网络并使用最大费用流算法来解决。

尽管这些题目都是通过流网络的方法来解决，但它们的具体问题背景、约束条件和解决方案的细节都有所不同。因此，没有证据表明这两道题目（或任何其他题目）之间存在雷同或冲突的情况。

博客中确实提到了一些相似的方法论，如使用最小费用流和最大费用流算法，但这是由于它们本质上属于同一类问题的不同实例，而不是因为题目本身雷同或冲突。
118333,经过仔细检查，这篇博客和其评论区并没有出现两道不同的编程题目雷同、冲突或撞题的情况。每篇博客都是围绕不同的题目展开的，且评论区也没有提到任何关于题目雷同的问题。

博客中涉及的题目包括：

- 1848A - Vika and Her Friends
- 1848B - Vika and the Bridge
- 1848C - Vika and Price Tags
- 1848D - Vika and Bonuses
- 1848E - Vika and Stone Skipping
- 1848F - Vika and Wiki

这些题目虽然都与Vika有关，但它们涉及不同的问题和解决方法，没有出现雷同的情况。评论区主要是对题目的难度、解题思路和实现方法进行讨论，并没有提到题目雷同的问题。

因此，根据你的要求，这里没有发现两道不同的编程题目出现雷同或冲突的信息。
118293,经过仔细阅读提供的博客内容和评论，我没有发现有两道不同编程题目出现雷同、冲突或撞题的信息。博客主要是关于Codeforces Round 885 (Div. 2) 的公告，其中提到每道题目都与一个叫Vika的女孩相关联。评论区中大多数讨论集中在对题目难度、描述清晰度以及整体比赛质量的看法上。

因此，根据你的要求，没有找到两道题目出现雷同或冲突的信息。所有讨论主要集中在对具体题目的感受和解题方法上，而不是题目本身的内容重复或相似性问题。
118079,根据您提供的博客内容，只有一条评论提到“Similar problem”（相似的问题），但没有提供具体细节或指向任何其他题目的链接或来源。因此，从这段有限的信息来看，我们无法确定这两道题目是否存在雷同、冲突或撞题的情况。

为了更准确地判断，我们需要更多的信息，例如评论的具体内容或链接到这两个题目的来源。如果评论者指出了具体的题目或链接，那么我们可以进一步分析是否存在雷同或冲突的问题。

目前给出的信息不足以做出明确判断。如果您有更多详细内容或链接，可以提供更多信息以便进行进一步分析。
117981,在这篇博客及其评论区中，确实提到了两道题目可能存在雷同的情况。具体来说，在评论区的第10条评论中，用户“USACOW”指出了问题A和另一个名为“G. Columns Swaps”的题目非常相似，唯一的区别在于问题A中的值可以达到2*n，而“G. Columns Swaps”中的值上限为n。该用户提到可以通过稍微修改“G. Columns Swaps”的解答代码来解决A题。

因此，根据这个评论，我们可以得出结论，博客中提到的问题A与“G. Columns Swaps”之间存在雷同或相似之处。

相关引用如下：
```
USACOW16 months ago,#|
Hi, overall, nice problemset but problem A is basically this:
G. Columns Swaps.
The only difference is that in Problem A the values are up to 2*n instead of n.
The code of problem "G. Columns Swaps" in the editorial can be slightly modified to get A accepted.
```

这里涉及的问题来源为：
- 问题A（来自2023年大马士革大学编程竞赛）
- “G. Columns Swaps”（未明确给出来源，但似乎是从某次编程竞赛或在线评测系统中来的）

请注意，这两个题目的具体内容没有直接在博客或评论区中提供，但根据评论内容，可以推测它们在设计上非常相似。
117835,在这篇博客及其评论区中，确实存在两道题目相似的情况，但它们并不是完全相同的问题，而是有类似之处。具体来说：

- 博客作者提出了一个关于根树的题目，要求从根节点出发，访问给定数量的不同餐馆节点，并计算最小成本。
- 在评论区中，用户Omar_Mohammad提到另一个问题与博客中的问题相似，链接到一个“无根树”的问题，该问题也涉及到通过某些节点并计算最小成本。

这两道题目的核心思想都是求解在树结构中访问特定节点的最小成本路径，但是一个是根树（rooted tree），一个是无根树（unrooted tree）。虽然问题的具体表述和约束条件不同，但解决方法和思路有相似之处。

因此，可以说这两道题目在某种程度上是相似的，但并不是完全相同的题目。具体来说，相似点在于都是基于树结构求解访问特定节点的最优化问题，而不同点则在于树的类型（根树还是无根树）以及是否允许重复经过边等问题的具体设定。

总结：
- 博客中的题目（根树问题）与评论区提到的另一个问题（无根树问题）在核心思想上有相似之处，但不是完全相同的问题。
- 相似点在于都是求解树结构中访问特定节点的最优化问题。
- 不同点在于树的类型以及是否允许重复经过边等具体设定。

相关评论位于评论区第6条评论（由用户Omar_Mohammad提出）。
117809,从提供的博客内容来看，这里只讨论了一道题目，即1530D。评论中提到的时间复杂度问题和代码实现细节都是围绕这同一个题目展开的。并没有出现两道不同题目的描述或代码，因此没有发现两道题目雷同、冲突或撞题的情况。

总结：博客及评论区未包含两道不同编程题目的雷同或冲突信息。评论区主要讨论的是单个题目（1530D）的时间复杂度问题。
117754,在这篇博客及其评论区中，并没有明确提到两道不同的编程题目出现了雷同、冲突或撞题的信息。相反，博主讨论的是同一个问题的不同实现和潜在错误。

具体来说，博主提交了一个与“任务1436C - Binary Search”相关的代码，但实际上是用于计算组合数和排列数的问题（nPr 和 nCr）。评论区主要集中在代码中的一个问题上：当 `n < r` 时，代码试图计算 `inv[-1]` 导致错误。

因此，这里并没有涉及两道不同题目出现雷同或冲突的情况。博主只是在一个特定问题上遇到了一些困难，并得到了帮助来解决这个问题。
117727,经过仔细检查这篇博客内容及其评论区，没有发现两道不同的编程题目出现雷同或冲突的情况。评论主要集中在对各个题目的解题思路、具体实现和测试用例等方面，而并没有提到两道题目的本质相同或相似的问题。

因此，可以得出结论：这篇博客及其评论区没有包含两道不同编程题目出现雷同或冲突的信息。
117695,在这篇博客及其评论中，并没有直接提到两道不同编程题目的雷同、冲突或相似性。博客内容主要介绍了CodeChef比赛的相关信息和赛题设置人员名单，而评论部分则主要是参赛者分享他们的解题思路、讨论特定题目的解法或提出对某些测试用例的看法。

唯一可能接近的是在评论#3到评论#7的部分，TripleM5da和serialcomder讨论了Codeforces上的题目1842D和CodeChef上的某个题目之间的相似性。他们提到两道题的核心思想都是处理某种约束条件下的最短路径问题，但具体实现方式有所不同。然而，这种讨论并不构成明确的雷同或冲突，只是指出了两道题目的核心思想相似。

总结来说，根据提供的信息，这篇博客和评论区并没有包含两道不同的编程题目出现雷同或冲突的具体信息。如果需要进一步确认，可以更仔细地检查是否有明确指出两道题目的题目编号和链接，但根据现有内容，这种情况并未出现。
117640,根据提供的博客内容和评论区信息，没有直接提及两道题目出现雷同、冲突或相似的情况。然而，在评论区中，用户YuJiahe提到之前做过一个名为“ABC231G”的问题，并建议博主解决这个问题，因为两者使用了类似的随机操作技巧。

从这个信息来看，可以推测博主提到的问题（可能是博客中的问题G）与ABC231G问题之间可能存在相似性或雷同之处。但是，这仅是基于一个用户的评论，并没有明确说明这两道题目的具体内容或具体出处。

因此，根据提供的信息，我们不能明确指出两道题目的具体来源或链接。如果需要进一步确认，可能需要查看“ABC231G”问题的具体描述。

总结：
- 没有直接证据表明博客中的题目和另一道题目有雷同或冲突。
- 有一个评论提到“ABC231G”问题与博客中的问题相似，但没有详细信息。

如果需要更准确的信息，建议查找“ABC231G”问题的具体描述。
117622,在这篇博客及其评论区中，两道题目本质上是相同的，都是关于如何高效地对整数进行质因数分解。以下是具体分析：

### 博客内容

博客中展示了两种不同的实现方式来对整数进行质因数分解，但它们的基本思想是一致的：
1. 第一种实现使用了硬编码的质数列表，并通过一系列宏定义和条件分支来实现质因数分解。
2. 第二种实现利用了C++的模板元编程技术（`constexpr` 和 模板递归），同样实现了质因数分解。

### 评论区

评论区中也讨论了类似的实现方式，并提出了一些优化建议，例如减少质数检查范围、使用 `constexpr` 和模板递归来避免硬编码等。

### 雷同或冲突

尽管这两种方法在实现细节上有所不同，但它们的本质目标和算法思想是相同的，即通过预先计算的质数列表来快速进行质因数分解。因此，可以认为这两者是本质相同的。

### 总结

博客中的两种实现方式虽然在细节上有所不同，但它们都旨在解决同一个问题：高效地对整数进行质因数分解。因此，可以说这两道题目是本质相同的。

### 参考链接
- 博客原文：（原文未提供具体的链接）
- 相关讨论：博客下的评论区

所以，从博客和评论区的内容来看，确实存在两道题目是本质相同的情况。
117509,从你提供的博客内容来看，虽然有一些评论提到这些题目可能有相似之处，但并没有明确指出两道题目的具体雷同、冲突或撞题的信息。评论中更多的是关于这些题目在解题思维上的相似性讨论，例如都涉及鸽笼原理（pigeon hole principle）和前缀和（prefix sum）等概念，而不是说这两道题目本身是本质相同或相似的。

具体来说：
- CF618F [Double Knapsack] 和 CF1836E [Twin Cluster] 都被提到可能使用了类似的解题思路，但没有直接指出它们是相同的题目。
- 北京高考题目虽然也被提及，但评论者认为它与另外两个题目不同。

因此，根据你给出的内容，没有明确的证据表明两道题目存在雷同或冲突。评论主要集中在解题方法和思路的相似性上，而非题目本身的雷同或冲突。

如果有更详细的评论或博客内容需要分析，可以提供更多信息以便进一步确认。
117410,经过仔细检查所提供的博客内容及其评论区，没有发现两道不同的编程题目出现雷同、冲突或撞题的信息。评论区主要讨论了各个题目的解题思路、实现方法以及一些具体问题的调试技巧。例如，评论中提到了二分查找、树链剖分（HLD）、倍增法（binary lifting）、莫队算法（Mo's algorithm）等不同的算法和数据结构的应用，但这些讨论都是针对单个题目的不同方面，并未显示出两道题目之间存在本质相同或相似的情况。

因此，根据当前提供的信息，该博客或其评论区没有包含两道不同题目出现雷同或冲突的信息。
117394,经过仔细阅读和分析提供的博客内容及其评论，我没有发现两道不同编程题目之间存在雷同、冲突或本质上相似的情况。每篇博客都详细描述了各自的题目以及解决方案，且没有明显的重复或相似之处。

博客中讨论的问题各不相同，涵盖了不同的算法和技术，例如：

1. **A题**（Destroyer）涉及的是数列划分问题。
2. **B题**（Astrophysicists）涉及到分配银币的优化问题。
3. **C题**（k-th equality）是一个关于等式的计数问题。
4. **D题**（Lottery）涉及的是概率计算问题。
5. **E题**（Twin Clusters）是一个与位运算相关的子段问题。
6. **F题**（Doctor's Brown Hypothesis）涉及图论中的强连通分量问题。

每篇博客都有其独特的内容和解决方案，因此没有出现雷同或冲突的情况。如果你有特定的疑问或需要进一步的帮助，请告诉我！
117356,根据提供的博客内容和评论，这里并没有明确提到两道不同的编程题目出现了雷同、冲突或撞题的信息。不过，评论区中提到了一个问题与SPOJ上的LIS2问题类似，但并没有详细说明这两者之间存在雷同或冲突的情况。

具体来说：
- 博客中的问题是关于找到一系列娃娃（给定宽度和高度）的最大递增子序列。
- 评论区中提到这个问题与SPOJ上的LIS2问题类似，但没有提供具体的链接或进一步的细节。

因此，从现有信息来看，我们无法确认这两道题目有雷同或冲突。如果需要进一步确认是否存在雷同或冲突，我们需要更多的上下文或具体的题目链接来比较两道题目的具体内容。

总结：根据提供的信息，博客本身及其评论区并未明确包含两道不同的编程题目出现了雷同或冲突的信息。如果有更多信息或链接，可以更准确地进行判断。
117187,经过仔细阅读和分析提供的博客内容，没有发现两道不同的编程题目出现雷同或冲突的情况。博客主要描述了一次在线编程比赛的情况，包括比赛的时间、地点、题目数量、时长等信息，同时也包含了一些用户对各个题目的讨论和解决方案分享。

评论区中讨论了各个题目的解法和实现细节，但这些讨论主要是针对每个单独题目的实现和思路，并未提及两道不同题目的本质相同或相似的问题。因此，根据所提供的内容，无法找到两道题目出现雷同或冲突的信息。
117163,根据提供的博客内容和评论，没有直接明确指出两道不同的编程题目存在雷同或冲突的信息。不过，有几条评论提到了某些问题的相似性或不同的解决方案，但这些并不构成“本质相同或相似的题目”。

例如，在评论#7中提到的AtCoder的问题E与CodeChef的问题相似，但是它们的测试用例不同，导致同一个解决方案在不同的平台上表现不一致。这可以归结为测试用例的不同，而不是题目本身的雷同或冲突。

具体来说：
- **评论#7** 提到：“The test cases of Thank U, Next seems to be weak or weird. Today's Atcoder's Problem E was exactly the same just that queries were distinct. But my same solution to the former problem Solution of Codechef gave TLE at the latter problem Solution of Atcoder.”

这句话的意思是，AtCoder的问题E和CodeChef的一个问题非常相似，只是查询不同，但同样的解决方案在两个平台上表现不同。这更多是由于测试用例的不同，而不是题目本身雷同或冲突。

因此，从提供的内容来看，没有明确指出两道不同的编程题目出现了雷同或冲突的信息。如果有其他特定的信息或链接需要进一步分析，可以提供更多的上下文。
117140,在这篇博客和评论中，并没有出现两道不同的编程题目出现了雷同、冲突或撞题的信息。所有讨论的内容都集中在同一个问题上，即如何有效地计算 \(A^B \mod C\)，其中 \(A\), \(B\), 和 \(C\) 的值非常大。

博客作者和评论者们主要讨论了以下几个方面：
1. 如何将 \(A\) 和 \(B\) 转换为字符串进行处理。
2. 使用模运算性质简化计算过程，例如 \((a^b) \% c = ((a \% c)^b) \% c\)。
3. 使用二进制指数快速幂算法来优化计算效率。
4. 讨论了如何处理大整数和避免溢出的问题。

评论区中的不同用户提供了多种方法和技巧，但都是围绕同一个问题展开的。因此，这里没有发现两道不同的题目有雷同或冲突的情况。
117060,经过仔细检查，这篇博客及其评论区并没有出现两道不同编程题目雷同、冲突或撞题的情况。每篇题解和对应的评论都针对各自的问题进行讨论，没有发现两道题目在本质上相同或相似的情况。

以下是博客中列出的各题及其简要内容：

1. **1840A - Cipher Shifer**: 这个问题涉及解密字符串，其中字符`c`被替换为其他字符，而其他字符则根据规则添加到`c`后面。解决方案包括读取字符串并根据特定规则解码。

2. **1840B - Binary Cafe**: 这个问题与计算组合数有关，特别是如何用有限的硬币购买特定数量的物品。答案是`min(2^k, n+1)`。

3. **1840C - Ski Resort**: 该问题涉及计算旅行日期的数量，这些日期满足特定条件。解决方案包括使用段落划分和组合数公式来计算。

4. **1840D - Wooden Toy Festival**: 解决方案涉及将玩具分配给不同的雕刻师，每个雕刻师负责特定范围内的玩具。使用了二分查找和动态规划的方法。

5. **1840E - Character Blocking**: 该问题涉及处理字符串中的字符替换和删除操作，以确定最终字符串是否匹配。解决方案涉及队列和字符串比较。

6. **1840F - Railguns**: 该问题涉及路径搜索，其中一些位置会被激光击中。解决方案使用动态规划和状态转移。

7. **1840G1 - In Search of Truth (Easy Version)** 和 **1840G2 - In Search of Truth (Hard Version)**: 这些问题涉及交互式问题，通过提问来确定一个未知值。解决方案包括随机查询和二分查找。

从以上描述可以看出，每道题目都有其独特的背景和解决方法，并没有出现两道题目在核心问题上雷同或冲突的情况。因此，可以认为这篇博客及评论区没有包含两道不同编程题目出现雷同或冲突的信息。
117032,在这篇博客及其评论区中，并没有发现两道不同编程题目的内容出现雷同、冲突或相似的情况。每一道题目都是独立且不同的，分别涉及了不同的算法和数据结构。具体来说：

- **问题A** 是关于字符串处理的问题，使用优先队列来解决问题。
- **问题B** 涉及几何计算，特别是通过比较直线距离和曲线弧度来找到最短路径。
- **问题C** 是一个贪心算法问题，通过逐位翻转字符串使得所有字符串相同。
- **问题D** 使用二分查找和滑动窗口技术来解决矩阵中的最大正方形问题。
- **问题E** 是一个动态规划问题，涉及数组操作和优化。

评论区主要讨论了各个问题的解决方案和实现细节，但并没有出现两道题目本质相同或相似的情况。

总结来说，这篇博客和其评论区中的内容并没有包含两道不同的编程题目出现了雷同或冲突的信息。
