116952,在这篇博客中，并没有提到两道不同的编程题目出现雷同、冲突或撞题的信息。博客中只讨论了一个问题的两种变体，即从点(0,0)到点(10,10)的不同路径计数问题。第一种变体计算的是总的路径数量，第二种变体则是在限制只能有偶数次转向的情况下计算路径数量。

因此，博客中并没有包含两道不同题目的雷同或冲突信息。博客中的内容都是围绕同一个问题的不同方面展开的。
116940,根据提供的博客内容和评论，没有发现两道不同的编程题目出现了雷同、冲突或撞题的信息。每道题目都有其独特的背景故事、分析和解决方案，没有明显的重复或相似之处。

具体来说：
- 博客中的每个问题都有详细的描述、分析和解决方案。
- 每个问题都具有不同的背景故事和解决方法，例如：
  - 1853A - Desorting Problem 是关于排序的问题。
  - 1853B - Fibonaccharsis 是关于斐波那契数列的问题。
  - 1852A - Ntarsis' Set 是关于数组操作的问题。
  - 1852B - Imbalanced Arrays 是关于数组平衡的问题。
  - 1852C - Ina of the Mountain 是关于区间覆盖的问题。
  - 1852D - Miriany and Matchstick 是关于字符串匹配的问题。
  - 1852E - Rivalries 是关于区间合并的问题。
  - 1852F - Panda Meetups 是关于网络流的问题。

这些题目涉及不同的算法和技术，且每个问题的描述和解答都是独立的。因此，从博客的内容来看，没有发现两道题目出现雷同或冲突的情况。
116879,在这篇博客及其评论区中，确实提到了两道不同的编程题目出现了雷同的情况。具体来说：

- **博客内容**中提到，在“CodeRush May '23”比赛中，问题E是从“yukicoder”复制过来的，只是输入示例被简化了。
  
- **评论区**中的评论#6和评论#7则明确指出了两道不同的题目雷同的问题：
  - 评论#6提到：“CodeRush May '23 问题D与yukicoder 1502题相同。”
  - 评论#7提到：“CodeRush March '23 问题F与yukicoder 941题相同。”

因此，根据这两条评论，可以确定两道不同的编程题目出现了雷同。具体如下：

1. **CodeRush May '23 问题D** 和 **yukicoder 1502题** 相同。
2. **CodeRush March '23 问题F** 和 **yukicoder 941题** 相同。

这两组题目被认为是雷同的，因为它们本质上是相同的题目。
116789,在这篇博客及其评论区中，确实提到了两道本质上相似或相同的编程题目。具体来说，博客和评论区讨论的是关于构建一个特定整数序列的问题，这个问题与Golomb ruler问题非常相关。

### 博客中的相关信息：

博客作者提到的一个问题是关于构建一个长度为m的整数序列\(a_1, \ldots, a_m\)，使得对于所有的\(i \neq j, k \neq l, (i, j) \neq (k, l)\)，都有 \(a_i + a_j \neq a_k + a_l\)。这个问题来自RUCODE最近的比赛，并且要求 \(m \geq \sqrt{2N}\)。

### 评论区中的相关信息：

评论区中的用户`nor`指出这个序列构建问题实际上是一个Golomb ruler问题。Golomb ruler问题定义为构建一个整数序列，使得任意两个元素之差互不相同。这与博客中的问题非常相似，因为它们都要求所有可能的和或差都是唯一的。

### 关键点：

- **博客中的问题**：构建一个整数序列，使得任意两个元素之和互不相同，且长度最大化。
- **评论区提及的Golomb ruler问题**：构建一个整数序列，使得任意两个元素之差互不相同。

这两个问题本质上是相同的，只是表述方式不同。Golomb ruler问题强调的是差值唯一性，而博客中的问题强调的是和值唯一性。但是，由于序列的构建方式和目标一致，可以认为它们是相同的。

### 结论：

博客和评论区中涉及的两个问题实际上是本质相同的。第一个问题来自RUCODE竞赛，第二个问题则是Golomb ruler问题。两者都在探讨如何构建一个具有独特性质的整数序列。具体来说，Golomb ruler问题可以看作是博客中问题的一种变体或推广。

### 来源链接：

- **博客内容**：没有提供具体的链接，但内容在博客正文中。
- **Golomb ruler问题**：可以参考相关的数学文献或竞赛问题，例如IMO Shortlist 2001的N6问题。

综上所述，这两道题目虽然表述不同，但在核心问题上是相同的。
116777,在这篇博客和其评论区中，并没有直接出现两道不同的编程题目雷同、冲突或撞题的信息。评论区主要讨论的是Codeforces比赛因服务器问题而推迟到另一个时间，并且有一些用户表达了对LeetCode比赛的兴趣以及一些关于比赛安排和个人日程的讨论。

唯一可能与题目相似性相关的内容出现在评论区的第48条评论：

> animish0118 months ago,#|+9Today leetcode's last question was very similar to-Friendly spiders

这条评论提到了LeetCode的最后一道题与某个名为“Friendly spiders”的题目非常相似。然而，“Friendly spiders”并没有被明确指出是一个具体的编程题目来源或链接。因此，无法确定这是两道不同的编程题目雷同的情况。

综上所述，这篇博客及其评论区没有明确包含两道不同的编程题目出现雷同或冲突的信息。
116663,从你提供的博客内容来看，评论区并没有明确提到两道不同编程题目的雷同、冲突或撞题信息。评论区主要讨论的是一个图论问题，即在一个允许添加和删除边的图中，如何维护每个顶点所在的连通分量。评论者们提供了一些方法和技巧来处理这个问题，但没有具体提及两个不同的题目。

评论区中的链接指向了一些关于数据结构和算法的文章或课程，这些链接都是为了帮助解决当前讨论的问题，而不是指出了两道相似或相同的题目。

因此，根据你提供的信息，这篇博客及其评论区并没有包含两道不同编程题目的雷同或冲突的信息。如果有更多具体的评论内容或链接，可能会有助于进一步分析。
116659,根据提供的博客内容，评论区中确实提到了两道题目可能存在雷同的情况。具体来说，在评论#2中，用户NerfThis提到这道题目与另一道题目“715B - Complete The Graph”是相同的问题，并建议阅读其解答。

因此，可以得出结论：博客中的评论区包含了一条信息，指出当前讨论的LeetCode题目和另一道题目存在雷同或相似性。以下是具体信息：

- 当前博客讨论的题目：LeetCode Weekly Contest 346的第4题，题目名为“Modify Graph Edge Weights”
- 另一道题目：“715B - Complete The Graph”

这两道题目的相似性被评论#2的用户NerfThis指出，认为它们是本质上相同的问题。不过，具体的715B - Complete The Graph的链接没有在博客或评论中提供。如果需要进一步的信息，可能需要查找相关题目库或竞赛平台上的715B - Complete The Graph题目。
116518,在这篇博客及其评论区中，确实存在两道题目雷同的情况。具体来说，在评论区的`comment#2`中有用户提到：

> DilshodbekX18 months ago,#|←Rev.2→+27no hate to the authors, but problem CHEFPARTY is exactly the same as Jzzhu and Apples

从这条评论可以看出，用户认为CodeChef比赛中的题目`CHEFPARTY`与另一道题`Jzzhu and Apples`是完全相同的。

这两道题的具体来源和链接如下：
1. **问题 `CHEFPARTY`**：出现在CodeChef Starters 90竞赛中。
2. **问题 `Jzzhu and Apples`**：未直接提供链接，但根据评论可以推测这是一道之前出现过的题目，通常可以在其他平台如Codeforces等找到。

总结：评论区的`comment#2`指出了两道题目的雷同问题。博主Satyam回复表示他们并不知道这个问题，并认为这种想法自然，一个人可能会独立想出类似的想法。不过，评论区的用户明确指出了两道题目的相似性。
116432,从提供的博客内容来看，博主主要是在抱怨其在编程竞赛中Div2A题目的提交被误判为作弊的问题。博主提到其提交与另一位选手的提交有相似之处，但认为这是由于系统误报，并非真正意义上的抄袭。博主提到的时间差（博主用时4分钟，另一位选手用时3分50秒）和修改细节（如`cin`和`scanf`的使用）表明这两份代码并非完全相同，而是解决的是同一问题的不同实现。

然而，博客中并没有明确提到两道不同的编程题目出现雷同、冲突或撞题的情况。博主只是抱怨了一个题目（Div2A）的提交被误判为与其他选手相似。因此，根据提供的信息，无法确定存在两道不同的编程题目出现雷同或冲突的情况。

总结：博客内容中没有提及两道不同题目的雷同、冲突或撞题信息。博主主要关注的是单个题目的提交被误判为与其他选手相似的问题。
116115,在这篇博客及其评论区中，作者主要讨论的是Codeforces最近的一场Div.4竞赛中的E问题（1829E - The Lakes）与另一道题目的相似性或雷同问题。虽然评论区中有一些讨论，但并没有明确指出两道具体题目的来源和链接。

根据博客内容，我们可以总结出以下几点：

1. **博客内容**：
   - 作者认为今天的竞赛E题（1829E - The Lakes）与另一个未指明的题目非常相似（甚至可以说是相同）。
   - 尽管问题陈述不同（但都涉及到水），但解决方案几乎是相同的。
   - 作者提到如果将一个题目的代码直接复制到另一个题目上，稍作调整后可以被接受。
   - 作者认为这可能是巧合，但也提出这种现象需要被关注，因为它会影响比赛结果和许多人的努力。

2. **评论内容**：
   - 评论者讨论了这种相似性的可能性，包括它是经典问题、基本图论问题的可能性，以及是否应该考虑这种相似性。
   - 有些评论者认为这并不重要，因为这些问题可能已经被广泛知道。

从上述分析可以看出，虽然有提到相似性的问题，但没有明确指出两道题的具体来源和链接。因此，无法直接指出两道题的具体位置和来源。

然而，博客中提到的1829E - The Lakes（来自Codeforces）与另一道未指明的题目存在相似性。如果需要进一步确认这两道题目的具体来源，可能需要更多的上下文信息或直接联系博主以获得更详细的信息。
116112,在这篇博客和评论中，并没有明确指出两道不同的编程题目存在雷同或冲突的信息。大多数评论主要集中在对题目的讨论、解题思路以及测试用例的反馈上。

唯一可能涉及到题目相似性的评论是：

```plaintext
comment#9»cosenza19 months ago,#^|0check this out:https://usaco.guide/problems/cses-1080-empty-string/solutionit's pretty much the same problem
```

这条评论提到了问题可能与另一个题目相似，但并没有具体说明哪两个题目相似。因此，根据提供的内容，我们不能确定这两道题目确实存在雷同或冲突的情况。

总结来说，在这篇博客或其评论区中，并没有明确指出两道不同的编程题目出现雷同或冲突的信息。如果要更准确地判断是否存在雷同或冲突的问题，需要进一步查看评论中提到的具体题目链接。
116091,经过仔细检查，这篇博客及其评论区并没有提到两道不同编程题目出现雷同、冲突或撞题的信息。博客内容主要是关于一次Codeforces竞赛的通知、感谢以及一些对竞赛难度和题目的讨论。评论区里虽然有一些用户对于题目难度、题型分布以及评测系统的反馈，但没有发现两道题目本质上相同或相似的情况。

如果要更精确地回答这个问题，我们需要具体查找是否有评论或内容提到两道不同的题目有雷同或相似性。从现有信息来看，这方面的内容并不存在。因此，可以得出结论：该博客及评论区未包含两道不同的编程题目出现雷同或冲突的信息。
115878,从你提供的博客内容来看，博客本身并没有涉及两道不同的编程题目的对比或讨论。博客的内容主要是在展示不同类型的映射容器（`unordered_map` 和 `ordered_map`）以及它们的操作方式，并且还包含了一个字符串向量的排序示例。

评论区中的内容主要是对不同数据结构的时间复杂度进行了分析，但并没有提到两道题目的雷同、冲突或撞题的情况。因此，在提供的博客和评论区中，并没有发现两道不同的编程题目出现雷同或冲突的信息。

总结来说，博客内容和评论区均未涉及到两道不同编程题目的雷同或冲突问题。
115814,在这篇博客和评论中，没有发现两道不同的编程题目出现了雷同或冲突的信息。博主分享了关于即将进行的Codeforces竞赛的一些细节，包括问题数量、时间限制以及对参与者的感谢等。评论部分主要是参与者对各个题目的反馈、解题思路和一些具体的代码实现。

然而，有几条评论提到了某些题目与其他比赛中的题目相似或相同：

1. **评论#19**: 提到问题E（Walk the Runway）与之前的比赛中的某些问题类似。
   - 链接：https://codeforces.com/contest/1826/problem/E

2. **评论#34**: 提到问题B是从之前的比赛复制过来的。
   - 链接：https://codeforces.com/gym/102035/problem/I

3. **评论#43**: 提到问题C是从另一个比赛复制过来的。
   - 链接：https://codeforces.com/gym/433264/problem/F

4. **评论#52**: 再次提到问题B是从之前的比赛复制过来的。
   - 链接：https://codeforces.com/problemset/gymProblem/102035/I

尽管这些评论提到了一些题目与其他比赛中的题目相似，但它们并没有直接表明这两道题目之间存在雷同或冲突的问题。因此，根据你的要求，我们并没有找到两道不同题目出现雷同或冲突的具体例子。如果有更具体的要求或者需要进一步分析的评论，请告知。
115811,经过仔细阅读和分析提供的博客内容及评论区的内容，没有发现两道不同编程题目出现雷同、冲突或撞题的信息。评论区主要讨论的是比赛题目本身的一些具体问题和解决方案，例如算法复杂度、内存限制等，并没有提到两道不同的题目是本质上相同的或者相似的情况。

因此，可以得出结论：该博客及其评论区没有包含两道不同的编程题目出现雷同或冲突的信息。
115501,在这篇博客及其评论区中，没有直接提到两道不同编程题目的雷同、冲突或相似性问题。但是，在评论区的某个地方提到了一道题和另一场竞赛中的题目相似。

具体来说，在评论区的第7条评论中，用户Olerinskiy提到：

> Problem G is the same as subgroup number 6 of problem I of the long tour of the Moscow Open Olympiad. Constraints there aren≤10^18 and p≤500, which probably requires a lot more local optimizations.

这条评论指出AtCoder比赛中的Problem G与莫斯科公开赛中的某个问题非常相似。

根据这条评论，我们可以得出以下结论：

- 出现了两道题目的相似性信息。
- 这两道题目分别是：
  - 来源：AtCoder Beginner Contest 300 (ABC300)
  - 题目：Problem G
  - 另一个来源：莫斯科公开赛 (Moscow Open Olympiad)
  - 题目：问题 I 的子问题 6

这两道题目的相似性出现在评论区第7条评论中。
115406,经过仔细检查提供的博客内容和评论，没有发现两道不同的编程题目出现雷同、冲突或撞题的信息。博客主要介绍了即将举行的Codeforces竞赛的具体情况，包括比赛时间、评分分布、测试者名单等。评论区主要是对比赛题目的讨论以及一些个人的感受和体验。

评论中提到了不同题目的解法和思路，但这些讨论都是针对单个题目的具体实现方法，而不是指出两道不同的题目存在雷同或相似之处。例如，关于Div2 C和Div2 D的讨论，都集中在各自的解题方法上，而没有提到这两道题目在本质上是相同的。

因此，根据所提供的信息，博客及评论区并没有包含两道不同的编程题目出现了雷同或冲突的信息。
115335,从提供的博客内容和评论来看，并没有明确提到两道不同的编程题目在本质上是相同或相似的情况。博客主要讨论了LeetCode周赛中不同题目的通过率问题以及一些用户猜测作弊的可能性。具体来说：

- 博客作者注意到问题D的通过率比问题C高，尽管问题D被认为更难。
- 评论区中提到问题D在其他网站（如Codeforces）上也出现过，可能存在作弊现象。

但是，这些信息并没有直接说明两道题目本身是雷同、冲突或相似的。评论区中提到的问题D在Codeforces上的出处，只是表明这道题在其他平台也可能见过，并没有说这两道题在内容或解决方法上有相似之处。

因此，根据提供的信息，我们无法判断博客或其评论区中存在两道不同的编程题目出现雷同或冲突或撞题的情况。如果需要进一步确认这一点，可能需要更多的上下文信息或具体的题目描述。
115316,根据提供的博客内容和评论，没有明确提到两道不同编程题目出现雷同、冲突或撞题的情况。因此，从提供的信息来看，这两道题目并没有本质相同或相似的问题。

但是，评论中提到了一些关于特定题目的讨论，例如：

- 在评论#20中，有用户提到“Yet another Chinese round. Time to lose ratings.”这似乎是对中国出题风格的一些刻板印象或不满，但没有直接涉及到两道题目雷同的问题。

- 在评论#93中，提到“Problem B,C,D have completely different coding style/format.Hex_10EFFB_is definitely suspicious.”这里虽然提到了对某些问题的疑虑，但也没有直接指出题目雷同或冲突。

- 在评论#98中，用户提出了一种观点：“Why is div 1 and div 2 held separately instead of 1 open? Most of the problems are identical and for the ones that aren't either a div 1 user will do both in <= 10 mins or a div 2 user will not get that far. Why is there 2 separate contests then instead of 1 open contest?” 这里用户质疑为什么Div 1 和 Div 2 要分开举行，而不是一个开放的比赛。他认为大多数题目是相同的，并且对于那些不完全相同的题目，Div 1 的选手会在 10 分钟内完成，而 Div 2 的选手则无法完成。尽管如此，这个评论并未具体说明题目雷同或冲突，只是提出了一个组织形式上的疑问。

综上所述，在提供的评论中，并未发现明确指出两道题目雷同或冲突的信息。如果有更多具体的评论或内容能够指出这一点，可以进一步提供以供分析。
115283,经过仔细阅读博客及其评论区，我没有发现两道不同的编程题目出现雷同、冲突或撞题的信息。评论主要集中在比赛的各个方面，包括对题目的反馈、解题思路分享、比赛体验等，但没有明确指出两个题目的核心内容是相同或非常相似的。

评论中有一些用户提到某些题目难度不平衡或某些题目之间不应该有相同的分数，例如：

- `no_oneplb` 在评论#46中提到：“Problem D and E should not have same score.”（问题D和E不应该有相同的分数。）

但是这并不意味着这两个题目的内容是相同的或相似的。他们只是认为D和E的难度不匹配，应该有不同的分数分布。

此外，一些评论提到了题目的实现细节或算法上的相似性，但这些评论也没有表明两道题目的本质内容是相同的。例如：

- `Baaaraa` 在评论#50中提到：“Problem E is identical to this problem”（问题E与这个问题相同），并给出了一个链接。但随后 `_bary_` 的回复说明了这两个问题虽然解决方法类似，但实际上是不同的问题。

因此，根据提供的内容，没有发现两道不同编程题目存在雷同或冲突的信息。
115208,从提供的博客内容来看，并没有明确提到两道不同的编程题目出现了雷同、冲突或撞题的信息。博客主要讨论的是作者在比赛中被指控抄袭的问题，而具体提到的是一个问题（问题B，即1820B），而不是两道不同的题目。

博客中提到的“so many people have mostly invaded the same code”这句话虽然表明很多人使用了类似的解决方案，但这指的是同一个问题的不同实现，而不是两道不同的题目之间存在雷同或冲突。

因此，根据所提供的信息，我们无法确定存在两道不同的编程题目出现雷同或冲突的情况。如果要找到这样的信息，需要更详细的描述或具体的链接来比较不同题目的代码实现。
115205,从提供的博客内容来看，并没有明确提到两道不同的编程题目出现了雷同或冲突或撞题的信息。博主提到的是他参考了GeeksforGeeks上的一个类似问题的代码，并对其进行了轻微修改以适应题目1811E。这并不意味着这两道题目本身是相同的或相似的，而只是博主利用了已有的代码作为参考。

评论区中也没有提及两道题目雷同或冲突的内容。评论主要集中在关于抄袭代码的讨论，以及对于比赛规则的理解上。例如，一些评论者讨论了在比赛期间查阅已有资源的合法性，但并没有提到具体的两道相似或相同的问题。

因此，根据提供的信息，无法指出任何两道不同的编程题目出现了雷同或冲突或撞题的情况。如果有更多的上下文或具体内容，可能会更容易做出判断。
114591,从提供的博客内容和评论来看，并没有明确指出两道不同的编程题目出现雷同、冲突或撞题的信息。评论中提到的一些问题主要是关于理解题解的困难以及如何处理这些问题的方法，但并没有直接提及两道题目在本质上或形式上相似或相同。

唯一接近的是评论#1中的一个回复链，其中用户6191提到了“same dp”（相同的动态规划），但这仅表示两人的解题方法相似，并不意味着两道题本身是相同的或相似的。此外，这一评论也没有提供足够的上下文来确定这是否指的是两道不同题目之间的雷同问题。

因此，根据提供的信息，无法确认博客或其评论区中存在两道不同的编程题目出现雷同或冲突的情况。
114486,在这篇博客及其评论中，并没有明确提到两道不同的编程题目出现了雷同或冲突。博客主要讨论的是非二分图中的匹配问题以及Kuhn算法的一个实现细节问题。评论区的用户izban提到了一个类似的算法，但并没有明确说明这个算法和博客作者讨论的问题是两道不同的题目，也没有提到这两者之间存在雷同或冲突。

评论区提到的“the very similar algorithm”指的是一个更为强大的算法，它与博客作者所描述的算法有所不同，尤其是在处理访问过的节点方面。但是这并不构成两道不同题目的雷同或冲突，只是两种不同的方法来解决同一个问题的不同变体。

因此，在提供的内容中，没有发现两道不同的编程题目出现了雷同或冲突的信息。
114473,在这篇博客及其评论区中，确实提到了两道题目存在雷同的情况。具体来说，在评论区中提到的一个关键点是：

- **Constructor Open Cup Contest** 中的一个问题和这次 **CodeTON Round 4** 的问题 **B** 非常相似。

相关评论如下：

```markdown
#34 fonmagnus20 months ago,#|+44Problem B is the same problem as one of the problem in Constructor Open Cup Contest yesterday
```

```markdown
#37 lis0520 months ago,#|+32B is almost absolutely the same as a problem in Constructor Open Contest 2023 which was yesterday
```

```markdown
#38 RDDCCD20 months ago,#^|+16Ah... An interesting coincidence :( The two contests are so close.
```

根据上述评论，我们可以看到在 **Constructor Open Cup Contest** 中的一个问题与 **CodeTON Round 4** 的问题 **B** 非常相似。这表明两道题目本质上是相同的。

### 来源和链接：
- **Constructor Open Cup Contest**: 该比赛的具体链接未在评论中提供，但可以推测为近期的一场编程竞赛。
- **CodeTON Round 4**: 可以通过 [Codeforces 网站](https://codeforces.com/) 查找相关信息，例如具体的题目和提交情况。

总结：在这篇博客及其评论区中，明确指出了 **Constructor Open Cup Contest** 中的问题与 **CodeTON Round 4** 的问题 **B** 存在雷同现象。
114317,经过仔细检查，该博客文章及其评论区没有明确提到两道不同的编程题目出现雷同、冲突或撞题的情况。大部分评论讨论的是个人对题目难度的看法、解题方法和技巧等，并未提及两道题目的本质相同或相似的问题。

不过，在评论中有一些地方提到了某些题目的特定细节和解题思路，比如对于问题D和问题C的具体解决方案，但这些都只是针对单个题目的讨论，并未涉及两道不同题目的雷同或相似性问题。

因此，根据所提供的内容，可以确定该博客及评论区没有包含两道不同编程题目雷同或冲突的信息。
114300,经过仔细检查提供的博客内容和评论，没有发现两道不同的编程题目出现雷同或冲突的情况。每篇博客的内容都是针对特定的问题进行讨论，并提供了相应的解决方案。评论区的讨论主要是对各个问题的不同解法进行交流和探讨，并未提及两道不同题目之间存在雷同或冲突的问题。

如果要具体指出博客中是否有雷同或冲突的信息，需要更详细的对比每一道题目的描述和解决方案。从目前提供的内容来看，这些题目涉及不同的算法和数据结构挑战，且各自具有独特的解决方法和应用场景，因此不存在雷同或冲突的情况。

如果有其他具体的关键词或段落让你怀疑可能存在雷同或冲突的信息，请提供进一步的细节，我可以再做进一步分析。
114251,在这篇博客及其评论区中，没有明确提到两道不同的编程题目出现雷同或冲突的情况。主要讨论的是同一个问题的不同解决方案和算法复杂度分析。

然而，评论区中提到了一个与博客作者所讨论的问题相似的问题，即“1193B - Волшебное дерево”（Magic Tree），这是一道与最长递增子序列（LIS）相关的问题。但这两者本质上还是不同的问题：

1. 博客作者讨论的问题是关于找到树中的最大堆（最小堆）作为其根的最小生成树。
2. “1193B - Волшебное дерево”是一个与最长递增子序列（LIS）相关的树结构问题。

尽管评论区中提到这两个问题之间有相似之处，但并没有明确指出它们是相同的或冲突的。因此，根据你的要求，这里并没有发现两道不同的编程题目出现了雷同或冲突的信息。 

如果需要进一步的帮助来分析这两个问题之间的相似性或差异性，可以提供更详细的描述或具体的题目链接。
114219,在这篇博客及其评论区中，没有明确提到两道不同的编程题目出现雷同、冲突或撞题的信息。不过，在评论区中有一些关于特定问题的讨论，例如“SUMPROD”、“GCD on Subarrays”和“THRIARR”。

关键评论如下：

1. **关于“SUMPROD”的讨论：**
   - sharmaharisam 提问如何更快地解决 SUMPROD，并提到一些 n*k 的解法通过了测试。
   - shadow9236 给出了使用分治法和快速傅里叶变换（FFT）的解决方案。

2. **关于“GCD on Subarrays”的讨论：**
   - sobhagyaSD 提供了一种优化的方法来解决 GCD on Subarrays 的问题。

3. **关于“THRIARR”的讨论：**
   - Nachiket 提到 THRIARR 在之前的比赛中已经出现过，并表达了对题目重复的担忧。

虽然有提到题目重复的问题（即 THRIARR），但并没有明确说明这两道题目本身是雷同或冲突的。因此，根据你的要求，这篇博客及其评论区没有包含两道不同的编程题目出现雷同或冲突的信息。

如果需要更详细的分析，可以进一步查看具体题目描述及解决方案，以确认是否存在雷同或冲突的情况。但从提供的信息来看，目前并没有明确的证据表明两道不同的编程题目存在雷同或冲突。
114180,在这篇博客及其评论区中，没有明确提到两道不同的编程题目出现了雷同或冲突的信息。评论主要集中在讨论具体题目的解法、算法思路以及一些比赛相关的问题上。

然而，在评论区中有一个值得注意的地方：

用户`fun.contest.id`提到：“Same passed for first 5 cases with binary search approach. I don't know why it is not working for larger values, i wasted a lot of time debugging it and trying all possibilities, still couldn't manage to get it AC.”

紧接着，`tn757`回复了自己的代码片段和对这个问题的进一步讨论。尽管他们讨论的是同一个问题的不同方面，但并没有明确提到两道不同题目之间的雷同或冲突。

此外，`OrazB`提到的一条评论也值得注意：
```
OrazB20 months ago,#^|←Rev.3→+6This problem similar with "COCI 2022/2023 -> Contest #5 -> Problem B". You can view here
```
这条评论提到了一个问题与另一个比赛（COCI 2022/2023）中的一个题目相似。不过这并不构成两道题目雷同或冲突的直接证据，只是表明了可能存在相似性。

总结来说，这篇博客及其评论区中并没有明确指出两道不同的编程题目出现了雷同或冲突的信息。
114078,从提供的博客内容来看，并没有明确提到两道不同的编程题目出现雷同、冲突或撞题的信息。相反，评论区中的讨论集中在如何解决一个特定的问题上，即如何计算将正整数S分解为互质的正整数之和的方法。

评论中提到的第二个问题更像是第一个问题的一个变形或者是解决第一个问题的一种方法，而不是一个独立的题目。具体来说，评论区讨论了如何使用包含排除原则来计算满足条件的分解方式，其中涉及到寻找S作为一系列正整数之和的不同方式，这些整数的gcd（最大公约数）必须是S的某个除数的倍数。这实际上是为了解决原问题而提出的一个子步骤或一种策略。

因此，在这个博客或其评论区中，并没有发现两道不同的编程题目出现雷同、冲突或撞题的信息。如果要更准确地回答这个问题，可能需要更多关于博客全文或其他评论内容的信息。但从现有内容来看，没有两道题目本质相同或相似的情况。
113992,在这篇博客及其评论中，并没有明确提到两道不同的编程题目出现了雷同或冲突的信息。博客内容主要讨论了如何在一个树结构上进行点的添加、删除和查询集合内点是否连通的问题，并且提到了使用并查集（Union-Find）数据结构来解决这个问题。评论部分也进一步讨论了如何通过维护连接块的数量来处理点的增删操作，并提到了该问题与Facebook Hacker Cup 2022资格赛D题之间的相似性。

具体来说，评论中提到的Facebook Hacker Cup 2022资格赛D题并没有给出具体的题目描述或链接，只是提到了一个分类方法，即根据点的度数与根号n的关系来解决问题。但并没有明确指出这道题与博客中讨论的问题在本质上或形式上有直接的雷同或冲突。

因此，基于提供的信息，我们无法确定这两者之间存在雷同或冲突的情况。如果需要更准确地判断，可能需要获取Facebook Hacker Cup 2022资格赛D题的具体内容进行对比分析。
113952,在这篇博客中，并没有明确提到两道具体的编程题目出现了雷同或冲突。博主主要分享了一个关于如何检测重复问题的想法，即通过测试新问题的代码来检查它是否可以解决之前的问题。博主举了一个例子，说明了虽然两个问题并不完全相同，但是相同的代码可能适用于两个问题。具体来说，博主提到了以下两个问题：

- 1804A - Lame King
- 1452A - Robot Program

然而，博主并没有提供足够的细节来证明这两个问题是本质上相同的或相似的。博主只是说“同样的代码可以用于两者”，但没有给出实际的代码示例或更详细的描述来支持这一点。因此，根据博客内容，我们不能得出结论认为这两个问题存在雷同或冲突。

如果要确定是否存在雷同或冲突的情况，需要进一步的详细信息，例如两个问题的具体描述、输入输出要求以及参考的代码等。基于现有信息，无法确认这两道题目的雷同或冲突情况。
113860,在这篇博客和评论中，并没有明确提到两道不同的编程题目出现雷同、冲突或相似的情况。博客主要讨论的是在不同比赛中的问题以及如何通过将问题转化为多项式形式来获得一些观察结果。

然而，在评论区里，有几条评论提到了一些相关的问题，但这些评论并没有直接说明两道题目的雷同或冲突。例如：

- 评论#6（skye_20个月前）提到一个与mask dp（位掩码动态规划）相关的USACO问题（http://www.usaco.org/index.php?page=viewproblem2&cpid=1209），这与博客中提到的1804E题目的内容有相似之处，但并没有明确说明这两道题目是雷同或冲突的。

总结来说，这篇博客及其评论区并没有明确指出两道不同的编程题目存在雷同或冲突的信息。评论#6虽然提及了一个相似的问题，但并未明确指出两者之间存在雷同或冲突。
113702,在提供的博客内容和评论中，没有明确指出两道不同的编程题目出现雷同、冲突或撞题的信息。然而，在评论部分有几处讨论了某些题目之间的相似性或问题的具体实现细节，但这些都不构成题目本身雷同的情况。

具体来说：

1. **评论#6** 和 **评论#66** 提到与AtCoder的竞赛时间冲突，但这与题目内容无关。
   
2. **评论#72** 到 **评论#74** 讨论了比赛的评分、获胜者名单以及比赛总体质量等话题，但未涉及题目雷同的问题。

3. **评论#69** 到 **评论#71** 讨论了参赛者代码相似度的问题，但这主要是关于代码风格和相似性，并非题目本身的雷同。例如，评论#69提到用户 sd0061 的代码与 jiangly 的代码相似，但这是针对特定题目（题号F）的相似性，而不是两道题目的相似性。

综上所述，没有明确指出两道不同编程题目出现雷同、冲突或撞题的信息。因此，可以得出结论：该博客及评论区中没有包含两道不同的编程题目出现雷同或冲突的信息。
113626,在这篇博客中，并没有提到两道不同的编程题目出现雷同、冲突或撞题的情况。博主只是分享了自己解决同一个问题时的不同方法以及遇到的问题和解决方案。博主使用了两种不同的方式来处理字符串的一个子串：一种是通过嵌套循环构建子串，另一种是直接使用 `std::string::substr` 方法获取子串。博主主要在讨论为什么第一种方法导致了时间限制超出（TLE），而第二种方法则被接受。

因此，根据您的要求，这篇博客及其评论区没有包含两道不同编程题目的雷同或冲突信息。
113321,Based on the provided blog content and comments, there is no indication that two different programming problems have appeared with coinciding, conflicting, or similar core concepts that would lead to redundancy or repetition. Each problem presented in the blog (A through H) appears to be distinct and focuses on different aspects of algorithmic challenges.

The blog outlines solutions and approaches for each problem individually, and the comments section discusses various strategies and issues related to individual problems rather than comparing or finding similarities between multiple problems.

Therefore, based on the information given, there are no instances where two different problems are essentially the same or have overlapping core concepts that would cause redundancy or conflict.
113305,经过仔细检查，这篇博客及其评论区并没有包含两道不同的编程题目出现雷同、冲突或撞题的信息。这些评论主要是对各个题目本身的讨论、解题思路分享、以及对比赛的一些感想和反馈，并没有提到两个不同的题目本质上是相同或相似的问题。

例如，评论中提到的题目C和题目D，尽管有一些人提到题目C与之前的某个题目类似（如djay24提到题目C与https://codeforces.com/contest/414/problem/B类似），但这种相似性仅限于具体问题的解题方法或思路，而不是题目本身是重复的。

因此，根据你提供的内容，没有发现两道不同题目之间存在雷同或冲突的情况。
113251,在这篇博客及其评论区中，确实存在多对题目被指出有雷同或相似之处。以下是其中几对题目和它们出现的位置：

1. **题目对：1486F - Pairs of Paths 和 1336F - Journey**
   - 出现位置：评论#0，由用户`okwedook`指出，尽管差异较大，但参与者认为这两个问题相似。
   
2. **题目对：18o32 - Xenia and Tree 和 1790F - Timofey and Black-White Tree**
   - 出现位置：评论#5，由用户`18o32`指出，这两个问题几乎相同（只需一个简单的转换）。

3. **题目对：1479D - Odd Mineral Resource 和 1771F - Hossam and Range Minimum Query**
   - 出现位置：评论#6，由用户`Lucina`指出，虽然问题的具体细节不同，但基本子问题是相同的。

4. **题目对：1400E - Clear the Multiset 和 448C - Painting Fence**
   - 出现位置：评论#7，由用户`sevlll777`指出，除了测试用例允许的值不同外，这两个问题本质上是相同的。

5. **题目对：1771B - Hossam and Friends 和 652C - Foe Pairs**
   - 出现位置：评论#7，由用户`sevlll777`指出，通过去除排列的概念，这两个问题可以被认为是完全相同的。

6. **题目对：190E - Counter Attack 和 1243D - 0-1 MST**
   - 出现位置：评论#9，由用户`LeoPro`指出，虽然190E更难，但想法基本相同。

7. **题目对：1672H - Zigzag 和 1329D - Dreamoon Likes Strings**
   - 出现位置：评论#9，由用户`LeoPro`指出，1672H是1329D的二进制版本，且带有查询。

8. **题目对：406C - Graph Cutting 和 858F - Wizard's Tour**
   - 出现位置：评论#10，由用户`arash.2`指出，两者都要求将图分割成若干个P3。

这些题目对在博客的评论区被指出存在雷同或相似性，因此符合您的要求。
113213,经过仔细阅读这篇博客内容，我没有发现两道不同编程题目的雷同、冲突或撞题的信息。博客作者主要回顾了自己设计的多个编程题目，但没有提到任何两道题目在本质上是相同的或相似的情况。每一道题目都描述了其独特的背景和要求，即使有些题目可能在某些方面有相似之处，但它们被明确区分并应用于不同的场景或竞赛中。

因此，根据提供的信息，这篇博客或其评论区中并没有包含两道不同的编程题目出现雷同或冲突或撞题的信息。
113207,在这篇博客及其评论区中，没有明确提到两道不同的编程题目出现雷同或冲突的信息。但是，在评论区的某条评论中提到了一个可能与另一道题目相似的问题：

评论#3（merlin_2）提到“Let's Race?”这个问题时，他提到曾经遇到过类似的CF（CodeForces）问题，并且讨论了如何处理没有解的情况。这暗示了可能存在类似的问题，但并没有明确指出这两道题是完全相同的或存在冲突。

评论#4（satyam343）则直接说“Similar problem”，但同样没有提供具体的题目来源或链接。

因此，根据给出的信息，我们不能确定这两条评论中提到的具体题目之间是否存在雷同或冲突。评论中只提到可能存在类似的问题，但没有具体说明是哪两道题以及它们之间的关系。

总结：从提供的信息来看，没有明确的证据表明两道不同的编程题目出现了雷同或冲突。如果有更具体的信息或链接来描述这两个题目，可以进一步分析。
113196,在这篇博客及其评论区中，并没有出现两道不同的编程题目出现了雷同、冲突或撞题的信息。博主主要介绍了wavelet树的数据结构及其应用，并分享了其数组实现方式。评论区主要讨论的是wavelet树的数据结构本身以及其实现细节，包括如何优化内存使用等。

唯一提到类似概念的地方是在评论区中，用户"hugopm"解释了博主的数组实现方式本质上还是使用了指针的思想，但这并不涉及两道不同题目的雷同或冲突问题，而只是对实现方式的一种解释和讨论。

因此，根据你的要求，这篇博客及其评论区并没有包含两道不同编程题目出现雷同或冲突的信息。
113129,在这篇博客和其评论区中，确实存在两道编程题目出现了雷同的信息。

具体来说，在评论区的**comment#1**中，用户`bhatte2.0`提到他正在解决一个无法解决的问题，并且检查了官方题解但未能完全理解。幸运的是，他看到了这篇博客的解释，并表示博客中的解释与他遇到的问题相同。该问题的名称是**1768D - Lucky Permutation**。

从博客的内容来看，作者讨论了一个关于排列（permutation）的问题，即如何通过最少的交换次数将一个排列排序。而根据评论，这个问题与**1768D - Lucky Permutation**是相同的或至少非常相似的。

因此，可以认为这两道题目在本质上是相同的，都是关于排列排序的最小交换次数问题。它们出现在同一个博客及其评论区中。

博客链接没有提供，但可以通过题目编号找到具体的题目。例如，**1768D - Lucky Permutation**可以在相应的在线评测平台（如Codeforces）上找到。
113125,根据你提供的博客内容，我没有发现两道不同的编程题目出现了雷同、冲突或相似的情况。博客中的讨论集中在同一个问题上，即找到两个数 \(a\) 和 \(b\)，使得它们的最大公约数（GCD）和最小公倍数（LCM）之和等于给定的数 \(x\)，同时要求 \(a\) 小于等于 \(b\) 并且两者之差尽可能小。

具体来说：

- **评论#0** 和 **评论#1** 的对话只是澄清了“相加”的含义，即 \( \text{GCD}(a, b) + \text{LCM}(a, b) = x \)。
- **评论#2** 提供了一种解决方案，通过枚举 \(x\) 和 \(y\) 的所有可能对来找到满足条件的 \(a\) 和 \(b\)。

博客中没有提到两道不同的题目，也没有出现题目雷同、冲突或相似的情况。所有的讨论都是围绕同一个问题展开的。

如果你有其他具体的博客内容或者链接，可以进一步提供，这样我可以更准确地进行分析。
113113,在这篇博客及其评论区中，确实存在两道不同的编程题目出现雷同的信息。具体来说，评论#1提到“MinAdd”问题与Codeforces上的一个题目非常相似：

评论#1内容如下：
```
MinAdd is exactly the same as https://codeforces.com/contest/1560/problem/F2, with a difference in the output answer.
```

这里指出了CodeChef Starters 78中的一个问题（未明确指出名称，但根据上下文可能是其中的一个问题）和Codeforces上的一道题目的相似性。

因此，两道题目分别是：
1. CodeChef Starters 78中的“MinAdd”问题。
2. Codeforces上的问题1560/F2（链接为https://codeforces.com/contest/1560/problem/F2）。

这两道题目被认为是本质相同或相似的。具体出现在评论区的评论#1中。
113093,根据提供的博客内容和评论，没有明确的证据表明两道不同的编程题目出现了雷同、冲突或撞题的信息。但是，在评论区中提到了一个问题（问题编号1186F），它与另一个竞赛中的题目有相似之处：

评论#6提到：
> Thanks for sharing! I happened to notice that 1186F - Vus the Cossack and a Graph coincides with HMMT February 2018 Team Round problem 9. Seems like a harmless coincidence; it's not the only time that the HMMT February Team Round unintentionally overlapped with a coding contest.

这个评论指出，博客中提到的问题1186F - Vus the Cossack and a Graph 与HMMT February 2018 Team Round 的第9题有相似之处。不过作者认为这只是一个无害的巧合。

因此，如果需要指出雷同或冲突的情况，可以引用上述评论并给出具体的题目来源和链接：

- **来源**: 博客中的问题1186F - Vus the Cossack and a Graph 和 HMMT February 2018 Team Round 的第9题。
- **链接**: 虽然博客中没有直接提供外部链接，但可以通过查找HMMT（哈佛-麻省理工学院数学竞赛）的2018年2月团队赛第9题来找到对应题目。

需要注意的是，这种情况被描述为一个“无害的巧合”，因此并不一定构成严重的问题。
113016,从你提供的博客内容和评论来看，确实存在几对题目被指出为相似或本质上相同的题目。以下是具体例子：

1. **评论#1** 指出：
   - Codeforces 1771B 和 652C 题目相似，只是后者可以是任意排列，而前者是固定的排列顺序。

2. **评论#4** 指出：
   - Codeforces 1141E 和 1490G 题目来自不同的Div 3比赛，但本质上相似。

3. **评论#5** 指出：
   - 教育场次中的1795C与923B相似。

4. **评论#7** 指出：
   - Codeforces 1552F 是1407B的扩展版本，但本质上相似。

5. **评论#8** 指出：
   - Codeforces 1462C 和 1714C 只有约束条件不同，其他部分相似。

6. **评论#9** 指出：
   - Codeforces 713C 和 13C 题目非常相似，只是N值不同。

综上所述，这些评论指出了几个不同的题目之间存在相似性或本质上相同的情况。具体来说，这些相似题目主要集中在Codeforces平台上，且涉及的问题类型包括排列、树结构、以及特定类型的序列问题等。
112851,从提供的博客内容来看，主要讨论的是一个字符串合并的问题。具体来说，博主描述了一个算法，该算法试图将两个字符串（s1和s2）通过交替取字符的方式合并成一个新的字符串，并检查这个新字符串的长度是否满足某个条件。评论中则提供了反例来证明该算法的不足之处，并且讨论了涉及三个字符串时可能出现的问题。

然而，博客和评论中并没有提到两道不同的编程题目出现了雷同、冲突或相似的情况。相反，它们讨论的是同一个问题的不同方面：如何有效地合并字符串并满足某些条件。

因此，根据你的要求，这里并没有出现两道不同题目之间存在雷同或冲突的信息。博客和评论中的讨论都集中在同一个问题上，即如何处理字符串合并问题。
112723,经过仔细阅读博客内容及其评论区，我没有发现两道不同的编程题目出现雷同、冲突或撞题的信息。每篇博客文章描述了不同问题的解决方案，例如：

- **1793A - Yet Another Promotion**：讨论如何使用优惠来购买土豆的问题。
- **1793B - Fedya and Array**：处理数组中的局部极值问题。
- **1793C - Dora and Search**：涉及搜索数组中的特定子段问题。
- **1793D - Moscow Gorillas**：涉及MEX子段问题。
- **1793E - Velepin and Marketing**：涉及分组并满足特定条件的问题。
- **1793F - Rebrending**：涉及最小化差异问题。

评论区中主要讨论的是各个题目的解法和实现细节，但没有提到两道题是本质上相同或相似的情况。

因此，根据提供的信息，博客内容及评论区没有包含两道不同的编程题目出现雷同或冲突的信息。
112667,从提供的博客内容来看，这段文字主要描述了关于某用户`sushant_70`涉嫌作弊的争议和讨论。这些评论并没有直接提到任何具体的编程题目，也没有明确指出两道题目之间存在雷同、冲突或相似的情况。因此，根据提供的信息，我们无法确认该博客或其评论区包含两道不同的编程题目出现雷同或冲突的内容。

如果需要进一步分析，需要具体指出涉及编程题目的内容或提供更详细的上下文。当前的评论主要是围绕用户的作弊嫌疑进行讨论，而不是针对特定编程题目的内容。
112620,在这篇博客及其评论区中，并没有发现两道不同的编程题目出现雷同、冲突或撞题的信息。评论区主要讨论的是关于比赛的时间安排、如何解决特定的题目（如D题和C题），以及何时可以进行赛后补题等问题。评论中提到的一个类似问题的解决方案，指的是使用并行二分查找技术来解决不同问题的情况，但并没有明确指出这两道题是本质相同或相似的题目。

具体来说，在评论区中，用户Mamedov分享了另一个使用并行二分查找和持久化线段树的问题作为解决D题的另一种方法，但这只是提供了一种不同的解题思路，并不意味着这两道题是雷同或冲突的。因此，根据你的要求，这里没有找到两道题目出现雷同或冲突的信息。
112617,在这篇博客及其评论区中，确实提到了两道题目雷同的问题。具体来说，评论区中的用户`vector.train_with_dream22 months ago`提到：

```
The problem F is the same as 765F.
My code was copied from https://www.luogu.com.cn/problem/solution/CF765F.
```

该评论指出，这次比赛中的问题F与之前某次比赛中的问题765F是相同的。这表明两道题目在本质上是相同的。

相关信息出现在评论区第22条评论中。

两道题目的来源和链接如下：
1. 当前博客中的问题F：莫斯科奥林匹亚竞赛中的某个问题。
2. 过去的问题765F：Codeforces上的一个题目，链接为https://codeforces.com/problemset/problem/765/F。
112584,经过仔细检查，这篇博客文章及其评论区并没有明确提到两道不同的编程题目出现雷同、冲突或撞题的信息。博客主要是对各个问题的描述和解决方案的解释，而评论区则是用户对这些解决方案的理解、疑问以及一些实现细节的讨论。

在评论区中有一些用户提到了不同问题之间的相似性或不同解法，但这些讨论并不涉及两道题目本质上相同或相似的问题。例如：

- 评论#9提到1788E和1667B问题相似，但这只是针对不同比赛中的两个问题，并不涉及当前博客中的问题雷同或冲突。
  
- 评论#29提到在解决问题B时通过随机选择的方式找到答案，但这只是提供了一种不同的解题思路，而不是指出两道题目之间有雷同或冲突。

因此，根据提供的内容，没有发现两道题目在本质上有雷同或冲突的信息。
112291,在这篇博客和评论区的内容中，并没有明确提到两道编程题目出现雷同或冲突的情况。相反，评论主要集中在对比赛的评价、对某些问题的具体解法讨论以及一些与比赛相关的情感表达上。

唯一接近于提到类似问题的地方是在评论#84，其中用户`milind0110`提到今天Div1B/Div2D的问题与另一个问题有相同的想法，即都需要解决长度为2和长度为3的循环：

> milind0110: In both the problems you only need to resolve the cycles of length 2 then cylces of length 3.
>
> knightFighterr: how it is similar, can you please elaborate sir

但是这并不意味着两道题是本质相同的，只是解题思路有些相似。

因此，根据你的要求，这篇博客和评论区并没有包含两道不同的编程题目出现了雷同或冲突的信息。
111839,在这篇博客及其评论中，并没有直接提到两道不同的编程题目出现了雷同或冲突的情况。相反，博客和评论主要讨论了一个问题，即在竞赛或测试中出现了一个本质上无法解决的问题（例如，旅行商问题，TSP），而不是两道不同的题目之间的雷同或冲突。

具体来说：

1. 博客作者描述了由于未能正确评估问题难度而导致比赛取消的情况。博客中的问题是一个经典的旅行商问题（TSP），这个问题本质上是一个NP难问题，无法在合理的时间内用多项式时间算法解决。

2. 评论中也提到了类似的情况，比如BledDest提到一个教授在一个理论测试中错误地将最小生成树作为旅行商问题的解法，而实际上这并不是正确的答案。

3. Restricted的评论提到了其他学术界的例子，但这些例子并没有涉及两道不同题目的雷同或冲突，只是说明了一些学术上的误解和错误。

因此，根据你的要求，这里并没有找到两道不同的编程题目出现雷同或冲突的信息。所有讨论都集中在同一个问题上，即旅行商问题（TSP）的难度和其解法的不准确性。
111828,经过仔细分析，这篇博客及其评论区并没有包含两道不同的编程题目出现雷同、冲突或撞题的信息。博客主要讨论的是关于学习和使用段树（Segment Tree）的不同观点，以及在不同水平下学习和使用段树的适宜性。

关键点在于：

1. 博客和评论中提到的问题主要是围绕段树的学习和应用展开的，而不是具体讨论两个不同但相似的编程问题。
2. 博客中的例子和评论中的讨论更多地关注于段树本身的应用场景、学习难度以及不同水平选手适合的学习路径，并未提及两个具体的题目在本质上相同或相似。

因此，根据你的要求，这篇博客及其评论区没有出现两道不同的编程题目雷同或冲突的情况。
111780,经过仔细阅读博客内容和评论区，没有发现两道不同的编程题目出现雷同或冲突的信息。所有讨论集中在各个题目本身的理解、实现和解法上，而不是题目之间的重复或冲突。

博客主要是介绍了一次Codeforces竞赛的情况，包括问题设置、评分分布以及一些参与者对题目的反馈。评论区中大多数用户都在讨论具体题目内容、解题思路及比赛体验等。

因此，根据你的要求，博客和评论区没有包含两道不同的编程题目出现雷同或冲突的信息。
111737,经过仔细分析，该博客及其评论区并没有出现两道不同的编程题目出现雷同或冲突的情况。这些评论主要集中在讨论题目C的问题和其解决方案上，而不是指出两道不同题目的本质相同或相似。

具体来说，题目C被发现是一个NP完全问题，而其他题目（A、B、D、E、F）并没有在评论中被提及有类似问题。因此，没有证据表明存在两道不同题目的雷同或冲突。

如果需要进一步确认，可以查看题目描述和测试数据，但根据现有评论内容，没有发现雷同或冲突的情况。
111594,在这篇博客及其评论区中，没有明确提到两道不同的编程题目的雷同、冲突或撞题情况。唯一提到与已有题目相似的是评论#0中的用户lakshya7878提到的问题D（DIST_VAL），他指出该问题在网上能找到并且完全相同。

然而，从评论内容来看，JeevanJyot回应说这个问题（DIST_VAL）是在GeeksforGeeks（GFG）博客发布之前就已经提交给CodeChef的，因此并不构成雷同或冲突的情况。

所以，根据提供的信息，没有发现两道不同编程题目出现雷同或冲突的情况。如果有进一步的具体描述或链接，可能会有助于更准确地判断。但基于当前信息，可以认为没有明确的雷同或冲突题目存在。
111408,在这篇博客和评论中，并没有直接提到两道不同的编程题目的具体内容，也没有明确指出两道题目的来源或链接。但是，评论者提到的是在同一时间段内举行的两个比赛（Codeforces Round 844 和 VK Cup 消除赛）使用了相同的问题集。

具体来说，评论者提到这两场赛事有相同的题目，但并没有提供具体的题目名称或链接。因此，我们不能从这段内容中直接找出两道题目并判断它们是否有雷同或冲突。

如果需要进一步分析，我们需要具体的题目描述或链接来对比两道题目的内容。目前的信息只表明两场比赛使用了相同的题目集，但没有详细说明这些题目的具体内容或编号。所以，根据当前提供的信息，无法确定两道不同的编程题目是否存在雷同或冲突。
111290,在这篇博客及其评论中，并没有明确提到两道不同的编程题目出现了雷同或冲突的信息。博客主要讨论了一个算法，用于求解由一组置换生成的群的大小。而评论部分虽然提到了该算法被用于一些具体的问题，但并没有详细说明这些具体问题之间是否存在雷同或冲突的情况。

具体来说：

1. **博客内容**：博客主要讲解了Schreier-Sims算法及其应用，用于计算一组置换生成的群的大小。
   
2. **评论内容**：
   - **评论#0**：adamant提到这个算法曾被用在一个检查器中，用于解决“树自动机”的问题。他还提到了另一个与置换群相关的问题，即Petrozavodsk Summer-2011竞赛中的问题。
   - **评论#2**：peltorator对博客中的某些符号使用提出了疑问，认为某些地方的G应该改为⟨G⟩，但这并不涉及两道题目的雷同或冲突。

评论中提到的具体问题包括：
- Petrozavodsk Summer-2011竞赛中的问题（链接和提交代码：[submission:188935679]）
- 102354J - Tree Automorphisms（具体链接未提供）

然而，这些评论并未提及这两道题之间存在雷同或冲突。因此，根据当前提供的信息，无法得出结论说这两道题目存在雷同或冲突。

如果有更详细的信息或其他评论提及两道题目的雷同或冲突，则需要进一步分析。但从目前提供的内容来看，没有发现这样的情况。
111090,经过仔细阅读博客内容及其评论区，没有发现两道不同的编程题目出现雷同或冲突的信息。评论区主要讨论的是比赛中的各种问题、解题方法和一些技术细节，但没有提到任何两道题目本质上相同或相似的情况。

因此，可以得出结论：该博客及其评论区中没有包含两道不同的编程题目出现雷同或冲突的信息。
110794,从提供的博客内容来看，并没有明确提到两道不同的编程题目的雷同、冲突或撞题的情况。相反，博客主要讨论的是作者在Codeforces竞赛中遇到的一个提交相似性问题，以及该问题导致的潜在违规情况。

具体来说，博客内容集中在以下几点：
1. 作者在“Goodbye 2022”竞赛中未能在比赛结束前完成E题。
2. 比赛后，作者收到了Codeforces系统的通知，指出其提交（solution 187304477 for problem 1770C）与其他两个用户的提交有显著的相似性。
3. 作者检查了自己的代码与他人的代码，并发现确实非常相似。
4. 作者认为为了避免类似情况再次发生，对于任何中等难度的问题，应编写更复杂的解决方案。

因此，在这段博客中，并未出现两道不同的编程题目出现了雷同或冲突的信息。博客中的讨论主要是围绕一个具体的提交相似性问题展开的，而不是不同题目之间的雷同或冲突。
110702,在这篇博客和评论中，没有直接提到两道不同的编程题目出现了雷同、冲突或撞题的信息。相反，讨论的是同一个题目（即Codeforces上的1731D问题），以及参与者如何使用之前公开的代码片段来解决这个问题。

具体来说，博客作者Akpr提到他们参考了之前发表的文章来解决题目1731D，并且添加了二分查找的优化。其他用户如vansh_kapila也提到了他们参考了同一个LeetCode讨论帖子中的代码。

因此，这里并没有出现两道不同题目雷同或冲突的情况，而是在讨论同一题目的不同解决方案。如果有两道题目雷同或冲突的信息，通常会涉及两个不同的题目编号或名称，并明确指出它们之间的相似性或重叠部分。在这里，所有讨论都围绕着同一道题目展开。
110629,经过仔细检查，这篇博客及其评论区并没有显示出两道不同的编程题目出现了雷同、冲突或撞题的情况。每篇博客文章都讨论了不同的问题和解决方案，尽管有些题目可能存在一些相似的解题思路，但它们本质上还是不同的问题。

具体来说：

1. **1779A - Hall of Fame** 和其他题目如1779B到1779H在问题描述、背景以及解决方法上都有显著的区别。
2. 各个题目的核心问题和解题策略都不相同：
   - A 题目涉及字符串操作和贪心算法。
   - B 题目涉及构造数组和数学推导。
   - C 题目涉及前缀和和优先队列的应用。
   - D 题目涉及切割操作和数据结构的应用（例如单调栈）。
   - E 题目涉及图论中的候选大师问题。
   - F 题目涉及异或运算和动态规划。
   - G 题目涉及图的连通性问题。
   - H 题目涉及多集合扩展和子集选择问题。

每个问题都有其独特的背景和解题思路，因此没有发现两道题目出现雷同或冲突的情况。

如果你还有其他具体的疑问或者需要进一步分析，请告诉我！
110586,根据提供的博客链接和评论内容，我没有直接访问该博客的具体内容的能力，但我可以基于你提供的信息进行分析。

从评论中可以看到，评论者提到可能存在变量 `i` 在不同上下文中的使用问题，但这并不涉及两道不同的编程题目的雷同、冲突或撞题的问题。评论只是指出作者在测试用例循环和具体计算过程中使用了同一个变量 `i`，这可能导致混淆或错误。

因此，根据提供的信息，没有发现两道不同的编程题目出现雷同或冲突的信息。评论主要集中在代码实现的一个细节上，而不是两个题目之间的关系。

如果需要进一步确认，建议直接查看博客文章具体内容和相关代码，特别是是否存在两道不同题目但核心逻辑相同的情况。如果有具体的题目链接或描述，也可以提供更详细的分析。
110280,根据你提供的博客内容和评论，没有直接提到两道不同的编程题目的雷同、冲突或撞题情况。博客中的讨论集中在同一个问题的不同提交上，即两个版本的代码使用了不同的逻辑来处理答案变量，导致一个通过测试而另一个失败。评论中解释了失败的原因是因为在第二份提交中，`answer` 变量在读取 `k` 值之前被初始化为一个任意值，这可能导致错误的结果。

因此，根据提供的信息，这里并没有涉及到两道不同题目之间的雷同、冲突或撞题的情况。如果需要进一步分析，可能需要更详细的博客内容或具体题目的描述。
110254,从提供的博客内容和评论来看，并没有明确提到两道不同的编程题目出现了雷同、冲突或撞题的信息。博主和评论者主要讨论的是对当前编程竞赛中问题设计的趋势和个人感受的变化。他们提到了一些具体的问题，如最大子数组和问题（Maximum Subarray Sum），但这些讨论更多集中在个人的学习体验和对当前竞赛趋势的看法上，而不是在比较两个本质相同或相似的具体编程题目。

因此，根据提供的信息，无法指出具体的博客位置或指出两个出现雷同、冲突或撞题的题目及其来源或链接。博主和评论者主要表达的是对竞赛题目的设计趋势和个人感受的不满，而不是指出了两道具体题目的雷同或冲突。
110050,经过仔细检查所提供的博客内容和评论，没有发现两道不同的编程题目出现雷同、冲突或撞题的信息。博客主要介绍了即将举行的Codeforces竞赛信息，包括问题设置者、测试者名单、竞赛时间、分数分布等细节。评论区主要是参与者对比赛的反馈、对具体题目的讨论以及一些调侃。

博客内容和评论中提到的问题都是独立的，尽管有一些用户讨论了某些题目的解法，但这些讨论并没有显示出两道题目本质相同或相似的情况。

因此，可以得出结论：该博客及其评论区没有包含两道不同编程题目雷同或冲突的信息。
110012,在这篇博客及其评论中，并没有直接提到两道不同的编程题目出现了雷同或冲突或撞题的信息。博主和评论者讨论的是同一个问题，即在特定条件下使用`map`或`set`导致程序运行超时的问题。尽管这个问题在不同的比赛或测试环境中出现过多次，但并没有明确提到两道不同的编程题目之间存在雷同或冲突的情况。

因此，根据你的要求，这篇博客及评论区并没有包含两道不同的编程题目出现雷同或冲突的信息。评论中的内容主要集中在探讨一个具体编程问题的不同解决方案以及可能的原因。
109892,Based on the provided blog content, there are no explicit mentions of two different programming questions having significant overlap, conflict, or similarity in terms of their core problems or solutions. The blog mainly discusses Codeforces Round #837 (Div. 2) and various aspects of the contest, including problem difficulties, pretest weaknesses, and community reactions.

However, there are a couple of indirect references to potential similarities or overlaps:

1. **Comment #72 (angesh)**:
   ```
   WTF was C?
   ```
   This comment reflects frustration with Problem C but does not indicate a specific conflict or similarity with another problem.

2. **Comment #92 (epicsaga)**:
   ```
   Problem B is exact copy of this problem: https://codeforces.com/contest/652/problem/C
   Make this contest unrated.
   ```

   This comment suggests that Problem B from the current contest is identical to Problem C from a previous contest (Codeforces Round #652). However, it does not lead to a formal resolution or acknowledgment in the subsequent discussion.

Despite these comments, the blog does not provide sufficient evidence of the contest organizers acknowledging or addressing this potential issue formally. Therefore, based solely on the information in the blog post, there is no clear indication of two different programming questions appearing to be essentially the same or conflicting with each other. 

If you need more specific details or if there are additional context or comments that you believe indicate a conflict or similarity, please let me know!
109856,经过仔细阅读博客和评论区的内容，没有发现两道不同的编程题目出现雷同或冲突的信息。评论区主要讨论的是比赛中的各个题目以及解题思路，但并没有提到两道本质相同或相似的题目。

评论区中提到了一些具体的题目，例如问题H、问题I等，但每一条评论都集中在某个具体问题上，没有指出任何两道题目是本质相同的或者相似的。

因此，在这篇博客或其评论区中，并未发现两道不同的编程题目出现了雷同或冲突的信息。
109339,在这篇博客及其评论中，并没有明确提到两道不同的编程题目出现雷同、冲突或撞题的信息。相反，这篇博客主要讨论的是同一个问题（即Codeforces的问题1760E）的不同解决方案之间的相似性。

博客作者提到其提交的代码（solution 181959036）与其他用户（如MeMoElprince和Shahidulmiraj）的解决方案有显著的相似性，这被视为规则违规。但这个情况涉及的是同一个题目的不同答案，而不是两道不同的题目出现雷同或冲突。

因此，在这段博客内容中没有发现两道不同的编程题目出现雷同或冲突的信息。博主提到的相似性仅限于一个特定问题的不同解答之间。
109293,在这篇博客和其评论区中，并没有明确提到两道不同的编程题目出现了雷同、冲突或相似的情况。博客主要讨论的是一个特定的问题（1089I - Interval-Free Permutations），以及作者对这个问题的解决方案及其正确性的探讨。

然而，在评论区的最后部分，有提到一个问题与另一个平台上的问题类似：

评论#1中，用户`TheScrasse`提出了一个开放性问题：“为什么我的代码产生的是A059372？” 并且评论#2中，用户`orzdevinwang`提到这个问题是与另一个平台上的问题相同的，即 LOJ3397，其中 n 是 105。

尽管如此，这两条评论并没有详细说明这两个问题在具体表述和要求上是否有雷同或冲突。因此，根据提供的信息，我们不能断定这两个问题在本质上是相同的或者有冲突。

总结：
- 博客本身并没有提及两道不同题目之间的雷同、冲突或相似情况。
- 评论区仅提到一个博客中的问题与另一个平台上的问题可能是相同的，但没有提供足够的细节来证明它们在本质上是相同的或存在冲突。
109217,经过仔细检查提供的博客内容，没有发现两道不同的编程题目出现雷同、冲突或撞题的信息。博客主要介绍了比赛的相关信息、作者感谢名单、部分测试者的意见反馈以及个别题目的一些解题思路和讨论。

具体来说，博客中提到的题目和讨论主要集中在以下几个方面：
- 比赛的基本信息，包括时间、题目数量等；
- 对某些问题的详细分析和解题方法分享，如问题D、E等；
- 测试者的反馈，例如对问题D和E的具体实现和算法优化建议；
- 题目难度的评价和比赛体验分享。

这些内容并没有显示任何两道题目在本质上相同或相似的情况。因此，根据你提供的信息，无法指出博客中存在题目雷同或冲突的地方。如果需要进一步检查特定题目的相似性，可能需要具体的题目描述或链接来进行比对。
109044,从提供的博客内容来看，并没有明确提到两道编程题目的具体信息，因此难以直接判断是否有两道不同的编程题目出现雷同或冲突的情况。博客内容主要围绕一个特定问题的不同解法展开讨论，而评论区也没有提供足够多的信息来确定是否存在两道相似或相同的题目。

如果要找出两道题目是否雷同或冲突，通常需要明确提及两道题目的来源和具体内容。在这个例子中，只有一个具体的题目被引用，即来自Codeforces的问题：[https://codeforces.com/problemset/problem/525/E](https://codeforces.com/problemset/problem/525/E)。其他评论者提供的方法都是针对这个题目给出的不同解决方案，并没有提到另一道题目的存在。

因此，在提供的博客和评论内容中，并未发现两道不同的编程题目出现雷同或冲突的信息。如果有更多信息或具体的题目链接，可能会更容易进行判断。
108964,在这篇博客和评论中，并没有明确提到两道不同的编程题目出现了雷同、冲突或撞题的信息。评论区中的内容主要围绕在解决给定问题的不同方法上，以及如何优化算法实现。

评论#2提到了一个类似的题目链接（https://lightoj.com/problem/a-secret-mission），但没有详细说明这两个问题是否本质上相同或相似。仅凭这一条信息还不足以判断这两个题目是否雷同或冲突。

因此，在提供的内容中并没有发现两道不同题目出现雷同或冲突的信息。如果需要更确切的结论，可能需要进一步对比这两个问题的具体描述和要求。
108702,在这篇博客和其评论区的内容中，并没有明确提到两道不同的编程题目出现了雷同或冲突的情况。相反，讨论集中在单个问题的不同解法上。

问题描述是关于给定一个整数 \(k\) 和两个非负整数 \(n\) 和 \(m\)，找到所有满足 \(0 \leq a + b \leq k\) 的非负整数对 \((a, b)\)，其中 \(a\) 从 \(n\) 中取出，\(b\) 从 \(m\) 中取出。评论区主要围绕着如何优化算法和给出具体解法进行讨论。

评论区中的讨论并没有涉及另一道编程题目的内容，也没有指出两道不同题目的相似性或雷同性。因此，根据提供的信息，不能确认博客或其评论区中存在两道不同的编程题目出现雷同或冲突的情况。

如果需要进一步的帮助来寻找其他类型的雷同或冲突信息，请提供更多的上下文或具体例子。
108153,经过仔细检查提供的博客内容和评论区信息，我没有发现两道不同的编程题目出现雷同、冲突或撞题的情况。每道题目都有其独特的描述、解决方案以及讨论点。以下是对几个关键问题的简要说明：

1. **博客内容**：
   - 每个题目（如A、B、C等）都有详细的解题思路和代码实现，这些题目涉及的内容各不相同，从密码生成到字符串处理再到动态规划问题。
   
2. **评论区**：
   - 大部分评论集中在对题目本身的理解、解决方案的解释以及一些特定情况下的优化策略上，没有出现两道题目本质上相同或相似的情况。

例如，问题D（Problem with Random Tests）和问题F（Intersection and Union）虽然都涉及到动态规划和字符串处理，但它们的解题方法和应用场景完全不同。问题D的重点在于随机测试输入和期望时间复杂度分析，而问题F则侧重于区间操作和状态转移矩阵的应用。

因此，根据所提供的信息，可以确定博客内容和评论区并没有包含两道不同题目出现雷同或冲突的情况。
108055,根据你提供的博客内容，可以看出其中提到了两个问题，并且明确表示这两个问题是基于相同的思想或策略。具体来说：

博客中的内容提到一个动态规划问题，涉及玩家Alice和Bob的游戏策略，其中一个玩家试图最小化结果而另一个玩家试图最大化结果。然后博主提到还有一个相似的问题（具有相同的思想），并提供了链接：https://codeforces.com/contest/1728/problem/D。

因此，可以判断在这篇博客中确实提到了两道题目是本质相同的或者至少使用了相似的解决方法。具体来说：

- 第一个问题：原文未提供直接链接，但描述了一个关于Alice和Bob游戏的动态规划问题。
- 第二个问题：https://codeforces.com/contest/1728/problem/D，这是一个Codeforces上的题目。

这两道题目在解决思想上是相似的，都涉及到博弈论中的min-max策略。因此，可以说这两道题目在博客中出现了“雷同”或相似的情况。
108036,在这篇博客中，作者提到他的提交因为抄袭检测器被跳过了，原因是问题E2的想法与BOI 2022的一个通信问题非常相似。根据作者的说法，他提交的解决方案的主要逻辑是从之前提交的解决相同问题的代码复制过来的。这里的关键点在于：

1. 问题E2和BOI 2022中的某个问题有相似的核心逻辑。
2. 这两道题目的核心逻辑是相似的，因此可以认为它们是本质上相同的题目。

具体来说，这两道题分别是：
- Codeforces上的问题E2（具体题目未直接给出，但可以通过链接找到）
- BOI 2022中的通信问题（通过链接 https://oj.uz/submission/592003 可以查看）

博客中并未提供具体的题目名称或链接，但提到了问题E2的提交链接：https://codeforces.com/contest/1746/submission/176378653。而BOI 2022的通信问题链接为：https://oj.uz/submission/592003。

因此，根据博客内容，可以判断出两道题目（Codeforces上的问题E2和BOI 2022通信问题）存在雷同或冲突的情况。具体雷同之处在于它们具有相似的核心逻辑。
108011,Based on the provided blog and comments, there is no clear indication that two distinct programming problems within the blog are essentially the same or have significant overlap in their core concepts. Each problem presented in the blog appears to tackle a different challenge:

1. **Problem 1746A - Maxminaproblem**: This problem focuses on determining whether it is possible to transform an array into a specific form by performing a series of operations.
2. **Problem 1746B - Rebellion**: This problem involves sorting an array and determining the number of operations needed to achieve a sorted array with specific constraints.
3. **Problem 1746C - Permutation Operations**: This problem deals with transforming a permutation array into a non-decreasing order by adding a value to suffixes.
4. **Problem 1746D - Paths on the Tree**: This problem is about distributing paths across a tree structure to maximize the score.
5. **Problem 1746E1 - Joking (Easy Version)**: This problem involves guessing a number from a set of questions with specific constraints.
6. **Problem 1746E2 - Joking (Hard Version)**: This is an extension of the easy version with more complex constraints.
7. **Problem 1746F - Kazae**: This problem involves handling queries on an array and determining the divisibility of the occurrences of elements.
8. **Problem 1746G - Olympiad Training**: This problem is about scheduling tasks with constraints on the number of tasks and their types.

Each problem introduces a unique set of constraints and objectives, and there is no apparent overlap or redundancy in their core concepts. Therefore, based on the information provided, there is no evidence of two different programming problems appearing with significant similarity or conflict.

If you suspect a potential overlap or have specific concerns about a particular section of the blog, please provide more details or specify which sections you believe might have overlapping content.
107978,经过仔细检查这篇博客及其评论区的内容，我没有发现两道不同的编程题目出现雷同、冲突或撞题的信息。这些评论主要集中在比赛时间安排、题目的难度和解题方法等方面，并没有提到两个题目本质上相同或相似的情况。

如果确实存在这样的情况，评论区中应该会有明确指出两道题目相似或相同的表述，例如“这个题目和之前的XXX比赛中的YYY题目很相似”之类的描述。在这篇博客的评论中并没有找到这样的内容。

所以，根据现有信息，这篇博客和评论区没有包含两道不同的编程题目出现雷同或冲突的信息。
107785,在这篇博客及其评论区中，并没有明确提到两道编程题目的具体内容，也没有直接比较两道题目的相似性、雷同或冲突。因此，根据提供的内容，无法判定两道编程题目出现雷同或冲突的情况。

博客和评论主要讨论的是不同编程竞赛的时间冲突问题，而不是具体题目的内容。例如，评论中提到的“Codechef Contest”和“KickStart Round problem D”等，这些只是提及了不同的比赛名称和其中的一道题，但并没有详细说明这两者之间是否存在雷同或冲突。

如果需要进一步分析，需要提供更具体的题目描述或内容。从现有信息来看，评论区中提到的问题更多是关于时间安排上的冲突，而不是题目内容上的雷同或冲突。
107687,在这篇博客及其评论中，并没有明确提到两道不同的编程题目出现雷同、冲突或撞题的信息。博客内容主要讨论了一个特定的问题，即在一个树结构中找到一条路径使得路径总成本减去路径起点和终点中的较小成本值最大化。

评论区的讨论集中在对这个问题的分析和解决方案上，特别是如何通过树的根节点来简化问题，以及使用动态规划和重心分解的方法来解决这个问题。评论#2给出了一个详细的解题思路，但并没有提到其他题目或与之类似的题目。

因此，根据给出的信息，这篇博客及其评论区并没有包含两道不同的编程题目出现雷同、冲突或撞题的信息。
107579,在这篇博客及其评论区中，并没有明确提到两道不同的编程题目出现了雷同或冲突的信息。但是，评论区中的讨论确实提到了一个与博客中问题相似的问题，并建议寻找一种“数学”解决方案，而不是暴力搜索所有单元格。

具体来说，评论区中的#0和#1评论指出了一种类似的算法问题，并建议寻找一种数学方法来解决这个问题。其中#1评论给出了一个具体的算法实现，而这个算法实际上解决了与博客中的问题相同的问题。

但是，博客本身并没有提到另一道不同的编程题目的存在，因此不能说这两道题目出现了雷同或冲突。相反，评论区中的讨论展示了如何用不同的方式解决同一个问题。

总结：
- 博客内容：只有一道题目，即在一个(1018,1018)网格上，从(1,1)出发，判断能否到达(m,n)。
- 评论区讨论：虽然有类似的算法讨论，但并没有明确提到另一道不同的编程题目。评论区更多是在讨论如何更有效地解决同一个问题。

所以，根据要求，这里并没有发现两道不同的编程题目出现了雷同或冲突的信息。
107567,经过仔细阅读提供的博客内容和评论，没有发现两道不同的编程题目出现雷同或冲突的情况。每道题目都涉及不同的问题背景、解决方案以及相应的讨论。以下是对每个题目的简要总结：

1. **1737A - Ela Sorting Books**:
   - 题目要求将书籍按照某种规则排序。
   - 解决方案通过计算每种字母的数量来实现。

2. **1737B - Ela's Fitness and the Luxury Number**:
   - 题目关注于计算一个区间内满足特定条件的数字数量。
   - 使用二分查找来计算平方根并统计符合条件的数。

3. **1737C - Ela and Crickets**:
   - 题目描述了棋盘上的三个棋子如何移动。
   - 棋子只能跳到同色的格子上，并根据初始位置和目标位置的不同，分析其可达性。

4. **1737D - Ela and the Wiring Wizard**:
   - 题目描述了一种重连电线的策略，以使得某些节点之间的路径最短。
   - 通过重连边以减少总成本，并提供两种情况的解决方案。

5. **1737E - Ela Goes Hiking**:
   - 题目描述了一个蚂蚁吃其他蚂蚁的游戏。
   - 分析每只蚂蚁存活的概率，基于其初始位置和方向。

6. **1737F - Ela and Prime GCD**:
   - 题目要求构造一个序列，使得相邻元素的GCD为质数。
   - 分析质数的性质和构造方法。

7. **1737G - Ela Takes Dancing Class**:
   - 题目描述了一群舞者在不同变换下的位置变化。
   - 通过跳跃操作分析舞者的位置变化规律。

从这些题目可以看出，它们各自涉及不同的算法和技术，没有出现雷同或冲突的问题。评论区主要集中在对具体解法的讨论、算法优化和一些细节上的疑问，而不是题目本身的内容重复。
107556,在这篇博客及其评论中，并没有明确提到两道不同的编程题目出现雷同或冲突的情况。博客作者主要在讨论他认为某些用户在比赛中作弊的问题，并提供了一些具体的提交链接作为证据。然而，这些讨论并没有直接说明两道不同的题目在本质上相同或相似。

具体来说，博客作者指出了某些用户的提交内容几乎完全相同，并且怀疑他们抄袭了别人的代码。例如，博主提到了问题C和D的解决方案泄漏，并且怀疑一些用户在这些问题上使用了相同的代码。但这里提到的是同一用户提交的多个代码片段之间的雷同，而不是两道不同的题目本身的内容相似或雷同。

因此，在这段博客和评论中没有发现两道不同编程题目的雷同或冲突的信息。博主主要关注的是单个用户在不同题目中的代码雷同以及怀疑这些用户通过作弊获得了不公平的优势。
107540,从提供的博客内容来看，该博客主要讨论的是作者的解决方案与另一个用户提交的解决方案之间的相似性问题。但是，博客中并没有明确提到两道不同的编程题目出现雷同、冲突或撞题的情况。相反，它更侧重于解释和澄清作者自己的解决方案与另一位用户代码之间的相似性问题，而不是两道不同题目的相似性。

博客中的评论部分也没有提供关于两道不同编程题目的雷同或冲突的信息。评论主要集中在支持作者并建议官方重新审查这一情况。

因此，根据所提供的信息，没有发现两道不同的编程题目出现了雷同或冲突或撞题的信息。如果需要进一步分析，可能需要更多具体描述两道题目内容的细节。
107499,在这篇博客及其评论区中，并没有明确提到两道不同编程题目的雷同、冲突或相似性。唯一提到类似问题的是在评论#7中：

> PubabaOnO2 years ago,#|+13  
> Problem D is similar to [this problem](...).

这里提到了一道题（AtCoder Regular Contest 149 的 Problem D）和另一道题相似，但并未提供另一道题的具体来源或链接。因此，我们无法确定这两道题是否真的存在雷同或冲突。根据现有的信息，不能确认存在两道不同的编程题目出现雷同或冲突的情况。如果要进行更详细的分析，需要具体的题目链接或描述来比较这两道题目的具体内容。
107293,Based on the provided blog content, there is no indication that two different programming questions are essentially the same or conflicting with each other. Each problem seems to address a unique concept:

- **Problem A**: Involves counting and summing up based on specific conditions.
- **Problem B**: Focuses on finding a meeting point for people on a line, minimizing the maximum time required.
- **Problem C**: Deals with a string manipulation task, specifically focusing on suffix minimums and sorting.
- **Problem D**: Has a solution involving pairs and checking for certain conditions.

The discussions and comments in the blog focus mainly on clarifying the solutions and implementation details for each problem rather than pointing out similarities or conflicts between different problems.

However, there is a mention of a similar approach used in Problem B and another problem from a different contest:

> **Comment #61 by thatchemguy**:
>
> "B had the same idea as this contest's B, which had appeared earlier too https://codeforces.com/contest/782/problem/B, basically the idea of intersection of L, R points to yield a small segment (or possibly a point)"

This comment suggests that the approach used in Problem B is similar to the one used in a previous problem (782B). However, this does not imply that the problems themselves are identical or conflicting; it merely highlights a recurring theme or technique.

To summarize, there is no evidence from the blog that two different problems have essential similarities or conflicts. The discussion focuses on the solutions and implementation details rather than comparing the problems themselves.
107077,从提供的博客内容来看，并没有明确提到两道不同的编程题目的存在，也没有提及这两道题目之间有雷同、冲突或相似的情况。博客中提到的是博主的代码和其他代码相同，但没有指出这是两道不同的题目。此外，博主似乎是在谈论一个特定的问题（171934251 1729/problem/C），而不是比较两个独立的问题。

因此，根据提供的信息，我们无法确定博客或其评论区中包含两道不同编程题目雷同或冲突的信息。如果要更准确地判断，我们需要更多的上下文信息，比如完整的博客内容或评论区的具体对话。如果有更多详细信息，请提供，以便进一步分析。
106966,在这篇博客和评论区的内容中，并没有发现两道不同的编程题目出现了雷同或冲突的信息。相反，讨论主要集中在解决同一个问题的不同方法以及相关的编译错误上。具体来说，大家在讨论如何定义和使用递归深度优先搜索（DFS）函数来解决一个图论问题。

问题的核心在于如何正确地编写一个递归DFS函数，博客作者和评论者讨论了不同的方法，比如使用`auto`类型推导、传递引用、改变数据结构等。这些讨论都围绕着同一个编程问题，即如何正确实现DFS算法。

因此，根据你的要求，这里并没有出现两道不同的题目之间雷同或冲突的情况。所有的讨论都是针对同一个问题的不同实现方式和技术细节。
106865,根据您提供的博客内容和评论区信息，我发现了一处可能涉及题目雷同或冲突的信息。在评论区的第11条评论中，用户yeeeet提到最后一道题目与某个已知题目相同：

> Last problem is same as https://oj.uz/problem/view/IOI16_dnalol

这条评论指出了该博客所提及的最后一个编程题与另一个网站上的题目相同。具体来说，该博客描述的是意大利国家竞赛的题目，而评论者则指出其中一个问题是与 https://oj.uz/problem/view/IOI16_dnalol 这个链接中的题目相同的。

根据您的要求，这里涉及到两道题目雷同的情况：

- 来源：意大利国家竞赛的题目
- 链接：https://oj.uz/problem/view/IOI16_dnalol

这两道题目被评论者认为是本质上相同的。因此，在评论区的第11条评论中提到了这一点。
106780,在这篇博客及其评论中，并没有明确提到两道不同的编程题目出现雷同、冲突或撞题的信息。相反，评论区主要讨论的是同一个问题的不同解决方案。

具体来说，博客作者提出了一个编程问题，即给定一个计算类，其中包含初始化的a、b、c值以及一个函数f(x) = ax^2 + bx + c，要求将这个函数应用于数组中的所有元素，并希望输出的数组是排序的。评论者们讨论了这个问题的解决方案，特别是如何在O(n)时间内完成排序。

评论#1（Andalus）提供了一种基于已排序数组的方法来解决问题，并解释了算法的时间复杂度为O(n)。Polar和其他评论者对该方法表示认可。

虽然评论区提到该问题是在LeetCode的讨论区找到的，但并没有指出这是与其他LeetCode题目重复的问题。唯一提到的一个具体的LeetCode题目链接（https://leetcode.com/problems/sort-transformed-array/）是评论者Andalus提供的，他推测博客作者提到的问题可能是该LeetCode题目。但即使如此，这依然是同一个问题，而不是两道不同的题目出现雷同或冲突的情况。

因此，根据你的要求，这篇博客及评论区并没有包含两道不同编程题目的雷同或冲突信息。
106773,根据提供的博客内容和评论，确实存在关于两道题目雷同或相似的讨论。具体来说，在评论区中，用户`lbm364dl`和`hartiksalaria`提到了一道来自CodeChef的Long Challenge的题目和另一道来自Codeforces的题目可能存在雷同的情况。

以下是相关信息的具体位置：

- **博客内容**：博客本身并没有提到具体的题目，只是预告了即将到来的比赛。
- **评论区**：
  - `lbm364dl` 在评论#2 中提到：“Can anyone please link the copied problem? I remember a div3 problem from Codeforces with the same statement, but I think it asked a different thing, so it must be a different one I guess.”
    - 这条评论提到了有相似题目的情况，但没有提供具体细节。
  - `hartiksalaria` 在评论#3 中回复到：“When I saw that problem during the long challenge, I thought maybe I have seen this problem somewhere else as well. Upon googling a bit I found it [link]. And yes step 2 in this version is different than that of the copied problem, still don't know why my code for the original problem still worked for the copied version.”
    - 这条评论提供了更多的细节，并且明确提到了两道题目的相似性。
  - `lbm364dl` 在评论#4 中进一步追问：“Did the Codechef problem also ask whether the array could be sorted? Or did it give the final array and asked if it could come from a sorted initial array? I can't remember.”
    - 这条评论询问了具体的问题描述，进一步确认了两道题目的相似性。
  - `hartiksalaria` 在评论#5 中回复到：“whether the array could be sorted.”
    - 这条评论确认了两道题目的相似之处。

因此，根据评论区的内容，可以得出结论：在博客的评论区中确实存在两道不同的编程题目出现了雷同或相似的信息。这些信息出现在评论#2 到评论#5 之间。评论者们讨论了一道来自CodeChef Long Challenge的题目和另一道来自Codeforces的题目，这两道题目在描述上非常相似，尽管步骤2有所不同。

**总结：**
- **博客链接**：无特定博客链接，仅是CodeChef的一个比赛预告。
- **两道题目**：
  - CodeChef Long Challenge中的某题目。
  - Codeforces上的另一题目，具体题目名称未在评论中提及，但评论者提供了相关链接。
  
评论区中具体涉及雷同或相似问题的评论为评论#2 至评论#5。
106768,根据提供的博客内容和评论区讨论，没有明确的证据表明存在两道不同的编程题目出现雷同、冲突或撞题的情况。大多数评论集中在具体问题的难度、实现细节、提交限制等问题上，而不是指出了两道题目本质上相同或相似。

唯一接近这种情况的是评论#38中提到的问题A1和A2：

> TwentyOneHundredOrBust2 years ago,#|-9Why is A split into A1 and A2? They are practically identical. Is it just to filter more people by wrangling casework twice?

该评论质疑为什么问题A被拆分为A1和A2，认为它们几乎相同，只是增加了额外的复杂度。然而，这种说法并没有得到其他评论或官方回复的支持，仅是一个用户的个人看法。

因此，在这段博客和评论区中，并没有发现两道不同题目雷同或冲突的具体信息。
106750,根据你提供的博客内容和评论，可以看出这两道题目存在相似性或雷同的情况。

具体来说：

- 博客中提到的问题是关于一个无权无向图，需要计算所有顶点对之间的最短距离之和。
- 在评论区中，用户`chromate00`提到以前的一场比赛中有几乎相同的问题，只是约束条件不同。
- 用户`tzhamoidin_twink`指出这个问题与2009年白俄罗斯国家奥林匹克竞赛中的问题非常相似。
- `chromate00`进一步补充说他想到的问题是“Distance Sum”，来自2018年的NERC比赛，由`tourist`出题。

因此，可以认为博客中的问题与2009年白俄罗斯国家奥林匹克竞赛中的问题以及2018年NERC比赛中的“Distance Sum”问题本质上是相同的。

总结：
- **博客中的问题**：关于无权无向图中所有顶点对之间最短距离之和的计算。
- **相似或雷同的问题**：
  - 2009年白俄罗斯国家奥林匹克竞赛中的问题（来源不明，但被提及）
  - 2018年NERC比赛中的“Distance Sum”问题（具体题目名称为“Distance Sum”，出自2018年NERC比赛）

出现雷同或相似信息的地方是在评论区。具体的评论位置如下：
- 评论区中`chromate00`和`tzhamoidin_twink`的讨论。

博客链接：未提供具体链接，但可以从上下文推测这是一篇关于算法竞赛或图论问题的博客文章。
106741,在这篇博客及其评论中，并没有出现两道不同编程题目的雷同、冲突或撞题的信息。博客和评论主要围绕一个核心问题展开讨论，即在一个矩阵中找到从左上角到右下角的字典序最小字符串的问题。评论中虽然提到了其他方法（如使用整数替换字母的方法），但这些方法仍然是为了解决同一个问题而提出的变体或替代方案，并非独立的两道编程题目。

唯一接近提到另一道题目的地方是在评论 #2 中，chromate00 提到了一个寻找树中字典序最大的字符串的问题。然而，这只是一个相似问题的提及，并没有详细描述该问题，也没有将其与当前讨论的问题视为两道不同的题目。

因此，根据你的要求，这篇博客及其评论区并没有包含两道不同编程题目出现雷同或冲突的信息。
106643,根据你提供的博客内容和评论，没有明确的两道题目的描述或链接，只有关于一道题目的陈述和一个模糊的评论。因此，我们无法直接判断是否存在两道不同的编程题目出现雷同、冲突或撞题的信息。

评论提到“Same problem”，但并没有具体说明这是指哪两道题目相同或相似。因此，仅凭这些信息，我们不能确认存在雷同或冲突的问题。

如果你能提供更详细的博客内容或评论的具体上下文，可能会更容易做出判断。另外，如果有具体的题目来源或链接，也可以帮助更准确地分析。
