106608,从你提供的博客内容来看，评论区并没有明确提到两道不同的编程题目出现了雷同或冲突。不过，评论#2中提到了一个与博客主题相似但不完全相同的问题。

具体来说，博客的主题是关于数组中只包含0和1的情况下的子数组计数问题。而评论#2提到的另一个问题是关于包含0、1和2的字符串的类似问题，并且给出了一个链接指向了一个具体的答案（Kallaseldor的评论）。

尽管这两个问题都是关于子数组计数的问题，但是它们之间存在一些差异：
1. 博客中的问题是只包含0和1的数组，且需要满足特定的比例（X:Y）。
2. 评论#2提到的问题是包含0、1和2的字符串，没有提到比例问题。

因此，虽然这两个问题有相似之处，但并不构成完全相同的题目。因此，根据你的要求，这里并没有发现两道不同的编程题目出现雷同或冲突的信息。

如果需要更详细的分析，可能需要更多关于第二个问题的具体描述或链接。但从现有信息来看，这两者并不构成雷同或冲突。
106586,经过仔细检查，这篇博客及其评论区并没有包含两道不同编程题目出现雷同或冲突的信息。博客主要是介绍一个编程竞赛活动，而评论区主要是对各个题目的讨论和解题思路分享，没有发现两道题目的核心内容是相同或相似的情况。

如果需要进一步确认特定题目是否存在雷同或冲突的情况，可以提供具体的题目描述或链接，以便进行更详细的分析。
106503,根据你提供的博客内容，这段文字并没有提到两道不同的编程题目出现了雷同或冲突的情况。相反，这段文字讨论的是同一个编程问题（即Codeforces上的问题1722C）的两个提交（vayush070/170209476 和 vayush070/170210073）之间存在显著的相似性或雷同，这被视为违反了比赛规则。

具体来说，博客的内容主要集中在：

1. 用户收到了一封来自Codeforces的邮件，指出用户的两个提交（vayush070/170209476 和 vayush070/170210073）对于问题1722C有显著的雷同。
2. 用户对这种雷同表示困惑，并询问如何违反了规则。
3. 用户希望得到解释和进一步的帮助。

因此，这里并没有涉及到两道不同题目的雷同或冲突问题。如果需要寻找两道题目雷同或冲突的信息，可能需要查看其他部分的博客或评论区。
106500,在这篇博客中，作者提到了他的提交与多个其他用户提交的代码存在雷同的问题。然而，这些雷同主要是由于他们都参考了之前已发布的资料（例如，GeeksforGeeks上的文章）。因此，从博客的内容来看，这并不是因为两道不同的编程题目雷同、冲突或撞题，而是因为作者和他人使用了相同或相似的参考资料来解决一道特定的编程问题。

具体来说，博客中的关键内容如下：
- 作者提到他的提交与其他用户的提交显著雷同。
- 但是，作者认为这种雷同是因为他们使用了一个在比赛前已经公开的资源（即GeeksforGeeks的文章），该文章讨论了如何找到n个不同的数字，其按位异或结果等于k。
- 作者认为这是合理的行为，因为使用的资源是在比赛前就已存在的。

所以，根据提供的信息，这篇博客并没有涉及两道不同的编程题目出现雷同或冲突的情况，而是涉及的是对同一问题的解决方案因使用相同参考资料而产生的相似性问题。

因此，结论是这篇博客没有包含两道不同的编程题目出现了雷同或冲突或撞题的信息。
106498,在这篇博客及其评论中，并没有明确提到两道不同的编程题目出现了雷同或冲突的情况。相反，讨论集中在同一个问题（即Codeforces上的问题1722G）的不同解决方案之间的雷同情况，以及这种雷同是否违反了Codeforces的比赛规则。

具体来说，博客和评论主要关注的是博主（noozy）的解题代码与其他参赛者的代码存在相似性，甚至与GeekForGeek网站上的一篇文章中的代码有相似之处。博主声称其代码是从GeekForGeek上公开的文章中借鉴的部分内容，并且希望证明这种相似性是由于使用了提前发布的公共源代码，因此不违反比赛规则。

所以，根据你的要求，这里并没有出现两道不同编程题目之间雷同或冲突的信息。讨论的核心在于单一问题的不同解决方案之间的相似性及其合规性。
106454,在这篇博客及其评论区中，并没有直接提到两道不同的编程题目出现雷同、冲突或撞题的信息。相反，博客和评论讨论的是同一个问题的不同解法。

这个问题是关于如何从两个数组A和B中各选择k个元素，使得这些元素的和分别超过各自数组总和的一半，并且是从数组B中选择的元素需要与数组A中选择的元素保持相同的索引位置。

评论区中讨论了这个问题的不同解决方案，例如使用优先队列或排序来选择最大的k个元素，以及一种基于最大值交换策略的方法。

因此，在提供的内容中，并未发现两道不同的编程题目存在雷同或冲突的情况。所有讨论都围绕同一个问题展开。如果要寻找雷同或冲突的问题，需要提供包含至少两道不同问题的示例。
106447,从提供的博客内容来看，并没有直接提及两道不同的编程题目的雷同、冲突或相似性。博客主要讨论了一个特定问题的解决方案，即给定两个数组A和B，将它们各自扩展后计算绝对差值的总和。评论区也没有明确提到其他题目或与之类似的题目。

因此，在这段博客和其评论区中，我没有找到两道不同编程题目的雷同、冲突或相似性的相关信息。评论区主要是对原问题解决方法的进一步探讨和疑问，而不是指出了与其他题目的雷同或冲突。

如果要确认是否存在雷同或冲突，需要更多的上下文信息或额外的评论内容来支持这一结论。目前提供的信息不足以识别出两道不同题目之间的雷同或冲突。
106379,在这篇博客和评论中，并没有明确提到两道不同的编程题目的具体内容，也没有直接说明两道题目的来源或链接。评论中提到的是关于“同一个问题”的讨论过于频繁，但并没有具体指出哪两道题目是雷同或相似的。

评论中提到的问题是关于讨论帖过多，而不是具体指出哪两道题目有雷同或冲突。因此，根据提供的信息，我们无法确定这两道题目是否存在雷同或冲突的情况。

如果需要进一步分析，需要更多关于这两道题目的具体描述或链接。目前的信息不足以判断是否存在雷同或冲突的问题。
106362,经过仔细检查这篇博客和评论区的内容，我没有发现两道不同的编程题目出现雷同、冲突或撞题的信息。每条评论主要讨论的是具体题目的解法、遇到的问题以及对比赛的看法，而没有提及两道不同题目的内容实质上是相同或相似的情况。

因此，根据你提供的信息和上下文，这篇博客或其评论区并没有包含两道不同的编程题目出现雷同或冲突的内容。
106350,在这篇博客及其评论区中，并没有明确提到两道不同的编程题目出现了雷同或冲突的信息。博客和评论主要集中在讨论一个具体的算法实现和性能问题上，特别是关于如何优化代码以避免TLE（Time Limit Exceeded）错误。

具体来说，博客作者遇到了TLE问题，尽管使用了快速输入输出（fast_IO）并验证了时间复杂度。评论区中的讨论集中在指出`arr.remove(ele)`操作的时间复杂度为O(n)，导致整体算法的时间复杂度变为O(n^2)。评论者还建议使用`a.pop()`代替`a = a[:-2]`来优化代码。

因此，这里并没有出现两道不同的编程题目雷同或冲突的情况。相反，评论区的讨论集中在对同一个问题的不同解决方案和优化策略上。
106265,在这篇博客及其评论区中，确实存在两道题目雷同的信息。具体来说，在评论区第6条评论中提到的问题“Tree Coloring”（Div1-A）与AtCoder Beginner Contest 133中的问题E是相同的。

相关信息如下：

- **来源**：CodeChef LTIME111竞赛中的Div1-A题目“Tree Coloring”
- **链接**：虽然博客和评论区本身没有提供直接的链接，但可以推测该题目出现在CodeChef的某个比赛页面上，例如这次的LTIME111比赛页面。

- **相似题目**：AtCoder Beginner Contest 133中的问题E
- **链接**：AtCoder比赛页面，特别是AtCoder Beginner Contest 133的页面。不过，这个链接需要自行访问AtCoder网站查找。

评论区中的对话进一步确认了这一点：
- 评论#6»ak-group2 years ago提到：“Tree Coloring (Div1-A) is same as AtCoder Beginner Contest 133 E”
- 评论#6»spookywooky2 years ago回复：“I knew I solved that before...but that is more than three years ago, how can you remember which one?”
- 评论#6»ak-group2 years ago再次回复：“Few days ago I was upsolving some old AtCoder contests, 133 was one of them”

最后，CodeChef管理员也在评论#7中承认了这一点并采取了措施：“Apologies for missing out on this before the contest. We are confident that this was a case of 'notorious coincidence' and have perma banned the setter from the platform.”

因此，这两道题目被认为是本质上相同的。
106136,经过仔细检查，这篇博客中的内容没有显示出两道不同的编程题目出现了雷同或冲突的情况。每篇题解都是针对特定的问题进行详细解释，并且没有发现两道题目本质上是相同或相似的情况。

具体来说：

- 题目A、B、C、D1、D2和E分别有不同的背景和要求，涉及不同类型的算法和数据结构。例如：
  - A题涉及到分数操作和数学计算。
  - B题涉及到子数组的美观数值计算。
  - C题涉及到矩阵操作和覆盖问题。
  - D1和D2虽然都与XOR操作有关，但它们的解法和要求有所不同，D1是通过动态规划求解，而D2则是通过位运算和字典树来实现更高效的算法。
  - E题则是一个构造性问题，涉及到颜色填充和计数。

从评论区来看，大多数讨论集中在题目本身的理解、算法实现细节以及复杂度优化上，而不是指出题目之间存在雷同或冲突的问题。

因此，根据提供的信息，这些题目之间并没有出现雷同或冲突的情况。
106069,在这篇博客和其评论区中，确实提到了两道相似的编程题目。具体来说，博主在评论区提到的“Similar problem: Air Conditioning”与博客中的问题本质上是相同的。

博客中的问题是：
> 给定一个长度为 \(n\) 的非正整数数组（每个元素 \(a_i \leq 0\)），目标是通过增加任意子数组的元素来使所有元素变为 0。每次操作可以选择一个子数组并将其所有元素加 1。求最少的操作次数。

评论区中有用户提到类似的问题是“Air Conditioning”（空调问题）。虽然没有直接给出这个题目的具体链接，但可以推测出这是一道与调整数组元素值使其满足特定条件的问题，这与博客中的问题非常相似。

因此，这两道题目在本质上是相同的，都是关于如何通过操作（增加子数组元素值）使得数组中的所有元素达到特定状态（本例中为全部变为 0）。

总结：
- **博客中的题目**：给定一个非正整数数组，通过增加子数组元素使其变为 0。
- **类似问题**：Air Conditioning（空调问题，推测也是类似的数组调整问题）。

在评论区中的位置：
- 博主在回复 #0 中提到了类似的问题：“Similar problem : Air Conditioning”。

因此，博客中的问题与评论区提到的“Air Conditioning”问题存在雷同的情况。
105812,从提供的博客内容来看，博主分享的是一个具体的编程问题，即在某个特定测试用例下其代码超出了时间限制。评论部分则提供了一个完全不同的问题的解决方案，该问题与原博客中的问题不相关。

评论中的问题描述为：“给定一个整数a，找到最小的整数x，使得(a + x) % b == 0。” 这是一个数学问题，解决方案是基于取模运算来计算需要添加的最小整数x。这与博客中提到的时间限制超出的问题（可能是算法效率低下导致的）没有直接关系。

因此，根据提供的信息，这两部分内容并不涉及两道不同编程题目的雷同、冲突或撞题的情况。博主的博客主要关注于其代码在特定测试用例下的性能问题，而评论则是对另一个独立问题的解答。

总结：没有发现两道不同的编程题目出现雷同或冲突的信息。两部分内容讨论的是完全不同的问题。
105625,根据提供的博客内容和评论，没有明显的迹象表明存在两道不同的编程题目出现雷同、冲突或撞题的情况。不过，有几条评论提到了一些问题之间的相似性或不同解法，但这些并不构成雷同或冲突：

1. **评论#1**提到问题H/Ex与题目1446F - Line Distance很相似，但这只是指出相似性而不是雷同或冲突。
   
2. **评论#2**描述了问题G的一种独特解决方法，但没有提到其他题目或问题。

3. 其他评论主要集中在对特定问题的解释和解决方案上，并未提到两道题目的雷同、冲突或撞题。

因此，从提供的信息来看，博客内容及其评论区中并没有明确指出两道不同的编程题目出现雷同、冲突或撞题的情况。如果有更详细的评论或信息，请提供以便进一步分析。
105561,在这篇博客和评论中，并没有出现两道不同的编程题目出现了雷同、冲突或撞题的信息。相反，讨论集中在同一个问题的不同实现方法上，即如何计算数组中满足特定比例（0和1的数量比为x:y）的子数组数量。

评论区中的讨论主要围绕着一种解决方案的细节展开，比如如何处理值为2的情况以及如何计算无效子数组的数量等。虽然有提到类似的问题解决思路，但并没有提及第二个独立的题目。

总结来说，这篇博客和评论区的内容是关于一个单一问题的不同实现方式和技术细节讨论，并未涉及两道不同的编程题目的雷同或冲突。
105521,从提供的博客内容来看，主要讨论的是一个特定的编程问题：给定一个数组，找到所有当移除某个子数组后，剩余部分仍然保持排序的子数组数量。

评论区中并没有明确提到另一道题目的存在，因此没有直接证据表明有两道不同的编程题目出现了雷同、冲突或撞题的信息。

唯一接近这种情况的是评论#2“thunder_strike”提到的一句话：“This is same problem ig”，但这句评论没有提供具体的另一道题目的信息，也没有进一步解释为什么认为这是相同的问题。

因此，根据现有信息，无法确定两道不同的编程题目出现了雷同或冲突。如果要确认是否存在雷同或冲突的情况，需要更多关于另一道题目的详细描述或链接。
105507,从提供的博客内容和评论来看，并没有直接提到具体的编程题目，也没有明确指出两道不同编程题目的雷同、冲突或撞题的情况。博客的主要内容是在抱怨作弊者，并认为这些作弊行为导致自己作为新手停滞不前。评论也只是针对博客作者的态度提出了一些建议，即应该把更多时间花在练习上而不是关注作弊行为。

因此，根据所提供的信息，无法确认或指出任何两道编程题目的雷同或冲突。如果要准确地识别出雷同或冲突的题目，我们需要更具体的信息，例如题目描述、来源和链接等。目前提供的信息不足以做出判断。
105489,从提供的博客内容来看，并没有明确提到两道不同的编程题目的具体内容，也没有直接指出两道题目的雷同、冲突或撞题。博客的主要内容是作者收到了系统消息，提示其提交的代码与其他一些提交的代码相似，但实际代码不同，只是因为使用了相同的模板导致被误判。评论区的内容也主要是对这种情况的讨论，特别是关于比赛中的反作弊措施会更加严格，可能会导致更多的误判。

因此，在这段博客和评论中，并没有出现两道不同的编程题目雷同或冲突的信息。博主和评论者主要讨论的是单一问题，即由于使用相同模板而导致的误判问题，而不是不同的题目之间的雷同或冲突。如果要更准确地回答这个问题，我们需要更多关于具体题目的信息。目前提供的信息不足以识别具体的题目或它们之间的关系。
105310,从提供的博客内容来看，并没有直接提及两道不同的编程题目出现雷同、冲突或撞题的信息。博客主要讨论的是某次比赛中的Div1E题目被指抄袭已有题目导致整场比赛取消评分的问题，以及作者对于这一事件的看法和建议。

博客中提到的内容主要是围绕比赛公平性以及某个特定问题（Div1E）的争议展开的，并没有明确指出两道不同的编程题目之间存在雷同或冲突。评论部分也没有提供任何关于两道不同题目雷同或冲突的具体信息。

因此，根据提供的信息，无法确定该博客或其评论区包含两道不同编程题目雷同、冲突或撞题的信息。如果要找到具体的例子，可能需要更多的上下文或详细内容。
105227,在这篇博客及其评论区中，并没有明确提到两道不同的编程题目出现了雷同、冲突或撞题的信息。博客主要讨论的是某场Codeforces竞赛因一道题被指抄袭而取消的情况，以及由此引发的社区反应和争议。虽然评论中有人提到了一些关于抄袭的问题，但并没有具体指出哪两道题目存在雷同或冲突。

评论区中提到的一些关键点包括：
- 有人认为Div. 1的题目E被故意抄袭自另一场比赛。
- 有评论提到如果Div. 2的E题目（对应Div. 1的C题目）也被发现是抄袭的话，整个比赛可能会被取消。
- 其他评论则表示对这种说法持怀疑态度，认为这可能是正常的题目重复，而不是抄袭。

因此，根据提供的内容，没有找到明确的两道不同编程题目的雷同或冲突的信息。如果有更具体的例子或链接指向特定的题目，才能进一步分析是否存在雷同或冲突。
105216,在这篇博客及其评论区中，并没有直接提到两道不同的编程题目出现了雷同或冲突的情况。评论主要集中在讨论比赛是否应该被取消评分（unrated），特别是因为某些问题可能在网络上已经广为人知。

然而，在评论#3中，用户antidisestablishment提到Div1.c（也就是Div2.E）的问题也是广为人知的，并附上了链接到另一个博客文章：

> And Div1.c(Div2.E) is well-known too! Nearly same!
>
> https://blog.csdn.net/qq_35577488/article/details/117813076

从这段评论来看，可以推测出用户认为Div1.c和Div2.E的问题可能是相同的或非常相似的。但是，该评论并没有提供足够的细节来确定这两道题目的具体来源和内容，只提供了指向另一篇博客文章的链接。

因此，根据提供的信息，我们无法明确指出这两道题的具体内容和来源。不过，根据评论内容的暗示，可以推测评论者认为这两道题存在雷同的可能性。

如果需要进一步确认这两道题的雷同情况，建议查看评论中提供的链接，阅读相关博客文章中的具体内容。
105129,在提供的博客内容中，并没有明确出现两道不同编程题目本质相同或相似的情况。博客主要讨论的是第810轮Codeforces比赛中的问题，特别是Div.1 E题被指出与一个已知的问题高度相似，导致该比赛部分被宣布为非评分状态（unrated）。此外，博客还包含大量关于该事件的评论和反馈。

具体来说，博客中有提到以下关键点：

1. **Div.1 E题问题**：
   - 该问题被指出与一个已知的问题高度相似。
   - 这个问题最终导致该轮比赛的部分被宣布为非评分状态（unrated）。

2. **评论区讨论**：
   - 讨论主要集中在对Div.1 E题的争议上，以及该问题如何影响整个比赛的评分情况。
   - 评论中提到了一些与比赛公平性相关的问题，但没有明确提到两道题目本身有雷同或冲突。

总结来说，博客及其评论区并没有涉及两道不同编程题目雷同或冲突的信息。重点在于Div.1 E题的问题和其带来的后续影响。
105117,经过仔细阅读博客内容及其评论，我没有发现两道不同的编程题目出现雷同、冲突或撞题的信息。博客主要是关于DYTECHLAB Cup 2022竞赛的介绍和一些参赛者的反馈。尽管有一些参赛者对某些问题（如B题中的精度问题）提出了不满，但这些反馈主要是针对具体题目设计或实现细节的问题，而不是题目本身的重复或冲突。

如果需要进一步确认特定部分是否存在雷同或冲突的信息，请提供更具体的上下文或段落，以便进行更详细的检查。
105102,根据提供的博客内容和评论，没有明确的证据表明存在两道不同的编程题目出现雷同、冲突或撞题的信息。博客中提到的内容主要是关于一个问题（IOI 2009 Day 2 B题，Mecho），而评论部分只提到有人遇到了同样的问题，但并没有提到另一道题目的存在或与前者的雷同之处。

因此，从给出的信息来看，不存在两道不同编程题目的雷同或冲突的情况。如果需要进一步确认这一点，可能需要更多关于博客内容和相关评论的具体细节。如果有更多的上下文或具体的链接，可能会有助于更准确地判断。
105079,经过仔细检查，这篇博客和评论区的内容并没有显示出两道不同的编程题目出现雷同、冲突或撞题的情况。评论主要集中在对比赛题目本身的理解、解题方法以及代码实现的问题上，没有提到两个题目内容相似或本质上相同的情况。

评论中确实有讨论具体题目的解法，例如问题C和D的解决策略，但这些讨论都是围绕如何正确解决问题展开，并未提及两个不同题目的内容存在重复或冲突的情况。因此，根据提供的信息，可以得出结论：这篇博客及其评论区没有包含两道不同编程题目出现雷同或冲突的信息。
104841,经过仔细阅读博客内容和评论区，没有发现两道不同的编程题目出现了雷同或冲突的信息。该博客主要讨论的是关于多元化招聘、性别平等以及相关社会问题，而评论区也围绕这些话题展开讨论，没有涉及具体的编程题目或技术问题。因此，无法从提供的内容中找到两个本质相同或相似的编程题目。
104755,根据提供的博客内容和评论，没有直接提到两道不同的编程题目出现雷同、冲突或撞题的信息。博客的主要内容是关于作者在Codeforces竞赛中遇到的一个问题，即他的两个提交被判定为雷同导致扣分，但这里讨论的是同一个作者的不同提交，而不是两道不同题目的雷同。

评论区的内容也没有提及两道不同的编程题目的雷同或冲突。评论主要集中在对Codeforces检查相同用户提交的解决方案的不满上。

因此，根据所提供的信息，没有找到两道不同的编程题目出现雷同或冲突的证据。如果需要进一步分析，可能需要更多关于博客内容和评论区的具体细节。
104746,根据提供的博客内容和评论，没有发现两道不同的编程题目出现雷同、冲突或撞题的信息。博客主要描述了一个在线的IOI准备训练营的日程安排、参与方式以及一些背景信息。评论部分主要是对活动的反馈和支持信息，并没有提到任何具体题目或题目之间的雷同问题。

因此，在这段博客内容及评论中，未找到两道不同编程题目的雷同、冲突或撞题的信息。
104668,经过仔细阅读该博客及其评论区的内容，没有发现两道不同的编程题目出现雷同或冲突的信息。这些讨论主要集中在具体题目的解法、实现细节以及一些用户的提交结果和问题上。评论区中提到了一些具体的题目，例如：

- 问题E的解法和测试用例。
- 问题F与另一竞赛（AtCoder ABC254 - H）的相似性。
- 问题G2与CodeChef K Path Query的相似性。

然而，这些提到的相似性或冲突并不是在描述两道不同题目之间的雷同或冲突，而是在讨论单个题目与其他题目或测试用例的相似性。因此，根据你的要求，这里并没有找到两道不同题目之间出现雷同或冲突的信息。

如果你有其他特定内容需要检查，或者需要进一步分析，请告诉我！
104622,在这篇博客和其评论区中，并没有明确出现两道不同的编程题目的描述。博客和评论区主要围绕一道题目展开讨论，这道题目要求计算数组某子段的特定乘积值，并处理大数取模的情况。

博客和评论区的内容集中在如何解决这个问题，特别是如何使用前缀数组来优化查询效率。例如，评论中的用户`vecna`和`ishwarendra`都提出了使用前缀数组的方法来解决该问题，但并未涉及到另一道不同的编程题目的描述。

因此，根据提供的信息，无法指出两道不同的编程题目出现雷同、冲突或撞题的情况。博客和评论区讨论的核心问题是一致的，都是关于如何高效地解决给定的数组查询问题。
104430,经过仔细阅读提供的博客内容和评论，我没有发现两道不同的编程题目出现了雷同或冲突的信息。评论主要集中在对特定问题的讨论和解决方案上，例如：

1. 对于问题 G（三角形计数），评论者讨论了使用 bitset 的方法以及如何优化实现。
2. 对于问题 E，评论者讨论了如何通过预计算和二进制跳跃（binary lifting）来解决该问题。
3. 其他问题如 H 的解决方法也都是针对具体问题的讨论。

尽管有些评论提到一些相似的算法或技术（例如使用 bitset 或二进制跳跃），但这些评论并没有明确指出两道不同题目本质上是相同的或有冲突的地方。每条评论都集中在各自的题目上，没有提及两道题目的相似性或冲突。

因此，根据给定的信息，博客和评论区中没有包含两道不同的编程题目出现雷同、冲突或撞题的信息。
104320,经过仔细检查这篇博客及其评论区的内容，没有发现两道不同的编程题目出现雷同、冲突或撞题的信息。博客的主要内容是对Codeforces平台上的用户评级进行统计和分析，特别是关注了诸如tourist和Petr等顶级选手的表现。评论区则主要是对这些顶级选手的表现表示赞叹，以及对一些细节问题的讨论，比如如何改进表格布局等。

评论中确实提到了一些用户达到特定评级里程碑的情况，例如jiangly和4000分的里程碑，但这些都只是对博客内容的补充说明，而不是两道不同的编程题目出现雷同或冲突的情况。

因此，总结来说，在这篇博客及其评论区中，并未发现两道不同的编程题目出现了雷同或冲突的信息。
104315,从提供的博客内容来看，没有直接提到任何具体的编程题目或其来源，也没有明确指出两道题目的对比或雷同情况。因此，根据当前给出的信息，无法判断该博客或其评论区是否包含两道不同的编程题目出现雷同、冲突或撞题的情况。

评论中确实有一些讨论，但这些讨论更多是关于Botswana首次作为官方参与者参加IOI和IMO的消息，以及对某个用户身份的质疑，并未涉及具体编程题目的雷同或冲突问题。例如，评论#2提到的一个链接（https://www.cnblogs.com/MatrixCascade/p/15946693.html），但该链接并未被解释或说明与任何编程题目有关联。

如果需要更准确的回答，可能需要提供更多的上下文信息，特别是与具体编程题目相关的部分。
104216,在这篇博客及其评论区中，并没有直接出现两道不同的编程题目雷同或冲突的信息。评论主要集中在讨论AtCoder Regular Contest 143中的各个题目，以及对这些题目的解法和思路进行交流。不过，有几条评论提到了不同比赛中的题目之间的相似性：

1. 在评论#6中，用户YaoBIG提到问题E与2021年莫斯科预选赛日1中的一个问题非常相似，尽管那个竞赛可能不对外开放。这表明了两道题目的相似性，但并不意味着它们是完全相同的问题。

2. 在评论#10中，用户yspm提到问题C和CF1033G有相同的观察点，并且认为C本身相对较弱。这同样指出了两道题目的相似性。

综上所述，评论区中确实存在一些关于不同竞赛中的题目之间存在相似性的讨论，但并没有明确指出两道题目是本质相同的。如果要指出具体相似题目的话，可以参考以下信息：

- 相似题目1：AtCoder Regular Contest 143 的问题E 和 2021年莫斯科预选赛日1的问题（评论#6）
- 相似题目2：AtCoder Regular Contest 143 的问题C 和 CF1033G（评论#10）

但是，这些评论只是指出了一些题目的相似性，并没有直接说明它们是雷同或冲突的问题。
104189,在这篇博客及其评论区中，确实存在两道题目雷同或相似的信息。具体来说，是在评论区的#4和#7的回复中提到的两道题目。

评论#4中的用户physics0523提到：
> This is exactly same as today's D, except |n(A)-n(B)|<K mod 998244353 or |n(0)-n(1)|<=K mod 1e9+7

评论#7中的用户prayas123也提到了关于问题D的内容。

这两条评论表明，当前博客中提到的问题D与之前某次挑战中的某个问题非常相似或相同。根据评论内容，可以推断出这两个问题是相同的或非常相似的，因为它们都涉及类似的操作和约束条件。

具体来说，问题D在两次挑战中都是相同的题目，只是在模数上有所不同（一个是998244353，另一个是1e9+7）。这表明两道题本质上是相同的。

总结：
- **出现雷同的题目**：当前博客中的问题D与之前某次挑战中的问题D是相同的。
- **出现在评论区**：在评论#4和#7中提到。

希望这个分析对你有帮助！如果有其他问题，请随时告诉我。
104159,经过仔细检查，我没有发现这篇博客或其评论区中存在两道不同的编程题目出现雷同或冲突的情况。博客内容主要集中在介绍即将到来的Codeforces全球竞赛、感谢参与者和测试者、以及比赛后的反馈和结果等方面。

唯一提到类似问题的地方是在评论区的几条评论中，但这些并没有明确指出两道题目的雷同或冲突。例如：

1. 评论#43中提到的问题E被一些人认为过于标准，但是这并不意味着它与另一道题目相同或有冲突。
2. 评论#35提到的问题A与LeetCode上同时出现的问题非常相似，但这里也没有提到具体的题目细节，因此无法确认这两道题目的雷同情况。

综上所述，博客及其评论区中没有明确指出两道不同的编程题目出现雷同或冲突的信息。
103883,经过仔细检查，博客内容和评论区中没有发现两道不同的编程题目出现雷同或冲突的情况。每篇题解和评论都集中在各自的题目上，没有提到任何两个题目是本质上相同或相似的问题。

博客内容涵盖了1692系列题目的题解和讨论，每一篇题解都是针对单一题目的分析和解决方案。评论区中的讨论也主要围绕各个具体题目展开，例如对于H题的不同解法（如使用Kadane算法、动态规划等），但并没有出现两个不同题目实质上是相同的情况。

因此，根据提供的信息，可以得出结论：博客及评论区未包含两道不同的编程题目出现雷同或冲突的信息。
103799,在这篇博客及其评论中，并没有明确提到两道不同的编程题目出现了雷同或冲突的情况。博客主要讨论了一道题目，该题目涉及数组操作和查询，使用了位掩码和平方根分解的技术。评论区中提到的是关于同一问题的不同解法和实现细节，以及与另一道题目的对比。

然而，在评论区中提到了一道与博客中讨论的问题相似但略有不同的题目，即UTS Open '18 P6 — Subset Sum问题。评论者指出这两道题目的区别在于更新操作和查询的具体内容不同。博客中的问题是处理子掩码的添加，而UTS Open问题则涉及到单个元素的修改以及子掩码和超掩码的求和查询。

尽管如此，这并不意味着两道题目本质相同或有冲突，只是它们在某些方面相似，但在具体要求上有所不同。因此，根据你的要求，这里并没有发现两道题目出现雷同或冲突的信息。

总结：博客及其评论区中没有提到两道不同的编程题目出现雷同或冲突的信息。评论区中提到的UTS Open '18 P6 — Subset Sum问题虽然与博客中的问题在某些方面相似，但它们本质上还是不同的题目。
103759,根据提供的博客内容和评论，没有直接证据表明其中包含两道不同的编程题目出现了雷同、冲突或撞题的信息。博客中提到的问题是关于处理一个整数数组的查询操作，而评论区中的讨论主要集中在分享解题方法和相关资源上。

评论#0由das_sayantan提到的问题链接并没有被提供出来，所以我们无法确定这个链接指向的具体问题是什么。因此我们不能确认该链接所指的问题与博客中的问题是否相同或相似。

评论#1提到的“the problem is very similar to this”后面并没有给出具体链接或更多的信息，所以我们也无法确定这指的是哪个问题，以及它是否与博客中的问题相同或相似。

总结来说，在这段博客和评论中，没有明确指出两道不同题目之间存在雷同或冲突的信息。如果要更准确地判断是否存在雷同或冲突的情况，我们需要更多具体的细节或链接来对比这两道题目。
103707,在这篇博客和评论中，确实提到了两道相似的编程题目。具体来说，评论区中的评论#2和评论#0提到了两道题目，它们本质上是相似的。

评论#2提到的问题与CSES上的“Counting Coprime Pairs”问题相似。而评论#0提到的问题则是在博客正文中给出的具体问题，即给定一个整数数组A，对于每个索引i，找到满足gcd(A[i], A[j]) > 1的其他索引j的数量。

这两道题目的核心思想都是处理数组中元素之间的最大公约数（GCD）问题，其中涉及到的解题方法也有些相似之处，例如使用包含-排除原则等。因此，可以说这两道题目在本质上是相似的。

具体来说：

- 博客中的题目：给定一个整数数组A，对于每个索引i，找到满足gcd(A[i], A[j]) > 1的其他索引j的数量。
- CSES上的题目：Counting Coprime Pairs，可以通过包含-排除原则与莫比乌斯函数解决。

综上所述，这两道题目在博客和评论区中被提及，且在本质上是相似的。
103678,经过仔细检查博客内容及其评论区，我没有发现两道不同的编程题目出现雷同、冲突或撞题的信息。每条评论都集中在各自的题目上，没有提到两个不同的题目有相同或相似的问题背景、要求或解决方案。

具体来说：

1. Qingyu 提供了对 Day 2 Problem 3 (Good Game) 的详细解题思路和代码实现。
2. Aaeria 提供了 P5 的解题思路。
3. 另外的评论讨论了 Day 1 的题目和其他相关问题，但每个评论都是针对单个题目进行的讨论，并没有提及两个不同题目有雷同或冲突之处。

因此，根据提供的信息，可以确定该博客及评论区没有包含两道不同的编程题目出现雷同或冲突的情况。
103636,根据你提供的博客内容和评论，我们可以发现以下情况：

博客中描述了一个问题，要求计算在给定的股票利润数组中，对于每个查询值，有多少种方式可以选择这些利润值，使得所选利润值的总和大于或等于查询值。并且在每一天，所获得的利润会逐天减半（只保留整数部分）。

评论区中的第0条评论由用户`ShivanshJ`提到，但没有直接提供具体的题目链接或描述，只是给出了一个提示。

关键在于评论区中的回复由用户`code_tycoon`指出，该问题与LeetCode上的某个面试题几乎相同，并且提供了具体的链接：https://leetcode.com/discourse/topic/2115157/amazon-placement-hackathon-2022/

因此，可以得出结论，在这篇博客及其评论区中，确实存在两道相似的问题，即博客中提到的问题和LeetCode上的题目是本质相同的。

- 博客中的问题：关于股票利润的组合选择问题。
- LeetCode上的题目：链接为 https://leetcode.com/discourse/topic/2115157/amazon-placement-hackathon-2022/

总结：这两道题目的本质是相同的，都在讨论如何从给定的利润数组中找到满足条件的组合数量。因此，它们之间存在雷同的情况。这一信息出现在博客的评论区中，具体是在用户`code_tycoon`的回复里。
103490,在这篇博客及其评论中，确实提到了两道相似的编程题目。具体来说，在评论#2中，用户Hasan0540提到另一道题“102191J - Graph to Grid”，这道题与博客中的问题有相似之处，但有一些关键的区别：

1. 博客中的问题是将一个特定类型的树（rect-tree）转换成网格。
2. 而102191J - Graph to Grid的问题是将一个图转换成网格，且这个图不一定是树形结构。

尽管这两道题目有一些不同之处（例如输入的图形类型不同），但是它们都涉及将某种图形转换成网格的问题，因此可以认为它们有一定的相似性。

以下是相关引用：

```plaintext
Hasan05402 years ago,
I find it as hard as finding a Hamiltonian path; replacing a few edges in a Hilbert curve would make a complex case for backtracking solutions.
If you're interested,
102191J - Graph to Grid
is similar but on a 2xN grid, and the graph is not necessarily a tree.
```

总结：这两道题目虽然不完全相同，但在问题设定上有一定的相似性，都是将某种图形转换成网格的问题。第一道题目是特定类型的树（rect-tree）转换成网格，而第二道题目是更一般的图转换成网格。因此，可以认为这两道题目在某种程度上存在相似性或雷同之处。
103358,根据提供的博客内容和评论区信息，没有明确的证据表明两道不同的编程题目出现了雷同、冲突或撞题的情况。

评论区中提到的一些问题主要是关于比赛期间遇到的技术问题（例如服务器错误、内部错误等），还有一些讨论关于如何解决特定的问题（如DEARRANGE问题的解决方案）。但这些讨论并没有涉及到两道不同题目的本质相同或相似的情况。

唯一的可能相关之处在于评论#7和评论#22中的用户提到了“again same problem”，但是这似乎是在抱怨比赛中的技术问题或重复出现的技术故障，而不是指题目本身的重复或雷同。

因此，从提供的信息来看，没有发现两道不同题目雷同或冲突的情况。如果需要进一步确认，可以检查更多具体的题目描述和细节。
103283,根据提供的博客内容和评论，确实存在一些用户认为问题F与之前遇到的问题有相似之处。具体来说：

- **hunter_of_alts** 提到他认为曾经在Codeforces或其他地方见过问题F。
- **Koful123** 表示虽然不完全相同，但问题F确实很相似。
- **cr0w** 认为问题F非常类似于这个链接中的问题：[链接](https://codeforces.com/contest/484/problem/E)。

尽管这些评论并没有明确指出这两道题是完全相同的问题，但是确实提到了相似性。特别是**cr0w**提供的链接指向了一个Codeforces上的问题，该问题涉及使用持久化线段树处理区间更新和点查询的问题。

根据评论内容，我们可以推断出以下结论：
- 博客中提到的NOMURA编程竞赛2022（AtCoder初学者比赛253）中的问题F与Codeforces上的问题484E有相似之处。

因此，可以认为博客中的问题F与Codeforces上的问题484E有相似性，这可能被视为“雷同”或“相似”的情况。

**具体位置**：
- 博客本身没有直接提及相似性，但评论区中的讨论提到了这一点。具体的评论位于评论#4部分。

**两道题目**：
- 源自NOMURA编程竞赛2022（AtCoder初学者比赛253）中的问题F。
- 来源：Codeforces上的问题484E，链接为：[https://codeforces.com/contest/484/problem/E](https://codeforces.com/contest/484/problem/E)。
103255,从提供的博客内容来看，博客本身讨论的是一个排序问题，具体来说是如何通过交换数组中的元素来将数组排序，并提出了基于图论的方法来解决这个问题。然而，博客中并没有明确提到第二个与之相关的编程题目。评论区中只有一条评论指出了这个问题实际上是NP完全问题，并且之前已经在Codeforces（CF）上被问过。

因此，根据所提供的信息，我们不能确定这两篇博客或评论区中涉及了两道本质相同或相似的编程题目。评论区中提到的问题已经被确认为NP完全问题，但没有提供具体的问题来源或链接，也没有提及具体的第二个编程题目。

如果要判断是否存在两道题目雷同、冲突或撞题的情况，我们需要更多关于第二个编程题目的详细信息。目前提供的信息不足以做出这样的判断。如果有其他评论或博客内容涉及到另一个具体的编程题目，我们可以进一步分析。
102995,经过仔细检查提供的博客内容和评论区，没有发现两道不同的编程题目出现雷同、冲突或撞题的情况。每道题目都有其独特的背景、描述和解决方案。例如：

- A: Digit Minimization（数字最小化）
- B: Z mod X = C（模运算问题）
- C: Column Swapping（列交换问题）
- D: Traps（陷阱跳跃问题）
- E: MEX vs DIFF（最大未出现值与差异）
- F: Diverse Segments（多样段落问题）
- G: Euclid Guess（欧几里得猜数问题）
- H: Hard Cut（硬切割问题）

每道题目都涉及不同的算法和数据结构，且它们之间没有重复或类似的实质内容。

评论区主要集中在对各个题目的讨论、解题思路以及一些具体的实现细节上，也没有提到任何题目间的雷同或冲突。因此，根据提供的信息，可以确定这些题目并没有出现雷同或冲突的情况。
102920,在这篇博客中，博主分享了两段非常相似的代码，一段得到了正确答案（AC），另一段则得到了错误答案（WA）。然而，这两段代码实际上是解决同一个问题的不同实现，而不是两道不同的编程题目出现雷同、冲突或撞题的情况。

具体来说，博客中的两段代码都是针对同一个问题的不同版本的解决方案。博主提到的问题编号为307094A，且提交的两次代码链接分别为：
- AC: [submission:157416384]
- WA: [submission:157415655]

从代码本身来看，两段代码处理的是同一个逻辑问题：在一个循环数组中找到一个子数组，使得子数组的和至少为给定值`p`，同时返回满足条件的最小子数组长度和结果。

两段代码的主要区别在于输出部分：
- 在AC版本中，输出格式为 `index+1 " " ans+res`
- 在WA版本中，输出格式为 `index " " ans+res`

此外，WA版本中的`ans`变量初始化为`LLONG_MAX`，而AC版本中初始化为`INT_MAX`。尽管这些差异导致了输出格式上的不同，但核心逻辑是一致的。

因此，这篇博客并没有涉及两道不同的编程题目出现雷同、冲突或撞题的情况。博主的问题在于两段代码的微小差异导致了不同的输出格式和运行结果，而不是两道题目的雷同或冲突。
102847,在这篇博客及其评论区中，并没有直接出现两道不同的编程题目出现了雷同、冲突或撞题的信息。博客和评论主要讨论的是`std::map`和`std::unordered_map`在执行`clear()`操作时的不同表现，特别是`std::unordered_map`在某些情况下可能会导致时间限制超出（TLE）的问题。

从内容来看，这些讨论集中在同一个问题上，即`std::unordered_map`在执行`clear()`操作时的时间复杂度问题，而不是两道不同题目的相似或冲突。因此，没有发现两道不同的编程题目的雷同或冲突的信息。

如果需要更具体的分析，可以关注以下几点：
- 博主提到使用`map.clear()`通过测试而`unordered_map.clear()`导致TLE。
- 评论中提到的一些解决方案，如自定义哈希函数等，都是为了优化`unordered_map`的表现，但并不是另一道不同的编程题目。

因此，总结来说，这篇博客和评论区并没有包含两道不同的编程题目出现雷同或冲突的信息。
102744,在这篇博客及其评论中，并没有明确出现两道不同编程题目的雷同或冲突信息。博主主要讨论了两种不同的区间操作问题：

1. Range Add, Point Sum（区间加法，单点查询）
2. Point Update, Range Sum（单点更新，区间查询）

这两道题目虽然都是基于段树的数据结构来解决的，但它们本质上是不同的问题，一个是区间加法，另一个是单点更新。

评论部分也没有提到任何关于两道题目雷同或冲突的内容。评论更多地集中在对段树实现细节的讨论以及对某些观点的补充说明上。例如，评论#4提到了另一种类似的结构（AICash segment trees），但并没有提到这两道题目存在雷同或冲突的问题。

因此，根据给出的信息，这篇博客和其评论区并没有包含两道不同编程题目雷同或冲突的信息。
102647,在这篇博客及其评论中，确实提到了一些编程题目之间存在雷同或相似的情况。具体来说：

- 博主提到ABC250G和CF865D，以及ABC250E和CF1253F是本质上相同的题目。
- 在评论区，用户lycmd3年前提到多个AtCoder Beginner Contest (ABC) 中的问题与Codeforces或其他平台上的问题非常相似或几乎相同。

以下是具体的例子：

1. **ABC250G 和 CF865D**：
   - 来源：ABC250G 和 CF865D
   - 链接：虽然博客中没有提供具体的链接，但可以通过搜索引擎找到这两个题目的详细信息。
   
2. **ABC250E 和 CF1253F**：
   - 来源：ABC250E 和 CF1253F
   - 链接：同样地，这些题目也可以通过搜索引擎找到具体的题目描述和讨论。

此外，评论区还提到了其他类似情况，例如：

- **ABC248G 和 CF990G**
- **ABC246G 和 Luogu P3554**
- **ABC242F 和 Luogu P3158**
- **ABC241G 和 UVA1306**
- **ABC239G 和 Luogu P4662**
- **ABC238G 和 Luogu P5071**
- **ABC237G 和 Luogu P2824**
- **ABC236G 和 Luogu P2886**

这些评论表明，在AtCoder的ABC比赛中出现了一些与Codeforces或其他平台上已经存在的问题相似甚至相同的情况。这引发了关于公平性和创新性的讨论。
102631,经过仔细阅读和分析博客内容，我没有发现两道不同的编程题目出现了雷同、冲突或撞题的信息。每道题目都有其独特的背景描述、解题思路和解决方案，没有明显的重复或类似之处。具体来说：

1. **1678A - Tokitsukaze and All Zero Sequence**: 讨论了一个序列中的零元素如何影响操作次数的问题。
2. **1678B1 和 1678B2 - Tokitsukaze and Good 01-String (easy version 和 hard version)**: 这两道题目讨论了如何通过修改相邻不相等字符来减少连续段的数量，但它们是不同难度版本的问题。
3. **1677A - Tokitsukaze and Strange Inequality**: 讨论了一种计算特定区间内满足条件的对数的方法。
4. **1677B - Tokitsukaze and Meeting**: 讨论了如何通过移动学生进入会议厅来计算最终答案。
5. **1677C - Tokitsukaze and Two Colorful Tapes**: 讨论了如何填充循环数组以最大化得分。
6. **1677D - Tokitsukaze and Permutations**: 讨论了如何通过给定的数组推导出唯一的排列。
7. **1677E - Tokitsukaze and Beautiful Subsegments**: 讨论了如何使用单调栈和线段树解决区间查询问题。
8. **1677F - Tokitsukaze and Gems**: 讨论了如何计算路径贡献的动态规划问题。

这些题目各自有不同的背景和解决方法，因此没有出现雷同或冲突的情况。如果需要更详细的解释或有其他疑问，请告诉我！
102581,在这篇博客及其评论区中，确实提到了两道题目存在雷同或相似的情况。具体来说，评论#2和#3提到AtCoder的ABC250中的问题G（G题）与Codeforces上的CF865D题目相同。此外，评论#3还提到Ex题目与CF1253F题目几乎相同。

以下是相关信息的具体位置：

- 评论#2: “The 250th ABC,cheers!”
- 评论#3: “G is the same as CF865D. And Ex is almost the same as CF1253F.”

涉及的题目如下：
1. AtCoder的ABC250 G题（链接：https://atcoder.jp/contests/abc250）
2. Codeforces的CF865D题（链接：https://codeforces.com/problemset/problem/865/D）

这两道题目被认为是本质相同的。

另外，评论#12也提到关于AtCoder的ABC250 D题的问题，但没有提到与其他题目的雷同或冲突。

综上所述，这篇博客的评论区确实包含了两道不同的编程题目出现了雷同的信息。
102176,从你提供的博客内容来看，这个博客主要是讨论了一个用户提交了两次相同的问题（即两次提交都是针对问题1669C），而不是讨论两道不同的编程题目出现了雷同、冲突或撞题的情况。因此，根据你的要求——查找两道不同的编程题目是否出现雷同、冲突或撞题的信息，在这段博客内容中并没有找到相关的信息。

博客中的评论主要集中在解释为什么会出现两次相同的提交，以及对系统识别机制的一些反馈，但没有提到两道不同题目的雷同、冲突或撞题问题。因此，无法指出具体的博客位置和题目来源来满足你的要求。
102172,经过仔细检查，这篇博客及其评论区并没有出现两道不同的编程题目雷同或冲突的情况。每篇题解都专注于各自的题目和解法，没有发现重复或本质上相同的问题描述。

如果需要进一步检查特定部分或有其他问题，请告诉我！
102085,经过仔细阅读博客内容，我没有发现两道不同的编程题目出现了雷同、冲突或撞题的信息。博客主要讨论的是$k$最短路径问题及其解决算法，包括Eppstein算法的不同实现版本。博客中提到的一些编程问题和算法实现细节，但并没有明确指出两道不同的编程题目存在雷同或冲突的情况。

博客中提到了几个与$k$最短路径问题相关的应用，例如：

- K-Shortest Walk（在Library Checker上的问题）
- Shortest paths（ACMSGURU问题集中的问题）

但是这些并不是两道不同的编程题目之间的雷同或冲突，而是使用了类似的算法来解决不同类型的问题。

如果需要进一步澄清或有其他具体的疑问，请告诉我！
102079,从你提供的博客内容来看，这篇博客并没有直接提到两道不同的编程题目的雷同、冲突或撞题的问题。相反，博客主要讨论的是两位用户（iulia.ela.morariu和tudor）在比赛中的行为，怀疑他们互相协作或抄袭彼此的代码提交。

博客中提到的“same solutions”指的是他们在同一时间间隔内提交了相同的答案，但这是针对同一个问题的不同提交，而不是两道不同题目的雷同或冲突。

博客中的评论部分也没有提到任何关于两道不同编程题目的雷同或冲突的信息。评论#0提到了链接格式的问题，而评论#1提到了另一个用户top_06试图绕过抄袭检查的方法，但这与题目本身的雷同或冲突无关。

因此，根据提供的信息，这篇博客及其评论区并没有包含两道不同的编程题目出现雷同或冲突的信息。
102042,根据提供的博客内容，没有明显的迹象表明两道不同的编程题目存在雷同、冲突或撞题的情况。博客主要描述了各个问题的解决方案和算法思路，而没有提到两道题目本质上相同或相似的内容。

唯一值得注意的是，在评论部分中提到了一些题目与之前其他竞赛中的题目相似：

1. **评论#4** 中提到：
   - 问题G（1662G - Gastronomic Event）与以前的问题相似，链接分别为：
     - https://dmoj.ca/problem/cco19p3
     - https://szkopul.edu.pl/problemset/problem/3bBT-3VuSu78UsxTQSwaJzVo/site/?key=statement
   - 问题L（1662L）与以前的问题相似，链接为：
     - https://codeforces.com/problemset/problem/76/F

尽管如此，这并不意味着这两道题目在当前博客中出现了雷同或冲突，只是它们在其他平台上有类似的问题。问题L被明确标记为经典问题，因此认为重复出现是合理的。

综上所述，博客本身并没有包含两道不同题目雷同或冲突的信息。
101873,根据提供的博客内容和评论区信息，确实存在关于两道题目的雷同或冲突的讨论。具体来说，在评论区的第9条评论中，用户“nor”提到：

> Looks like E was this problem verbatim and F was this but with implementation issues in the intended solution.

这表明用户认为题目E和题目F在某种程度上是相同的或非常相似的，只是F题在实现上有一些问题。

但是，博客本身并没有提供具体的题目链接或来源。因此，我们无法直接指出这两道题的具体来源或链接。不过，从评论中可以推断出，在这场名为CoDeft 2.0的比赛中，至少有两道题目（E和F）被认为是雷同或非常相似的。

为了更详细地回答这个问题，我们需要更多关于题目E和F的具体描述或链接，但根据现有信息，可以确认评论区中的确提到了两道题目存在雷同或冲突的情况。
101644,在这篇博客及其评论区中，并没有直接提到两道编程题目出现雷同、冲突或撞题的信息。相反，评论区主要是关于一个竞赛跟踪网站的讨论。具体来说：

- **评论#0** 和 **评论#1** 提到了一个竞赛挑战以及作者创建的一个竞赛跟踪网站（<https://contestforces.netlify.app/>）。
- **评论#1** 中的用户@cirex提到了自己也创建了一个类似的排行榜网站，并且分享了链接。

这里的关键点在于：
- 两个用户分别创建了各自的竞赛跟踪网站。
- 他们提到的是各自创建的网站，而不是同一个竞赛题目的不同版本或变体。

因此，在这段博客和评论中并没有发现两道不同的编程题目出现雷同、冲突或撞题的信息。两者的讨论重点都是关于各自创建的竞赛跟踪网站，而不是针对某一道编程题目的实现或描述。
101576,在这篇博客中，并没有出现两道不同编程题目的雷同、冲突或撞题的信息。博客内容主要集中在描述和解释一道特定的博弈论问题，即CF1033G题目。博客作者详细阐述了如何解决这个问题，包括其数学模型和算法实现。

博客中的评论也没有提到任何关于两道不同题目雷同、冲突或撞题的内容。评论主要集中在对博客本身的理解和讨论，例如评论#2提到SG函数（Sprague-Grundy函数）是否适用于该问题，以及评论#3则质疑该博客内容是否为抄袭（但并未提供具体另一篇博客或文章作为对比）。

因此，根据提供的信息，这篇博客及其评论区并没有涉及两道不同编程题目的雷同、冲突或撞题的信息。
101397,Based on the content of the blog and its comments, there are no indications of two different programming problems appearing to be essentially the same or conflicting with each other. The discussions primarily revolve around problem-solving strategies, specific issues encountered in certain problems, and clarifications about the problems themselves.

However, there are instances where different users discussed various approaches to solving the same problem, particularly Problem C ("Get an Even String"). Some users proposed dynamic programming solutions, while others suggested greedy algorithms. These discussions show different methods to tackle the same problem but do not indicate that the problems themselves are duplicated or conflicting.

To summarize:
- There are no instances where two distinct problems appear to be the same or conflicting.
- Discussions focus on various solutions and strategies for solving individual problems.

If you have specific concerns about a particular problem or set of problems, feel free to provide more details, and I can help analyze further.
101372,在这篇博客和其评论区中，确实提到了两道相似的编程题目。具体来说：

在评论#1中，用户“2_3_3”提到：“Check this problem. The solution to this one is similar to your problem.” 这表明另一道问题与博客中的问题（Problem A）非常相似。

然而，评论中并没有提供具体的另一道题目的链接或来源。因此，我们无法明确指出这两道题目的具体来源或链接。但可以确定的是，根据用户的描述，存在另一道题目的解决方案与博客中的问题（Problem A）非常相似或相同。

所以，总结来说，在这个博客及其评论区里，确实有提到两道相似的编程题目，但是没有明确指出另一道题目的具体来源或链接。如果需要进一步分析，可能需要更多上下文信息来明确另一道题目的具体内容。
101354,在这篇博客中，并没有明确提到两道不同的编程题目出现雷同、冲突或撞题的信息。相反，博客主要讨论了几个不同问题如何可以被转化为最小割（minimum cut）问题来解决，包括项目选择问题（project selection problem）、闭包问题（closure problem）以及一些抽象的例子。

博客作者指出这些问题是等价或非常相似的，并且可以通过相同的建模方法来解决，但这并不意味着它们是重复的问题。实际上，博客的目的正是展示这些问题之间存在的一种共性，即它们都可以通过最小割/最大流的方法来解决。

因此，在这个博客及其评论区中，没有发现两道不同的编程题目出现了雷同或冲突的信息。评论区主要是对博客内容的一些正面反馈和幽默的互动，并未涉及任何关于题目重复或冲突的讨论。
101337,根据提供的博客内容，没有明确提到两道不同的编程题目出现雷同、冲突或撞题的情况。相反，讨论主要集中在了同一个问题（Problem A）上，博客作者和另一位用户kHarsh3715提交的代码在实现上有很高的相似度，但这是由于他们使用了简单的算法实现、通用的变量名以及清晰易读的编码风格所致。

博客中提到的相似性仅限于针对同一个问题（Problem A），而并没有提到另一道题目的相似性或冲突。因此，根据所提供的信息，无法指出两道不同的编程题目的雷同或冲突情况。

如果需要进一步分析，可能需要更多关于其他题目提交的具体信息。但从现有内容来看，没有发现两道不同题目之间存在雷同或冲突的信息。
101271,根据提供的博客内容和评论，没有明确的证据表明两道不同的编程题目出现了雷同、冲突或撞题的情况。博客主要讲解了如何在树结构中寻找直径及其应用，而评论部分则是对相关问题和题目的讨论与补充。

从博客内容来看，作者主要是通过讲解一个核心概念——树的直径，并给出了一些实际的应用示例，如1004E - Sonya and Ice Cream、151009669633F - The Chocolate Spree以及1510189411434D - Roads and Ramen等。这些示例虽然都涉及到了树的直径，但它们所解决的问题并不相同。

评论区中提到的一些其他问题（例如1404B - Tree Tag、1617E - Christmas Chocolates等）也是独立的问题，并且它们各自有不同的背景和要求，尽管它们都可能涉及到树的直径这一概念，但并没有出现两道题目本质上完全相同的情况。

总结来说，在所提供的博客内容和评论中，并未发现有两道不同的编程题目出现了雷同、冲突或撞题的信息。
101211,Based on the provided blog content and comments, there is no indication that two different programming questions have appeared with significant overlap, conflict, or similarity that would suggest a duplication issue. Each problem appears to cover distinct concepts and solution strategies:

1. **Good Pairs (Problem A)**: Focuses on finding pairs of indices in an array such that the maximum and minimum values of the array are used to determine the pairs.
2. **Subtract Operation (Problem B)**: Involves removing elements from a set and checking if a certain difference can be achieved.
3. **Make Equal With Mod (Problem C)**: Deals with transforming an array into a uniform value using modulo operations.
4. **K-good (Problem D)**: Checks if a number can be represented as the sum of the first k natural numbers.
5. **Equal Tree Sums (Problem E)**: Requires coloring a tree and ensuring all subtrees have equal sums.
6. **Parametric MST (Problem F)**: Focuses on constructing a Minimum Spanning Tree under varying conditions.
7. **Cycle Palindrome (Problem G)**: Involves creating a permutation that results in a cycle palindrome.
8. **Equal LCM Subsets (Problem H)**: Ensures subsets of arrays have the same LCM.
9. **Neighbour Ordering (Problem I)**: Determines if a graph can have a specific ordering of neighbors.

Each problem introduces unique challenges and solutions, and there is no apparent overlap or conflict among them. Therefore, no two distinct problems are essentially the same or similar in a way that would indicate a duplication issue.
101108,根据提供的博客内容和评论，确实存在两道题目雷同的信息。具体来说，在评论区中，用户`trie_and_fail`指出了一道题目与互联网上已有的题目相同，并且用户`Venti_chai`也提到“Mexy Array”这个题目与另一个题目非常相似。

相关评论如下：

- `trie_and_fail`的评论：
  ```
  This is same as today's contest problem.
  ```

- `Venti_chai`的评论：
  ```
  Mexy Array is pretty much this same problem
  ```

但是，从评论内容中并没有明确指出这两道题的具体来源或链接。因此，虽然可以推测出评论区中提到了两道相似的题目，但无法明确指出具体的题目来源或链接。

总结：评论区中的确提到了两道相似的编程题目，但由于没有提供足够的细节，我们无法确切地指出这两个题目的具体来源或链接。
101026,从提供的博客内容来看，这里并没有提到两道不同的编程题目出现雷同或冲突的情况。相反，博主展示了两段不同的代码实现来解决同一个问题，并且讨论了为什么这两段代码在性能上有所差异。

- **Code 1** 和 **Code 2** 是解决同一个问题的不同方法，而不是两道不同的题目。
- 博主的问题在于为什么其中一个代码（Code 2）会超时（TLE），而另一个（Code 1）则能通过所有测试用例。

**评论区**中提到的 `max_element` 函数在两者中的使用本质上是相同的，因此认为两段代码的时间复杂度应该是相似的。评论者提出了两种可能的原因来解释为什么这两个实现会有不同的性能表现：
1. 一个实现接近于时间限制。
2. 当输入数组为空时，两个实现返回的结果不同。

根据这些信息，我们没有发现两道不同的编程题目出现雷同或冲突的内容。相反，这里是在探讨同一个问题的不同实现及其性能差异。因此，根据你的要求，没有找到包含两道不同题目雷同或冲突的信息。
100938,根据提供的博客内容和评论区讨论，没有明确出现两道不同的编程题目存在雷同、冲突或撞题的信息。每道题目都有其独特的背景和解决方法，且没有直接表明两道题目是本质相同或相似的情况。

以下是几个关键点：

1. **博客内容**：
   - 博客中详细描述了六个不同题目的解决方案和思路，包括题目名称（如1659A - Red Versus Blue、1659B - Bit Flipping等），每个题目都包含详细的解释、提示和代码实现。
   
2. **评论区讨论**：
   - 评论区主要集中在对各个题目的讨论，包括题目难度、实现复杂度、观察点等，但没有提到两道题目的核心问题或解法有重复或冲突的情况。

综上所述，根据提供的信息，没有发现两道不同的编程题目出现了雷同或冲突的信息。如果需要进一步确认，可以检查是否有评论区的用户提到了具体的相似性问题，但目前看来并未发现这样的内容。
100910,经过仔细阅读提供的博客内容，可以确认在这篇博客及其评论中没有发现两道不同的编程题目出现雷同、冲突或撞题的信息。每一道题目都是独立介绍和讨论的，虽然有些技巧或方法在不同问题中被提及，但它们都是针对各自问题的不同方面。

具体来说：

1. **第一部分**介绍了几种常见的小技巧和算法，比如内存优化、避免日志操作、平方根优化等。
2. **第二部分**到**第十部分**分别介绍了不同类型的算法问题，包括可达节点问题、Mo's 算法优化、背包问题优化、树形动态规划等。

评论部分也主要集中在对博客内容的补充和讨论上，如对某些算法复杂度的解释、实际应用案例等，而没有提到两道题目之间的雷同或冲突。

因此，根据你的要求，这篇博客及其评论区并没有包含两道不同的编程题目出现雷同或冲突的信息。
100734,经过仔细检查，该博客文章及其评论区并没有显示出两道不同编程题目的雷同、冲突或撞题的信息。评论主要集中在比赛的问题、解决方案、代码实现以及参赛者对比赛的感受等方面。评论中没有提及两道题目本质上相同或相似的情况。

如果要找出雷同或冲突的题目，通常需要看到具体的题目描述或代码实现，并对比其核心问题和解决方法。在这篇博客及其评论中，并未提供足够的信息来证明这一点。因此，根据提供的内容，可以认为博客和评论区没有包含两道不同编程题目出现雷同或冲突的信息。
100733,从提供的博客内容来看，其中并没有直接提及两道不同的编程题目出现了雷同或冲突或撞题的信息。相反，博客内容主要集中在博主对于其在某个竞赛中提交的代码被系统判定为与他人代码存在雷同而感到困惑和不满的情况。

具体来说，博主提到的是他的解题方法与他人在同一个竞赛中的解题方法有显著的重合，这导致了他的账号受到了处罚。博主认为这种重合是因为他参考了之前发布的一个博客（发布于2016年）来解决竞赛中的问题G。博主质疑为什么参考了同样的公开资源，但得到的处理结果不同。

但是，这里并没有明确提到两道不同的编程题目本身存在雷同或冲突，更多的是讨论博主个人遇到的问题以及对规则执行公平性的质疑。

因此，根据你的要求，这段博客及其评论区并没有包含两道不同的编程题目出现雷同或冲突的信息。
100686,在这篇博客和其评论区的内容中，确实存在两道题目雷同的情况。具体来说，在评论区的第2条评论中提到了这一点：

评论#2：
```
Now that the contest is over, I want to point out a huge flaw: Problem Max Heat (COST_MANIA) is same as 1554B Cobb with OR operation being changed to XOR operation and a simple check for A[i] <= j.
```

从这段评论可以看出，CodeChef Starters 29中的“Max Heat”（也称为“COST_MANIA”）与Codeforces上的问题1554B “Cobb”本质上是相同的题目，只是将OR操作符改为了XOR操作符，并添加了一个简单的条件检查A[i] <= j。

这两道题的来源和链接如下：
1. **CodeChef Starters 29** 中的 "Max Heat" 或 "COST_MANIA"
   - 参与的博客内容中没有直接给出具体的链接，但可以确定这是CodeChef Starters 29的一部分。
   
2. **Codeforces** 上的问题 1554B "Cobb"
   - 链接为：https://codeforces.com/problemset/problem/1554/B

总结：在博客的评论区，特别是评论#2中指出了两道题目之间的雷同关系。
100675,在这篇博客及其评论区中，并没有直接提到两道不同编程题目的雷同、冲突或撞题信息。博客主要描述了一次Codeforces比赛的情况和一些参赛者的感想，而评论区主要是对题目难度、实现细节以及比赛结果的讨论。

不过，在评论区中有一个值得注意的地方，即用户ZBHRuaRua提到的问题G与POJ上的一个题目高度相似，这引发了关于抄袭或非法使用他人代码的问题。具体来说：

- ZBHRuaRua 提到他在解决Codeforces上的问题G时，参考了一个2016年发布的博客（https://www.cnblogs.com/xingxing1024/p/5224363.html），该博客包含了一个类似问题的解决方案。
- ZBHRuaRua 因此被系统告知存在作弊行为，并且被取消了成绩。

虽然这个情况涉及到两道题目的相似性，但并没有明确指出这两道题目在本质上是相同的或相似的。它更多地反映了参赛者因参考之前的问题解决方案而产生的争议。

总结：在这篇博客和评论区中，并没有明确出现两道不同编程题目的雷同或冲突信息。ZBHRuaRua 的评论只是提到了相似问题的存在，但这并不意味着题目本身是相同的或相似的。
100208,经过仔细阅读和分析提供的博客内容及评论，我没有发现两道不同编程题目出现雷同、冲突或撞题的信息。博客内容主要是关于一场Codeforces竞赛的通知、赛题难度、时间安排、参赛者的反馈等，并没有提到两道题目的内容相似或本质上相同的情况。

评论区的内容也主要集中在具体题目的解法、复杂度、测试用例等方面，没有明确指出两道题目的本质相同或相似的问题。

因此，根据提供的信息，可以得出结论：该博客及其评论区没有包含两道不同的编程题目出现雷同或冲突的信息。
100127,经过仔细检查提供的博客内容和评论区，没有发现两道不同的编程题目出现雷同、冲突或撞题的信息。每篇博客讨论的是不同的问题，尽管有些问题可能有相似之处，但它们本质上是不同的题目。

例如：
- 1654A 提到了蛋糕最大美味度问题。
- 1654B 讨论了前缀移除的问题。
- 1654C 是关于分蛋糕的问题。
- 1654D 是关于树上路径的问题。
- 1654E 是关于算术运算的问题。
- 1654F 是关于最小化字符串异或的问题。
- 1654G 是关于滑雪山的问题。
- 1654H 是关于三个最小值的问题。

每一篇博客都有其独特的问题描述和解决方案，且评论区主要讨论的是各自题目的实现细节和可能的解法。

因此，从提供的信息来看，没有发现两道不同题目雷同或冲突的情况。
99883,经过仔细检查提供的博客内容和评论区信息，我没有发现两道不同的编程题目出现了雷同、冲突或撞题的信息。每篇博客的内容都专注于一个特定的编程问题，并且提供了详细的解释和解决方案。评论区的讨论主要集中在对解题方法的理解、代码实现的细节以及算法复杂度的分析上，而没有出现两个题目本质上相同或相似的情况。

如果你有其他具体的博客链接或评论内容需要检查，请提供更详细的信息，我可以进一步帮助你分析。
99849,在这篇博客及其评论区中，并没有出现两道不同的编程题目出现了雷同、冲突或撞题的信息。博客和评论主要讨论的是`std::function`与普通函数、lambda表达式之间的区别和使用场景。

唯一接近于题目比较的内容出现在评论#3，但这也是对同一个问题（计算阶乘）的不同实现方式的对比，而不是两道不同题目的雷同或冲突。具体如下：

```cpp
// 第一个代码示例
#include<bits/stdc++.h>
using namespace std;
int a;
int factorial_of_a(){
    int x = 1;
    for(int i = 1; i <= a; i++)
        x *= i;
    return x;
}
int main(){
    a = 10;
    cout << factorial_of_a() << '\n';
}

// 第二个代码示例
#include<bits/stdc++.h>
using namespace std;
int main(){
    int a = 10;
    function<int()> factorial_of_a = [&](){
        int x = 1;
        for(int i = 1; i <= a; i++)
            x *= i;
        return x;
    };
    cout << factorial_of_a() << '\n';
}
```

这两个示例都是计算一个全局变量`a`的阶乘，只是实现方式不同，一个是通过普通函数，另一个是通过`std::function`封装的lambda表达式。这并不是两道不同的编程题目，而只是同一个问题的不同实现方法。

因此，根据你的要求，这里并没有发现两道不同的编程题目出现雷同或冲突的信息。
99693,从提供的博客内容和评论来看，并没有明确提到两道不同的编程题目出现雷同、冲突或撞题的信息。评论只是将博客中的建议类比于另一个更加通用的说法，但并没有具体提及两道题目的细节或链接。

如果要更准确地判断是否存在雷同或冲突的问题，我们需要更多关于博客具体内容以及涉及的题目的详细信息。例如，博客中是否有提到具体的编程问题，或者评论者是否提到了具体的题目链接等。

因此，根据当前提供的信息，无法指出两道题目存在雷同或冲突的情况。如果有更多信息或具体内容，请提供以便进一步分析。
99671,根据提供的博客内容，这篇博客主要讨论的是父母安装监控软件来监管孩子手机使用行为的问题，并没有涉及到任何编程题目或相关的内容。因此，在这段博客及其评论区中并没有发现两道编程题目雷同、冲突或撞题的信息。

评论区中的讨论也只是集中在文章本身的话题上，即该文章的主题与某一公开考试的旧试题相同，而并未提及任何具体的编程题目或编程问题。因此，也没有找到任何关于编程题目的相关信息。

总结来说，这段博客和其评论区没有包含两道不同的编程题目出现雷同或冲突的信息。
99658,从提供的博客内容来看，并没有明确提到具体的两道编程题目的名称、来源或链接。因此，我们无法直接判断是否有两道不同的编程题目出现雷同或冲突的信息。

博客中讨论的是Pinely Treasure Hunt Contest的问题与Google Hash Code的问题之间的相似性。作者主要是寻求对这两种比赛问题的比较意见，特别是对于那些曾经参加过Google Hash Code的人。但是，这里并没有具体提及任何两道题目的细节或链接，也没有直接指出它们在本质上是相同的或相似的。

如果要更准确地回答这个问题，需要更多的具体信息，比如具体的题目描述、出处等。目前提供的信息不足以判断是否存在雷同或冲突的题目。如果有进一步的具体题目描述或链接，可以提供更详细的分析。
99649,根据提供的博客内容，没有直接提到两道不同的编程题目出现雷同、冲突或撞题的信息。大多数评论和讨论集中在具体的解题方法和思路，而没有明确指出两道题目本质上相同或相似。

不过，在评论中有一些间接的提示，可以推测出某些题目可能存在相似之处：

1. **评论#2** 中提到“第2题是这个CSES问题的更难版本”：
   - 评论者暗示P2与某个CSES问题有相似性，但并未提供具体链接。

2. **评论#7** 中提到“P6: 问题G的这个链接”：
   - 这里暗示P6与某个名为“问题G”的题目有相似性，且提供了链接（尽管链接未给出）。

3. **评论#10** 中提到“https://codeforces.com/blog/entry/82163?#comment-690084”：
   - 这个链接似乎指向一个关于P6的讨论，暗示该问题与Codeforces上的某个解决方案有关联。

虽然上述评论暗示了某些题目之间的相似性，但没有明确指出它们是完全相同或存在雷同或冲突的问题。因此，基于提供的内容，我们不能确定地指出两道题目之间存在雷同、冲突或撞题的情况。如果要确认这一点，需要进一步的信息或具体的题目链接来验证。
99579,经过仔细检查提供的博客内容，没有发现两道不同的编程题目出现雷同、冲突或撞题的信息。博客主要讨论的是即将举行的Codeforces Round #770 (Div. 2)比赛，以及参赛者和评论者对这次比赛的一些看法和感受，包括对比赛题目的难度、设计等方面的评价。

在评论中确实有一些关于特定题目的反馈，比如对题目B的抱怨和对题目C和D的赞赏，但这些反馈并没有提到两道不同的题目在本质上相同或相似的情况。

因此，根据所提供的信息，可以得出结论：该博客及其评论区并未包含两道不同编程题目出现雷同或冲突的信息。
99485,从你提供的博客内容来看，博客本身讨论的是一个特定的问题，即在一个无向图中寻找与给定路径最相似的路径。这个博客并没有直接提到两道不同的编程题目出现雷同、冲突或撞题的情况。然而，根据评论部分，可以发现一些相关信息。

评论区中的两个链接指向了两个不同的LeetCode问题：

1. [LeetCode Problem - 最相似路径](https://leetcode.com/problems/the-most-similar-path-in-a-graph/)
2. [LeetCode Discuss - 路径的最小编辑距离转换](https://leetcode.com/discuss/interview-question/751787/google-on-site-smallest-edit-distance-to-convert-path)

这两个链接指向的问题看起来非常相似，都涉及到在一个图中找到与给定路径最相似的路径。虽然它们不是完全相同的问题，但它们有类似的目标和约束条件。因此，可以说这两个问题在某种程度上是相似的。

具体来说，在博客的评论区中，用户`navneet.h`分享了两个LeetCode问题的链接，这两个问题都涉及到了与博客所讨论的问题相似的情境。这表明可能存在两道题目在某种程度上是相似或雷同的。

总结：
- 博客本身没有提到雷同或冲突的问题。
- 评论区中提及的两个LeetCode问题链接指向的问题非常相似，有雷同的可能性。这两个链接分别是：
  - [LeetCode Problem - 最相似路径](https://leetcode.com/problems/the-most-similar-path-in-a-graph/)
  - [LeetCode Discuss - 路径的最小编辑距离转换](https://leetcode.com/discuss/interview-question/751787/google-on-site-smallest-edit-distance-to-convert-path)

这些链接可以在评论区中找到，具体是在评论#1由用户`navneet.h`提供的。
99462,在这篇博客及其评论区中，确实提到了两道编程题目之间可能存在雷同的情况，但主要是在博客的正文部分而不是评论区。具体来说：

博客作者提到：
- 在第一次由他主持的Codeforces竞赛中有一个问题：1345B - Карточные пирамиды（Card Pyramid）。
- 几乎两年后，在摩尔多瓦第一级州区域奥林匹克竞赛（OI）中出现了一个非常相似的问题。
- 作者认为这可能是故意的抄袭行为，因为这两个问题在描述、图片、约束条件和样例测试用例上都非常相似。

从这段描述可以看出，作者认为这两个问题（来源分别是Codeforces和OI）在本质上是相同的或非常相似的。

因此，根据您的要求，可以总结如下：

- 博客中存在两道编程题目雷同的信息。
- 这两个题目分别是：Codeforces上的1345B - Карточные пирамиды（Card Pyramid）和OI中的一个未明确指定名称的问题。
- 这些信息出现在博客的正文部分，而不是评论区。
99442,Based on the provided blog content and comments, there is no indication of two different programming questions appearing with significant overlap, conflict, or similarity that would suggest they are essentially the same problem. Each problem described in the blog appears to be distinct and focuses on different concepts and techniques:

1. **Problem A**: Focuses on binary strings and checking for palindromes.
2. **Problem B**: Deals with the construction of a permutation and the cost associated with it.
3. **Problem C**: Involves bitwise operations and manipulating two integers to achieve certain conditions.
4. **Problem D**: Addresses the identification of "bad segments" based on GCD values and optimizing their removal.
5. **Problem E**: Discusses tree structures and queries related to distances and diameters.

Each problem introduces unique challenges and solutions, and none of the comments suggest that any of these problems are fundamentally the same or have overlapping core concepts that would cause redundancy or conflict.

Therefore, there is no evidence of two different programming questions being essentially the same or conflicting within the provided blog post and its comments.
99384,经过仔细阅读和分析您提供的博客内容及其评论区，没有发现两道不同的编程题目出现了雷同、冲突或撞题的信息。每篇博客都详细介绍了不同问题的解决方法和思路，并且每篇博客中的题目都有明确的来源（如1631A、1631B等），它们都是独立的问题，没有出现重复或本质上相同的问题。

如果需要进一步确认某些具体细节或有其他特定要求，请告知我更详细的信息或具体的段落，我可以再次进行检查。
98798,在这篇博客及其评论区中，并没有直接提到两道不同编程题目的雷同、冲突或撞题的信息。评论区主要讨论的是比赛本身以及一些参赛者的经历和感想。唯一的接近相关的内容是评论#7中的Maksim1744提到：

> Problem G is very similar to https://codeforces.com/gym/103102/problem/F, just with one more dimension in dp

这条评论指出了TROC #25中的Problem G与Codeforces上的另一道题目（链接为https://codeforces.com/gym/103102/problem/F）非常相似，只是多了一维动态规划。这可以被视为两道题目的雷同或相似。

但是，这条评论并没有明确说明这两道题目是本质相同的或者存在冲突，只是指出它们在结构上有相似之处。因此，严格来说，这并不完全符合题目要求的“两道不同的编程题目出现了雷同或冲突或撞题”的情况。

总结：
- 博客内容没有涉及题目雷同、冲突或撞题的信息。
- 在评论区中，仅有一条评论（评论#7）提到了两道题目的相似性，但并未明确说明它们是本质相同或存在冲突。
98782,根据你提供的博客内容和评论，没有直接明确提到两道题目的具体描述或链接，只是提到了两道相关的问题。因此，我们无法直接从这段文本中确认这两道题目是否本质上相同或相似。

但是，根据评论中的描述，我们可以做一些推断：

- **评论#0** 提到的是一个与凸多边形有关的问题，而博客本身讨论的是关于圆的包含层次结构的问题。虽然两者都涉及到“非交集对象”的层次结构问题，但一个是圆，另一个是凸多边形。这表明它们是不同类型的几何对象，尽管处理方法可能有相似之处。
  
- **评论#1** 提供了一个链接（https://open.kattis.com/problems/bomas），但没有提供具体的题目描述。通常情况下，这个链接指向的是Kattis平台上的一个题目。然而，仅凭这个链接我们无法得知其具体内容，也无法确定它与博客中提到的圆的层次结构问题是否雷同。

总结：
- 没有足够的信息来证明两道题目是雷同的。
- 博客内容和评论中的信息不足以确认两道题目存在冲突或相似性。

如果需要进一步确认这两道题目是否存在雷同或相似性，建议查看评论#1中提供的链接的具体题目描述。
98762,从你提供的博客内容和评论来看，这里并没有明确提到两道不同编程题目的雷同或冲突。相反，博客和评论主要讨论的是Nim游戏的不同变种及其解法。特别是，评论中提到了一个对堆（heap）取模4的操作，但这并不是说两道题目本质上相同或相似，而是解释了这种操作如何影响游戏的结果。

具体来说：
- 博客作者提到了他解决了CSES上的两个问题：[1730](https://cses.fi/problemset/task/1730) 和 [1098](https://cses.fi/problemset/task/1098)。
- 评论中讨论了为什么对堆取模4不影响结果，并且解释了这种操作背后的逻辑。

因此，在提供的信息中，并没有出现两道不同编程题目的雷同或冲突的情况。如果确实存在这样的情况，需要更具体的描述或例子来识别。目前来看，这些题目讨论的是同一个游戏的不同变种，而不是两道本质相同的题目。
98747,在这篇博客及其评论区中，并没有明确提到两道不同的编程题目出现了雷同、冲突或撞题的信息。博客主要讨论的是一个特定问题——数组跳跃问题（minimum number of jumps to reach to the end of an array），并提供了相应的解决方案和遇到的问题（如 segmentation fault）。

评论区中的讨论主要是关于如何优化代码以避免错误，例如评论#1指出每次调用方法 `solve` 时都复制了数组 `arr[]`，建议直接传递指针以避免这个问题。评论#0提到可能是由于栈限制导致的段错误（segmentation fault），并提供了一些相关博客链接。

因此，根据提供的内容，没有发现两道不同编程题目的雷同或冲突信息。如果确实存在雷同或冲突的情况，通常会在评论区有明确的指出两道题目的来源和链接，但这里并没有这样的信息。
98709,在这篇博客及其评论中，确实提到了两道题目可能存在雷同的情况。

具体来说，在评论区的这一部分：

> "I will downvote because a similar problem is well-known and can be easily found on CodeChef. Moreover, all CodeChef submissions are public, and the very last of them has a clear solution that is easy to understand and adapt to our setting. tl;dr: find the answer for each bit separately; for 0-1 weights the problem can be solved with a dfs that counts odd and even descending paths."

评论者提到一个类似的题目可以在CodeChef上找到。虽然没有给出具体的题目链接，但评论者认为当前讨论的问题与CodeChef上的问题本质相同或相似。

因此，可以推断这两道题目是相似的。不过，博客本身并没有提供足够的信息来确定具体哪两道题目的链接。评论者只是提到了一个“well-known”（广为人知）的问题和CodeChef上的某个提交。

总结：
- 存在两道相似的题目。
- 具体题目链接没有明确指出，但评论者提到的题目可以在CodeChef上找到。
98670,经过仔细阅读博客和评论区的内容，我没有发现两道不同的编程题目出现雷同、冲突或撞题的信息。博客主要介绍了Quora编程挑战赛的相关信息，包括比赛时间、题目类型以及奖励等。评论区中讨论了去年的比赛题目、解题思路和具体实现等内容，但没有明确提到两道不同题目之间的雷同或冲突问题。

如果需要进一步检查某些特定的题目是否雷同或冲突，可以提供更具体的题目描述或链接，这样可以进行更精确的比对。目前提供的内容中，并未显示出明显的题目雷同或冲突的情况。
98388,在这篇博客及其评论区中，只有一条评论提到了两道题目的相似性问题。具体来说，在评论区的第8条评论中，用户harsh__h提到“Break And Fix The Tree”这道题与某个USACO的“link cut tree”问题相似。但这条评论并没有提供足够的信息来确定这两道题目是本质相同的还是完全一样的题目，只是说它们之间存在相似之处。

此外，博主gupta_nitin回复了harsh__h的评论，表示他们独立制作了这道题，并没有预料到会有link cut tree的解决方案，但他们的问题的预期解法是基于Query Sqrt分解的。

因此，根据提供的信息，这篇博客或其评论区并没有明确指出两道本质相同或相似的编程题目的雷同或冲突。唯一的相关评论也只是提到两道题目的相似性，而不是直接指出它们是相同的题目。如果需要进一步确认，可能需要更多的上下文信息或者具体的题目链接。
98376,经过仔细阅读博客内容及评论，没有发现两道不同的编程题目出现雷同、冲突或撞题的信息。博客主要讨论了一个扩展的线性基算法，该算法适用于向量空间中的不同模数情况。评论部分主要是对算法细节的讨论和优化建议，没有提及两道不同的题目存在雷同或冲突的情况。

总结：博客和评论区的内容没有涉及两道不同题目雷同或冲突的问题。因此，无需指出具体位置或题目来源。
98076,经过仔细检查提供的博客内容，我没有发现两道不同的编程题目出现雷同、冲突或撞题的信息。博客内容主要围绕着Codeforces Round 762 (Div. 3) 的比赛情况、问题讨论和一些用户之间的互动。并没有明确提到两道不同的题目在本质上是相同的或者有相似之处。

如果你有具体的题目来源和链接，可以提供更详细的信息，这样我可以帮助你进一步分析是否存在雷同或冲突的情况。目前提供的信息中没有涉及具体题目对比的内容。
98069,从提供的博客内容来看，该博客主要讨论的是关于某用户在竞赛中提交的代码与其他用户的代码存在雷同的问题，并且提到了一些关于规则违规的警告和申诉的建议。然而，博客中并没有明确提到两道不同的编程题目之间出现雷同或冲突的信息。

博客内容主要集中在以下几个方面：
1. 提醒用户注意代码雷同问题，并指出具体的一些用户ID和解决方案ID。
2. 强调了这种雷同是一种规则违规行为，包括无意泄露代码也是违规行为。
3. 用户对自己被误判为雷同代码表示不满，并请求平台进行检查。

因此，在这段博客内容中没有发现两道不同的编程题目出现了雷同或冲突的信息。博客中的讨论主要是围绕着一次具体的代码雷同事件，而不是两个不同的编程题目的雷同问题。
97876,在这篇博客中，作者提到了CodeForces和AtCoder两个平台上的两道题目存在雷同的情况。具体来说，作者提到CodeForces的第1585场竞赛的最后一题与AtCoder的一道题目非常相似，以至于有人可以直接复制答案从AtCoder的问题来获得分数。这被视为一个严重的问题。

相关链接如下：
- CodeForces题目：[1585F](https://codeforces.com/contest/1585/problem/F)
- AtCoder题目：[ARC115E](https://atcoder.jp/contests/arc115/tasks/arc115_e)

根据博客内容，这两道题目被指认为雷同或相似问题，因为它们在解题方法和内容上有很大的重叠。因此，这里确实存在两道不同平台的题目出现雷同或冲突的信息。
