97848,在这篇博客及其评论中，并没有明确指出两道不同的编程题目出现了雷同或冲突的具体例子。相反，博客和评论主要讨论了关于编程竞赛中题目被指控抄袭的问题，以及作者对这些指控的反驳。其中提到的一些问题实例主要是为了证明某个问题并非刻意抄袭，而可能是巧合。例如：

- 作者声称自己独立发明了844C - Sorting by Subsequences和1088D - Ehab and another another xor problem，尽管它们看起来相似。
- 作者还提到了其他一些例子，比如自己在比赛前已经发明了某些问题，如1501C - Going Home和arc130_d。

评论部分虽然有人质疑这种巧合的可能性，但并没有具体指出哪两道题是雷同或冲突的例子。评论更多的是围绕着如何防止类似情况的发生以及如何管理竞赛进行讨论。

因此，根据提供的内容，这篇博客及评论区并没有包含两道不同编程题目的雷同或冲突的信息。
97845,经过仔细阅读提供的博客内容和评论，我没有发现两道不同的编程题目出现雷同、冲突或撞题的信息。每道题目看起来都是独立设计的问题，具有各自独特的解题思路和方法。

评论区中有一些用户对某些问题的解法提出了疑问或者分享了他们不同的理解，但这些讨论并没有涉及到两道不同题目之间的雷同或冲突。例如，对于问题D（Yet Another Sorting Problem），一些用户讨论了如何判断一个排列是偶排列的方法，但没有提到这与另一道题目的雷同或冲突。

因此，根据提供的信息，没有找到两道不同的编程题目出现雷同或冲突的情况。如果需要进一步检查特定问题，请提供更详细的信息或特定的链接。
97711,从提供的博客内容来看，并没有明确提到两道不同的编程题目出现了雷同或冲突的情况。博客主要讨论的是如何构造一个测试用例，使得使用不同复杂度的Prim算法在运行时间上有显著差异。以下是博客中涉及的内容摘要：

1. **Libraion** 提供了一个O(N^2)版本的Prim算法实现链接（[这里](https://ideone.com/6O6oxw)），用于求解最小生成树问题。
   
2. **Errichto** 建议尝试压缩输入来区分两种算法的时间复杂度，给出了一个示例输入。

3. **ntquocson** 的评论与主题无关。

4. **smax** 提到了一个USACO的问题（[这里](http://usaco.org/index.php?page=viewproblem2&cpid=946)），该问题通过限制边的数量和权重来强制使用O(N^2)版本的Prim算法。此外，smax还提供了该问题的一个解决方案链接（[这里](https://usaco.guide/problems/usaco-946-i-would-walk-500-miles/solution)）。

5. **kristevalex** 提出了一个构造测试用例的方法，即在两个组之间设置较大的权重，在每个组内部设置较小的权重。

虽然提到了两个不同的问题（一个是Libraion的O(N^2)Prim算法实现，另一个是smax提到的USACO的题目），但这两者并没有显示出雷同或冲突。它们分别讨论了不同的算法实现和不同的问题背景。因此，根据提供的信息，没有发现两道不同的编程题目出现雷同或冲突的情况。
97620,根据提供的博客内容和评论，没有直接明确提到两道不同的编程题目出现雷同、冲突或撞题的信息。但是，在评论区中有一些间接的暗示，表明某些题目可能与其它题目有相似之处。

例如，在评论#21中，用户提到“Help Naman”问题与AtCoder上的某个问题非常相似：

```plaintext
ExplodingFreeze3 years ago,#|0Help Naman is identical to an AtCoder problem. I don't remember exactly which problem it is, but I remember we used the same problem for an internal club inductions contest.
```

此外，在评论#28中，用户提到一个问题可能是从另一个平台复制过来的：

```plaintext
CoderAnshu3 years ago,#|+77Ok cool, https://dmoj.ca/problem/bkoi11p5 many of the participants just copy pasted this and we wasted around 1hr. The constraints and sample input are same which means you intentionally copied this problem which is really too bad.
```

然而，这些评论并未明确说明这两道题目的具体来源或链接。因此，我们无法确定这两道题目是否属于“雷同、冲突或撞题”的情况。

总结来说，博客本身并没有包含两道不同编程题目雷同或冲突的信息。不过，评论区中有暗示某些题目可能与其他题目相似，但没有提供足够的细节来确认具体的题目来源或链接。
97328,在这篇博客及其评论区中，并没有直接提到两道不同的编程题目的内容，而是讨论了同一个问题的不同解法。具体来说，博客作者提出了一个关于数组路径最小成本的问题，并探讨了使用Dijkstra算法和动态规划（DP）两种方法来解决这个问题。评论者进一步解释了这两种方法实际上是等价的，只是思考角度不同。

因此，根据你的要求——寻找“两道不同的编程题目出现了雷同或冲突或撞题的信息”，这里并没有符合该条件的内容。博客及评论区讨论的是同一个问题的不同解决方案，而不是两道不同的题目出现了雷同或冲突。

如果需要更详细的分析或有其他具体博客内容需要检查，请提供更多信息。
97299,在这篇博客及评论区的内容中，并没有明确提到两道不同的编程题目出现了雷同、冲突或撞题的信息。评论区主要是针对具体题目F和G的讨论，以及对比赛题目的整体难度和类型的一些看法。例如：

- 评论#0中讨论的是关于题目F的问题，其中涉及动态规划的状态定义和实现细节。
- 评论#1和#2提到的是题目E和其他类似问题的关系，但并没有提供具体的另一道题目的链接或来源。
- 评论#3中提到的题目G与LeetCode上的一道题目有相似之处，但是没有明确说明这两道题目存在雷同、冲突或撞题的情况。

因此，根据提供的信息，没有找到两道不同题目之间出现雷同、冲突或撞题的具体证据。如果有更详细的描述或具体的题目链接，可能会更容易识别是否存在这样的情况。
97285,经过仔细阅读博客内容和评论，没有发现两道不同的编程题目出现雷同或冲突的信息。博客主要介绍了Deltix Round的比赛详情、奖项设置以及对比赛题目的简要反馈。评论区中有一些用户对题目的理解、实现细节以及问题表述的困惑，但这些讨论并未涉及到两道题目本质相同或相似的情况。

因此，根据提供的信息，可以得出结论：该博客及其评论区没有包含两道不同的编程题目出现了雷同或冲突的信息。
97203,从提供的博客内容来看，这篇博客主要介绍了如何在Java中实现快速的数据输入输出，并且提供了两个例子来展示这种输入输出方式的优势。第一个例子是解决Codeforces上的题目1100C - NN and the Optical Illusion，第二个例子是解决1600J - Robot Factory。

在这篇博客中，并没有直接提到这两道题目的具体内容或要求，而是通过使用同样的输入输出模板来展示其性能差异。博客作者提到的是，在解决这两道题时，使用了不同的输出流（`System.out`和`BufferedOutputStream`），从而展示了后者在时间上的优势。

但是，从博客的内容来看，并没有明确指出这两道题目本身是雷同、冲突或相似的问题。它们只是被用来作为示例来展示如何使用快速的输入输出方法来优化程序性能。

因此，根据所提供的信息，我们无法确定这两道题目是否存在雷同或冲突。博客的重点在于演示如何通过改进输入输出方式来避免TLE（Time Limit Exceeded）问题，而不是比较两道题目的具体内容。

如果需要进一步确认这两道题目的相似性或雷同性，需要查看这两道题的具体描述和要求。不过，从目前提供的信息来看，博客并没有包含这两道题目雷同或冲突的信息。
97116,在这篇博客及其评论中，确实存在两道题目之间有相似之处的情况，但它们并不是完全相同的题目。根据评论内容，我们可以看出这两道题目都是与树结构相关的，但是侧重点不同：

1. 博客作者的问题是关于如何使用线段树或其他数据结构来解决一个问题，具体来说是通过构建树的欧拉遍历来处理子树范围内的查询问题。
   
2. 第一个评论者（lokesh_2052）提到他之前解决过一个类似的问题，但他解决的是一个关于计算子树中被打开节点数量的问题。他的方法是通过DFS遍历树并将每个节点添加到数组中一次，然后使用这个数组和线段树进行更新和查询操作。

3. 第三个评论者（_Enginor_）指出了这两个问题的不同之处，即第一个问题是关于子树中节点数量的查询，而第二个问题则是关于在特定条件下（如节点处于开启状态时）从根节点x到其他节点路径上的节点计数问题。

因此，虽然这两个问题都涉及到树的遍历以及使用线段树进行查询，但它们的本质问题是不同的。第一个问题是关于子树的范围查询，而第二个问题则更关注于满足特定条件下的路径节点计数。

总结来说，这两道题目不是本质上相同的题目，但确实存在一定的相似性，特别是在使用线段树进行树相关操作方面。不过，由于它们的具体要求和目标不同，不能说它们是雷同或冲突的题目。关键在于它们的侧重点不同，一个是子树范围查询，另一个是特定条件下的路径节点计数。
97048,根据提供的博客内容和评论区的信息，没有直接提到两道不同的编程题目出现雷同、冲突或撞题的情况。博客中提到的任务都是来自不同年份和不同比赛的题目，而评论区也没有提及任何两道题目的雷同或相似问题。

不过，在评论区第4条评论中，用户wxhtzdy提到一个有趣的观察：“https://evaluator.hsin.hr/tasks/HONI192017zoo/ 和 https://oj.uz/problem/view/BOI13_tracks”这两道题可能是相同的。但是这个评论并没有明确指出这两道题目有雷同或冲突，只是提出了一个可能性，并且博主也回复说这个问题已经注意到，因此不需要进一步处理。

总结来说，根据现有信息，博客和评论区中没有明显的两道不同编程题目雷同、冲突或撞题的信息。
96960,在这篇博客及其评论中，确实存在两道题目的提及，但它们并不是本质相同或相似的编程题目，而是两道不同的题目。具体来说：

- 题目一：[1588C - Game with Stones](题目来源和链接未直接给出，但可以通过提交记录找到)
- 题目二：[1584C - Two Arrays](同样，题目来源和链接未直接给出，但可以通过提交记录找到)

在评论区中，用户`AC_AC`提到博客作者提交的链接实际上是针对`1588C - Game with Stones`，而博客作者实际上想讨论的是`1584C - Two Arrays`。这导致了题目混淆，但两道题目本身并不是雷同或冲突的题目。

因此，虽然这里有一个关于题目混淆的问题，但并没有出现两道不同的编程题目本质相同或相似的情况。

总结：
- 没有发现两道不同编程题目的雷同或冲突。
- 存在一个题目混淆的问题，即博客作者提交的链接对应的是另一个题目。这个问题出现在评论区，具体在评论#1中。
96894,根据提供的博客内容和评论，没有明确的证据表明两道题目出现了雷同或冲突。博客中提到的问题是一个关于构建前缀编码的问题，并且要求生成的编码满足某些特定条件（即任何包含至少两个叶节点的子树必须包含相同数量的蓝色和红色字符）。而评论部分讨论了该问题的具体细节，如成本函数的定义等。

评论#0提到了一个相似性的问题，但并没有提供具体的链接或其他博客的详细信息来证明两道题目是相同的。评论#1和回复则是在询问成本函数的具体定义，这与博客中的问题直接相关，但并不涉及另一个独立的题目或雷同的情况。

因此，在这段博客和评论中没有发现两道不同的编程题目出现雷同、冲突或撞题的信息。需要更多的信息或具体的链接来确认是否存在这样的情况。如果要找出雷同或冲突的情况，需要更详细的描述或具体的链接来比较两道题目的具体内容。
96889,在这篇博客及其评论区中，并没有直接提到两道不同编程题目的雷同或冲突信息。评论区主要讨论的是各个题目的解题方法和一些参赛者的感想，但没有明确指出两道题是本质上相同或相似的情况。

唯一可能接近这种描述的是在评论#5和#7中的一些讨论，它们提到了问题D的不同实现细节，但这些讨论并没有表明这是与另一题目的雷同或冲突。相反，这些讨论更多是在解释如何解决同一个问题D的不同策略和潜在的错误。

因此，根据提供的内容，没有发现两道不同编程题目的雷同或冲突信息。如果要找出类似的信息，需要更具体的关键字或上下文来识别。
96716,从提供的博客内容来看，该博客讨论了一个特定的图论问题，即计算一种特殊的图结构（其中每个连通分量要么是一个环，要么没有环）的数量。博主分享了他自己的解决方案，并且提到了在某些情况下他的代码可能会得到错误的答案。

博客中并没有明确提到两道不同的编程题目的对比或提及。然而，在评论区中，用户"vipbaswan"指出了博主逻辑中的一个小缺陷，并提供了一个测试用例来说明这个问题。具体来说，博主的算法在处理具有多个连通分量的情况时存在问题，特别是当其中一个连通分量没有环时，博主的算法仍然会返回一个非零值，而实际上应该返回0。

尽管如此，这并不意味着两道不同的编程题目出现了雷同、冲突或撞题的问题。评论区中提到的问题主要是关于博主算法的一个特定实现细节，而不是关于两道不同题目之间的雷同或冲突。

因此，根据你的要求，博客和其评论区中并未出现两道不同编程题目雷同或冲突的信息。评论区中的讨论主要是针对博主所解决的单个问题的不同实现情况和边界条件。
96498,经过仔细阅读博客内容，没有发现两道不同的编程题目出现雷同、冲突或撞题的情况。每道题目都是针对特定的问题进行讨论和解决，尽管有些题目之间有相似之处，但它们各有不同的要求和解决方案。

具体来说：

1. **任务A到任务K** 都是围绕数组中元素的乘积是否为平方数的问题展开的，但是每个任务有不同的限制条件和求解方法。
2. **任务G** 是关于数组中元素的乘积是否为立方数的问题。
3. **任务H** 和其他任务相比，主要是处理对于给定的n，查询不同大小的数组的问题。

这些任务虽然在某些方面有相似之处，但它们各自有独特的解决方案和应用场景。例如，任务A、B、C等都是针对特定条件下的数组元素乘积问题，而任务G则是针对立方数问题，任务H则涉及对给定n的多个k值进行查询。

因此，根据提供的信息，没有出现两道题目本质上相同或相似导致雷同、冲突或撞题的情况。
96379,经过仔细分析，这篇博客及其评论区并没有明确提到两道不同的编程题目出现雷同或冲突的情况。博客内容主要集中在解决特定的计数问题，这些问题虽然在某些方面有相似之处，但本质上并不相同。

博客中讨论了几个相关的问题，但这些问题是基于同一个核心概念的不同变体，而不是两道不同的、本质相同的编程题目。例如，对于给定的k和n，计算满足特定条件的数组个数。尽管这些变体可能涉及类似的技术和算法，但它们并不是两道本质相同的题目。

评论区的讨论也主要是围绕博客中的算法和技术细节展开，没有提及任何两道题目之间的雷同或冲突问题。

因此，根据提供的信息，这篇博客及其评论区并没有包含两道不同的编程题目出现雷同或冲突的信息。
96333,经过仔细阅读博客和评论区的内容，没有发现两道不同的编程题目出现雷同、冲突或撞题的信息。博客主要介绍了作者组织的一场Codeforces比赛，以及比赛的一些细节和奖励机制，包括基于AC次数进行捐款帮助贫困人群的创意。

评论区主要是对比赛内容的反馈和对作者行为的认可，没有提到任何两道题目存在雷同或相似的情况。评论中提到的一些问题（如算法复杂度、实现细节等）都是针对具体题目的讨论，但并没有指出这两道题目本质上相同或相似。

因此，根据提供的信息，可以确认该博客及其评论区未包含两道不同题目雷同或冲突的信息。
96276,根据你提供的博客内容和评论，似乎存在两道题目雷同的情况。具体来说：

- 博客中提到的问题是一个数组中的元素需要通过相邻元素交换的方式进行分组，使得相同元素相邻。问题要求计算最小的交换次数。
- 在评论区中，用户 `dittoo` 指出这个问题与 Codeforces 上的问题 CF1215E Marbles 相似，并建议查看该题的解答。

因此，这两道题目可能存在雷同的情况。具体而言：

- 博客中的题目可以视为“通过最小化交换次数将相同元素放在一起”。
- CF1215E Marbles 的描述虽然没有完全给出，但通常这类题目会涉及通过某种方式（例如交换相邻元素）来达到特定的目标状态（例如，让相同元素相邻）。 

博客原文链接无法直接提供，但我们可以假定其为某个人发布的博客文章。而 CF1215E Marbles 的链接则是：
- [CF1215E Marbles](https://codeforces.com/problemset/problem/1215/E)

总结：博客中的问题和 CF1215E Marbles 问题在本质上是相似的，都涉及到通过交换相邻元素将相同元素放在一起，因此可以说这两道题目出现了雷同。相关信息出现在博客的评论区中。
96163,根据提供的博客内容和评论，确实存在两道题目雷同的情况。具体来说：

在评论#1中，用户`bitset`提到：“lol, that is the exact same problem as https://dmoj.ca/problem/acc7p4. I copy pasted my code and passed.”

这条评论明确指出博客中的问题与另一个网站上的问题 (`https://dmoj.ca/problem/acc7p4`) 是完全一样的。因此，这表明两道题目是本质相同的。

总结：
- 博客中的问题（未提供具体来源链接，但可以理解为博客作者正在解决的问题）
- 另一题目：https://dmoj.ca/problem/acc7p4

这两道题目是本质相同的。
95839,根据提供的博客内容，没有明确提到两道不同的编程题目出现了雷同、冲突或撞题的信息。博客主要讨论的是作者的提交代码与另一位用户mig的提交代码之间的相似性问题，但并未提及这是由于两道不同的编程题目相同或相似导致的。

博客中的讨论集中在单个问题的解法上，以及该解法的相似性是否是因为使用了常见的算法或方法。博客中提到的相似性是基于同一个问题的不同解决方案，而不是因为两道不同的题目本质上相同或相似。

因此，根据提供的信息，无法确定博客或其评论区包含了两道不同的编程题目出现雷同或冲突的信息。如果需要进一步确认，可能需要更多关于这两份提交的具体内容或问题描述的信息。
95670,根据提供的博客内容和评论，可以发现博主提出的问题与评论者提到的解决方案实际上是同一个问题的不同表述方式。具体来说：

- 博主提出的问题是关于一个公交车在若干个站点停靠时，如何通过有限次调整公交车容量来最小化空座位的数量。
- 而评论者提到的“very similar problem”实际上指的也是同一个问题，评论者详细描述了如何使用动态规划（DP）解决这个问题。

从评论者的描述来看，博主的问题与评论者所提到的问题是本质相同的，都是通过动态规划来求解最优的公交车容量调整策略，以最小化总的空座位数量。因此，可以说这两者之间存在雷同或冲突，因为它们本质上是在讨论同一个问题的不同方面。

但是，由于博客本身并没有提供其他题目链接，我们只能指出博主的问题和评论者所描述的解决方案实际上是同一个问题的不同表述。如果需要更具体的链接或其他题目的对比，则当前提供的信息并不足以做出明确判断。 

总结：
- 博主的问题和评论者描述的解决方案是同一个问题。
- 没有出现两道不同题目的雷同或冲突信息。
- 如果需要进一步分析其他题目的雷同或冲突，需要提供更多的题目链接或描述。
95595,在这篇博客及其评论区中，并没有明确提到两道不同的编程题目出现雷同、冲突或撞题的信息。博客主要讨论的是博主自己在解题过程中遇到的问题，特别是关于Problem C的逻辑问题以及测试用例的不同输出。

评论区中的讨论主要集中在以下几个方面：
1. 测试用例错误或不一致。
2. 一些特定测试用例的结果差异。
3. 比赛过程中某些问题的解决方案存在bug。

评论区中提到的具体问题包括：
- 评论#0至#2提到在特定测试用例下，不同选手得到相同结果（196），但标准答案为210。
- 评论#3和之后的评论提到比赛B题测试用例更新导致之前提交的代码可能失效。

然而，这些评论并没有涉及到两道不同的编程题目在本质上相同或相似的问题。因此，根据你的要求，这篇博客及其评论区并没有包含两道不同编程题目雷同、冲突或撞题的信息。
95583,经过仔细阅读和分析该博客内容，没有发现两道不同的编程题目出现雷同、冲突或撞题的信息。每个题目都描述了各自独特的解题思路和方法，并且它们涉及的问题领域和解决策略各不相同：

1. **题目A** 讨论了一个与武器伤害值相关的问题。
2. **题目B** 涉及数组重排问题。
3. **题目C** 是关于树的划分问题。
4. **题目D** 涉及树的最大GCD路径查找。
5. **题目E** 是关于数组子数组的AND和XOR操作。
6. **题目F1和F2** 是一个关于网格翻转的操作问题，但它们实际上是同一个问题的不同部分。

因此，从博客的内容来看，并不存在两道不同的编程题目出现雷同或冲突的情况。每个题目都是独立且具有独特背景和解决方案的。
95523,在这篇博客及其评论区中，确实存在两道题目雷同的情况。具体来说，是在讨论第1594场Codeforces比赛中的问题D和之前一个竞赛中的一个问题之间的雷同。

根据评论区内容，特别是评论#30至评论#41的讨论，可以发现：

- **Codeforces 1594D** 与 **INOI 2021 P2** 相似。具体而言，INOI 2021 的问题二（INOI 2021 P2）与Codeforces 1594D的问题非常相似。这两个问题都基于“Among Us”游戏的情境，要求参与者解决类似的问题。INOI 2021 的链接为：[INOI 2021 P2](https://www.codechef.com/INOIPRAC/problems/AMONGUS2sus)。

- **另一个潜在的雷同情况** 是关于 **Codeforces 1594E1** 和 **CSES 1712** 的相似性。评论#49提到E1问题是一个简单的组合问题，而CSES 1712问题也有类似的结构。不过，对于这个问题，评论者们并没有明确指出这是一个雷同问题，只是提到了它们的相似性。

总结：
- **雷同的题目**：Codeforces 1594D 与 INOI 2021 P2。
- **链接**：
  - [Codeforces 1594D](https://codeforces.com/contest/1594/problem/D)
  - [INOI 2021 P2](https://www.codechef.com/INOIPRAC/problems/AMONGUS2sus)

这些评论表明，尽管作者没有意识到这个问题，但这两个题目实际上是相似的。这可能会对参赛者的排名产生不公平的影响，因为一些参赛者可能已经见过或解决过类似的问题。
95466,在这篇博客及其评论中，并没有直接提到两道不同编程题目的雷同或冲突信息。博客的主要内容和评论主要围绕着比赛作弊的问题，特别是使用多个账号提交相同问题的不同版本来获取错误反馈等行为。

然而，在评论#4中提到的一个用户（ssvb）观察到的两个用户（VietnameseEagle 和 Gnoud__）在不同时间解决了一些相同的问题，并提供了具体的问题名称和提交编号作为例子。尽管这些观察提到了几个相同的题目，但并没有明确说明这些题目的内容是否相同或相似。评论者只是提出了一个疑问：“我不能确定这些提交是否真的相似，还是这只是巧合。”

因此，从这段描述中我们无法得出结论说这两个用户解决的是两道本质上相同或相似的题目。唯一可以推测的是，存在一种可能性，即这两道题目可能有某种相似性，但这并未得到确认。

综上所述，这篇博客及评论区并没有包含两道不同编程题目出现雷同或冲突的信息。
95447,经过仔细阅读博客内容及评论区，没有发现两道不同的编程题目出现雷同、冲突或撞题的情况。每篇博客都详细介绍了不同的问题及其解决方案，而评论区主要集中在对具体问题的讨论、代码实现的疑问以及一些技术细节的解释上。

以下是博客中的各个问题概述：

1. **A - Casimir's String Solitaire**：
   - 题目描述了一种字符串游戏，需要通过删除特定字符来清空字符串。
   
2. **B - Shifting Sort**：
   - 这个问题是关于通过移位操作将数组排序。

3. **C - Ticks**：
   - 这个问题涉及在一个网格中找到符合条件的图案。

4. **D - Productive Meeting**：
   - 这个问题要求最大化会议中的对话次数。

5. **E1 - Permutation Minimization by Deque**：
   - 通过双端队列最小化排列。

6. **E2 - Array Optimization by Deque**：
   - 通过双端队列优化数组。

7. **F - Array Stabilization (AND version)**：
   - 数组稳定化问题，通过逻辑与操作使数组元素变为零。

8. **G - Minimal Coverage**：
   - 最小覆盖问题，使用动态规划解决。

评论区的内容主要是对具体问题的讨论和一些实现上的建议，如数据结构的选择等，但没有出现两道不同题目内容重复或相似的情况。

因此，根据提供的信息，这些博客和评论区并没有包含两道不同编程题目雷同或冲突的内容。
95443,在这篇博客及其评论区中，没有出现两道不同的编程题目出现雷同、冲突或撞题的情况。博主和评论者讨论的是一个特定的数学问题，即计算从1到10^12范围内数的除数个数平方的和。评论区中的讨论主要集中在如何高效地解决这个问题，包括使用数学变换、Dirichlet卷积等方法。

然而，在评论区的另一部分，aniervs 提供了一个与原始问题不同的解决方案，计算的是从1到某个数n的范围内所有数的平方和，这与博主所询问的问题并不相同。具体来说，aniervs 提出的方法是计算每个数的平方和，而不是数的除数个数的平方和。

总结：
- 博主和评论者讨论的是同一个问题：求1到10^12范围内数的除数个数平方的和。
- aniervs 提供了另一个问题的解法：计算1到某个数n的范围内所有数的平方和，这与原问题不同。

因此，评论区并没有出现两道不同的编程题目出现雷同或冲突的情况。
95269,在这篇博客及其评论中，并没有出现两道不同的编程题目雷同、冲突或撞题的情况。博客和评论讨论的是同一个问题的不同解法，即给定一个字符串S和多个字符串T1, T2, ..., Tn，每次可以选择一个与某个Ti相等的子串进行删除并获得相应的分数，目标是求得可以获得的最大分数。评论中提到了几种不同的解决方案，包括动态规划（DP）、区间DP、以及使用Aho-Corasick自动机的方法。

评论#0中的用户提到该问题曾在ICPC竞赛中出现过，给出了一个O(S^3 * N * T)复杂度的区间DP解法，并提供了相关链接（https://codeforces.com/gym/101635/problem/D）。然而，这并不意味着题目雷同，因为这是同一个问题的不同解法。

因此，在这个博客和其评论中没有发现两道不同的编程题目雷同或冲突的信息。所有内容都是围绕解决同一个问题的不同方法展开的。
95115,从提供的博客内容和评论来看，并没有明确指出两道不同的编程题目出现了雷同或冲突的信息。博客的主要内容是一个关于如何选择数组中的元素使得两个数组的特定值的最小值最大化的问题，而评论部分主要是围绕这个问题的讨论以及对问题来源的质疑。

评论#0中提到“我曾见过一个类似的问题”，但并没有提供具体的链接或其他详细信息来说明这与另一个具体的编程题目相同或相似。评论#1则提供了一种动态规划的解法，但同样没有提到这与另一个具体问题有关。

因此，在所提供的信息中，并没有发现两道不同的编程题目出现雷同或冲突的具体证据。需要更具体的信息或链接来进一步确认这一点。如果有其他具体的题目链接或描述，可以提供更多的细节来进行分析。
95050,在这篇博客及其评论中，并没有明确提到两道不同的编程题目出现了雷同或冲突的情况。评论主要集中在讨论各个题目的解法、算法复杂度以及一些具体的实现细节上，而没有指出有两道题目在本质上是相同或相似的。

不过，有一些评论提到了某些题目与其它地方出现的问题类似：

1. Lain提到问题C和某个问题相似但限制更难：
   ```text
   Problem C is the same as this, but with harder limits.
   ```
   这里Lain提到了一个问题C与其他问题相似，但并没有给出具体的问题链接或来源。

2. xuanji提到问题B类似于LeetCode上的一个题目：
   ```text
   Problem B is similar to https://leetcode.com/problems/russian-doll-envelopes/ (with larger constraints)
   ```
   xuanji指出问题B类似于LeetCode上的“俄罗斯套娃信封”问题，但同样没有提供具体的题目对比。

综上所述，虽然有一些评论提到题目与其它问题有相似之处，但没有明确指出两道不同题目在本质上是相同或冲突的。因此，根据你的要求，这篇博客及评论区并未包含两道不同题目雷同或冲突的信息。
95004,根据提供的博客内容和评论，没有发现两道不同的编程题目出现雷同或冲突的情况。每道题目都有其特定的解决方案和算法，例如：

1. **Word Combinations** 使用了Aho-Corasick自动机。
2. **String Matching** 使用了Z-Algorithm。
3. **Finding Borders** 使用了哈希方法。
4. **Finding Periods** 可以使用Z-Algorithm或KMP算法。
5. **Minimal Rotation** 使用了Booth算法。
6. **Longest Palindrome** 使用了Manacher算法。
7. **Required Substring** 使用了KMP算法。
8. **Palindrome Queries** 使用了前缀和后缀哈希。
9. **Finding Patterns** 和 **Counting Patterns** 使用了Aho-Corasick自动机，但有不同的优化。
10. **Distinct Substring** 使用了后缀数组。
11. **Repeating Substring** 使用了后缀数组和最长公共前缀（LCP）数组。
12. **Substring Order I** 和 **Substring Order II** 使用了后缀数组和LCP数组的不同策略。
13. **Substring Distribution** 使用了后缀自动机和广度优先搜索（BFS）。
14. **Special String** 使用了前缀和哈希方法。

这些题目虽然可以使用类似的算法框架（如后缀数组、哈希等），但具体实现和优化方式不同，因此不会被视为雷同或冲突的问题。例如，**Substring Order I** 和 **Substring Order II** 虽然都涉及后缀数组和LCP数组，但解决的具体问题是不同的，前者关注子串的数量，后者关注第k小的子串。

评论部分也没有提到任何题目之间的雷同或冲突问题。例如，评论中提到的**Substring Distribution** 可以用后缀自动机解决，但并没有提到与其它题目有雷同之处。

综上所述，博客中的题目和评论区的内容都没有出现两道不同的编程题目雷同或冲突的情况。
94803,经过仔细检查，这篇博客及其评论区没有出现两道不同的编程题目雷同或冲突的情况。每篇博客内容都是针对特定问题的详细解释和解题思路，而评论区也没有提到任何两道题目本质相同或相似的问题。

唯一值得注意的是评论#7中提到的问题A的第二种解法实际上是问题B的解法。具体来说：

- 在博客中，问题A（Median Maximization）的第二解决方案实际上是问题B（MIN-MEX Cut）的解法。

评论者“noobyogi”指出了这一点，并且作者“shishyando”也确认会尽快修正这个问题。

所以，需要修正的地方是博客中问题A的第二个解法部分，这部分实际上是描述了问题B的解法。其他部分没有发现类似的问题。
94756,经过仔细阅读提供的博客内容和评论，没有发现两道不同的编程题目出现雷同、冲突或撞题的信息。每条评论和博客内容主要集中在各个题目本身的讨论、解决方案以及一些特定的测试用例上。

唯一接近的情况是在评论#12中提到的问题D与CodeChef上的一个问题非常相似，但它们的约束条件不同，因此不能算作雷同或冲突。具体如下：

```markdown
comment#12
»rebel_roar3 years ago,#|0
Problem Dis exactly same asthisproblem on Codechef.
```

但是，问题D和CodeChef上的问题尽管相似，但它们的约束条件不同（例如输入规模），所以这并不构成雷同或冲突。

综上所述，没有发现两道题目出现雷同或冲突的信息。
94728,经过仔细检查这篇博客内容和评论区，没有发现两道不同编程题目出现雷同、冲突或撞题的信息。博客主要介绍了Codeforces Global Round 16的相关信息，包括比赛时间、奖项设置、题目难度评价以及系统测试结果等。

评论区主要是参赛者对比赛的反馈、对题目的讨论以及对成绩的询问。虽然有一些评论提到题目难度和相似性的问题，但并没有明确指出两道不同的题目存在雷同或冲突的情况。

例如：
- MarioChao评论说：“The first 5 questions of this contest (D1 & D2 separated) should be fine and easy to implement for intermediate coders.”
- dario2994评论了每个题目的特点，但也没有提到题目雷同或冲突。

因此，根据提供的信息，这篇博客及评论区中并未出现两道不同题目雷同或冲突的情况。
94669,根据提供的博客内容和评论，没有直接提到两道不同的编程题目出现雷同或冲突的情况。然而，在评论部分中，有用户提到一个相似的问题链接：

```plaintext
»henmant3 years ago,#^|+9Ig it's almost similar to this problemLink→Reply
```

随后另一位用户确认这与原问题相同：

```plaintext
»just_for_one3 years ago,#^|+3Thanks, this is exactly the same question :))
```

尽管如此，从提供的信息来看，这更像是在讨论同一个问题的不同解法或变体，而不是两道本质相同或相似的题目。因此，我们不能明确地指出两道不同的编程题目出现了雷同或冲突的信息。

如果要更准确地判断是否存在两道不同但相似的题目，我们需要具体的题目链接或更详细的描述。但从当前提供的信息来看，评论中的讨论更多是在围绕同一个问题的不同实现方法。
94647,经过仔细阅读博客内容和评论区的内容，没有发现两道不同的编程题目出现雷同或冲突的信息。博客主要讨论了一个基于栈的应用的问题，即计算数组中每个子数组的最大值与子数组长度乘积之和。评论区有一些关于不同解题方法的讨论，但并没有提及另一道具体的题目。

评论区提到的一道类似的题目是COCI竞赛中的一个问题（https://dmoj.ca/problem/coci14c2p6），但博主认为该问题需要更高级的数据结构（如带有懒惰传播的线段树）和应用栈的方法，因此与博主所讨论的问题并不完全相同。

总结来说，在这篇博客及其评论区中，并未找到两道不同的编程题目出现雷同或冲突的信息。
94409,在这篇博客和评论中，确实存在两道题目出现相似或雷同的情况。具体来说：

1. 博客中的问题描述了一个矩阵，要求找到由相邻的1组成的最大长度的路径，不能重复遍历同一个单元格。
2. 评论区中的“相关问题”链接指向了一个StackOverflow上的问题（[链接](https://stackoverflow.com/questions/16506150/longest-path-on-a-grid-without-revisiting-grid-cells)），该问题也是关于在一个网格上找到最长路径，且不允许重复访问同一个单元格。

这两道题目在本质上是非常相似的，都是要求找到一个网格上最长的路径，且不能重复访问同一个单元格。唯一的区别在于原始问题中没有明确说明只有一个连通组件，而StackOverflow的问题中则没有提到网格的结构限制。

因此，可以说这两道题目在本质上是相似的。具体出现在博客评论区的第0条评论和第2条评论中。

相关评论如下：
- **评论#0**：提出了将矩阵视为图并通过DFS寻找最长路径的方法。
- **评论#2**：提供了StackOverflow上的链接，讨论了网格上最长路径的问题，指出该问题是NP难的。

所以，这两道题目在博客的评论区出现了雷同的情况。
94220,经过仔细分析，该博客文章及其评论区并未明确指出两道不同的编程题目出现雷同或冲突的情况。然而，在评论中确实有一些用户提到了不同题目之间的相似性或认为某些题目与之前的问题类似。以下是具体例子：

1. **评论#47**:
   - 用户`simplicial`提到：“D is (almost) a copy of https://codeforces.com/contest/1451/problem/E1”（D几乎是一个复制自1451E1的问题）。
   
2. **评论#55**:
   - 用户`shahed_ahmed`提到：“https://codeforces.com/problemset/problem/727/C (same as today's D because a+b = a&b + a|b)”（727C与今天的D相同，因为a+b = a&b + a|b）。

3. **评论#82**:
   - 用户`BurnedChicken`提到：“And the trick in F is basically the same with this.”（F中的技巧基本上与这个相同）。

从这些评论中可以看出，有用户认为题目D与之前的题目存在相似之处。但这些评论并没有直接表明这是两道不同的题目，而是指出了当前题目与之前题目的相似性。

因此，根据你的要求，没有明确指出两道不同的编程题目出现了雷同或冲突。不过，可以注意到的是，有些题目与之前的一些题目非常相似。具体的链接如下：
- 题目D与https://codeforces.com/contest/1451/problem/E1相似。
- 题目D与https://codeforces.com/problemset/problem/727/C相似。
- 题目F与某个未指定的题目相似。 

希望这能帮助你更好地理解这些评论内容。
94218,经过仔细检查提供的博客内容和评论，我没有发现两道不同的编程题目出现雷同、冲突或撞题的信息。评论区主要讨论了比赛中的问题和解决方案，以及一些技术性的问题和误解，但没有提及两道题目的本质相同或相似的情况。

如果需要进一步的帮助，例如检查特定评论或博客内容的部分，请告诉我具体位置或提供更多信息。
94172,在这篇博客及其评论区中，并没有明确提到两道不同的编程题目出现了雷同、冲突或撞题的信息。评论区主要围绕着同一个问题展开讨论，即如何判断在给定矩形内是否存在一条不与任何圆相交或相切的路径从矩形的一个顶点到另一个顶点。

评论区中的讨论集中在如何解决这个问题上，例如使用图论的方法（如BFS/DFS）来构建一个图，其中节点代表圆，边表示圆之间是否相交。还有人提出了使用并查集（Disjoint Set Union）的方法来解决这个问题。

因此，在这个特定的博客和评论区中，并没有出现两道不同题目雷同、冲突或撞题的情况。所有的讨论都是针对同一个问题的不同解决方案。
94148,在这篇博客及其评论区中，没有直接提到两道题目出现雷同、冲突或相似的内容。然而，在评论区中有一个地方提到了两道题目的相似性：

在评论#17中，用户BERNARD提到：“C2C和1359D - Yet Another Yet Another Task很相似，我认为可以将这里的解决方案扩展到处理两个最大值而不是一个。”

这里提到了两个不同的题目：
1. C2C（CodeChef Cook-off 132的一个题目）
2. 1359D - Yet Another Yet Another Task（Codeforces上的一道题目）

这两道题被指出有相似之处，但并没有明确说明它们是本质上相同的题目。因此，虽然存在相似性，但并不能说它们是完全相同或冲突的题目。

总结来说，这篇博客及其评论区并没有包含两道不同编程题目出现雷同或冲突的信息，只有一处评论指出了两道题目的相似性。
94057,在这篇博客及其评论中，并没有出现两道不同的编程题目雷同、冲突或撞题的情况。博客的主要内容集中在对Codeforces平台的批评和建议上，而评论则主要是对博客内容的支持、反对或补充讨论。因此，没有发现两道不同的编程题目出现雷同或冲突的信息。

博客内容主要围绕以下几个方面：
1. 对Codeforces平台现状的不满，特别是认为平台的进步停滞不前。
2. 对某些功能改进的质疑，认为这些改进并不如宣传中的那样重要。
3. 建议开放更多API和代码仓库以提高透明度。
4. 提出了一些具体的功能需求，例如作弊检测、用户报告机制等。

评论区的讨论也主要集中于这些话题，并没有涉及到具体的编程题目或算法竞赛题目。因此，根据你的要求，这里没有找到两道不同的编程题目出现雷同或冲突的信息。
93898,经过仔细检查，这篇博客及其评论区没有出现两道不同编程题目雷同、冲突或撞题的情况。每篇博客讨论的是不同题目，且评论区也没有提及两道不同题目的相似性或重复性问题。每条评论主要集中在具体题目的解法和实现细节上，而不是在讨论题目之间的关系。因此，可以确认该博客和其评论区中并没有出现两道不同题目雷同或冲突的情况。
93788,经过仔细阅读和分析提供的博客内容及其评论区，我没有发现两道不同的编程题目出现雷同、冲突或撞题的信息。博客主要是对一次Codeforces竞赛的通知和感谢，以及对问题设置者的致谢和一些参赛者的反馈。评论区中虽然有一些关于题目难度、解题方法等的讨论，但并没有明确指出两道不同题目的内容存在雷同或相似的问题。

如果要具体查找是否有雷同或相似题目，需要特别关注题目描述、测试数据范围、解题方法等方面的重复或高度相似之处。而在这篇博客及其评论区中，并没有明显的证据表明存在这种情况。
93593,从提供的博客内容和评论来看，虽然提到了一些与字符串转换相关的问题，但并没有明确指出两道不同的编程题目的雷同、冲突或撞题情况。主要讨论的是一个特定的字符串变换问题，以及如何避免生成回文串的策略。评论中提及了另一题目“Say No to Palindromes”，但是没有详细说明该题目的具体要求，也没有直接指出两者之间的雷同或冲突。

具体来说：

- 博客作者提到的问题是关于将一个长度最多为10^6的字符串中的每个字符替换为其前一个或后一个字符（循环处理'a'和'z'），目标是最小化所需的替换次数。
- 在评论#0中，用户提到另一个题目“Say No to Palindromes”。
- 评论#2中，用户提出了一个动态规划的想法来解决这个问题，但没有明确指出与“Say No to Palindromes”的关系。

因此，根据提供的信息，没有发现两道不同编程题目的雷同、冲突或撞题的情况。如果有更多的细节或具体的题目描述，可能会更容易判断是否存在雷同或冲突。
93359,从提供的博客内容和评论来看，确实存在两道题目本质相同或相似的情况。

具体来说：
- **博客中的第一题**：给定一个数组和一个整数k，要求将数组分为k个连续子段，使得每个子段的和的最大值最小化。这是一道经典的“最小化最大值”的问题，常见于算法竞赛中。
- **评论中的链接指向的问题**：[InterviewBit - Allocate Books](https://www.interviewbit.com/problems/allocate-books/)。这个问题是给定一组书的页数和学生数量，要求分配书籍给学生，使得分配后每个学生所获得书籍的总页数的最大值最小化。这与博客中的第一题非常相似，都是属于“最小化最大值”类型的问题。

因此，在这个博客的评论区中，评论#1提到了一个与博客第一题非常相似的问题（即InterviewBit上的“Allocate Books”），这表明两道题目是本质上相同的。

总结：
- 博客的第一题和评论#1中的链接指向的问题（InterviewBit - Allocate Books）是本质相同的。
- 这种雷同出现在博客的评论区，具体在评论#1中。
93328,在这篇博客和评论中，并没有出现两道不同的编程题目雷同或冲突的情况。博客主要讨论的是如何将二进制字符串转换为六进制数的问题，而评论区主要是针对这个问题的讨论以及相关资源的分享。

但是，在评论区的评论#3和评论#4中，有一个值得注意的点。评论#3中的用户分享了一个 HackerRank 的问题链接（https://www.hackerrank.com/contests/goc-cdc-series-10/challenges/itsybitsy/problem），并提到这与博客中的问题“几乎是相同的”。评论#4中的用户回复说链接是可访问的，并且确认了这一点。

因此，可以认为在评论区中存在两道相似的问题，一个是博客中的问题，另一个是 HackerRank 上的 "itsybitsy" 题目。这两道题目的核心都是关于字符串转换的问题，尽管具体实现细节可能不同。

所以，总结如下：
- 博客中的问题：Uber 编码测试中的二进制字符串到六进制数的转换问题。
- HackerRank 上的题目：“itsybitsy”问题（链接：https://www.hackerrank.com/contests/goc-cdc-series-10/challenges/itsybitsy/problem）。

这两者被认为是相似的问题。具体的雷同或相似信息可以在评论#3和评论#4中找到。
93243,在这篇博客及其评论区中，我们并没有找到两道不同的编程题目出现雷同或冲突的信息。相反，评论区主要讨论了比赛过程中遇到的一些问题，如题目描述缺失、奖品发放延迟等。

唯一提到的两道题是“Eat Candy”和“Even Tree”，但这两道题是不同的题目，分别对应博客中的问题C和问题D。从描述来看，它们并不是本质相同或相似的问题，而只是参赛者在询问解题方法。

因此，根据你的要求，这里没有发现两道不同的编程题目出现雷同或冲突的情况。
93229,根据提供的博客内容和评论，我们可以看到其中确实存在两道题目之间的相似性或潜在的雷同问题。具体来说：

- 博客中描述的问题涉及一个整数N和一个包含N个元素的数组，以及Q个查询。每个查询由三个整数T、X和Y组成，T决定是进行加法还是乘法操作，X是起始位置，Y是每次跳跃的步长。此问题要求对数组进行特定模式的遍历和计算。

- 在评论区中，用户`practicener`提到了一个类似的问题：“给定一个数组和一组查询，对于每个查询，我们从索引p开始，跳到索引p+a[p]+k的位置，并重复这种跳跃直到到达数组末尾。找到每个查询所需的跳跃次数。”这个描述与博客中的问题在逻辑上非常相似，尽管具体的计算目标不同（一个是求和或乘积，另一个是计算跳跃次数），但它们都涉及到基于特定规则在数组上进行跳跃访问。

此外，用户`Priyanshu14_`提供了该类似问题的链接：
- [Codeforces 797E](https://codeforces.com/contest/797/problem/E)

综上所述，博客中的问题和评论区提到的Codeforces上的问题虽然具体细节和目标不同，但在问题的核心逻辑上有显著的相似性。因此，可以认为这两道题目在某种程度上存在雷同或相似之处。

总结：博客中的问题和评论区提及的Codeforces 797E问题在核心逻辑上有相似性，尽管具体的计算目标不同。这可以在评论区的第#2条评论中找到相关讨论，链接为[Codeforces 797E](https://codeforces.com/contest/797/problem/E)。
93194,从提供的博客内容来看，没有明确提到两道不同的编程题目出现雷同、冲突或撞题的信息。博客中的讨论主要集中在一种动态规划（dp）方法的不同定义上，而没有提及两道不同的题目。

但是，根据评论部分，我们可以发现一些相关的内容：

评论#1由用户Tlatoani指出：“It's the same thing, because if jj moves have been used then i−ji−jelements haven't been deleted.” 这句话的意思是说，如果使用了j次操作，那么就有i-j个元素未被删除。这里实际上是在说明两种dp定义本质上是相同的。

尽管如此，评论并没有明确指出两道不同的编程题目出现了雷同或冲突。评论只是在解释一种解题方法和另一种方法之间的等价性。

因此，根据提供的信息，我们不能确定这两道题目是否为本质相同的题目，因为讨论的重点在于同一个问题的不同解法，而不是两道不同题目之间的关系。所以，这里并不符合要求指出两道不同的编程题目出现了雷同或冲突的信息。
93104,经过仔细检查，这篇博客及其评论区没有明确提到两道不同的编程题目出现了雷同或冲突或撞题的信息。评论主要集中在对比赛题目的难度、解题思路和一些技术细节上的讨论，而没有具体指出两道题是本质相同或相似的问题。

因此，根据提供的内容，没有发现两道题目雷同或冲突的信息。如果确实存在相关的信息，可能需要更详细的内容或者特定的上下文来识别。
93095,在这篇博客及其评论区中，确实提到了两道题目存在相似或雷同的情况。具体来说，这两道题分别是：

1. Codenation版本的问题。
2. Codeforces上的734E - Anton and Tree问题。

根据评论中的讨论，这两道题本质上是相似的。以下是相关评论：

- 在评论 #5 中，用户 __sherlocked__ 提到第一题是直接应用Nim定理，而第二题与Codeforces上的734E - Anton and Tree相同。
  
- 在评论 #7 中，用户 darkcoder123 指出Codanation版本的问题和734E - Anton and Tree问题有相似之处，并询问是否有人使用了基于树的动态规划方法来解决第二个问题。

因此，这两道题目在博客的评论区中被认为是相似的或雷同的。特别是，在评论 #5 和评论 #7 中明确指出了这一点。

总结：
- 第一题来自Codenation的测试。
- 第二题是Codeforces上的734E - Anton and Tree问题。

这两道题在评论区被指出具有相似性或雷同性。
93079,在这篇博客及其评论区中，并没有明确提到两道不同的编程题目出现了雷同、冲突或撞题的信息。博客和评论主要围绕一道特定的问题展开讨论，即如何以最小的成本从0到达n，通过三种操作：将当前数字乘以2（成本为p）、将当前数字乘以3（成本为q）或增加/减少当前数字1（成本为r）。评论区中的讨论主要是针对这个问题的不同解法和实现细节。

唯一可能与另一题相关联的是评论#3中提到的AtCoder比赛中的一个问题，但并没有提供足够的信息来证明这道题与博客中的题目有雷同或冲突之处。因此，根据提供的内容，我们不能确定这两道题目是本质相同或相似的。如果需要进一步确认，需要更多关于AtCoder问题的具体描述或链接。
93070,在这篇博客及其评论区中，确实提到了一道题目和另一道题目之间存在相似性的问题。具体来说，评论#5中的用户提到这道题目与CSES平台上的“Projects”问题相似。

### 具体信息：
- **博客内容**：博客描述了一个关于竞选获胜的问题，即如何在有限时间内赢得尽可能多的宿舍选举。
- **评论#5**：提到这道题目与CSES平台上的“Projects”问题相似。

### 相关链接：
- **博客题目**：竞选获胜问题（未提供链接）
- **CSES题目**：[CSES - Projects](https://cses.fi/problemset/task/1621)

### 分析：
这两道题目的核心问题是相似的，都是关于在给定的时间范围内最大化完成任务的数量。博客中的题目要求在特定时间段内赢得最多宿舍的选举，而CSES的“Projects”问题则是在限定的时间内最大化完成项目数量。两者都涉及到动态规划以及在特定时间窗口内选择最佳方案。

因此，可以认为这两道题目本质上是相似的。
92822,在这篇博客及其评论中，并没有直接提到两道不同的编程题目出现雷同、冲突或撞题的信息。博客主要关注的是在同一场竞赛中，两位参赛者提交的代码高度相似，质疑他们作弊的问题。

博客作者详细描述了不同用户（31vaibhavg07和harsh_arora）提交的代码在题D、题B和题C中的相似性，只是函数名或变量名有所更改。但这些相似之处并不涉及两道不同的编程题目的雷同或冲突问题。

评论区的讨论主要是围绕着作弊行为和对比赛排名的影响，也没有提及两道不同的编程题目存在雷同或冲突的情况。

因此，在这个博客及其评论中并没有找到关于两道不同的编程题目出现雷同或冲突的信息。
92765,在这篇博客及其评论区中，确实存在两道不同的编程题目出现雷同的情况。具体来说，博客作者提到的第一道题与评论区中的用户“askd”所提到的Codeforces上的题目非常相似。

博客中的问题描述如下：
- 你有一个N×M的矩阵，每个单元格都有一个正数Aij。你需要从第一列开始并最终到达最后一列，使得路径的成本最小化。成本定义为路径上所有数值的最大值和最小值之间的差。在每一步中，你可以移动到下一列的任意一行。目标是找到最小可能的成本。

而评论区用户“askd”提到的Codeforces题目是：
- 题目链接：[Codeforces Problem 1413/C](https://codeforces.com/problemset/problem/1413/C)
- 该问题要求生成一对(Aij, j)并将它们按升序排序。然后需要找到一个段[l, r]，使得fr−fl最小，且sl, sl+1, ..., sr包含从1到M的所有元素。可以通过双指针方法在O(NM)时间内解决这个问题。

这两道题本质上是相同的，都是要求找到一个满足特定条件的子数组或子序列，使得最大值和最小值之差最小。因此，这两个问题是相似的。

具体位置：
- 博客内容：博客作者描述的第一道题。
- 另一题目来源：[Codeforces Problem 1413/C](https://codeforces.com/problemset/problem/1413/C)

总结：
这两道题目虽然表述不同，但核心问题是一致的，即寻找满足特定条件的子数组或子序列，使得最大值和最小值之差最小。因此，它们可以被视为本质上相同的问题。
92729,在这篇博客文章及其评论区中，并没有发现两道不同的编程题目出现雷同或冲突的情况。每道题目都是独立且有其独特之处的：

1. 第一个问题涉及一个数组和查询操作，要求检查是否存在一个元素与给定的整数X进行位与操作的结果为0。
2. 第二个问题则是一个关于二进制字符串的问题，要求找到子串中1的数量严格大于0的数量的数量。

尽管有一些评论提到这两道题目可以转化为已知问题（例如通过前缀和数组、位运算等方法），但它们本质上还是不同的问题。评论区中的一些讨论主要是围绕如何解决这两个问题，而不是指出这两个问题是相同的或冲突的。

所以，根据你的要求，这篇博客和其评论区并没有包含两道不同编程题目出现雷同或冲突的信息。
92696,在这篇博客及其评论区中，并没有明确出现两道不同编程题目的雷同、冲突或撞题的信息。评论区主要讨论的是博客作者创建的随机混搭生成器的功能性问题和改进建议，例如：

1. Decoder_69 提到的问题是关于重复显示相同评级的问题；
2. chinmayajha 指出的问题是关于同一个评级的问题被重复展示；
3. Rawatvirtual 提到的问题是关于添加用户名和评分后没有显示任何内容；
4. Code4sauce 提问的是关于未公开的解题记录是否会被考虑；
5. Cloud_21 提出的是关于排除愚人节问题的建议。

以上这些评论都是针对博客作者创建的随机混搭生成器的功能或用户体验进行的反馈，并没有提到两个不同的编程题目之间存在雷同或冲突的情况。

因此，根据提供的信息，这篇博客或其评论区并没有包含两道不同编程题目雷同或冲突的信息。
92582,根据提供的博客内容和评论区信息，没有发现两道不同的编程题目出现雷同、冲突或撞题的情况。每篇博客的内容都围绕着各自的问题展开，提供了详细的解题思路和方法，且每篇博客之间涉及的问题并不相同。

例如：
- 博客A讨论的是关于“Exciting Bets”的问题，涉及数学性质和最大公约数的概念。
- 博客B讨论的是关于“Customising the Track”的问题，涉及如何分配交通车辆以最小化不便利性。
- 博客C讨论的是关于“Need for Pink Slips”的问题，涉及概率和浮点数精度问题。
- 博客D1和D2讨论的是关于“RPD and Rap Sheet”的问题，但一个是简单版本，另一个是难版本，两者有显著区别。
- 博客E讨论的是关于“Permutation and Coloring”的问题，涉及高维立方体的排列和着色。

因此，从这些信息中无法找到两道不同的编程题目出现雷同或冲突的证据。每个问题都有其独特的背景和解决方案，相互之间并没有明显的重复或冲突。
92543,经过仔细检查，这篇博客和其评论区没有出现两道不同编程题目的雷同、冲突或撞题的信息。所有讨论集中在单个题目的具体实现细节、解题思路以及比赛的整体体验上。例如，评论中提到的一些问题如C题的精度误差、D题的交互性实现等，但这些都是针对各自题目的独立讨论，并未涉及两道不同题目的本质相同或相似的情况。

因此，可以确定这篇博客及其评论区并没有包含两道不同题目出现雷同或冲突的信息。
92508,从提供的博客内容来看，确实存在两道不同的编程题目出现雷同的情况。具体来说，博客中讨论的问题和CSES平台上的一个任务是本质上相同的。

以下是详细分析：

### 博客中的问题描述
博客中提到的问题描述如下：
- **问题背景**：一个由N个网页组成的百科全书，每个网页之间通过M个链接连接。
- **问题核心**：在一个浏览会话中，从一个网页开始，通过点击链接访问尽可能多的不同网页。
- **约束条件**：2 <= N <= 500000, 1 <= M <= 500000, 1 <= A[i], B[i] <= N, A[i] != B[i]。
- **样例测试**：提供了一些测试用例和预期结果。

### CSES平台上的任务描述
评论区中提到的CSES平台上的任务链接为：[https://cses.fi/problemset/task/1686](https://cses.fi/problemset/task/1686)。该任务描述如下：
- **问题背景**：一个房间中有若干金币，你可以在房间间移动并收集金币。
- **问题核心**：在一个连通图中找到一个路径，使得经过的金币总数最大。
- **解决方法**：使用强连通分量（SCC）将有向图转化为无环图，并在此基础上使用动态规划（DP）进行求解。

### 雷同之处
评论区中的回复指出，博客中讨论的问题与CSES平台上的任务是本质上相同的：
- **回复#3**（presscoder）提到：“Use SCC to make the directed graph Acyclic and Solve the dp in Topological sort order.”（使用SCC使有向图无环，并按拓扑排序顺序求解DP）。
- **回复#4**（LanceTheDragonTrainer）提到：“The two problems are exactly the same if we set the number of coins in each room to be 1.”（如果我们设置每个房间的金币数为1，这两个问题完全相同）。

### 结论
博客中的问题与CSES平台上的任务本质上是相同的。如果我们将CSES任务中的每个房间的金币数设置为1，那么它就变成了博客中的问题。因此，这两道题目的核心逻辑和解决方案是相同的。

### 具体位置
- **博客中的问题**：博客内容本身。
- **CSES平台上的任务**：评论区中的链接指向的任务：[https://cses.fi/problemset/task/1686](https://cses.fi/problemset/task/1686)。

希望以上分析对你有所帮助。
92442,从你提供的博客内容来看，这段博客主要描述的是作者在解决一道名为"Timofey and a tree"的问题时遇到的一个错误解决方案，并且提到了一个与该问题相关的测试用例。然而，博客中并没有明确提到两道不同的编程题目出现雷同、冲突或撞题的信息。博客中的讨论集中在作者自己的错误解法以及该解法对特定输入数据的表现上。

具体来说：
- 作者提到了自己对于“Timofey and a tree”问题的错误解法，并解释了为什么这个解法是错误的。
- 提到了一个测试用例，并且指出该测试用例应该输出 "NO"，但他的解法则给出了 "YES" 的输出。
- 另外提到了另一个解决方案（链接为121055514），这个解决方案给出的输出是 "NO"。

但是，博客中没有提到这两者是由于两道不同的题目造成的，也没有明确提到这两道题目本身是雷同或冲突的。因此，根据你提供的信息，无法确认博客内容或其评论区包含两道不同题目出现雷同或冲突的信息。

如果要更准确地判断，需要更多的上下文信息，特别是明确提到的两道题目的来源和链接。
92256,在这篇博客及其评论区中，并没有明确提到两道不同的编程题目出现雷同、冲突或撞题的信息。相反，讨论的是同一个项目的不同实现。

具体来说，评论区中的讨论集中在两个类似的项目：

1. 博主的项目：一个用于实时协作编程的网站，允许用户通过视频通话进行协作。
   - 网站链接未给出，但可以从描述中看出这是博主正在开发的项目。
   
2. 另一个用户（codemastercpp）提到的项目：
   - 第一个链接指向Codeforces上的一个博客文章（https://codeforces.com/blog/entry/90952），但这个博客文章并不一定是一个具体的项目实现。
   - 第二个链接指向一个网站（https://discode.southeastasia.cloudapp.azure.com/），这看起来像是一个实际的项目实现。

codemastercpp指出了一些技术问题，并询问博主是否从他的项目中获取了灵感。但这些讨论主要是关于技术实现和用户体验的问题，而不是关于两道不同的编程题目。

因此，根据你的要求，这里并没有两道不同的编程题目出现雷同或冲突的信息。
92248,经过仔细阅读博客内容及其评论，我没有发现两道不同的编程题目出现了雷同、冲突或撞题的信息。博客和评论主要是讨论一些高级数据结构和算法，以及这些知识对竞赛编程的影响和重要性。并没有提到具体的两道题目有雷同或冲突的情况。

如果需要进一步分析具体某段文字或特定的评论，请提供更明确的上下文或指定某些部分的内容。这样可以更准确地判断是否存在您所描述的问题。
92245,从提供的博客内容来看，并没有直接提到两道不同的编程题目出现雷同、冲突或撞题的信息。博客的主要内容是作者对Codeforces认为其作弊的困惑和不满，以及一些用户的评论，这些评论主要是讨论这种情况的发生和影响，并没有具体指出两道题目在本质上或形式上相同或相似的情况。

博客中提到的相似之处主要是指不同用户在解决简单问题（如A、B题）时提交了相似的代码，但这是由于简单的编程思路重叠或巧合，并非两道不同的编程题目本身存在雷同或冲突。

因此，根据提供的信息，不能确定博客或评论区中存在两道不同的编程题目雷同或冲突的情况。如果需要进一步的信息，可能需要查看具体的题目描述和代码实现。
92201,从提供的博客内容来看，评论中提到了两道题目的情况，但它们并不构成“雷同”或“冲突”的问题，而更像是对不同情境下使用公开资源的不同看法。

具体来说：

1. **Codeforces 1536/B 与 HackerEarth 缺失字符串问题**：
   - 这两个问题是不同的题目，分别来自 Codeforces 和 HackerEarth。尽管有人提到因为这两个问题的解决方案相似，导致了所谓的“抄袭”指控。但本质上，它们是两个独立的问题。
   - 相关评论链接：Codeforces 题目：[https://codeforces.com/contest/1536/problem/B](https://codeforces.com/contest/1536/problem/B)；HackerEarth 题目：[https://www.hackerearth.com/practice/algorithms/string-algorithm/string-searching/practice-problems/algorithm/missing-string-c28c0934/](https://www.hackerearth.com/practice/algorithms/string-algorithm/string-searching/practice-problems/algorithm/missing-string-c28c0934/)。

2. **Codeforces 1541/C 与 GeeksforGeeks 的解决方案**：
   - 这个评论提到的也是不同的问题，一个是 Codeforces 上的题目，另一个是 GeeksforGeeks 上的一个解决方案。虽然该用户承认自己的解决方案是从 GeeksforGeeks 拿来的，但这并不意味着这两道题目本身有雷同或冲突。
   - 相关评论链接：Codeforces 题目：[https://codeforces.com/contest/1541/problem/C](https://codeforces.com/contest/1541/problem/C)。

总结来说，博客中的评论并没有明确指出两道题目是本质相同或相似的情况，只是讨论了使用公开资源（如 HackerEarth 和 GeeksforGeeks）来解决问题的情况。因此，没有明显的雷同或冲突的迹象。
92161,在这篇博客及其评论区中，并没有出现两道不同的编程题目的雷同或冲突的信息。博客主要讨论了一个问题，即给定一个字符串A和一个整数K，通过最多进行K次字符交换来生成最大可能的字符串。博客作者提到了三种变体的问题：

1. 最多K次交换（提供的代码针对此问题）。
2. 精确K次交换。
3. 至少K次交换。

评论区的内容主要是对如何解决“精确K次交换”和“至少K次交换”的问题提供了思路和解决方案。尽管评论区提到了这些不同变体的问题，但它们本质上都是基于同一个基础问题的不同版本，并没有出现两道不同的、本质相同或相似的编程题目的情况。

总结来说，博客内容和评论区并未包含两道不同的编程题目出现雷同或冲突的信息。
92092,在这篇博客及其评论中，并没有明确提到两道不同的编程题目出现雷同、冲突或撞题的信息。博客主要讨论了一种通过预处理来比较字符串子串字典序的技术，而评论区则主要是对博客内容的反馈和补充说明。

评论中提到了一些与该技术相关的其他方法或算法，比如后缀数组（suffix array）、最长公共前缀（LCP）以及RMQ（Range Minimum/Maximum Query）等，但这些并不构成两道不同题目雷同、冲突或撞题的情况。评论者们更多的是在讨论实现细节、相关算法之间的联系和区别，而不是指出了两道题目本质相同或相似的问题。

因此，根据给出的内容，没有发现两道不同的编程题目出现雷同、冲突或撞题的信息。
92053,在这篇博客及其评论中，并没有直接提到两道不同的编程题目出现雷同、冲突或撞题的信息。博客和评论主要讨论的是一个特定问题的复杂性和解决方案，即在一个有向加权图中找到从节点A到节点B的最短路径，并且在有多条最短路径的情况下选择颜色数最少的一条路径。

评论区中的讨论主要是关于该问题的复杂性（NP-hard），并且通过将集合覆盖问题归约为该问题来证明其复杂性。此外，评论还讨论了暴力搜索（brute force）方法为什么在多项式时间内不可行。

因此，根据提供的信息，我们无法找到两道不同编程题目的雷同或冲突。评论区中的讨论主要集中在对单一问题的不同角度分析，而不是比较两个不同的问题。
92049,在这篇博客及其评论区中，并没有明确提到两道不同的编程题目出现了雷同或冲突的信息。评论区主要讨论的是关于某个特定问题的不同解法和算法细节，特别是关于树形动态规划（DP）的问题。

唯一接近的是评论#1和评论#2提到的一个更难版本的问题（来自AtCoder竞赛），但这两者并不构成雷同或冲突。它们只是同一个主题（树形DP问题）的不同实例或变体。

评论#3提到了同一个问题在Lowe's招聘比赛中的出现，但这只是表明同一个问题被多次使用，并不意味着两道不同的题目之间有雷同或冲突。

因此，根据提供的内容，没有发现两道不同的编程题目出现了雷同或冲突的信息。
91835,经过仔细检查这篇博客及其评论区的内容，没有发现两道不同的编程题目出现雷同、冲突或撞题的信息。博客主要是对即将举行的Codeforces Round 726 (Div. 2)进行介绍和感谢参与的人员，而评论区则主要是参与者们对比赛的反馈、对题目的讨论以及一些个人感想等。

评论中确实提到一些题目可能存在相似性或者有其他版本的问题，但这些并不构成雷同或冲突的问题。例如：

- 评论中有人提到问题D与MIT PRIMES 2019 G5类似。
- 也有人提到问题F与AtCoder ARC119 C相似。
- 有人指出问题E1和E2的测试用例较弱，但这些都是针对单一题目的不同变体，而不是两道不同题目内容雷同的情况。

因此，根据要求，这篇博客及评论区没有包含两道不同题目雷同或冲突的信息。
91827,根据你提供的博客内容和评论，没有直接提到两道不同编程题目的雷同、冲突或撞题的信息。评论中的内容主要是在建议博主参考一个最近的ABC竞赛中的问题来帮助理解反射技巧的应用。

但是，为了更严谨地回答你的问题，我们需要检查一下评论中提到的“recent ABC problem”是否与博客中讨论的问题相同或相似。不过，由于评论中并没有提供具体的链接或来源，我们无法进一步验证这一点。

如果需要确认两道题目的相似性，可以考虑查找评论中提到的“ABC problem”的具体来源，并将其与博客中的问题进行比较。但基于现有信息，没有明确的证据表明两道题目存在雷同或冲突。 

总结：在当前提供的信息中，没有发现两道不同的编程题目出现雷同或冲突的情况。如果有更多信息或具体的链接，可能会更容易做出判断。
91768,在这篇博客及其评论区中，确实存在两道本质上相似的编程题目。具体来说：

- 博客中的问题是：“Given an array, compute the number of subarrays with a mean = k”（给定一个数组，计算平均值为k的子数组的数量）。
- 在评论区中，用户"aniervs"提到“那道问题非常常见，我在不同平台和比赛中见过几次。”
- 用户"Ritwin"分享了一种称为“平均值技巧”的方法，即从每个元素中减去k，然后将问题转化为“找到和为0的子数组的数量”。

这两道题目的核心思想是相同的，只是表述方式不同。博客中的问题可以通过调整元素来转化为标准问题：找到和为0的子数组的数量。这种转化使得两个问题变得本质上相同。

总结：
- 第一个问题是计算平均值为k的子数组数量。
- 第二个问题是找到和为0的子数组数量，通过减去k来实现。

这两个问题在本质上是相同的，因为平均值为k的子数组可以转化为和为0的子数组。因此，这两道题目是雷同的。
91715,根据提供的博客内容和评论，没有发现两道不同的编程题目出现了雷同、冲突或撞题的信息。博客中讨论的是同一个问题，即计算从城市1出发并返回城市1的旅行方式数量。虽然评论区中有一些关于解题方法的不同看法，但它们都是针对同一个问题的不同解法或解释。

具体来说：

- 博主提出了一种解法，认为答案应该是 \((N-1)^{K-2} \times (N-2)\)。
- 评论#0的用户Jackylkk2003指出了博主解法中的一个错误，即第\(K-1\)次旅行不一定只有\(N-2\)个选择，如果第\(K-2\)次旅行在城市1，则第\(K-1\)次旅行有\(N-1\)个选择。
- 评论#1的用户fawad提出了另一种解法，认为从第二次旅行到第\(K\)次旅行，每次旅行只有\(N-2\)个选择（除了起点和当前城市），因此公式为 \((N-1) \times (N-2)^{K-1}\)。

这些讨论都是围绕同一个问题的不同解法，而不是两道不同的编程题目出现了雷同、冲突或撞题的情况。
91632,在这篇博客及其评论区中，并没有出现两道不同的编程题目出现了雷同或冲突的情况。博客主要讨论了两种计算素数计数函数（即小于等于n的素数个数）的方法，分别是$O(n^{3/4})$和$O(n^{2/3})$的时间复杂度方法，并且提供了具体的实现代码和基准测试结果。此外，评论区的内容主要是对博客内容的补充、其他相关算法的讨论以及一些练习题的推荐，并没有涉及到重复或冲突的问题。

总结来说，博客和评论区的内容都是围绕着素数计数函数的不同算法实现，不存在两道不同题目雷同或冲突的情况。
91520,经过仔细阅读和分析所提供的博客内容及评论，我没有发现两道不同编程题目出现雷同、冲突或撞题的信息。每道题目看起来都是独立设计的，具有各自独特的背景、问题描述和解决方案。

评论区中虽然有一些讨论和反馈，但这些主要是针对单个题目中的具体实现细节、算法复杂度或解题思路，并没有提到两个不同题目的本质相同或相似的问题。

例如：
- 评论#1 提到“Problem E is very similar to 2013 USAJMO Problem 2”，但这是对单一题目E的评论，而不是指出题目E与其它题目之间的雷同或冲突。
- 其他评论主要集中在题目难度、解题方法、代码实现效率等方面，没有涉及到题目间的雷同或冲突问题。

因此，在这篇博客及其评论中，并未发现两道不同编程题目出现了雷同或冲突的信息。
91332,在这篇博客中，并没有明确出现两道不同的编程题目雷同、冲突或撞题的信息。博客中的内容主要是博主请求提供一些基于MCM（Matrix Chain Multiplication）类型的动态规划状态或思想的问题。随后，评论者推荐了一个与MCM类型问题思想类似的题目，即“Evaluate Expression to True”（来自InterviewBit）。

虽然评论者提到这两个题目基于相同的思想，但它们并不是本质上相同的题目。MIXTURES 题目来自 SPOJ，而 Evaluate Expression to True 是一个关于布尔表达式求值的动态规划问题。尽管它们都涉及到了动态规划的思想，但是解决的具体问题和背景不同。

因此，根据你的要求，这篇博客及评论区并没有包含两道本质相同或相似的编程题目的雷同或冲突的信息。
91330,从提供的博客内容来看，作者提到在Codeforces平台上遇到的一个问题：其提交的代码被误认为与他人代码存在雷同，尽管他认为这是由于平台的反作弊系统误判导致的。具体来说，作者提到两道不同的题目（1523B和1523C）的提交被系统认为有相似之处。

- **1523B**：几乎所有人都使用了类似的解决方案。
- **1523C**：尽管提交的代码不同，但仍然被系统认为存在相似性。

评论区中的一些用户也表达了类似的观点，例如Terryobeyes提到对于问题B，情况可能是合理的，但对于问题C，情况显得不合理。另一条评论来自endless_summer，表示他也收到了类似的误报消息，并且最终他的惩罚已经被撤销。

根据上述信息，我们可以推断出：
- 博客中的问题主要集中在两道题目（1523B 和 1523C）上，其中1523B的情况被认为是合理的，而1523C则被认为是不合理的。
- 评论区进一步证实了这种误解，表明有人认为1523C的问题实际上是误判。

因此，博客本身没有明确指出两道题目是本质相同或相似的，而是强调了反作弊系统对这两道题目的误判。不过，从评论区的内容来看，确实有人认为这两道题目被误认为相似，这可以被视为一种“雷同”或“冲突”的情况。

总结来说，博客中并没有直接指出两道题目本质相同或相似的信息，但是评论区中的讨论暗示了这种情况的存在，尤其是在1523C问题上。具体的链接如下：

- 题目链接：[Codeforces 1523B](https://codeforces.com/problemset/problem/1523/B) 和 [Codeforces 1523C](https://codeforces.com/problemset/problem/1523/C)
- 提交链接：分别给出的提交ID对应的具体提交页面（需要访问Codeforces网站查看）

希望这些信息对你有所帮助！
91262,在这篇博客及其评论中，并没有直接指出两道不同的编程题目出现了雷同或冲突的信息。不过，在评论部分有一个用户提到两道题目的相似性：

```plaintext
comment#8»dummybawa3 years ago,#|←Rev.2→0CHESUBis the same as thisPROBLEM, but with exactly kk transactions and incorporation of ii factor in summation.
```

然而，这个评论并没有提供具体的题目来源或链接，因此无法确认这两道题目的具体内容和出处。所以，根据提供的信息，我们不能明确指出两道题目是本质相同或相似的。

总结来说，博客内容及评论中并未明确指出两道不同题目的雷同或冲突信息。如果有进一步的具体信息或链接，则可以更准确地判断。
91240,在这篇博客和评论中，并没有明确提到两道不同的编程题目出现了雷同或冲突的情况。相反，讨论的是同一个题目（即“Compress Words”）的不同解决方案以及使用不同基数(base)对解决方案的影响。特别是针对一个特定问题（Compress Words），用户讨论了在使用多项式哈希方法时选择不同基数的问题。

具体来说：

- 博主尝试用多项式哈希解决“Compress Words”问题，但最初的提交（使用基数257）在测试136上失败了。
- 更改基数到311后，该问题得到了解决。
- 评论区提到，在比赛中使用固定基数可能导致被黑客攻击，因为有人设计了特定的测试用例来针对某些基数。
- 讨论还涉及如何通过选择较大的素数来避免碰撞问题，以提高哈希函数的安全性和可靠性。

因此，这里并没有两道不同的编程题目的雷同或冲突，而是围绕同一道题目的不同实现细节进行讨论。
91197,在这篇博客及其评论区中，并没有明确提到两道具体的编程题目，也没有指出任何两道题目的具体内容。因此，我们无法从这段内容中直接判断是否存在两道不同的编程题目出现雷同、冲突或撞题的情况。

评论区中确实有一些关于Codeforces和CodeChef平台的问题讨论，但这些讨论主要集中在对两个平台整体风格和题型差异的看法上。例如，评论#1提到现在CodeChef趋向于与Codeforces类似的题目类型，即需要一个关键的观察点并且实现相对简单。然而，这并不是指具体的两道题目有雷同，而是在描述两个平台题目的总体趋势。

因此，根据提供的信息，我们不能确定这两道题目是否存在雷同或冲突。如果要更准确地回答这个问题，我们需要具体了解某个特定的题目及其内容。
91068,从提供的博客内容来看，这段文字主要是在指控某位名为"this guytwoseven"的用户在竞赛中作弊。博客作者声称该用户的两份提交（Submission117247731和Submission117243132）在本质上是相同的，只是使用了不同的数据结构（向量和数组）以及不同的加法函数（modadd），但其余部分代码完全相同。然而，这里并没有提到两道不同的编程题目，而是讨论了同一个问题的两种不同实现方式。

因此，根据提供的信息，没有发现两道不同的编程题目出现雷同、冲突或撞题的情况。博客中的内容主要集中在指责同一道题目的两个版本之间存在抄袭或作弊行为，而不是两道不同题目的雷同或冲突。

如果要判断两道不同的编程题目是否存在雷同或冲突，需要有具体的题目描述或链接作为参考。在目前提供的信息中，并没有相关的链接或详细描述来支持这一判断。
91058,After carefully reviewing the blog post and its associated comments, there is no indication of two different programming questions that are essentially the same or conflicting with each other. Each problem described in the blog is distinct and focuses on different concepts and algorithms:

1. **1529A - Eshag Loves Big Arrays**: This problem involves deleting elements from an array until only the smallest elements remain.

2. **1529B - Sifid and Strange Subsequences**: This problem deals with selecting a subsequence where the difference between any two elements is at least the smallest positive element in the array.

3. **1528A - Parsa's Humongous Tree**: This problem is about assigning values to tree nodes to maximize the beauty of the tree.

4. **1528B - Kavi on Pairing Duty**: This problem involves counting valid pairings of points based on specific conditions.

5. **1528C - Trees of Tranquillity**: This problem requires finding a subset of nodes from a tree such that no node in the subset is an ancestor of another in a second tree.

6. **1528D - It's a bird! No, it's a plane! No, it's AaParsa!**: This problem involves finding the shortest path in a graph with special rules for waiting and moving.

7. **1528E - Mashtali and Hagh Trees**: This problem deals with counting certain types of trees based on specific properties.

8. **1528F - AmShZ Farm**: This problem involves parking cars in a circular parking lot and counting valid configurations.

Each problem introduces unique challenges and solutions, and there is no overlap or conflict noted among them. Therefore, there is no evidence of two different programming questions appearing with significant overlap or conflict.
90952,根据提供的博客内容和评论，没有发现两道不同的编程题目出现了雷同、冲突或撞题的信息。博客主要介绍了一个在线协作编码平台Discode的功能更新和改进，而评论主要是对平台功能的一些反馈和建议。

唯一与“题目”相关的内容出现在评论中，但这些评论主要是关于平台功能的讨论和建议，而不是描述两道编程题目的内容。例如：

- 评论#1提到可以随机进入别人的房间，这是对平台安全性的担忧。
- 评论#2提到创建多个同名房间的可能性，以及URL生成方式的改进建议。

这些讨论虽然涉及一些技术性的问题，但并不是指两道编程题目的雷同、冲突或撞题。

因此，根据你的要求，该博客和评论区中没有包含两道不同编程题目的雷同或冲突的信息。
90832,经过仔细检查提供的博客内容，没有发现两道不同的编程题目出现雷同或冲突的信息。博客主要描述了一场编程竞赛的情况，包括参赛者对题目的讨论和反馈。虽然有一些评论提到某些题目可能与之前的比赛题目有相似之处，但并没有明确指出具体的雷同题目及其来源或链接。

例如，有一些评论提到了题目与之前的数学竞赛相似，或者提到某些题目的难度和类型，但这些都没有具体指明另一道题目的来源或链接。因此，无法根据现有信息指出具体哪两道题目存在雷同或冲突。

如果需要进一步检查是否有题目雷同或冲突，可以提供更详细的信息或具体的题目描述和链接。
90829,根据提供的博客内容和评论，没有直接指出两道不同的编程题目出现雷同、冲突或撞题的信息。博客主要讨论了一个特定问题及其解决方案，而评论部分则集中在对该问题的解决方案的讨论上。

唯一可能暗示题目相似的是评论#2中的“dalex”提到“这是一个从我们比赛中盗用的问题”，但并没有提供进一步的细节或链接来支持这个说法。因此，没有足够的信息来确认是否存在两道不同的编程题目出现了雷同或冲突的情况。

如果需要更详细的信息来判断是否有雷同或冲突，可能需要更多的背景信息，例如其他比赛的具体题目描述或链接。目前提供的信息不足以做出明确判断。
90609,在这篇博客及其评论区中，确实存在两道题目的雷同情况。具体来说，评论#3提到了另一道题与当前博客中的问题本质上是相同的。

以下是相关引用：

```plaintext
comment#3»callmepandey4 years ago,#|+101437C - Chef MonocarpExactly same Problem.
```

根据评论内容，“C - Chef Monocarp” 这个问题与博客中提到的问题是相同的。

总结：
- 博客中的问题是关于酒店经理服务顾客的问题。
- 在评论#3中，callmepandey 指出与 “C - Chef Monocarp” 这道题是相同的问题。

因此，两道题目是本质相同的，出现在博客的评论区中。不过具体的链接没有提供，但可以推测这是一道在某个在线评测平台上的题目，例如Codeforces、HackerRank等。如果有进一步的上下文信息，可以更精确地定位到具体题目和链接。
90569,在这篇博客及其评论区中，确实存在两道不同编程题目的雷同或冲突的情况。具体来说：

### 雷同的题目：
- **博客中的问题2** 和 **评论#11中的问题(2)**。

#### 博客中的问题2：
博客中提到的问题2是关于将一个数组分成四个非空连续子序列，并找到使得这些子序列的和的最大值与最小值之间的差最小的方法。

#### 评论#11中的问题(2)：
评论#11中提到的问题是关于在一个长度为2*n的数组中进行操作，以使得剩余数组中1的数量等于0的数量，并且要求移除的元素数量最少。

### 分析：
这两个问题虽然描述不同，但它们的核心目标都是通过某种方式对数组进行分割或操作，以达到某种优化效果。然而，它们所解决的问题并不相同。问题2关注的是如何分割数组以最小化最大值和最小值之间的差，而问题(2)关注的是如何移除元素以使得剩余数组中1的数量等于0的数量。

尽管这两道题在某些方面有相似之处（例如都涉及数组的操作），但它们并不是本质上相同的题目。因此，严格来说，它们并不属于“雷同”的情况。

### 结论：
在这篇博客及其评论区中，没有发现两道本质上相同或非常相似的题目。不过，评论#11中提到的问题(2)与博客中的问题2在某些方面有相似之处，但它们的核心目标和实现方式不同，因此不能算作雷同或冲突。

如果有任何其他具体的疑问或需要进一步分析的内容，请随时告知！
90422,从提供的博客内容来看，评论区并没有明确提到两道不同的编程题目出现雷同、冲突或撞题的信息。相反，评论主要集中在同一个题目的不同解决方案之间的相似性问题，以及作者对于其解决方案被跳过和可能存在的不公平待遇的抱怨。

具体来说：

- **评论#0** 提到的是作者的两个解决方案（solution115216804 和 his solution for A115212547）是完全不同的实现，这表明它们是不同的题目。
- **评论#1** 提到的是两个C题的解决方案（可能是相同题目的不同版本或变种），认为它们“几乎相同”，但这仍然是同一个题目的不同解决方案。
- **评论#2** 提到的是Moss检测器认为两个C题的解决方案“几乎相同”，但这里讨论的仍然是同一个题目的不同解决方案。

因此，根据提供的信息，没有发现两道不同的编程题目出现雷同或冲突的情况。如果有更多的上下文信息或者具体的题目链接，可能会有助于更准确地分析。
90276,在这篇博客及其评论中，并没有明确提到两道不同的编程题目的存在。相反，讨论集中在同一个问题的不同解法上。具体来说，博客和评论讨论的是同一问题的不同实现方式：

1. 第一个提交的代码通过找到不连接的节点对并立即停止搜索。
2. 第二个提交的代码则遍历所有节点直到找到一个可以连接的节点为止。

尽管这两个实现方式有所不同，但它们解决的是同一个问题：在给定条件下构建一棵包含N-1条边的树。因此，这里并没有出现两道不同编程题目雷同、冲突或撞题的情况。

总结来说，博客和评论中的讨论内容并不是关于两道不同题目，而是关于同一问题的不同解决方案。因此，没有发现两道不同编程题目雷同、冲突或撞题的信息。
90263,在这篇博客和其评论区中，并没有直接提及两道不同的编程题目出现雷同、冲突或撞题的信息。博客作者主要提出了一个问题，即如何在一个数组上处理区间查询和点更新的问题，并询问是否存在类似的问题或解决方案。评论者们则提供了解决这个问题的方法，例如使用线段树（segment tree）或树状数组（Fenwick Tree）。

具体来说，博客中提到的问题是：
- 给定一个大小为 \(1 \leq n \leq 10^5\) 的数组和 \(1 \leq q \leq 10^5\) 个查询，每个查询给定一个范围 \([L, R]\)，需要判断该范围内数组是否是递增的。
- 是否可以处理点更新？

博客作者提供的链接指向的是 CodeChef 平台上的一个名为 DELSORT 的问题，但评论区并没有提及另一个具体的编程题目。

因此，根据提供的信息，评论区和博客内容并没有涉及两道不同编程题目的雷同或冲突问题。
90241,从提供的博客链接和评论内容来看，并没有明确提到两道不同的编程题目的存在，也没有提到这两道题目在本质上相同或相似的信息。评论中的讨论集中在同一个竞赛题目下的不同提交上，重点在于为什么某些修改会导致答案的不同，特别是关于`INF`值的设置问题。

评论中提及的“this submission”和“this one”，实际上指的是同一个竞赛题目下的不同提交结果，而不是两道不同的题目。因此，根据提供的信息，我们无法找到两道不同的编程题目出现了雷同或冲突的情况。

总结来说，这段博客和评论内容并没有涉及到两道不同的编程题目之间的雷同、冲突或撞题的问题。
90194,经过仔细阅读博客内容及其评论区，我没有发现两道不同编程题目出现雷同、冲突或撞题的信息。博客主要是关于Codeforces Global Round 14的介绍和一些参赛者的反馈，其中讨论了各个问题的不同解法和实现细节，但没有明确指出两道题是本质相同或相似的情况。

因此，根据你的要求，没有找到包含两道不同编程题目雷同或冲突的信息。
90182,从提供的博客内容和评论来看，这似乎是一篇关于某个具体编程问题的讨论，该问题涉及到对大学分数的处理以及如何优化算法以减少时间复杂度。然而，这些内容并没有明确提到两道不同的编程题目出现雷同、冲突或撞题的信息。相反，评论区主要集中在对同一个问题的不同解法和优化方法的讨论上。

具体来说：

1. **博客作者**分享了他的解决方案，包括使用map存储每个大学的成绩，并对其进行排序和前缀和处理。
2. **评论#0**提到他用了同样的方法但遇到了TLE（Time Limit Exceeded）的问题。
3. **评论#1**建议作者通过预计算来减少时间复杂度，而不是每次循环都重新计算。
4. **评论#2**则提到一种策略，即一旦发现结果为零就直接退出循环并输出剩余的零。

综上所述，评论区并没有显示出两道不同题目的雷同、冲突或撞题现象，而是在讨论同一个问题的不同解决方法和优化技巧。因此，根据提供的信息，无法指出任何两道题目的雷同或冲突。
89875,根据提供的博客内容，没有明确提到两道不同的编程题目出现雷同、冲突或撞题的信息。博客主要是讨论了在某个竞赛中提交的代码之间存在雷同的问题，但这些雷同指的是不同用户在同一问题上的代码相似，而不是两道不同的题目本身具有雷同或相似性。

具体来说：
- 博客作者提到其在1509B问题中的提交113241228与其他人（anish_kr_jha/113203828, dicfore/113241228）的提交有显著雷同。
- 同样地，在1509A问题中，作者的提交113188623也与其他人的提交（anish_kr_jha/113186742, dicfore/113188623）有显著雷同。
- 评论部分提到对于1509B，评论者认为没有显著雷同，但对于1509A问题的解法简单且认为这不公平，因为评论者的代码也与作者的提交完全相同。

从以上信息来看，两道题目（1509A和1509B）虽然都有雷同的嫌疑，但它们并不是本质相同或相似的题目，而是独立的不同题目。因此，这里并没有提到两道不同的编程题目本身存在雷同或冲突的情况。

总结：博客和评论区没有提到两道不同的编程题目本质上相同或相似的信息。
89846,After carefully reviewing the blog post and the associated comments, there is no indication of two different programming problems appearing to be essentially the same or conflicting with each other. Each problem in the blog post (1516A through 1516E) appears to cover distinct concepts and solutions:

1. **1516A - Tit for Tat**: This problem involves minimizing an array lexicographically.
2. **1516B - AGAGA XOOORRR**: This problem deals with dividing an array into pieces with equal XOR values.
3. **1516C - Baby Ehab Partitions Again**: This problem focuses on partitioning an array into two subsequences with equal sums.
4. **1516D - Cut**: This problem involves processing an array based on the condition that the product equals the LCM of its subranges.
5. **1516E - Baby Ehab Plays with Permutations**: This problem involves counting permutations that require a certain number of swaps to be sorted.

None of the problems seem to have overlapping core concepts that would cause confusion or redundancy. They each present unique challenges and solutions. 

If you find any specific sections or comments suggesting overlap or conflict, please point them out, and I can provide a more targeted analysis.
89838,经过仔细检查，这篇博客及其评论区并没有明确提到两道不同的编程题目出现雷同、冲突或撞题的信息。评论区主要讨论的是比赛中的具体问题、解题方法以及对某些测试用例的反馈等。虽然有评论提到了一些题目与GeeksforGeeks或其他网站上的题目相似（例如评论 #69, #97），但这些讨论并没有明确指出题目之间的雷同或冲突，只是表示解题思路和某些算法实现可能相似。

以下是相关评论的具体位置和内容：

- **评论 #69**:
  - 用户 `arpit0891` 提到C题与GeeksforGeeks上的一道题相似，但这并不意味着题目本身存在雷同或冲突。
  
  ```plaintext
  https://www.geeksforgeeks.org/partition-a-set-into-two-subsets-such-that-the-difference-of-subset-sums-is-minimum/
  MikeMirzayanov
  Solution of C available online
  ```

- **评论 #97**:
  - 用户 `ganekasar` 表示自己的代码与网上的一个代码片段相似，但解释说这是从LeetCode讨论区获取的，并且保证自己其他部分的代码和逻辑都是原创的。

  ```plaintext
  During the contest, I have used the code snippet from the Leetcode discussion form.
  https://leetcode.com/problems/partition-equal-subset-sum/discuss/853769/01-knapsack-cpp-solution
  ```

总体来看，评论区并没有明确指出两道题目之间存在雷同或冲突的问题。如果需要进一步确认是否存在雷同题目，可以对比题目描述和提交代码的细节。
89750,在这篇博客和其评论区中，并没有明确提到两道不同编程题目的内容出现雷同、冲突或撞题的信息。评论主要集中在对特定题目（如C和D）的解法讨论、思路分享以及一些个人看法上。

唯一接近于这种描述的是评论区中关于题目C的一些讨论。评论者Ritwin提到题目C与Mathologer的一个视频内容相似，这可能导致了解题思路上的重叠。但是这只是对单个题目C的评论，并没有涉及到另一个具体的题目。此外，这些讨论并不构成两道不同题目内容的雷同或冲突，而只是某一个题目的解题思路与已有资源的相似性。

因此，在这个博客及其评论区中，并未发现两道不同的编程题目出现雷同或冲突的信息。
89644,经过仔细检查，这篇博客及其评论区并没有出现两道不同的编程题目出现雷同或冲突的情况。每篇题目的描述和解决方案都是独立的，并且针对各自的算法问题提出了具体的解决方法。

博客中列出的题目包括：
- 1509A - Средняя высота（平均高度）
- 1509B - ТМТ документ（TMT文档）
- 1509C - Спортивный фестиваль（体育节）
- 1508A - Бинарная литература（二进制文学）
- 1508B - Почти отсортированные（几乎排序）
- 1508C - Завершите MST（完成MST）
- 1508D - Обмены на ребрах（边交换）
- 1508E - Дерево-календарь（树日历）
- 1508F - Оптимальное кодирование（最优编码）

每道题都有详细的教程和解题思路，但它们之间没有明显的雷同或冲突之处。如果需要进一步分析特定题目是否有相似性，请提供更具体的信息或示例。
89537,根据提供的博客内容和评论，可以发现存在两道题目的雷同问题。

在评论部分，用户"abhinash6g"提到：“Problem G already exists. Original G. Don't know how the Authors didn't notice it.” 这句话表明问题G已经被其他地方使用过，也就是说存在两道题目本质上是相同的或者非常相似的问题。

但是，博客本身没有提供具体的问题来源或链接。因此，我们无法直接指出这两道题的具体来源或链接。不过，从评论中可以看出，在同一场测试或比赛中，问题A和问题G之间可能存在雷同或冲突的情况。

如果需要更详细的信息，建议查看该博客的完整内容或其他相关讨论，以找到具体的题目来源和链接。但根据现有信息，至少可以确定的是，问题G与其他已存在的题目存在雷同问题。
