89520,经过仔细检查提供的博客内容和评论，我没有发现两道不同的编程题目出现雷同、冲突或撞题的信息。所有讨论的内容主要集中在单个问题的解决方法、时间复杂度、特定测试用例的处理以及比赛体验等方面。没有提到两道不同的题目在本质上是相同的或相似的情况。

因此，可以得出结论：该博客及其评论区中并没有包含两道不同编程题目出现雷同或冲突的信息。
89337,从提供的博客内容来看，该博客及其评论区并没有涉及到两道不同的编程题目的比较或讨论。博客主要讨论的是某个特定问题（未明确指出具体是哪一道题）的解题思路和方法。评论部分也没有提到两道不同的题目，而是围绕同一个问题的不同解法和思路进行讨论。

因此，根据给出的内容，没有发现两道不同的编程题目出现了雷同、冲突或撞题的信息。如果需要进一步分析，请提供更多的背景信息或具体的题目链接。
89319,Based on the provided blog content, there is no evidence of two different programming questions appearing with significant overlap or conflict. The blog entries describe solutions and tutorials for multiple problems, but none of the descriptions indicate that two distinct problems are essentially the same or have conflicting solutions.

Here's a brief overview of the problems discussed:

1. **1504A - Déjà Vu**: This problem deals with transforming a string by adding an 'a' character.
2. **1504B - Flip the Bits**: This problem involves flipping bits in a string to achieve a specific condition.
3. **1504C - Balance the Bits**: This problem constructs balanced bracket sequences.
4. **1504D - 3-Coloring**: This problem involves coloring a grid to avoid invalid configurations.
5. **1504E - Travelling Salesman Problem**: This problem involves finding the shortest path with specific cost constraints.
6. **1504F - Flip the Cards**: This problem involves decomposing an array into two decreasing subsequences.
7. **1503E - 2-Coloring**: This problem involves coloring a grid with two colors.
8. **1503F - Balance the Cards**: This problem involves balancing cards with brackets on both sides.

Each problem has its own unique context, requirements, and solution methods. There is no indication of any overlap or conflict between the core concepts or solutions of these problems. Therefore, the blog does not contain any instances where two distinct problems are essentially the same or conflicting.

If you need further clarification or have additional context, please feel free to ask!
89192,从提供的博客内容来看，这段描述并没有涉及到两道不同的编程题目的雷同、冲突或撞题问题。相反，博主在讨论的是同一个问题（Problem B of previous Div 2 (711)）的不同解决方案以及它们所带来的不同结果（TreeSet导致TLE，而可变列表则通过了测试）。

因此，在这个博客中并没有出现两道不同的编程题目出现了雷同或冲突或撞题的信息。博主提到的问题是关于同一个问题的不同实现方式及其性能差异。所以，无法根据这段内容指出两道题目的来源和链接。
89152,在这篇博客及其评论区中，并没有明确提到两道不同的编程题目出现了雷同、冲突或撞题的信息。博客和评论主要讨论的是快速哈特利变换（Fast Hartley Transform, FHT）与快速傅里叶变换（Fast Fourier Transform, FFT）之间的关系以及各自的实现难度。

评论区中的讨论集中在以下几点：
1. 快速哈特利变换与快速傅里叶变换的相似性；
2. 实现复杂度的比较；
3. 快速哈特利变换的一些局限性，如模运算的问题。

评论者提到快速哈特利变换与快速傅里叶变换在实现上非常相似，但并未明确指出这是两道编程题目出现雷同的情况。评论区并没有提及具体的编程题目或者题目来源，因此无法确定具体题目或链接。

总结来说，这段博客内容和评论区并没有包含两道不同的编程题目出现了雷同或冲突的信息。
88933,从提供的博客内容来看，评论区并没有明确提到两道不同的编程题目的存在，也没有指出这两道题目的雷同、冲突或相似之处。因此，根据提供的信息，我们无法得出两道不同的编程题目出现雷同或冲突的结论。

博客中的代码解决了一个特定的问题，即在一个二维矩阵中找到一个元素到其他所有比它小的元素的最大差值，并且通过广度优先搜索（BFS）的方式来实现。评论区主要讨论的是该代码实现的具体细节和潜在的问题，而不是指出两道不同题目的雷同或冲突。

如果需要进一步分析是否有雷同或冲突的问题，需要更多的上下文信息，例如博客中是否有提及多道题目，或者评论区是否有其他用户提到了另一道类似的题目。但从当前提供的信息来看，并没有发现这样的情况。
88809,从提供的博客内容来看，确实存在两道题目雷同的情况。具体来说：

- 博客中的问题是通过一个链接提供的，但没有直接提供链接。
- malvika.shalvika 提到这道问题和最近的 Codeforces Div 2 Round 708 Problem A 非常相似。
- Vichitr 回复确认了这一点，并提到最近出现的 Codeforces 问题只是他们问题的第一部分，他认为这是一个巧合。

根据这些信息，可以总结如下：

- 第一道题目：博客中提供的问题（来源未明确给出，但可以通过链接访问）。
- 第二道题目：Codeforces Div 2 Round 708 Problem A（链接：https://codeforces.com/contest/1495/problem/A）。

两道题目的雷同信息出现在评论区：
- malvika.shalvika 的评论：“Isn't this problem exactly the same as the recent Div 2 Round 708 Problem A”（这道题和最近的 Div 2 Round 708 Problem A 完全相同吗？）
- Vichitr 的回复：“Yes, the recently appeared CF problem is just first part of our problem. Looks like it was just a coincidence!”（是的，最近出现的 CF 问题只是我们问题的一部分。看起来这只是个巧合！）

因此，这两道题目在本质上是相似的。评论区明确指出了这种相似性。
88744,经过仔细检查提供的博客内容和评论，我没有发现两道不同的编程题目出现雷同、冲突或撞题的信息。博客主要介绍了即将进行的Educational Codeforces Round 106的相关信息，包括比赛时间、规则、题目数量等，并且有一些关于比赛前后的讨论和问题解答。评论区主要是对比赛的反馈、问题求解以及一些与性别平等相关的讨论，并没有提到两道题目本质上相同或相似的情况。

如果你有其他具体的博客或评论内容需要检查，可以提供更详细的信息，我会进一步帮助你分析。
88704,在这篇博客和评论中，确实存在两道题目出现雷同的情况。具体来说：

- **博客中的问题**：博客提到的问题是在HackerEarth的一个编程测试中出现的，要求最大化一个数组所有连续子数组的最大值和最小值之差的总和。例如，对于数组`A = [3, 1, 7, 8]`，可以将其划分为`[3], [1, 7, 8]`，这样答案为`(3 - 3) + (8 - 1) = 7`。

- **评论中的问题**：评论提到的是COCI（Croatian Open Competition in Informatics）的一道更难版本的题目，评论者称之为“Sjeckanje”（意为“分割”）。虽然评论没有给出具体的问题描述，但从上下文来看，它与博客中的问题非常相似，都是关于如何分割数组以最大化某个目标值。

评论者`navneet.h`还特别指出了这两道题目的相似性，并质疑HackerEarth是否未经授权使用了同样的题目。因此，这里可以确认的是，HackerEarth的题目和COCI的题目存在雷同的情况。

总结：
- **两道题目**：
  1. HackerEarth的编程测试题目（未给出具体名称）
  2. COCI Contest #5的“Sjeckanje”问题

- **出现雷同的地方**：博客中的内容和评论者的讨论都指出了这两道题目的相似性。

博客链接未提供，但可以从评论中推测出相关的信息。评论中提到的“Sjeckanje”问题可以在COCI的网站上找到更多详细信息。
88650,从提供的博客内容和评论来看，并没有明确指出两道不同的编程题目出现了雷同或冲突或撞题的信息。相反，讨论主要是围绕某一轮比赛中特定问题的时间限制（Time Limit Exceeded，TLE）现象，以及比赛过程中评判系统变慢的问题。

具体来说：

- 博客作者提到在第707轮比赛中遇到时间限制超时的问题，并且在重新提交多次后都通过了测试。
- 评论#0提到作者自己在解决另一道题（1474C - Array Destruction）时也遇到了类似的情况（TLE）并且未能通过系统测试。
- 评论#1提到了作者的解决方案平均耗时1990毫秒，而时间限制是2000毫秒，因此任何微小的变化都可能导致超时。
- 评论#2提到以前也有类似的情况发生。

这些讨论主要集中在时间限制方面的问题，而不是两道不同的题目内容上的雷同或冲突。因此，根据提供的信息，没有发现两道不同的编程题目出现了雷同或冲突或撞题的信息。
88574,根据提供的博客内容，没有直接提到两道不同的编程题目出现雷同、冲突或撞题的信息。博客主要讨论的是几位参赛者提交了几乎完全相同（甚至一字不差）的代码来作弊的问题，而不是两道不同的题目的相似性问题。

具体来说，博客作者提到的三名参赛者（bhagyeshganatrawinter1ssNeel_Makadiya）在比赛D2B题目中提交了完全相同的代码。这显然是作弊行为，但并不涉及两道不同题目之间的雷同或冲突问题。

因此，在这段博客和评论区中并没有找到两道不同的编程题目出现了雷同或冲突的信息。
88525,在这篇博客及其评论中，并没有明确提到两道不同的编程题目出现了雷同、冲突或撞题的信息。相反，讨论主要集中在对特定问题的理解和解决方法上，特别是关于如何使用Dijkstra算法或其变种来找到路径的最大边权重最小化的问题。

具体来说，博客和评论讨论的是一个图论问题：给定一个有N个节点和M条带权重的边的图，需要找到一条路径，使得该路径上的最大边权重最小。这个问题与LeetCode的问题“Path With Minimum Effort”有一定的相关性，但并不是直接相同的问题。

评论中的讨论重点在于解释为什么Dijkstra算法可以用于解决这种问题，以及如何调整Dijkstra算法以适应这种情况。其中一个关键点是，Dijkstra算法的核心在于确保路径长度不会因为添加新的边而减少，这在计算路径的最大边权重时仍然适用。

因此，根据你的要求，这里并没有出现两道不同编程题目的雷同或冲突的情况。评论区主要是围绕如何理解和实现解决问题的方法进行讨论。
88462,根据您提供的博客内容，评论区中确实提到了两道题目可能存在雷同的情况。

评论#1由用户“RonSkk”提到：

> Problem is similar to this https://cses.fi/problemset/task/1726

该评论暗示了博客中的问题与另一个链接指向的问题相似。这个链接指向的是CSES平台上的一个问题，题目为"棋盘游戏"（Chessboard Game）。虽然没有给出具体的描述，但从评论者的提示来看，这两个问题在本质上可能是相似的。

为了进一步确认，我们需要查看CSES平台上的该问题描述。不过，根据评论者的提示，我们可以推断这两道题目在某些方面存在相似性，可能是计算棋盘上某些状态的概率问题。

因此，在博客的评论区（具体来说是评论#1），提到了两道相似的编程题目。博客中的问题是关于骑士在棋盘上随机移动后空格子数量的预期值，而另一个问题（https://cses.fi/problemset/task/1726）可能是关于棋盘上某种概率计算的问题。

总结：
- 博客中的问题来源：CodeDrills，题目描述见博客内容。
- 另一个相似问题来源：CSES，链接为 https://cses.fi/problemset/task/1726。

建议进一步查阅CSES上的问题描述以确定它们是否真的相同或相似。
88349,根据你提供的博客内容和评论，没有明确的证据表明两道不同的编程题目存在雷同、冲突或相似的情况。以下是分析：

1. **博客内容**：
   - 博主提到的是一个具体的问题，即给定N个点在一个直线上，可以在任意位置设置K个特殊点，并求每个点到最近的特殊点的最短距离之和。博主提到了一种分组方法和使用中位数的方法，但这些方法在实际操作中没有成功。博主也在考虑动态规划（DP），但尚未找到解决方案。问题的约束条件为N, K <= 100，坐标范围为1 <= C[i] <= 10^4。

2. **评论#0**：
   - 提问者问了一个关于暴力解法O(NK)的问题，但是没有详细说明问题的具体内容。

3. **评论#1**：
   - `scar_face`评论说“这有点类似的东西”，但没有具体说明是哪一类问题或提供更多的上下文信息。

4. **评论#2**：
   - `ilf`提到另一个题目并提供了一个链接：[Codeforces 1283D](https://codeforces.com/contest/1283/problem/D)。这个链接指向的是一个具体的编程竞赛问题，但没有明确说明这个题目与博主提到的问题之间的关系。

从上述信息来看，虽然`ilf`提供了另一个题目链接，但并没有明确说明这两个题目之间有雷同、冲突或相似的关系。因此，无法确定这两个题目之间存在雷同或冲突。

总结：根据提供的信息，我们不能断定这两道题目之间存在雷同或冲突。需要更多的上下文信息才能做出准确判断。
88217,在这篇博客及其评论中，并没有明确提到两道不同的编程题目出现了雷同、冲突或撞题的信息。评论主要集中在比赛服务器问题、延迟以及个别题目的具体实现和理解上。

唯一接近这种情况的是评论中提到的一个题目与另一个在线平台上的题目相似的情况。例如，有评论提到一个题目与Codeforces上的一个旧题目非常相似：

```markdown
demoralizer4 years ago,#^|-43
https://codeforces.com/contest/280/problem/B
This 8 years old CF problem also has the essentially same idea. Exactly same in fact.
The interesting thing here is —Ashishguphas already solved this problem in 2018.
Link to his submission
```

这段评论指出一个问题与Codeforces上的一个旧题非常相似，但并没有明确说这是同一个题目或存在雷同的问题，只是指出了相似性。

因此，根据你的要求，这里没有明确出现两道不同题目雷同或冲突的信息。如果有更具体的细节或更多的上下文信息，可能会有不同的结论。
88012,根据提供的博客内容和评论，没有明确指出两道题目的具体链接或来源，因此无法直接确认两道题目的雷同、冲突或相似性。不过，从内容上看，博主提到的问题E（Paired Payment）与评论中的两个建议涉及的问题有相似之处。

1. 博主提到的问题E（Paired Payment），似乎涉及到动态规划以及如何处理“虚拟顶点”（fake vertices）。
2. 超级J64给出的建议中提到的实现方式确实涉及动态规划。
3. arujbansal提到的473E - Minimum Path问题，也涉及到创建多个副本来表示额外的状态，这与博主所讨论的问题有相似之处。

尽管如此，没有明确的证据表明这两个问题在本质上是相同的或非常相似的。博主的问题E更侧重于动态规划和如何处理虚拟节点，而473E - Minimum Path则更侧重于通过创建多个副本来扩展状态空间。

如果需要进一步确认是否存在雷同或冲突，建议查看473E - Minimum Path的具体描述和要求。但根据现有信息，不能断定这两者存在明显的雷同或冲突。

若要找到具体的题目来源和链接，可以参考以下步骤：
- 查找473E - Minimum Path的具体题目来源（可能是某在线评测平台如Codeforces等）。
- 确认博主提到的问题E的详细信息和来源。

如果有具体的题目链接，可以更准确地进行对比分析。
87962,从提供的博客内容和评论来看，并没有明确提到两道不同的编程题目的雷同、冲突或撞题信息。相反，博客和评论讨论的是同一个问题的不同解法，即针对同一道题目的优化策略。

具体来说，博客中的代码是用于解决题目229B - Планеты的，而评论区中讨论的是如何优化这段代码以避免TLE（Time Limit Exceeded）。虽然提到了另一份通过的代码，但这两份代码都是针对同一道题目的不同实现方式，而不是两道不同的题目。

因此，根据你提供的信息，没有发现两道不同的编程题目出现雷同或冲突的情况。
87940,在这篇博客及其评论区中，并没有直接指出两道不同的编程题目出现了雷同或冲突或撞题的信息。评论区主要讨论的是关于视频内容、实现细节以及不同数据结构和算法之间的比较，例如稀疏表与离散稀疏表之间的比较。

但是，在评论#0中，提到了一个与博主讲解的“离散稀疏表”相关的编程问题：

- 编程问题的描述：“在线求子段积（带有复合模数）”
- 链接：[CodeChef NOV17 SEGPROD](https://www.codechef.com/NOV17/problems/SEGPROD)

评论#7和评论#7的回复中提到的问题是关于稀疏表和离散稀疏表的应用场景，但并没有直接提到两道不同的编程题目存在雷同或冲突的情况。

因此，根据你的要求，这里没有发现两道不同的编程题目出现了雷同或冲突或撞题的信息。如果需要进一步分析其他方面的内容，可以提供更具体的关键词或上下文。
87898,在这篇博客及其评论中，并没有明确提到两道不同的编程题目出现雷同或冲突的情况。相反，讨论主要集中在`unordered_map`和`ordered_map`的性能差异以及在特定情况下的表现问题上。

具体来说，评论区的讨论集中在为什么在某些情况下`unordered_map`会退化到O(n)的时间复杂度，而`ordered_map`（即平衡树实现）则保持O(log n)的时间复杂度。这主要是由于哈希冲突导致的，特别是在使用默认哈希函数时，特定输入可能导致所有元素被映射到同一个桶中，从而使得`unordered_map`的性能下降。

因此，这里并没有涉及两道不同编程题目的雷同或冲突问题，而是关于单个数据结构在不同场景下的性能分析。如果要找的话，可以认为是在讨论如何避免在比赛中遇到类似的问题，但这也是针对单一数据结构的使用建议，而非两道题目的雷同或冲突。
87884,经过仔细阅读和分析博客内容及评论，我没有发现任何两道不同的编程题目出现了雷同、冲突或撞题的信息。博客主要是关于一场Codeforces竞赛的介绍、感谢以及一些测试者的反馈和对题目的讨论。

评论区中虽然有对某些题目的解法和难度的讨论，但并没有出现两道不同题目之间存在雷同或相似的情况。例如：

- 评论区中有人提到某些题目的解法（如问题D和问题E），但这些讨论都是针对单个题目的具体实现方法，而不是指出了两个不同题目的相似性。
- 有些评论提到题目的难度设置，但这些反馈也是针对每个题目本身，而不是表明两个题目之间存在雷同或冲突。

因此，根据提供的内容，没有找到两道题目存在雷同、冲突或相似的信息。
87613,从提供的博客内容来看，主要讨论的是如何在一个数组中找到两个局部最大值的问题，并且讨论了使用修改后的二分查找法来找到局部最小值，进而推导出局部最大值的方法。然而，博客本身并没有直接提到两道不同的编程题目，而是在讨论同一个问题的不同解法。

评论区中也没有明确提到两道不同的编程题目的雷同、冲突或相似性。评论主要集中在对原始博客提出的方法的疑问和建议，例如如何处理边界条件、是否可以通过创建新的数组来简化问题等。

因此，根据提供的信息，无法确认博客或其评论区中存在两道不同编程题目的雷同或冲突的情况。如果要更准确地判断，需要有更多关于这两道题目的具体描述或链接。
87602,在这篇博客及其评论区中，并没有明确提到两道不同的编程题目出现雷同、冲突或撞题的信息。评论主要集中在比赛中的某些问题上，比如Div1D和Div2C的问题，以及一些用户对于题目的公平性和测试用例的有效性提出了质疑。

唯一可能与题目雷同相关的是JEEADVANCED的评论，他提到了一个被“偷”的题目（stolen problem），并提供了一个链接（https://www.geeksforgeeks.org/find-local-minima-array/）。根据这个评论，JEEADVANCED认为某个竞赛题目和GeeksforGeeks上的题目非常相似。但是，这条评论并没有明确指出具体哪一道竞赛题目和哪个链接中的题目相似。

因此，从提供的内容来看，没有足够的证据表明存在两道不同的编程题目出现了雷同或冲突。如果有进一步的具体信息，可以更准确地判断是否存在雷同或冲突的情况。如果需要更详细的分析，可以提供更具体的评论内容或题目描述。
87585,经过仔细阅读该博客的内容，我没有发现两道不同编程题目的雷同、冲突或撞题的信息。博客主要讨论了Catalan数及其在不同问题中的应用，包括二叉树计数、平衡括号序列计数以及其扩展版本和矩阵链乘法问题。虽然这些问题都可以用Catalan数来解决，但它们本质上是不同的问题，只是它们的解都遵循Catalan数的规律。

以下是博客中提到的一些问题：
1. **Binary Trees Count** - 计算具有n个节点的不同二叉树的数量。
2. **Balanced Parentheses Count** - 计算由n对括号组成的平衡括号序列的数量。
3. **Balanced Parentheses Count with Prefix** - 计算由n+k对括号组成且前缀为k个开括号的平衡括号序列的数量。
4. **Matrix Chain Multiplication** - 计算N个矩阵连乘的不同方式，其解也是第n个Catalan数。

每个问题都有其独特的背景和应用场景，尽管它们的解法可能都涉及到Catalan数，但这些题目本身并不相同或冲突。

博客中提到的一个相关问题是关于“Super Catalan Numbers”，这与标准的Catalan数不同，但也没有与其他问题发生冲突。

因此，根据提供的信息，博客内容和评论区没有包含两道不同编程题目出现雷同或冲突的情况。
87282,经过仔细检查提供的博客内容，没有发现两道不同的编程题目出现雷同、冲突或撞题的信息。博客主要包含以下内容：

1. **比赛公告和总结**：介绍比赛的基本信息、获胜者名单、黑客排行榜等。
2. **参赛者的评论和讨论**：讨论具体题目的解题思路、代码实现细节以及对某些问题的理解偏差等。
3. **技术细节讨论**：关于代码中的特定问题，例如整数溢出、变量类型转换、算法复杂度等。
4. **对赛题的反馈**：包括对题目难度、题目描述清晰度等方面的反馈。

评论区中提到的题目都是独立的，虽然有些题目可能存在相似的解题思路（如动态规划），但并没有明确指出两道题目本质上相同或存在雷同的情况。

因此，根据提供的博客内容，可以得出结论：该博客及其评论区中没有两道不同的编程题目出现雷同或冲突的信息。
87261,在这篇博客及其评论区中，并没有明确提到两道不同的编程题目出现雷同、冲突或撞题的情况。博客主要讨论的是Datatähti Open 2021竞赛的内容以及一些参赛者的解题思路和方法。评论区主要是参赛者对比赛题目的一些疑问和解答，包括如何解决某些特定的问题等。

评论区里有一些用户提到了一些其他比赛中的问题（例如评论#8中提到的“Carbon Copy”和“Don't copy my homework exactly”），但这些只是用来举例说明问题相似性或提供解题思路，并没有直接指出Datatähti Open 2021中的两道题目是雷同或冲突的。

因此，在这篇博客和评论区中并没有发现两道不同的编程题目存在雷同或冲突的信息。
86933,Based on the provided blog content and comments, there is no indication of two different programming questions appearing with significant overlap or duplication. Each problem described in the editorial (A through F) seems to cover distinct concepts and algorithms:

- **Problem A** deals with constructing a number with specific constraints.
- **Problem B** involves finding an integer with exactly four divisors.
- **Problem C** is about reducing an array to zeros by removing pairs of elements.
- **Problem D** focuses on determining if stones can be removed from piles under certain conditions.
- **Problem E** involves counting operations in a specific sequence.
- **Problem F** discusses finding the longest increasing subsequence.

While there are discussions and questions about the implementations and solutions for these problems, none of the comments or editorials indicate that two distinct problems are essentially the same or have overlapping core ideas that would constitute a "conflict" or "collision."

Therefore, based on the information provided, there is no evidence of two different programming questions being essentially the same or conflicting.
86781,从提供的博客内容来看，博客本身并没有提到任何具体的编程题目，也没有提及任何两道题目的具体内容或对比。因此，无法直接从博客内容中找出两道题目是否存在雷同、冲突或撞题的信息。

博客内容主要讨论了在Timus OJ上观察到的一些用户名和提交行为的异常现象，即许多用户使用动漫角色的名字，并且似乎在解决相同的问题集。但博客中并没有提供具体的问题链接或描述，也没有提到这些题目的细节。

评论区的内容同样没有提供任何有关具体编程题目的详细信息，只是对博客作者的观察进行了讨论和猜测。

因此，根据提供的信息，我们不能确定博客或其评论区是否包含两道不同的编程题目出现雷同或冲突的信息。如果需要进一步分析，需要提供更多关于具体编程题目的信息。
86674,在这篇博客和其评论区中，并没有直接提到两道不同题目的对比或相似性。然而，在评论区中提到了一个与博客中的问题相似的问题，即AtCoder上的"NarrowRectangles"问题。

具体来说，在评论#2中，用户“MidoriFuse”提到这个任务与AtCoder上的"NarrowRectangles"问题完全相同，并且建议使用“slope trick”来解决这个问题。但是这并不意味着两道题目本身是相同的或雷同的，只是博主提出的问题可以被转化为AtCoder上那个问题的一种形式。

因此，根据你的要求，这里并没有出现两道不同编程题目的雷同或冲突信息。评论区只是提供了一种将当前问题转化为另一个已知问题的方法。

如果需要更具体的链接或来源信息，以下是评论中提到的AtCoder问题链接：

- AtCoder问题："Narrow Rectangles"
- 相关讨论链接：可以查看评论区中提到的链接以获取更多关于"Narrow Rectangles"问题的细节，但具体的链接文本没有给出。

总结：博客及评论区没有明确指出两道题目的雷同或冲突，仅提供了转化方法。
86566,经过仔细检查，这篇博客及其评论区没有出现两道不同的编程题目雷同或冲突的情况。每篇博客文章都分别描述了不同题目（例如A、B、C、D和E）的不同解法和思路。评论区主要集中在对具体问题的疑问、解决方案的讨论以及对某些特定测试用例的分析。

以下是几个例子，显示评论区主要是针对具体问题的讨论，而不是题目之间的雷同或冲突：

1. 对于问题B“Hills And Valleys”，讨论集中在如何正确计算最小改变次数以减少山峰和山谷的数量。例如，用户vikrant3302分享了一个测试用例，该测试用例揭示了他的方法中的一个漏洞：
   ```
   2,22,23,14,18,18
   ```

2. 对于问题C“Three Bags”，用户提出了关于具体实现的疑问，例如：
   ```
   1 2 3
   7 8 9
   4 10 12
   ```
   这个测试用例展示了用户提交的代码未能通过的情况。

3. 对于问题D“Sum of Paths”，评论区主要讨论了动态规划的状态转移方程和具体实现细节。例如，用户X-O__O-X详细解释了如何计算路径中每个单元格的出现次数：
   ```
   For each i, we want to calculate how many times the cell i occur in all good paths, right?
   ```

总体来看，评论区的讨论都是针对每个具体问题的不同实现细节和可能的错误，而没有发现两道不同的题目之间有雷同或冲突的情况。
86328,根据你提供的博客内容，没有明确提到两道不同的编程题目的具体来源或链接。不过，从评论区的内容来看，似乎有人认为博客中的问题与CodeChef长挑战中的某个问题相似。

具体来说，评论#1提到“Why this looks similar to codechef long challenge question?” 这句话表明评论者认为博客中讨论的问题和CodeChef的一个长挑战问题有相似之处。但是，由于缺乏具体的题目链接或名称，我们无法进一步确认这两道题目的具体内容以及它们是否真的存在雷同或冲突。

因此，基于提供的信息，我们不能确定这两道题目确实存在雷同或冲突。如果需要更准确的判断，我们需要知道具体的题目链接或名称。如果有更多详细信息，可以进一步分析。
86161,在这篇博客的内容中，并没有明确提到两道不同的编程题目出现了雷同、冲突或撞题的信息。相反，博客主要讨论的是同一个问题的不同解法。具体来说，博客作者描述了一个关于计算三角形面积的问题，并且提到了两种不同的方法来解决这个问题：一种是通过三顶点坐标公式计算三角形面积，另一种是通过底乘高除以二的公式计算面积。

博客中的评论部分也仅是对这两种方法等价性的确认，并未提到另一道题目的存在。评论中提到“这是同一个公式（简化版），将y轴上的值代入看看就知道了”，这进一步证实了博主提到的方法是针对同一个问题的不同解法。

因此，根据提供的信息，无法指出博客或其评论区中包含两道不同的编程题目出现了雷同或冲突的信息。如果确实存在这样的情况，博客内容和评论中并没有提供相应的线索。
85915,根据你提供的博客内容和上下文，没有明确提到两道不同的编程题目的具体信息。因此，从这段描述中无法直接判断是否有两道不同但本质相同或相似的编程题目出现雷同、冲突或撞题的情况。

不过，评论区中的链接似乎指向了一个类似的讨论或问题，这可能是另一个与原问题相似的问题。但仅凭这些信息还不足以确定这两道题目是否是雷同的。为了更准确地回答你的问题，需要进一步查看评论区中的链接内容以及链接所指向的那道题目的具体内容。

如果可以的话，请提供评论区链接的具体内容或另一道题目的链接，这样我可以帮助你更好地分析是否存在雷同或冲突的情况。
85750,经过仔细检查这篇博客及其评论区的内容，我没有发现两道不同的编程题目出现雷同、冲突或撞题的信息。每篇博客文章都专注于单个问题的详细解释和解决方案，而评论区主要集中在对特定问题的疑问、解答以及一些技巧性的讨论上，并没有出现两道不同的题目在本质上相同或相似的情况。

因此，根据提供的内容，可以得出结论：博客中的题目之间没有出现雷同、冲突或撞题的现象。
85746,经过仔细检查这篇博客及其评论区的内容，没有发现两道不同的编程题目出现了雷同或冲突的情况。博客主要是关于一场Codeforces竞赛的通知和一些参赛者的评论。评论中讨论了各个题目的解题思路、复杂度分析以及遇到的问题等，但没有明确指出两道题目在本质上是相同的或有冲突的情况。

总结来说，这篇博客及其评论区没有包含两道不同的编程题目出现雷同或冲突的信息。
85661,在这篇博客中，并没有明确提到两道不同的编程题出现了雷同或冲突的情况。相反，博客的内容主要是关于博主的解决方案与其他人提交的解决方案之间的相似性问题，这被认为是违反规则的行为。

具体来说，博主提到的问题是其提交的代码（针对Codeforces竞赛中的问题1462D）与另外几个参赛者的代码存在高度相似性，而这种相似性被认定为规则违规。博主试图证明这种相似性是因为使用了在比赛前公开发布的GeeksForGeeks上的代码模板。博主提供了相关证据并请求恢复其应有的评分。

所以，根据你的要求，这里并没有两道不同的编程题目出现雷同或冲突的信息。重点在于同一问题的不同提交代码之间的相似性以及由此引发的规则争议。
85632,从提供的博客内容来看，这里并没有提到两道不同的编程题目的雷同、冲突或撞题问题。相反，博客和评论讨论的是同一个编程题目的两个提交（solution）之间的相似性问题。

具体来说，用户提到他们在解决Codeforces上的题目1462B时，他们的解决方案与另一位用户的提交非常相似。这导致系统认为存在抄袭嫌疑。博客作者请求帮助澄清这一情况，而其他用户也在评论中表达了类似遭遇的困扰。

因此，根据你的要求，这段内容并没有涉及两道不同题目的雷同或冲突，而是关于同一道题目的两个独立提交之间的相似性问题。如果要更精确地回答你的问题，可以说这里没有包含两道不同的编程题目的雷同或冲突信息。
85618,Based on the provided blog content and comments, there is no indication of two programming problems being essentially the same or conflicting with each other. The blog post describes the Educational Codeforces Round 100, and the comments discuss various aspects of the contest, including the problems, their solutions, and the participants' experiences.

Comments mostly focus on individual problems and the challenges faced by participants. Some comments compare the difficulty levels of different problems or share their approaches and solutions. However, there is no mention of two distinct problems having overlapping concepts or conflicting solutions.

Therefore, there is no evidence of two programming problems appearing with coincidental similarities, conflicts, or duplication within this blog post or its comments.
85594,经过仔细阅读博客文章和评论区的内容，我没有发现有两道不同的编程题目出现雷同、冲突或撞题的情况。每篇博客都描述了一个独立的问题，并且提供了相应的解决方案。

博客中讨论的题目如下：

1. **1462A - Favorite Sequence**
2. **1462B - Last Year's Substring**
3. **1462C - Unique Number**
4. **1462D - Add to Neighbour and Remove**
5. **1462E1 - Close Tuples (easy version)**
6. **1462E2 - Close Tuples (hard version)**
7. **1462F - The Treasure of The Segments**

这些题目都是独立的，并没有本质上的相似性或相同性。它们各自有不同的问题背景和解决方法。

评论区主要是对各个问题的解法进行讨论，并没有提到任何题目之间存在雷同或冲突的信息。

如果有更具体的细节或特定的评论区内容需要检查，请提供更多的上下文信息，以便进一步分析。
85573,经过仔细检查，这篇博客及其评论区并没有包含两道不同编程题目的雷同、冲突或撞题的信息。博客主要是关于Codeforces Round #690 (Div. 3) 的介绍和一些参赛者对比赛的反馈。评论区也主要是参赛者对比赛题目的讨论、分享解题思路以及对比赛质量的评价。

评论中确实有一些关于某些题目的具体实现细节和可能的性能问题的讨论，例如：

- 关于E1和E2版本的差异（例如输入输出格式不同、时间限制不同等）；
- 某些解决方案因为慢速的输入输出导致超时（TLE）；
- 一些具体的实现细节，比如数组大小初始化的问题。

但这些讨论都集中在单个题目的具体实现上，而不是两道题目的本质相同或相似。

所以，根据你的要求，这篇博客及其评论区没有出现两道不同编程题目的雷同或冲突信息。
85570,在这篇博客和评论中，并没有明确提到两道不同的编程题目出现了雷同、冲突或撞题的信息。博客作者提出的是一个数学表达式的问题，并探讨了这个表达式的可能取值情况。评论区中的内容主要是对原问题的一个简化或变形，并没有引入另一道独立的题目。

评论#0中的内容实际上是在提供一个等价变换，即将原始表达式 \(-(b*y) - (r)*\text{floor}(b*y/r)\) 变换为 \((b*y) \% r = (b \% r) * (y \% r) \% r\)。这并不是引入了一道新的题目，而是提供了对原问题的一种理解方式。

因此，根据提供的信息，我们不能确定这里存在两道不同的编程题目出现雷同或冲突的情况。如果需要进一步确认，可能需要更多关于第二道题目的具体描述或链接。
85569,在这篇博客和评论中，确实存在两道题目雷同的情况。具体来说，评论#3中的用户“meowmeow”指出，Codeforces Gym中的问题K与另一个名为“Pyramid Array”的问题本质上是相同的，只是顺序相反。

以下是相关信息的具体位置和来源：
- 问题K：[Codeforces Gym 102780 K - Parabolic sorting](https://codeforces.com/gym/102780/problem/K)
- Pyramid Array：虽然这个题目没有直接给出链接，但根据评论内容，这是一个与问题K类似的题目。

总结：
- **问题K** 和 **Pyramid Array** 是本质相同的题目，只是顺序不同。
- 这一发现出现在评论#3中，由用户“meowmeow”提出。
85561,从提供的博客内容来看，这段文字主要讨论了如何使用重心分解（centroid decomposition）的方法来解决一个与平衡括号序列相关的问题。博主提到的一个关键点是，通过将问题转化为计算前缀和（prefix sums）和最小前缀和（minimum prefix sums），可以有效地检查字符串是否为平衡括号序列。然而，博客本身并没有明确提及两道不同的编程题目的具体内容，也没有直接对比或引用任何具体的题目。

博客中的评论部分提到“EDIT: A similar problem can be found here”，但没有提供链接或其他具体信息，因此无法确认这里所指的具体题目或其内容。

基于现有信息，我们不能断定该博客或其评论区包含了两道不同的编程题目出现雷同、冲突或撞题的信息。如果要准确地判断是否存在雷同或冲突的情况，我们需要更多的细节，比如具体的题目描述、链接或者其他能够明确标识不同题目的信息。

如果有更多具体的题目信息或链接，我可以进一步分析这些题目之间是否存在雷同或冲突的情况。
85540,从提供的博客内容和评论来看，并没有明确提到两道编程题目的具体内容或出处。因此，无法直接判断是否有两道不同的编程题目出现雷同、冲突或撞题的情况。

博客的主要内容是关于如何在Codeforces上练习以达到“Expert”级别，而评论区主要是对初学者的一些建议，如通过与朋友一起做虚拟竞赛来提升能力等。这些讨论并未涉及具体的编程题目或其细节。

为了能够准确判断是否存在雷同或冲突的问题，我们需要看到具体包含编程题目的部分或相关链接，这样才能分析是否有两道题目在本质上是相同的或非常相似的。

如果你有更多详细信息，比如具体的编程题目内容、链接或者更详细的博客内容，请提供，这样我可以进一步帮助你分析。
85484,在这篇博客和其评论区的内容中，并没有明确提到两道不同的编程题目的存在。博客作者描述了一个与砖块排列有关的问题，并认为这个问题与斐波那契数列相关。评论者（darkkcyan）解释了为什么这个问题可以被视为一个斐波那契数列问题，并给出了如何计算的方法。

因此，根据你的要求，这里并没有出现两道不同但本质上相同或相似的编程题目。博客内容和评论区讨论的是同一个问题的不同角度，即通过砖块的不同排列方式来构建墙，而这个过程可以用斐波那契数列来解决。

总结来说，在这篇博客及其评论区中，没有发现两道不同的编程题目出现了雷同或冲突的情况。所有讨论都围绕着同一个问题展开。
85463,经过仔细阅读博客内容和评论区的内容，没有发现两道不同的编程题目出现雷同、冲突或撞题的信息。博客主要是对Codeforces Round #689的介绍，包括比赛的题目来源、测试人员名单以及一些参赛者的感想和解题思路分享。评论区主要讨论的是各个题目的解法、可能遇到的问题以及具体的实现细节等。

因此，根据提供的信息，没有找到两道不同的编程题目出现雷同或冲突的情况。
85348,经过仔细检查这篇博客及其评论区，我没有发现两道不同的编程题目出现了雷同或冲突的信息。每篇题解和对应的题目都保持独立，并没有出现两道本质相同或相似的问题。

如果需要进一步的帮助，例如查找特定类型的线索或信息，请提供更详细的要求。
85286,根据提供的博客内容和评论信息，没有明确提到两道不同的编程题目的雷同、冲突或撞题的情况。评论主要集中在单个问题（Educational Codeforces Round 99 的 A 题 Strange Functions）上，讨论了该问题的解法以及为何提交的解决方案后来被 hack 的原因。

评论提到的是同一个题目在不同时间点提交的不同结果，并未提及另一道不同的编程题目。因此，从提供的信息来看，没有发现两道不同题目之间存在雷同、冲突或撞题的情况。

如果需要进一步确认，可以查看更多评论或博客正文内容，但就目前提供的信息而言，不存在两道不同题目出现雷同或冲突的情况。
85224,经过仔细阅读提供的博客内容和评论，我没有发现任何迹象表明两道不同的编程题目出现了雷同、冲突或撞题的情况。这些评论主要集中在对比赛的体验、问题难度、解题思路等方面，并没有提及两道题目是本质上相同或相似的问题。

因此，可以得出结论，这篇博客及其评论区并没有包含两道不同编程题目出现雷同或冲突的信息。
85169,从你提供的博客内容来看，博客本身主要是一个解决区间素数问题的C++程序实现，并没有提到两道不同的编程题目的存在。而评论区中只有一条评论，提到了“昨天提出了同样的问题”，但并没有具体指出这两道题目是什么，也没有提供任何链接或进一步的信息来表明这两道题目是雷同、冲突或相似的问题。

因此，根据提供的信息，我们无法确定博客中的内容是否包含两道不同的编程题目出现雷同或冲突的情况。评论区中的信息也不足以支持这一点。如果需要更准确的答案，可能需要更多的上下文信息，比如具体的题目描述或其他相关评论。
85116,经过仔细阅读和分析提供的博客内容及评论，我没有发现两道不同编程题目出现雷同、冲突或撞题的信息。评论主要集中在对各个题目的讨论、解题方法分享以及对比赛的整体评价上，而没有提到任何两道题是本质上相同或相似的情况。

如果需要进一步检查某些特定问题或提供更详细的分析，请提供具体的题目名称或链接，我可以帮助进一步查找相关信息。
85045,根据提供的博客内容和评论，我们可以分析是否存在两道不同编程题目的雷同或冲突信息。

博客中的问题描述了一个经典的动态规划问题，即“邮筒能承受的最大火炮数量”。这个问题的核心在于找到最小的测试次数来确定邮筒能承受的最大火炮数量，同时避免邮筒被完全摧毁。

评论提到：“Isn't this problem similar to Egg-dropping puzzle?” 这表明评论者认为这个“邮筒能承受的最大火炮数量”问题与“扔鸡蛋问题”（Egg-dropping puzzle）非常相似。

“扔鸡蛋问题”是一个经典的问题，它要求通过最少的尝试次数找到高楼大厦中哪个楼层开始从上面扔鸡蛋会碎。这两个问题确实有相似之处，都是通过逐步增加测试变量（火炮数量或楼层高度）来找到临界点。

因此，可以得出结论：该博客中的问题与评论中提到的“扔鸡蛋问题”本质上是相似的。虽然它们的具体背景和描述不同，但核心逻辑和解决方法是类似的。

综上所述，博客中包含两道本质上相似的编程题目：
1. 邮筒能承受的最大火炮数量问题。
2. 扔鸡蛋问题。

这两道题目在解决策略上有很高的相似性，因此可以认为存在雷同或冲突。但是，由于博客本身并未提供具体的链接或来源，所以无法提供具体链接。如果需要进一步分析，建议查找这两个问题的标准描述和示例。
84518,在这篇博客和评论区中，确实提到了两道相似的编程题目。具体来说，在评论区中的最后一条评论里，用户`navneet.h` 提到了三道类似的题目，并且指出了它们之间的相似性。

相关评论如下：
```markdown
»»»»navneet.h2 years ago,#^|←Rev.3→-11similar tasks.https://atcoder.jp/contests/joi2019ho/tasks/joi2019ho_d https://cses.fi/problemset/task/2180 https://codeforces.com/contest/1700/problem/F→Reply
```

以下是提到的三个问题：

1. **AtCoder JOI 2019 高级组 D 题**：
   - 链接：https://atcoder.jp/contests/joi2019ho/tasks/joi2019ho_d
   - 这是一道与石头移动相关的题目，其中需要将石头均匀分布到棋盘上。

2. **CSES 2180 题目**：
   - 链接：https://cses.fi/problemset/task/2180
   - 这也是一道涉及将石头均匀分布在棋盘上的题目。

3. **Codeforces 1700 题目 F**：
   - 链接：https://codeforces.com/contest/1700/problem/F
   - 同样是一道关于将石头均匀分布到棋盘上的问题。

这些题目本质上都是关于如何将一定数量的石头均匀地分布在给定的棋盘上。因此，这些题目之间存在雷同之处。特别是越南信息学竞赛中的问题与 CSES 和 Codeforces 上的问题有明显的相似之处。

综上所述，博客和评论区中的这些题目存在雷同之处。主要的相似点在于它们都需要解决如何将石头均匀分布到棋盘上的问题。
84466,在这篇博客及其评论中，并没有明确指出两道不同的编程题目出现雷同、冲突或撞题的信息。博客内容主要是关于Open Cup各阶段比赛的汇总和相关资源链接，而评论区的讨论主要集中在比赛难度、资源访问、链接有效性以及部分比赛问题的翻译和获取等问题上。

但是，在评论#10和评论#11的对话中，提到了一个问题：关于“2020中国大学生程序设计竞赛（威海站）”的Codeforces Gym比赛链接可能存在错误。评论者Fermat指出链接指向了另一个不同的比赛，并且具体提到题目名称不一致的问题。然而，评论者zimpha解释说虽然题目名称和顺序不同，但实际上是同一套题目集。

根据你的要求，这并不是指两道不同的题目本质上相同或相似，而是在同一个比赛中的不同表述方式。因此，可以说并没有明确指出两道不同的编程题目出现雷同或冲突的信息。

所以，总结来说，这篇博客和评论区中没有发现两道不同的编程题目出现雷同或冲突的信息。
84257,根据提供的博客内容，没有明确提到两道不同的编程题目出现了雷同或冲突或撞题的信息。博客主要讨论了Codeforces Round 681的比赛安排、问题难度以及参赛者的反馈等。

唯一接近于提及相似问题的是在评论区的一些对话中，例如：

- 评论#36提到“D1A is very similar to 1406D (which was in my contest)”，这表明一个问题与另一个比赛中的问题相似。但这种相似性并没有进一步解释为雷同或冲突。

- 评论#9提到“1A=2D”和“1B=2F”，这表明某些问题在不同组别中有重叠，但这并不意味着这些问题是雷同或冲突的。

因此，从提供的信息来看，没有明确指出两道不同的编程题目出现了雷同或冲突或撞题的情况。如果需要更详细的分析，可能需要查看具体的题目描述或进一步的讨论。
84164,在这篇博客及其评论区中，并没有明确出现两道不同的编程题目内容雷同、冲突或撞题的信息。相反，讨论主要集中在如何实现坐标压缩的不同方法以及这些方法之间的性能比较。

坐标压缩是一种常见的算法技巧，用于将一个数组中的值映射到较小的范围内，通常是从0到n-1。评论区中提到了多种实现方法，包括使用`map`, `set`, `vector`等数据结构的不同策略，但这些都是同一个问题的不同解决方案，而不是两道不同题目出现雷同的情况。

如果要具体指出雷同或冲突的地方，评论区中也没有明显的例子。博主和评论者们主要是围绕一种特定算法的不同实现方式进行了讨论，而没有提到两道题目的内容存在雷同或冲突。

总结来说，在这篇博客及评论区中，并未发现两道不同的编程题目出现雷同、冲突或撞题的信息。
84098,在这篇博客及其评论中，并没有直接提到两道不同的编程题目出现雷同或冲突的情况。博客和评论主要讨论的是同一个问题：给定一个有向图，如何通过添加一条边来最大化强连通分量的大小。

不过，在评论区中，用户`valhala74`提到一个他认为与原问题相似的问题：

```markdown
https://cses.fi/problemset/task/1685
```

根据用户的描述，这个问题是关于计算强连通分量中的源点和汇点的数量，并输出最大值。虽然这个问题与原问题有一定的关联性，但它们并不是完全相同的问题。

因此，可以说这两道题目存在一定的相似性，但并没有明确表示它们是本质相同的题目。如果要严格定义“雷同或冲突”，则这两道题目并不符合这个条件。
84091,Based on the provided blog content, there is no clear indication of two different programming questions appearing with significant overlap or duplication that would suggest they are essentially the same problem. The comments and discussions revolve around individual problems and various strategies to solve them.

However, there is a mention of potential similarity between different problems:

1. **Comment #43**: The user `iabhishek15` mentions that Problem A from the contest is similar to problems from other platforms:
   - **CodeChef COOK123B Problem DECREMB**
   - **AtCoder ABC124 Problem C**
   - **Codeforces Problem 1037D**

2. **Comment #43 Reply #1**: The user `rgnerdplayer` responds by saying that Problem B is very different from the mentioned problems.

Despite this mention, no detailed comparison or proof of similarity between the problems is provided. Therefore, based solely on the information in the blog, there is no concrete evidence that two different problems from this contest are essentially the same or conflicting.

If you need a more detailed analysis or specific comparisons between problems from different sources, additional context or detailed descriptions of the problems would be necessary.
84081,在这篇博客及其评论区中，并没有直接出现两道不同编程题目的雷同、冲突或撞题的信息。不过，有评论提到了两个相似的服务，即“Daily Coding Problem”和“Daily Coding Question”。

具体来说，在评论#1中，用户MVernik提供了一个链接到另一个网站“Daily Coding Problem”：
```
https://www.dailycodingproblem.com/
```

之后，Errichto在评论#3中提到这两个网站非常相似：
```
It's obviously very similar to your website. You both send a coding problem every day.
```

进一步地，Errichto还在评论#3中比较了这两个网站：
```
we send a problem every 2 days, but with a higher quality explanation or a daily one with normal explanations?
```

虽然评论区指出了这两个网站的相似性，但并没有明确说明这两者之间存在两道相同或相似的编程题目。因此，根据提供的信息，我们无法确定这两者之间是否存在雷同或冲突的编程题目。

如果需要进一步确认，可能需要查看两个网站的具体题目内容。但从评论区的内容来看，它们主要是讨论服务模式上的相似性，而不是具体的题目雷同问题。
83890,在这篇博客和其评论区中，确实存在两道不同的编程题目出现了雷同的情况。具体来说：

- 博客作者讨论的问题是：给定两个整数 \( n \) 和 \( k \)（\( 1 \leq k \leq n \leq 10^5 \)），找到长度为 \( n \) 的排列的数量，这些排列可以作为至少一个整数序列 \( a_1, a_2, \ldots, a_n \) 的后缀数组，其中每个元素 \( a_i \) 满足 \( 1 \leq a_i \leq k \)。输出结果对 \( 998,244,353 \) 取模。

- 在评论 #2 中，用户 Lusterdawn 提到了一个来自 CTSC 2016 的名为 "Suffix Array" 的问题：给定 \( n \)，\( m \) 和 \( c_1, c_2, \ldots, c_m \)，计算可以由满足第 \( i \) 个字符出现次数不超过 \( c_i \) 次的字符串生成的不同后缀数组的数量。这个问题中的限制条件是：如果 \( p_{i+1} \) 出现在 \( p_{i+1} + 1 \) 之后，则 \( s[p_i] < s[p_{i+1}] \)，否则 \( s[p_i] \leq s[p_{i+1}] \)。

尽管两个问题的具体细节有所不同，但它们都涉及到后缀数组的生成及其相关性质。特别是，博客中提到的排列与某些特定性质（例如小于 \( k \) 的上升序列）之间的关系，与评论中提到的 CTSC 2016 问题中字符串生成的条件有相似之处。

因此，可以说这两道题目本质上是相似的，都在探讨如何生成特定类型的后缀数组。具体雷同之处在于它们都涉及到了排列与特定条件下的字符串生成之间的关系。
83538,经过仔细阅读和分析所提供的博客内容，我没有发现两道不同的编程题目出现雷同或冲突的情况。博客主要记录了Educational Codeforces Round 96的比赛情况、问题讨论以及一些参赛者的反馈和解决方案分享。这些内容中并没有明确提到两道不同的题目本质上是相同的或相似的问题。

博客中的评论区确实有很多关于各个问题的讨论，包括如何解决这些问题，但没有证据表明两个不同的题目是本质上相同的或有冲突的。

因此，根据提供的信息，可以得出结论：博客及其评论区中并没有包含两道不同的编程题目出现雷同或冲突的信息。
83502,从提供的博客内容和评论来看，并没有明确提到两道不同编程题目的雷同、冲突或相似性。评论主要集中在如何突破编程竞赛中的瓶颈以及鼓励博主不要给自己设限。评论#1中提到了两道具体的题目——1098B - Nice table和435E - Special Graph，但只是用来说明一个问题可能以不同难度级别出现，并没有详细说明这两道题目的具体相似之处或雷同之处。

因此，根据提供的信息，不能确定这两道题目在本质上或细节上是相同的或相似的。所以，从这段内容中我们无法得出结论说两道不同的编程题目出现了雷同或冲突。如果要更准确地判断，需要查看这两道题的具体内容和要求。
83432,根据你提供的博客内容，可以发现评论区中确实提到了两道题目是本质相同或相似的。具体来说，在评论区的最后，有这样一段话：

> "Also for ur practice. I attach the link to the same problem — Same problem I guess :)"

这里评论者提到这是一个“same problem”，也就是说他认为这个博客中的问题和另一个他提到的问题是同一个或非常相似的问题。

但是，从原文中我们并没有找到具体的链接指向另一道题目的来源。因此，虽然评论区暗示了两道题目是相似的，但没有明确指出这两个题目的具体来源或链接。

总结：
- 博客本身并没有提及另一道题目的来源或链接。
- 评论区暗示存在两道相似的题目，但没有给出具体的题目来源或链接。

如果需要进一步的信息，可能需要查看评论者的个人资料或相关链接以获取更多信息。不过基于提供的内容，我们可以确定评论区提到了两道相似的问题，但没有明确指出具体内容。
83368,从提供的博客内容来看，并没有直接提到两道不同的编程题目的具体内容，也没有明确指出两道题目的来源或链接。因此，我们无法直接从这段内容中找出两道题目是否存在雷同、冲突或撞题的情况。

不过，根据评论内容可以推测出一些信息：
1. 评论者提到ACPC Kickoff竞赛中的问题存在“unoriginal”（不原创）的情况，但没有具体指出哪些题目雷同。
2. 评论者还提到了两个具体的陈述条件，但这些条件看起来更像是对某个单一问题的要求而非两道不同题目的描述。

基于这些信息，无法确定两道不同的编程题目之间是否存在雷同或冲突。如果要更准确地回答这个问题，我们需要更多的细节，例如具体的题目描述和来源链接等信息。因此，在当前提供的内容中，并未发现明确的雷同或冲突的编程题目。
83231,在这篇博客和评论中，并没有明确提到两道题目的具体内容或链接，只是提到了两个问题可能是相似的。具体来说：

- 博主提到的问题来自 CSES 的“Subarray Divisibility”题目，但没有给出具体的链接。
- 在评论#1中提到的另一个问题是 USACO 的一个问题（链接为 `http://usaco.org/index.php?page=viewproblem2&cpid=595`），但没有给出具体的问题名称。
- 评论#0 提到博主的解题方法与一个通用的方法相似，但也没有给出具体的题目链接或名称。

因此，从提供的信息来看，没有足够的证据表明这两道题目是本质相同或相似的。博主和评论者只是提到这两个问题是相似的，但并没有提供具体的细节来证明它们实际上是同一道题或本质上非常相似的两道题。

所以，根据现有信息，我们不能确定这两道题目之间存在雷同或冲突。如果需要更准确的判断，需要进一步的信息，比如具体的题目描述或链接。
83109,Based on the provided blog content, there is no clear indication of two distinct programming problems having significant overlap or being essentially the same. However, there are two versions of the same problem (D1 and D2) discussed, which differ primarily in their constraints and solution approaches:

- **Problem D1**: The problem suggests a greedy approach is sufficient, and the solution involves counting mismatches and using operations with cost `x` or `y` based on the distance between mismatches.
  
- **Problem D2**: This version involves a more complex scenario where a greedy approach may fail, necessitating a dynamic programming (DP) solution.

Here's the relevant excerpt from the comments that discusses the relationship between D1 and D2:

```plaintext
Problem D1 is straightforward when x ≥ y, but when x < y, a greedy solution fails, and a DP approach is required. The DP approach involves transitioning between states based on the cost of operations.
```

From this, we can infer that the core problem (making two binary strings equal) is the same, but the complexity and required solution approach differ based on the relationship between `x` and `y`.

### Conclusion:
- **D1 and D2 are not essentially the same problem**, but they share the same underlying problem statement. The key difference lies in the complexity and the necessity of using a DP approach in D2 when `x < y`, whereas D1 can be solved greedily under certain conditions.

Therefore, the blog does not contain two distinct problems that are essentially the same or have significant overlap. Instead, it presents two variations of the same problem with different solution approaches.
83108,经过仔细阅读博客内容和评论区，我没有发现任何迹象表明两道不同的编程题目出现了雷同、冲突或撞题的情况。博客主要是关于一次Codeforces竞赛的预告、感谢以及一些竞赛相关的问题讨论。

评论区中确实有一些关于相似解法和抄袭的讨论，例如评论#94和#95提到的一些解决方案高度相似，但这些讨论主要集中在单个问题的不同提交上，而不是指两个不同的问题本质上相同或相似。

因此，根据提供的信息，没有发现两道不同的编程题目出现雷同或冲突的信息。
83100,Based on the provided blog and comments, there is no clear indication of two different programming questions appearing with significant overlap or duplication. Each problem described seems unique:

1. **Concert Problem**: Find the minimum cost for each city to attend a concert and return home.
2. **Tree Coloring Problem**: Color a tree with restrictions on adjacent colors.
3. **Necklace Problem**: Calculate the expected number of distinct colors in a necklace.
4. **Permutation Problem**: Find a specific permutation based on good indices.
5. **XOR Array Problem**: Minimize changes to make the XOR of subarrays of a given size zero.
6. **Fraction Problem**: Calculate the number of distinct fractions formed by averaging selected elements.

While there are discussions and clarifications on these problems, no user explicitly mentions a duplication or significant similarity between any two problems. Hence, there is no evidence of two different programming questions appearing with significant overlap or duplication.
83016,在这篇博客及其评论区中，确实存在两道编程题目雷同的信息。具体来说，在评论区中出现了关于题目B与CodeChef上的某个题目ARRGAME雷同的讨论。

相关评论如下：

```plaintext
comment#2»Dorost4 years ago,#|+5Problem B is same with recent problem on codechefARRGAME→Reply
```

这条评论明确指出，这道题目B与CodeChef上的一道题目ARRGAME是相同的。

因此，这两道题目分别是：
1. Codeforces上的题目B（来源于这篇博客中的竞赛）
2. CodeChef上的题目ARRGAME（链接未提供，但可以通过评论中的信息找到）

根据评论，可以推测出这两道题目是本质上相同的。这种情况下，可能会导致参赛者认为题目缺乏新颖性或创新性。
83010,在这篇博客及其评论中，并没有直接提及两道不同的编程题目出现雷同或冲突的信息。但是，根据博客的内容，我们可以推断出两道题目的相似性或冲突情况。

博客中明确提到由于题目E与当天日本另一场竞赛中的题目几乎相同，导致这次比赛被取消。这表明有两道题目非常相似，甚至可以说是雷同。具体来说：

- **题目E**：出现在ACL2比赛中，但因为相似问题被取消了。
- **另一道题目**：出现在当天日本的另一场竞赛中，与ACL2比赛中的题目E几乎相同。

博客中并没有给出这两道题的具体链接或来源，只是提到它们非常相似以至于影响了比赛的公平性。

因此，根据博客内容，可以得出结论：
- **两道相似题目**：题目E（ACL2比赛中的题目）和另一道题目（当天日本另一场竞赛中的题目），它们因为高度相似而造成了冲突。然而，具体的题目来源和链接并未在博客中明确给出。
82935,在这篇博客及其评论区中，并没有出现两道不同编程题目的雷同或冲突信息。所有讨论都集中在同一个问题上，即给定N个红球和M个黑球，求这些球的排列方式，使得任意连续K个球中不能有相同颜色的球。

博客中的问题描述以及评论区的讨论都围绕这一主题展开。唯一提到的另一道题目是在评论#1中由用户Prajwal_分享的Codeforces上的一个问题（链接为https://codeforces.com/problemset/problem/118/D），但这两道题目并不相同。第一道题只涉及一个参数K，而第二道题则涉及两个参数K1和K2，因此它们并不是本质上相同的题目。

综上所述，博客及评论区中并没有出现两道不同编程题目的雷同或冲突信息。
82928,在这篇博客中，并没有直接提到两道不同的编程题目出现了雷同或冲突的信息。博客的主要内容是博主分享自己解决某个问题的方法，并提到了不知道如何高效地找到长度为1到n且和最大的子数组。而在评论区中，用户“paula”提到的是同一个问题在五年前的一个博客中也出现过，而不是指两道不同的题目存在雷同或冲突。

因此，在这个博客及其评论区中，并没有发现两道不同的编程题目出现了雷同、冲突或撞题的信息。关键评论如下：

- **评论#1** 由用户“paula”发表，提到的问题与原博客中的问题相同，只是时间上的重复，而不是两道不同题目的雷同或冲突。

若要寻找两道不同题目之间的雷同或冲突，我们需要寻找两道独立的题目描述，并且这些描述需要显示出它们实际上是同一问题或非常相似的问题。在这篇博客和评论中并没有这样的情况。
82821,在这篇博客及其评论区中，确实提到了两道题目的雷同问题，具体是在评论#0和评论#1中。

评论#0和评论#1讨论了IOI 2020预选赛中的“ProblemStations”与JOI Spring Camp 2016-2017中的“City”之间的相似性。评论者认为这两道题虽然不完全相同，但非常相似，这引发了关于题目选择是否符合竞赛规则的讨论。

具体来说：

- **ProblemStations**：这是IOI 2020预选赛中的一道题目。
- **City**：这是JOI Spring Camp 2016-2017中的一道题目。

评论者提到这两道题目的相似性，并质疑是否违反了竞赛规则，特别是题目不应在近期类似竞赛中出现过的要求。

因此，在这篇博客的评论区中确实存在两道题目的雷同问题。这些评论出现在评论#0和评论#1中，具体内容如下：

评论#0：
```text
Olympia4 years ago, #|
+34William Lin — we knew you'd win.
```

评论#1：
```text
Rezwan.Arefin014 years ago, #|
+22ProblemStations is similar to problem JOI Spring Camp 2016-2017: City. In City we are only given S and T, and here we also have all neighbors of S. Using the idea from City gets a pretty high score.
```

评论#1继续展开讨论，指出了潜在的规则冲突问题：
```text
PathToMaster4 years ago, #^|
0Is that legal? I mean some of the rules for tasks selection at IOI is "1. the tasks should not have been seen by any potential IOI 2020 contestants;" and "2. the tasks should not have been used in any recent similar competition;" (from here: https://ioi2020.sg/call-for-tasks/).
```

因此，这两道题目的雷同问题出现在评论区的评论#1中。
82747,在这篇博客和评论中，并没有明确提到两道不同的编程题目出现了雷同或冲突的情况。博客作者主要描述了自己在解决一道题目时遇到的问题，并且通过两种方法来计算结果。评论#0指出了为什么需要使用`mod-1`，这是利用费马小定理的一个技巧，但这并不意味着两道题目本质上相同或相似。

评论#0提到的是关于如何正确应用费马小定理来解决这个问题，而不是指出了两道不同题目的雷同或冲突。因此，根据你的要求，这里并没有发现两道不同的编程题目出现了雷同或冲突的信息。

总结来说，这篇博客及其评论区的内容并未涉及两道不同的编程题目出现雷同、冲突或撞题的情况。
82560,经过仔细检查，这篇博客及其评论区并没有出现两道不同编程题目雷同或冲突的情况。所有讨论的问题都是围绕各个题目的解法、实现细节以及一些特殊情况的处理展开的，并没有提到两道题是本质相同或相似的情况。

以下是部分关键点：

1. **关于问题 B 和问题 E 的讨论**：
    - 评论中有人提到问题 B 可以通过 Google 找到类似题目，但这并不意味着两道题目是雷同的。更多是关于如何避免直接复制别人的代码。
    - 对于问题 E，有讨论提到可以用二分查找等方法解决，但这些讨论都是围绕具体解法和优化展开的。

2. **关于问题 C 的讨论**：
    - 评论中讨论了如何找到树的中心点，以及为什么中心点数量最多为两个。这些讨论主要集中在算法实现和证明上，也没有提到两道题目雷同或冲突的问题。

3. **其他问题的讨论**：
    - 其他问题如 A、D 等也都有详细的讨论，包括解题思路、复杂度分析等，但没有发现两道题目雷同或冲突的信息。

因此，根据提供的内容，这篇博客及其评论区并未涉及两道不同编程题目雷同或冲突的情况。
82500,在这篇博客及其评论中，确实存在两道不同的编程题目出现雷同的情况。具体来说：

- **博客内容**：
  在博客的评论区，用户`AjaySabarish`指出：“1406B - Maximum Product”实际上是“最大子序列乘积问题”的扩展，该问题在GeeksforGeeks上有类似的描述和解决方案（链接为：https://www.geeksforgeeks.org/find-maximum-product-of-a-triplet-in-array/）。同时，用户还提到“1406C - Link Cut Centroids”是一个非常知名的问题，如果搜索“树的中心点”可以立即找到解决方案（链接为：https://blog.csdn.net/qq_35866453/article/details/52254234?utm_source=app）。

- **雷同情况**：
  - **题目1**：1406B - Maximum Product
    - 来源：Codeforces Round 670 (Div. 2) B题
    - 链接：https://codeforces.com/contest/1406/problem/B
  - **题目2**：GeeksforGeeks - Maximum Product Subsequence Size K
    - 来源：GeeksforGeeks
    - 链接：https://www.geeksforgeeks.org/find-maximum-product-of-a-triplet-in-array/

- **评论区提到的其他雷同情况**：
  - 用户`qwerty_gagu`也提到B题可以在GeeksforGeeks上找到类似的问题（链接为：https://www.geeksforgeeks.org/maximum-product-subsequence-size-k/）。
  - 用户`ziyao24`提到B题实际上就是“最大子序列乘积问题”的扩展（链接为：https://www.geeksforgeeks.org/find-maximum-product-of-a-triplet-in-array/）。
  - 用户`Jafar_Mouhsen_Alkheir`提到B题是ABC173_E的一个特殊情况（链接为：https://atcoder.jp/contests/abc173/tasks/abc173_e）。

综上所述，1406B - Maximum Product 与 GeeksforGeeks 上的问题存在雷同。这些雷同信息主要集中在评论区的讨论中，特别是用户`AjaySabarish`的评论。
82390,在这篇博客及其评论区中，确实存在两道题目雷同的情况。具体来说，博客中的问题和评论区中的另一个问题本质上是相同的。

博客中的问题是：
Bob有一个大小为n的数组，每次他从数组中选取任意两个连续的数字相加，每次操作的成本为k乘以这两个数之和。求将数组中所有数字相加的最小成本。

评论区中提到的另一个问题是LeetCode上的一个题目，链接为：[Minimum Cost Tree From Leaf Values](https://leetcode.com/problems/minimum-cost-tree-from-leaf-values/discuss/339959/One-Pass-O(N)-Time-and-Space)。

评论者`navneet.h`指出这两道题目非常相似，唯一的区别在于操作的具体内容不同：一个是加法，另一个是乘法；一个是求和，另一个是求最大值。但它们的基本思想和解题方法是相同的。

总结：
- 博客中的问题：数组相邻元素相加的最小成本问题。
- 评论区提到的问题：LeetCode上最小代价生成树问题。

两者本质上都是动态规划问题，并且解题思路有很高的相似性。因此，可以认为这两道题目是雷同的。

出现雷同的地方是在评论区的回复中，具体位置如下：
```
→Reply»»»navneet.h4 years ago,#^|0Actually real question is different,we can only add adjacent elements, so it's n^3 range dp, if you know better solution than dp then do share.→Reply
```
以及
```
→Reply»»»navneet.h4 years ago,#^|0You could see similar question [link](https://leetcode.com/problems/minimum-cost-tree-from-leaf-values/discuss/339959/One-Pass-O(N)-Time-and-Space)You can compare your solution from here , only change here is * becomes + and max becomes sum. rest everything is same.→Reply
```

博客来源：原文未提供具体的博客链接，但根据评论区的讨论可以推断出这是一个关于动态规划和贪心算法的博客。LeetCode问题来源：[Minimum Cost Tree From Leaf Values](https://leetcode.com/problems/minimum-cost-tree-from-leaf-values/)。
82373,从提供的博客内容和评论来看，并没有明确提到两道不同的编程题目出现雷同、冲突或撞题的信息。评论中确实提到了一个相似的问题（1045E - Ancient civilizations），但Errichto本人已经确认这个问题与视频中的问题有关联，并且在视频描述中进行了链接。

因此，根据提供的信息，我们不能得出结论说这两道题目存在雷同或冲突。相反，评论只是指出了一个问题与其他已知问题有相似之处，并且这种相似性已经在视频发布时被注意到并加以说明。

总结：没有明确的证据表明两道不同的编程题目存在雷同、冲突或撞题的信息。
82368,从提供的博客内容来看，评论区确实提到了两份提交的代码之间存在雷同或相似的问题，但并没有明确提到两道不同的编程题目出现雷同或冲突的情况。相反，评论区中提到的是同一个编程竞赛中的两份提交代码之间的相似性。

具体来说，评论区中提到的两份提交代码分别来自用户`sunburn21`和`milind01`，他们在Codeforces平台上的竞赛“CF Round #688 (Div. 2)”中的提交代码非常相似。评论者注意到这两份代码的结构几乎完全相同，只是做了微小的改动（例如条件语句的变化）。

因此，可以总结如下：
- 博客和评论区中没有提及两道不同的编程题目雷同或冲突的信息。
- 提到的是同一竞赛中的两份代码之间的雷同或相似问题。

如果有更多详细信息或其他部分需要进一步分析，请提供更多信息。
82295,在这篇博客及其评论区中，确实存在两道编程题目雷同或冲突的情况。具体如下：

### 雷同或冲突的题目：
1. **325E - The Red Button**：
   - 来源：Codeforces
   - 链接：[325E - The Red Button](https://codeforces.com/problemset/problem/325/E)

2. **Topcoder Round 4 的 Hard 题目**：
   - 这个题目没有直接的链接，但是根据评论区中的讨论，这个题目与上述Codeforces的325E问题非常相似。

### 相关评论：
- **评论#5**：`awoo` 提到硬难度题目的名称为 `325E - The Red Button`。
- **评论#1**：`antontrygubO_o` 指出硬难度题和 `325E - The Red Button` 很相似，甚至有人直接复制了代码。
- **评论#11**：`tourist` 提到这个硬难度题目的灵感来源于另一个竞赛中的题目，但具体链接未给出。

### 冲突或相似点：
- **评论#11**：`Radewoosh` 指出硬难度题目与Google Code Jam中的一个题目非常相似。他对此表示失望，认为这次比赛的问题集包含了很多重复或典型的问题。

综上所述，在这篇博客及其评论区中，确实存在两道题目雷同或冲突的情况。特别是Topcoder Round 4的硬难度题目与Codeforces上的 `325E - The Red Button` 非常相似，这引发了参与者的不满和讨论。
82238,在这篇博客及其评论区中，并没有出现两道不同编程题目的雷同、冲突或撞题的信息。相反，评论区主要讨论的是同一个问题，即在某些情况下使用 `int` 相比 `long long` 能够提高程序的执行效率，特别是在时间限制非常紧张的情况下。

具体来说：

- 博客作者描述了他在 CSES 平台上遇到的一个问题，因为使用了 `#define int long long` 导致超时（TLE），而在将 `int` 恢复为默认类型后，程序得以通过。
- 评论者们分享了类似的经历和解释，说明了为什么使用 `int` 可以提升性能，特别是在某些特定平台（如 Codeforces 使用的可能是 32 位架构）上。

这些讨论都是围绕同一个问题展开的，并没有涉及到两道不同题目的雷同或冲突。因此，根据你的要求，这里没有找到两道不同的编程题目出现雷同或冲突的信息。
82142,经过仔细阅读博客文章和相关评论，我没有发现两道不同的编程题目出现了雷同、冲突或撞题的信息。每一道题目都有其独特的背景、描述和解决方案。例如：

- **1397A - Juggling Letters**: 这是一个字符串处理问题，要求检查一个字符串数组是否可以通过重新排列字符使其相等。
  
- **1397B - Power Sequence**: 这个问题是关于排序和计算最小成本，以将数组转换为等比数列。

- **1396A - Multiples of Length**: 这个问题涉及数组操作，目标是找到满足特定条件的数组变换。

- **1396B - Stoned Game**: 这是一个博弈论问题，讨论的是玩家在一定规则下如何获胜。

- **1396C - Monster Invaders**: 这个问题涉及到策略规划，即在有限的时间内完成一系列任务的最佳方法。

- **1396D - Rainbow Rectangles**: 这是一个几何问题，涉及计算矩形覆盖的最小成本。

- **1396E - Distance Matching**: 这个问题是一个图论问题，涉及匹配树中节点的最短距离。

虽然有些评论指出了某些问题之间的相似性（例如，用户提到Div2 C和Div2 B有相似之处），但这些相似性并没有表明它们本质上是相同的题目。因此，根据你的标准，这些题目之间没有出现雷同或冲突的情况。

如果你需要进一步分析特定部分，请提供更具体的信息或引用相关的评论或内容。
82039,根据提供的博客内容和评论，没有直接提到两道题目雷同、冲突或撞题的信息。评论主要集中在对各个题目的反馈、解决方案以及一些背景信息上。

唯一可能相关的一条评论是评论#9，提到“问题Mountain Time与问题Baltic 12-Peaks相似”。然而，这并没有提供足够的细节来证明这两道题是本质相同或相似的，只是评论者认为它们有相似之处。

因此，在这段博客和评论中没有明确指出两道题目是雷同或相似的证据。如果需要更详细的信息，可能需要查看这两道题的具体内容。
81916,在提供的博客和评论中，并没有明确出现两道不同的编程题目雷同或冲突的信息。每条评论主要集中在对单个问题的理解、解题思路或具体实现的讨论上。

不过，在评论区里，有用户提到两个问题具有相似性：

- 在评论#2评论中，用户black_trees指出：“实际上，问题1400E和问题448C是一样的。你可以使用448C的代码通过1400E。” 
- 后续评论中也有人对此进行了讨论，例如Clix提到：“问题是448C和1400E。这两个问题确实很相似。”

以下是具体的评论摘录：
```markdown
comment#3»black_trees4 years ago,#|+23Actually, the question 1400E is the same as question 448C.You can use 448C's code to pass question 1400E.:)
```

```markdown
comment#9»Clix4 years ago,#|←Rev.2→+12Um the problem E was in this contests.https://codeforces.com/problemset/problem/448/C
```

根据这些评论，可以得出结论，问题1400E和问题448C是本质上相似的问题。然而，需要注意的是，尽管它们相似，但可能存在细微差别导致某些代码无法直接通过所有测试用例。

总结：博客本身没有包含两道不同的编程题目雷同或冲突的信息，但在评论区中提到了1400E和448C问题之间的相似性。
81818,从你提供的博客内容来看，博客本身并没有提到任何具体的编程题目或编程挑战。博客主要讨论的是作者的一个想法，即创建一个网站来识别和惩罚在编程竞赛中作弊的人。博客中也没有明确提到任何两道编程题目的具体内容或出处。

博客评论区中提到的内容也并未涉及具体的编程题目或编程挑战，而是讨论了博客本身的原创性问题，即有人复制了博主的文章。因此，评论区中也没有出现两道不同编程题目的雷同、冲突或撞题的信息。

总结来说，根据你提供的信息，这篇博客及其评论区没有包含两道不同的编程题目出现了雷同或冲突或撞题的信息。
81809,从提供的博客内容来看，主要讨论的是一个特定的算法问题及其解决方案，特别是关于如何使用二分查找和贪心算法来解决“最大化最小值”类型的问题。评论中提到了类似问题的存在，但没有明确指出两道具体的题目出现雷同、冲突或撞题的情况。然而，评论中确实提到了一些类似的题目，这些题目可能与博客中的问题有相似之处。

评论中提到的一个关键点是：“For such problems, we can essentially binary search on the maximum / minimum values respectively. There is lots of problems on CF and codechef similar to this.” 这表明存在许多类似的题目，但并没有具体说明哪两道题是雷同的。

因此，根据所提供的信息，我们不能确定具体哪两道题目是雷同的。评论中提到可能存在类似的题目，但没有提供具体的题目来源或链接。如果要更准确地找出雷同题目，需要进一步查找评论中提到的具体题目链接或名称。 

总结：根据现有信息，没有明确的证据表明两道具体的编程题目在博客或其评论区中出现了雷同或冲突。
81774,根据提供的博客内容，没有明确提到两道具体的编程题目的名称、来源或链接，也没有直接提到题目之间的雷同、冲突或相似性。博客作者主要描述了自己在解决某个特定问题时遇到的困难，比如通过二进制跳跃（binary lifting）来计算从节点a到b的和，或者是处理某个范围内的算术级数的加法等。但是，这些描述不足以判断是否存在两道不同但本质上相似或相同的编程题目。

因此，在这段博客文本中，并未发现两道不同的编程题目出现雷同或冲突的信息。如果要进行更准确的判断，需要更多关于具体题目信息的内容。如果有更多的上下文或者具体的题目链接，可以提供更多信息以便进一步分析。
81700,经过仔细检查，这篇博客及其评论区并没有包含两道不同的编程题目出现雷同或冲突的信息。每篇博客内容都是独立的问题和解决方案，而评论区也没有提到任何两道题目存在本质相同或相似的情况。

具体来说：

- 博客中的问题包括A、B、C、D、E、F，每个问题都有详细的教程和代码。
- 每个问题的描述、解决方案和讨论都是独立的，没有发现两道题目有雷同或冲突的地方。
- 评论区主要是针对每个问题的具体实现细节和疑问，也没有提到任何两道题目雷同或冲突的情况。

因此，根据提供的信息，没有发现两道不同题目出现雷同或冲突的信息。
81432,在这篇博客及其评论区中，确实提到了两道相似的编程题目。具体来说，在评论#3中，用户Umnik指出了一个与博客中描述的问题非常相似的问题：

> Exactly the same Problem: https://www.hackerearth.com/practice/algorithms/graphs/shortest-path-algorithms/practice-problems/algorithm/shortest-path-revisited-9e1091ea/

这个链接指向的是HackerEarth上的一个编程挑战题目：“Shortest Path Revisited”。该问题的描述和博客中的问题非常相似，都是关于在一个有向图中找到从起点到其他所有点的最短路径，且允许使用有限次数的“通票”来避免支付某些边的成本。

因此，可以认为这两道题目存在雷同或冲突的情况。具体来说：

- **博客中的问题**：给定一个包含N个城市和M条双向道路的网络，每条道路上都有一定金额的税费。你可以使用最多K次的通票来避免支付税费。你需要计算从城市1到其他每个城市的最小花费。
- **HackerEarth上的问题**：题目描述也非常类似，要求在给定的图中找到从起点到其他所有点的最短路径，同时允许使用有限次数的“通票”。

所以，这两道题目在本质上是相似的，都涉及到求解最短路径并考虑通票的使用。它们的主要区别可能在于具体的实现细节和输入输出格式等。
81377,根据提供的博客内容和评论，没有明确的证据表明两道不同的编程题目出现了雷同或冲突。然而，在评论中有一处提到了一个问题与之前的一个问题有相似之处：

在评论#76中，用户`Idkwhoami`提到：
```
Problem C was a repeat.
https://codeforces.com/contest/205/problem/B
```

而另一位用户`-is-this-fft-`对此进行了反驳：
```
Not the same problem, there is no nondecreasing condition on the chosen subarray...
```

尽管如此，`ashish_vaghani`声称他找到了一个相同的解决方案，并认为这是相同的问题：
```
Its same. I took a random code and now its accepted for today's C.
```

但是，`-is-this-fft-`再次强调了这两个问题并不相同，因为原问题并没有“非递减”的条件。

因此，从评论来看，确实存在一个用户认为今天的题目C与之前某道题（即链接中的题目）是相同的，但这个观点遭到了其他用户的反驳，认为这两个问题是不同的。

总结：
- **出现雷同的迹象**：在评论#76中，用户`Idkwhoami`认为今天的题目C与之前的某个题目（链接中的题目）是相同的。
- **反驳**：用户`-is-this-fft-`和`-is-this-fft-`再次强调这两个问题是不同的，因为原问题并没有“非递减”的条件。

如果需要进一步确认，可以查看具体的题目描述来对比这两个问题。但从目前的评论来看，虽然存在争议，但并没有足够的证据表明这两道题是本质上相同的。
81364,根据提供的博客内容，我们可以看到一篇关于字符串组合问题的讨论以及一个评论提到该问题与 HackerRank 上的一个问题相似。

博客中的问题描述如下：
- 给定三个字符串 p、q 和 r，计算使用字符串 p 和 q 创建字符串 r 的可能方法数量，同时保持字符的顺序并且至少选择一个字符来自每个字符串。
- 字符串的最大长度为 100，只包含小写英文字母。
- 要求返回结果对 10^9+7 取模。

评论#2 指出这个问题与 HackerRank 上的一个问题相似，提供了以下链接：
- https://www.hackerrank.com/contests/codeagon/challenges/number-of-ways-1

经过分析，虽然两个问题在表面上看起来类似（都是关于字符串组合和计数的问题），但具体细节和要求可能有所不同。然而，根据评论者的说法，这两个问题本质上是相似的。因此，可以认为这两道题存在雷同或冲突的可能性。

结论：
- 博客中的问题和 HackerRank 上的问题（链接：https://www.hackerrank.com/contests/codeagon/challenges/number-of-ways-1）存在雷同或冲突的信息。
- 这个信息出现在博客的评论区，具体是在评论#2中提到的。
81265,Based on the provided blog content and comments, there are no instances where two different programming problems are essentially the same or have significant overlap. Each problem presented in the blog seems to be unique and covers different concepts:

1. **Problem A**: Deals with permutations and bitwise OR operations.
2. **Problem B**: Involves transforming a grid to ensure all 2x2 sub-grids have an odd number of ones.
3. **Problem C**: Focuses on counting cyclic permutations and uses combinatorial logic.
4. **Problem D**: Requires transforming a grid to ensure all 2x2 sub-grids have an odd number of ones, but with specific constraints on dimensions.
5. **Problem E**: Involves pairing nodes in a graph to maximize the number of disjoint paths.

While Problems B and D both deal with ensuring 2x2 sub-grids have an odd number of ones, they have different constraints and objectives:
- **Problem B** focuses on a specific transformation to ensure the entire grid meets the criteria.
- **Problem D** involves a more complex transformation with constraints on grid dimensions.

There is no indication of significant overlap or duplication between these problems. Each problem introduces unique challenges and requires different approaches to solve.

Therefore, there is no evidence of two different programming problems being essentially the same or conflicting with each other based on the provided information.
81247,在这篇博客和评论区的内容中，没有直接提到两道不同的编程题目出现雷同或冲突的信息。博客和评论主要讨论的是一个特定问题的不同实现方式，以及它们在时间复杂度和优化上的差异。具体来说，评论区中的讨论集中在如何通过减少冗余计算来避免TLE（Time Limit Exceeded），例如通过提前返回或者调整状态的处理顺序等。

不过，从评论内容来看，确实有一些题目采用了类似的解题思路和优化手段，比如：

1. Shameek 提到的几个问题（骑士巡逻、网格路径等）都使用了某种优化手段来提高效率。
2. 评论中提到的一些解决方案（如底向上的动态规划方法）也与博客中的问题有相似之处。

但这些并不意味着题目本身是相同的或存在冲突。相反，这表明这些题目可能具有某些共通的特点，需要相似的解决思路和技巧。

总结：博客和评论区没有明确指出两道不同的编程题目出现雷同或冲突的信息。
80877,在这篇博客及其评论中，并没有直接提到两道不同的编程题目出现了雷同或冲突的信息。博客和评论主要讨论的是两位用户（Agraj Garg 和 Vatsal Agarwal）在多次比赛中的相似提交行为，怀疑他们存在作弊行为。具体来说，这些相似之处包括：

1. 提交时间相差仅一分钟。
2. 解决的问题数量相同。
3. 在某些比赛中，他们的提交只是改变了变量名，但整体结构和逻辑保持不变。

博客作者和评论者关注的是这些用户的提交模式和潜在的作弊行为，而不是具体的两道题目的内容或它们之间的相似性。因此，从提供的信息来看，博客及评论中并没有涉及两道不同编程题目的雷同、冲突或撞题情况。
80860,从提供的博客内容来看，并没有明确提到两道不同的编程题目的雷同、冲突或撞题情况。博客主要是分享了一个名为binarysearch.io的网站上的编程竞赛信息，并提到了该网站与LeetCode的一些相似之处。然而，这些相似之处主要集中在网站的设计和比赛的形式上，而不是具体的编程题目。

评论部分也仅提到题目本身并不是来自LeetCode，尽管比赛风格类似。评论中并没有具体指出哪两道题目存在雷同或相似的情况。

因此，根据提供的信息，无法确认博客或其评论区中存在两道不同编程题目的雷同或冲突问题。如果需要更详细的分析，可能需要更多的上下文信息。
80828,Based on the provided blog content, there is no indication of two different programming questions appearing with significant overlap, conflict, or duplication. Each problem presented in the blog seems to be unique and addresses different aspects of algorithmic challenges:

1. **Problem A (1388A - Captain Flint and Crew Recruitment)**: Focuses on identifying nearly prime numbers and determining if a given number can be expressed as the sum of four distinct positive integers, where at least three of them are nearly prime.

2. **Problem B (1388B - Captain Flint and a Long Voyage)**: Deals with constructing a number using specific digits (8 and 9) to maximize a derived number after removing certain digits.

3. **Problem C (1388C - Uncle Bogdan and Country Happiness)**: Involves analyzing a tree structure representing cities and ensuring the happiness index conditions are met for the residents traveling through these cities.

4. **Problem D (1388D - Captain Flint and Treasure)**: Focuses on processing an array with specific rules and calculating the maximum sum achievable by applying operations to the array elements.

5. **Problem E (1388E - Uncle Bogdan and Projections)**: Involves finding the optimal vector for projecting segments onto a line, ensuring the projections do not overlap unnecessarily.

Each problem appears to tackle a distinct algorithmic challenge without significant overlap in core concepts or requirements. Therefore, there is no evidence in the provided context that two different problems have appeared with significant similarity or conflict. 

If you suspect overlap or conflict, it would be helpful to specify the exact nature of the perceived overlap or conflict between the problems.
80666,根据提供的博客内容，看不出明确的两道不同编程题目的雷同、冲突或撞题的信息。博客中的讨论主要集中在一道题目的解法上，特别是如何解决某个子任务和完整解决方案。

具体来说：
- 第一个回复提到的是关于“subtask 2 和完整的解决方案”的问题。
- 第二个回复提到了一个与之“类似的问题”，但没有给出具体的题目描述或链接，只是说“Same problem with weights on nodes”。
- 第三个回复详细描述了一个解决方案，涉及节点距离和树形结构的操作。

因此，从这段博客的内容来看，并没有明显的两道不同题目的雷同、冲突或撞题的信息。如果需要进一步确认，可能需要查看具体题目描述和链接。但从现有信息中，无法找到两道不同题目的雷同或冲突。
80562,经过仔细阅读博客内容以及评论区，我没有发现两道不同的编程题目出现了雷同或冲突的情况。每一道题目都有其独特的背景和解决方法，且没有明显的重复或相似问题。

博客详细描述了多个问题及其解决方案，包括：

1. **Common Prefixes (1384A)**：要求构建一个字符串序列，使得任意相邻两个字符串的最长公共前缀符合给定条件。
2. **Koa and the Beach (1384B1 和 1384B2)**：涉及模拟海滩上的不同行动以判断能否到达岛屿，难度逐渐增加。
3. **String Transformation 1 (1383A)**：字符串变换问题，要求通过最少的操作将一个字符串变为另一个字符串。
4. **Game (1383B)**：基于二进制位的游戏策略问题。
5. **Rearrange (1383D)**：矩阵排列问题，要求最大化每一行和列的最大值。
6. **其他问题**：如DSU的应用、动态规划等。

每一道题目都有其特定的解题思路和方法，没有出现雷同或冲突的情况。因此，可以得出结论：博客中并没有包含两道不同的编程题目出现雷同或冲突的信息。
80551,从提供的博客内容来看，博客本身并没有提到两道不同的编程题目。博客中只有一个字符串问题，即给定一个没有空格的句子和一个字典，要求找到最少插入多少个空格可以使句子中的所有单词都在字典中。博客也没有提及任何其他题目。

博客的评论区也没有讨论到第二道编程题目的内容。评论主要集中在如何最优地解决博客中提到的这个问题，包括使用动态规划、Trie树以及Aho-Corasick算法等方法。

因此，根据提供的信息，无法指出两道不同编程题目出现了雷同、冲突或撞题的情况。评论区的讨论也仅围绕着如何解决同一个问题的不同方法展开，并未涉及其他独立的编程题目。
80321,经过仔细阅读提供的博客内容和评论，没有发现两道不同的编程题目出现雷同或冲突的信息。评论中讨论的是单个题目的不同方面、解法以及难度等，但没有提到两道题目本质相同或相似的情况。

博客内容主要介绍了BOI 2020的在线镜像比赛，包括赛制、时间安排和一些问题的解题思路等。评论区里用户主要讨论了具体的题目解法和比赛中的各种细节，例如如何解决特定的子任务，以及对某些问题的看法等。

因此，在这个博客及其评论区中，没有找到两道不同的编程题目出现雷同或冲突的信息。
80214,经过仔细检查，这篇博客及其评论区没有明确提到两道不同的编程题目出现雷同、冲突或撞题的信息。博客内容主要介绍了即将举行的一场基于俄罗斯学生奥林匹克竞赛的Codeforces比赛，而评论区主要是对比赛难度和问题的讨论。

评论中虽然有人提到了某些问题比通常的Div.2题目更难，甚至有部分人认为这些题目更适合Div.1级别的选手，但并没有具体指出两道不同题目的雷同或冲突情况。

因此，根据提供的信息，我们不能确定在这篇博客或其评论区中存在两道不同的编程题目出现雷同或冲突的情况。
