80054,经过仔细检查这篇博客和其评论区的内容，没有发现两道不同的编程题目出现雷同、冲突或撞题的信息。每篇博客都针对一个特定的问题进行了解释和讨论，而评论区主要集中在对具体问题的理解、解法的探讨以及一些实现上的疑问。

例如：

- 博客1380A 解决了一个数组中三个元素的问题。
- 博客1380B 讨论了如何通过选择字符来最大化胜率。
- 博客1380C 涉及了团队构建的问题。
- 博客1380D 讨论了如何使用两种魔法来消灭怪物。
- 博客1380E 和 1380F 分别涉及了塔合并和一种奇怪的加法问题。
- 博客1380G 涉及了期望值的最小化问题。

评论区虽然有一些关于不同题目的解法讨论，但并没有出现两道题本质上相同或相似的情况。

因此，根据提供的内容，可以确定这篇博客及其评论区没有包含两道不同的编程题目出现雷同或冲突的信息。
79541,经过仔细阅读和分析，该博客及其评论区并没有出现两道不同的编程题目雷同或冲突的情况。每条评论主要集中在对题目本身的评价，比如题目的难易程度、理解难度等，但没有提到两道题目之间存在雷同或冲突的问题。

因此，根据您的要求，这篇博客或其评论区中并没有包含两道不同的编程题目出现雷同或冲突的信息。
79358,从你提供的博客内容来看，这并不是关于两道不同的编程题目的雷同、冲突或撞题的问题，而是关于某位用户在竞赛中被指控代码抄袭的情况。因此，根据你的要求，这里并没有涉及到两道不同的编程题目出现雷同或冲突的信息。

博客的主要讨论点在于一位名为pa14的参赛者在Educational Codeforces Round 90中的问题。该参赛者的解决方案与其他几位参赛者的解决方案有显著的相似之处，从而引发了对抄袭的质疑。博客中提到的链接和具体细节都指向了这一单一事件而非两个不同题目的雷同或冲突。

如果你需要检查的是其他博客或评论区中是否存在两道不同的编程题目雷同或冲突的情况，请提供相应的文本或链接。
79139,从你提供的博客内容来看，并没有直接提到具体的编程题目或描述题目内容，也没有明确指出两道题目的来源或链接。博客中的内容仅提及了下一次CodeChef Cook-off比赛和TopCoder SRM比赛的时间安排重合，以及一个评论者对于有人在CodeForces上抱怨这一点的回应。

因此，根据现有信息，无法判断这两场比赛中是否存在两道本质相同或相似的编程题目。为了能够准确判断是否存在题目雷同、冲突或撞题的情况，我们需要具体题目信息，包括题目描述、要求和测试数据等。

如果想要检查两道题目的相似性，通常需要查看以下几点：
1. 题目背景故事是否相同。
2. 输入输出格式是否一致。
3. 解决问题的核心算法或思路是否相同。

如果有更多的细节或具体的题目描述，我可以进一步帮助分析。
79107,After carefully analyzing the blog and its associated comments, there is no indication of two different programming problems that are essentially the same or conflicting with each other. Each problem described in the blog appears to be unique and addresses different aspects of algorithmic challenges.

Here’s a brief overview of the problems discussed:

1. **Problem 1370A - Maximum GCD**: This problem involves finding the maximum possible GCD for a given `n` by pairing numbers in a specific manner.
   
2. **Problem 1370B - GCD Compression**: This problem focuses on pairing elements to maximize the GCD of the pairs, but with a focus on forming `n-1` pairs where each pair's GCD is divisible by 2.

3. **Problem 1370C - Number Game**: This problem involves determining the winner of a game where two players, Ashishgup and FastestFinger, take turns reducing a number `n` until it reaches 1.

4. **Problem 1370D - Odd-Even Subsequence**: This problem involves finding a subsequence of a given length where the maximum value in the subsequence is minimized by considering either odd or even indexed elements.

5. **Problem 1370E - Binary Subsequence Rotation**: This problem involves rotating subsequences to transform one binary string into another.

6. **Problem 1370F2 - The Hidden Pair (Hard Version)**: This problem involves identifying two hidden nodes in a tree by making queries about the shortest paths between nodes.

None of these problems are duplicates or have overlapping core concepts that would constitute a conflict. Each problem presents a distinct challenge and requires a different approach to solve.

If you have specific concerns about overlapping content or potential conflicts between problems, please specify the problems and provide additional details, and I can help further analyze the situation.
79038,经过仔细阅读博客内容和评论区，没有发现两道不同编程题目出现雷同、冲突或撞题的信息。评论区主要讨论了各个题目的难度、解题方法以及比赛的整体体验，并未提及两道题目在本质上是相同或相似的情况。

因此，根据提供的信息，该博客及其评论区并没有包含两道不同的编程题目出现雷同或冲突的信息。
78863,在这篇博客和其评论区中，并没有出现两道不同的编程题目雷同、冲突或撞题的信息。相反，博客内容主要围绕两位顶级程序员Tourist和Mifafaovo的相关讨论，以及对Mifafaovo的真实身份和参赛情况的猜测。

值得注意的是，评论区中的讨论提到了一些关于Mifafaovo和Tourist的信息，但这些讨论并没有涉及到任何编程题目的内容。评论区中甚至有人指出Mifafaovo和Tourist其实是同一个人（即Yuhao Du），但这与编程题目本身无关。

因此，根据你的要求，这篇博客和评论区并未包含两道不同编程题目的雷同或冲突信息。
78707,在这篇博客及其评论中，并没有明确提到两道不同的编程题目的雷同、冲突或撞题的信息。评论主要集中在对某个特定问题（链接为：https://codeforces.com/contest/1366/problem/A）的解决方案上，特别是针对递归实现可能导致的栈溢出和时间复杂度问题。

唯一接近于“雷同”或“相似”的地方是在评论#4中，作者提到自己之前遇到过一个类似的问题，但这里并没有具体说明另一道题目的来源或链接。因此，不能确定这属于两道不同题目的雷同或冲突。

总结来说，这篇博客和其评论区并未提供两道不同编程题目的雷同或冲突的具体信息。
78674,在这篇博客和其评论区中，确实出现了两道题目的雷同问题，特别是在评论区中多次提到这一点。具体来说，评论区中的用户提到了两道题目：

1. **今天的题目（Codeforces Round #649 的 D 题）**：
   - 题目链接：[1364D - Ehab's Last Corollary](https://codeforces.com/contest/1364/problem/D)

2. **之前的题目（Codeforces Round #1325 的 F 题）**：
   - 题目链接：[1325F - Ehab's Last Theorem](https://codeforces.com/contest/1325/problem/F)

评论区中多次提到了这两道题目的相似性，甚至有人直接复制了之前题目的代码并稍作修改后通过了今天的题目。以下是具体的评论内容：

```markdown
syh03134 years ago,
Problem D is almost exactly the same as 1325F - Ehab's Last Theorem？Isn't it？

piCoder3144 years ago,
https://codeforces.com/contest/1325/problem/F
The Problem D today was VERY SIMILAR to this problem. It gives many participants unfair advantage. Please look into this.
```

评论区中还有其他用户也提到了类似的观点：

```markdown
Rudro254 years ago,
For everyone saying this D and last F are the too similar. Well, it can't be true that both me and antontrygubO_o have been drunk since my last round to not notice if they aren't different enough. Yes, they have very similar statements, but they have very different solutions, which is obviously the case since one of them are about SHORT cycles and the other is about LONG ones. I mean, are "find the shortest cycle" and "find the longest cycle" similar problems? One is simple O(n^2) bfs and one is NP-hard.

Samarth124 years ago,
Ok so compare this and this. I just made changes at few places. And yeah, still analyzing the old submission.

IIT_kr_lo_fir_life_set_h4 years ago,
I have just copied the code from last editorial of F and changed just: -> sq to k -> >= to <= and it got accepted. why you not also copied the other question. This was the worst round I ever given.
```

总结来看，在这篇博客及其评论区中，确实存在两道题目的雷同问题。这些评论表明，今天的 D 题与之前的 F 题非常相似，以至于一些人能够通过简单的修改来通过今天的题目。
78663,经过仔细检查，这篇博客及其评论区没有明确指出两道不同的编程题目出现了雷同、冲突或撞题的信息。评论区主要是对比赛的整体评价以及个别题目的反馈，并没有具体提到两道题目的内容雷同或相似的情况。

不过，在评论区中，用户`prodipdatta7` 提到有两道题目与之前的题目存在相似性：

- `Today's G` 和 `87D`
- `Today's J` 和 `S. Godzilla and Pretty XOR`

但这些评论并没有提供具体的题目来源或链接，也没有详细解释这两组题目的相似之处。因此，根据提供的信息，我们无法确定这两组题目是否存在雷同或冲突。

总结：在提供的博客和评论中，没有明确指出两道不同的编程题目出现雷同或冲突的信息。如果有进一步的证据或具体例子，请提供更详细的描述以便进一步分析。
78661,根据提供的博客内容和评论，没有直接提到两道题目雷同、冲突或撞题的信息。不过，在评论区中有一条评论提到了一个潜在的问题：

评论#19中，用户`prodipdatta7`提到“Problem J was identical to this problem”。然而，该评论并没有提供具体的链接或进一步的信息来证明这一点。因此，我们无法确定这是否指出了两道题目的雷同。

总结来说，从提供的信息来看，并没有明确指出两道题目雷同或冲突的情况。如果要确认是否存在雷同问题，需要进一步的信息或具体的题目链接来进行对比分析。
78609,从提供的博客内容来看，博客本身并没有提到具体的编程题目或链接，而是在讨论一个特定的问题：给定一个初始序列和一些修改操作与查询操作，询问是否可以使用区间树或其他高效数据结构来解决这个问题。评论部分提到了一个与CodeChef上的问题有相似性的例子。

评论中提到的CodeChef上的问题是这样的：
- 给定两个数组A和B。
- 查询是将B的前缀加到A的后缀上。

这个描述中的操作和博客中提到的操作虽然都涉及到区间更新和查询，但它们实际上是不同的问题：
1. 博客中的问题是关于在一个序列上进行区间更新（增加一段区间的值到另一段区间），然后查询某段区间的和。
2. 评论中提到的CodeChef问题涉及将一个数组的前缀加到另一个数组的后缀上，这涉及到数组的不同部分之间的操作，而不是简单的区间更新。

因此，根据提供的信息，这两者并不是本质相同或相似的问题，也没有出现雷同、冲突或撞题的情况。评论只是提到了一个与博客中描述问题有某些相似之处的其他平台上的问题。没有明确指出这两个具体的问题链接或来源，所以无法进一步确认是否存在雷同或冲突。

总结来说，基于当前提供的信息，这两道题目并不被认为是雷同或冲突的。
78365,在这篇博客及其评论区中，并没有明确提到两道不同的编程题目出现雷同、冲突或撞题的信息。评论主要集中在对作弊行为的讨论、对比赛时长的建议以及个人参赛者的排名和资格问题上。

唯一与题目相似性相关的讨论出现在评论#2中，但该讨论的重点在于一个用户可能通过不正当手段获取了某个题目的答案（PPARTS），而不是在讨论两道题目的相似性或雷同性。此外，评论#2中的链接指向了一个已知的组合数学问题，但并没有明确说明这与CodeChef的比赛题目存在雷同或冲突。

因此，根据提供的内容，没有发现两道不同的编程题目出现了雷同或冲突的信息。
78314,根据你提供的博客内容和评论，没有直接提到两道不同编程题目的具体内容，也没有明确指出两道题目的来源或链接。评论中提到了一个问题，即“在竞赛中使用了两道陈述相似但名称相同的问题”，但并没有具体说明这两道题目的细节或出处。

因此，从这段博客内容和评论中无法确定是否存在两道不同的编程题目出现雷同、冲突或撞题的信息。如果需要进一步判断，可能需要查看具体的题目内容或参考链接。 

如果有更多的上下文信息或具体的题目描述，请提供，这样我可以更准确地帮助你分析。
78202,The provided blog post does not contain two different programming problems that are essentially the same, conflicting, or have significant overlap. Each problem presented in the blog is distinct and covers different concepts and approaches.

However, to ensure clarity:

1. **Problem A (Odd Selection)**: This problem deals with selecting a subset of numbers such that their sum is odd.
   
2. **Problem B (Subsequence Hate)**: This problem focuses on converting a binary string into a specific form by minimizing the number of changes.

3. **Problem C (Game On Leaves)**: This problem is about determining the winner in a game where players alternately remove leaf nodes from a tree.

4. **Problem D (Guess The Maximums)**: This problem involves identifying the maximum value in a set of subsets using a limited number of queries.

5. **Problem E (Tree Shuffling)**: This problem involves shuffling the values of nodes in a tree to match certain criteria.

6. **Problem F (Rotating Substrings)**: This problem deals with transforming one string into another by rotating substrings.

None of these problems overlap in terms of core logic or approach. Therefore, there is no indication of two different programming problems appearing with significant overlap or conflict.

If you need further analysis or have specific concerns about overlapping problems, please provide more details or context.
78168,经过仔细检查，这篇博客及其评论区没有明确提到两道不同的编程题目出现了雷同或冲突的情况。评论区主要讨论的是各个题目的具体解法和实现细节，以及一些特定情况下的错误分析。例如，评论中提到了一些关于浮点数精度问题、数据类型溢出、算法复杂度优化等技术细节，但并没有指出两道不同题目之间存在本质相同或相似的问题。

因此，根据提供的内容，不能指出博客中存在两道题目雷同或冲突的信息。
78157,在这篇博客及其评论区中，并没有明确提到两道本质相同或相似的编程题目。博主主要讨论的是求解与某个数互质的整数数量的问题，以及如何有效地计算这些数量。评论者们提供了多种方法和建议，包括使用欧拉函数（ETF）、莫比乌斯反演、以及包含-排除原理等。

但是，在评论区中确实提到了另一类问题，即计算两个数之间的最大公约数（GCD）为某个特定值k的整数对的数量。例如，评论者wjex09提到了一个类似的问题，其中GCD应等于k而不是互质（即GCD=1）。这表明可能存在另一道题目涉及计算GCD为特定值k的整数对数量，但这并不是原文博主讨论的核心问题。

具体来说，评论区中的以下部分提到了这一点：

```
comment#0»wjex094 years ago,#|+8
I think it is similar to this problem where instead of being co-prime the gcd should be k. For more insights maybe this is helpful.
```

这里提到的“this problem”指的是GCD应等于k的情况，而不是互质的情况。但博主并没有进一步讨论这个具体的例子，也没有将其与他所讨论的问题直接比较。

因此，根据提供的信息，这篇博客及其评论区并未明确包含两道本质上相同或相似的编程题目的信息。博主讨论的主要问题是关于计算互质整数的数量，而评论区虽然提及了另一种类型的问题（GCD=k），但这并未构成两道本质相同或相似的题目。
77890,经过仔细阅读提供的博客内容和评论，我没有发现两道不同的编程题目出现雷同、冲突或撞题的信息。博客主要讨论了新的评级系统变化及其影响，而评论大多是对这些变化的看法和疑问。因此，根据你的要求，没有找到包含两道不同编程题目雷同或冲突的信息。

如果需要进一步检查特定部分或有其他问题，请告诉我！
77796,经过仔细检查，这篇博客文章和其评论区没有明确提到两道不同的编程题目出现雷同、冲突或撞题的信息。评论区主要讨论了比赛的问题难度、解题方法、提交情况、系统测试以及一些参赛者对比赛的看法等。

评论区中确实提到了一些关于问题相似性的内容，例如：

- 在评论#46中提到问题G与LightOJ 1330有相似之处，但作者强调了虽然解决方案相似，但题目要求并不完全相同。
  
  ```markdown
  prakhsri_5 years ago,#|←Rev.2→-7
  Problem G better version:https://vjudge.net/problem/LightOJ-1330
  Solution available on net.
  ```

  ```markdown
  gfonn5 years ago,#^|+3
  Not the same because you are not asked to output the lexicographically smallest, but is true that the solution of LightOJ works for today's G
  ```

但是这并不意味着这两道题目本质上是相同的。它们只是有相似的解题思路或方法。

因此，根据提供的信息，没有发现两道不同题目之间存在雷同、冲突或撞题的情况。
77776,经过仔细阅读提供的博客内容和评论区的内容，没有发现两道不同的编程题目出现雷同、冲突或撞题的信息。评论主要集中在对比赛的反馈、问题难度讨论、解题思路分享以及一些技术细节上的疑问。

博客中提到的问题都是独立的，并且每个问题都有其独特的描述和解决方案。例如：

- **A 题**：求解最小代价的问题。
- **B 题**：涉及到图和距离计算的问题。
- **C 题**：涉及数字转换和递归函数的问题。
- **D 题**：涉及交互式程序的问题。
- **E 题**：涉及凸包和概率的问题。

评论区也没有提及任何两道题目的本质相同或相似的情况。因此，根据提供的内容，可以得出结论：博客及其评论区没有包含两道不同编程题目出现雷同、冲突或撞题的信息。
77702,根据提供的博客内容和评论，没有明确提到两道不同的编程题目出现雷同或冲突的情况。评论主要讨论了同一个问题的不同解决方案，即在一个有障碍物的无限或有限网格中判断从起点到终点是否存在路径的问题。

唯一接近于提到相似问题的是评论#1，其中提到了一个类似的题目（383 B）。但是，这个评论并没有详细说明这两个问题是否本质相同或存在雷同之处。

因此，根据当前提供的信息，没有发现两道不同的编程题目出现雷同或冲突的内容。如果需要进一步确认这一点，可能需要查看具体提到的另一道题目的详细描述（如383 B题）以及上述博客中的问题，来对比它们是否具有本质上的相似性。
77690,在这篇博客及其评论中，并没有直接提到两道不同编程题目的雷同或冲突信息。不过，评论#5提到了一个与N-slimes问题相似的问题，即Matrix Chain Multiplication（矩阵链乘法）。这里博主提到N-slimes问题与Matrix Chain Multiplication问题很相似，但一个是做加法，另一个是做乘法。

具体来说，博主在评论#5中指出：
```
If you want to learn the concept behind this problem then go through Matrix chain multiplication DP, it is a very famous DP problem and has clear explanations(you can check Cormen or any online articles). This N-slimes problem is very similar to that but instead of multiplication, we do addition.
```

虽然提到了相似性，但并没有明确表示这是两道相同的题目或存在雷同、冲突的问题。因此，从这段评论中我们不能得出这两道题目是本质相同或相似到出现雷同或冲突的信息。

总结：这篇博客和评论区没有包含两道不同编程题目雷同或冲突的信息。
77664,经过仔细检查，这篇博客及其评论区没有出现两道不同的编程题目雷同、冲突或撞题的情况。博客内容主要是介绍一次Codeforces竞赛的相关信息和参赛者的评论与反馈。尽管有一些评论对题目陈述中的“冠状病毒”主题表达了不满，但这些评论并没有指出两道不同的题目之间存在雷同或冲突的问题。

例如，有些评论提到了对问题D的陈述中涉及“冠状病毒”的不满，但这并不意味着另一道题与之雷同或冲突。评论区主要讨论的是题目的难度、解法以及对题目的看法，而不是题目之间的雷同或冲突问题。

因此，根据你提供的信息，没有发现两道不同的编程题目出现了雷同或冲突的情况。
77614,Based on the provided blog and comments, there is no clear evidence of two different programming questions appearing with significant overlap, conflict, or similarity that would indicate they are essentially the same problem. Each problem presented in the blog appears to have its unique context and requirements.

However, if we focus on specific problems and their variations across different contests, we can identify a few instances where the nature of the problems might be similar:

1. **Half Moons Problem**:
   - The Half Moons problem appears in the warmup round of the contest.
   - Participants discussed different methods to achieve high accuracy, such as preprocessing the data and using specific gates (e.g., Pauli Y rotations).

2. **Data Preprocessing in QML**:
   - The discussion around the Half Moons problem and the Wine dataset (from the Machine Learning package) indicates that preprocessing the input data is a common theme. 
   - For the Half Moons problem, participants discussed centering the data and converting it to polar coordinates.
   - For the Wine dataset, participants discussed various preprocessing techniques to improve the model's performance.

While these problems are different in their specifics, they share a common theme of preprocessing data to make it more amenable to quantum machine learning algorithms. However, this similarity does not constitute a direct conflict or duplication of problems.

If you are looking for explicit instances where two distinct problems appear to be the same, none are clearly indicated in the provided text. The problems discussed seem to be variations on themes rather than direct duplicates.

To summarize:
- There are no clear instances where two distinct problems are identical or significantly overlapping.
- The discussions around preprocessing data and specific gate usage show common themes across different problems but do not constitute a conflict or duplication of problems.
77585,在这篇博客和其评论区中，没有直接提到两道不同的编程题目的雷同、冲突或撞题的信息。博客和评论主要讨论的是同一个问题的不同解法，特别是针对某个特定的问题（可能是Educational Codeforces Round 87中的某个问题）的不同随机化和非随机化的解决方案。

具体来说，评论区里提到的几个提交链接（例如80523216和80509851）都指向了同一个问题的不同实现方法。这些方法虽然有不同的策略，但它们都是解决同一个问题的不同尝试。

因此，根据你的要求，没有发现两道不同题目之间存在雷同、冲突或撞题的信息。所有提到的内容都是围绕同一个问题的不同解决方案展开的。
77559,在这篇博客及其评论中，确实提到了两道题目雷同或相似的问题。具体来说：

评论#6提到：
```
Grey_Matter5 years ago, #|^+46
After the contest, my friend sent me this link : http://mathafou.free.fr/pbg_en/sol118.html
Scroll to the bottom and you have direct one line formulas for both C1 and C2. It's the third result from top when you google "largest polygon that can be inscribed in a square".
```

这里指出，问题C1和C2都可以通过直接搜索找到答案。这表明这两道题目在本质上是相似的或者有现成的解决方案可以被直接使用。

评论#0也提到：
```
hellfr5 years ago, #|^←Rev.2→+17
Problem B was easily available on GeeksForGeeks
Both parts of C were readily available on this link
```

这里提到问题B可以在GeeksForGeeks上找到类似的问题，而问题C的部分内容也可以在同一个链接中找到。

总结来说，博客及其评论区确实指出了两道题目（特别是C1和C2）在本质上是相似的，且可以很容易地通过搜索引擎找到解决方案。这些信息表明这些问题存在雷同或冲突的情况。
77534,根据提供的博客内容，没有直接明确指出两道不同的编程题目出现雷同、冲突或撞题的信息。不过，有几条评论中提到了一些相似性或相关性的信息：

1. 在评论#0中，用户Nson提到问题J与ARC084 F类似，建议阅读其解答说明。这表明问题J和另一个平台（ARC084 F）的问题可能是相似的。

    - 来源：GP of Serbia（Open Cup Round）
    - 链接：不提供具体链接，但可以推测为ByteDance训练营的一部分。

2. 这里并没有直接说明这两道题是完全相同的题目，只是指出了解决方法上可能存在相似之处。

总结来说，从提供的信息来看，只有一条评论提到问题J与另一个比赛的问题相似。并没有明确指出两道题目是本质相同或存在冲突的题目。如果需要更精确的结论，可能需要更多关于问题描述或具体内容的信息。
77391,在这篇博客及其评论区中，并没有明确提到两道不同的编程题目出现雷同或冲突的信息。大多数评论集中在比赛的具体问题、时间安排、以及对某些题目设计和实现细节的讨论上。

然而，在评论区中有一处提到两道题目有相似之处：

```plaintext
comment#8»aid5 years ago,#|+16Why give problem about the same idea as problem from 2 SRMs before?
```

以及回复：

```plaintext
comment#8»P___5 years ago,#^|+15Not only that. In yesterday's dp practice contest (not uploaded yet) there was this task.
```

评论者提到今天的500分题目与之前两次SRM中的题目想法类似。但是，这个评论并没有提供足够的信息来确定两道题目的具体来源或链接。

因此，根据提供的内容，我们不能明确指出具体的两道题目（来源和链接）存在雷同或冲突。如果有更详细的信息，我们可以进一步分析。
77373,After carefully reviewing the blog post and its comments, there is no indication of two different programming questions appearing with significant overlap, conflict, or similarity in the content provided. The blog post mainly consists of problem statements, tutorials, and discussions related to Codeforces Round #642 (Div. 3).

To summarize:

1. The blog discusses six problems (A-F) from a Codeforces contest.
2. Each problem has a detailed tutorial and discussion.
3. The comments section includes discussions about solutions, clarifications, and alternative approaches.

There is no specific mention or indication that any two problems have overlapping or conflicting core concepts. Each problem seems to present a unique challenge and solution approach.

If you suspect that two problems might have similarities, please specify which two problems you are referring to, and I can review those particular problems in more detail.
77161,根据你的描述和提供的博客内容，没有发现两道不同的编程题目出现雷同、冲突或撞题的情况。每道题都有其独特的解题思路和方法，并且每个问题都有详细的教程和示例代码。以下是对几个关键点的总结：

1. **1352A - Sum of Round Numbers** 和 **1352B - Same Parity Summands** 是两个完全不同的问题，分别涉及将数字拆分成“round numbers”以及构造具有相同奇偶性的和。
   
2. **1352C - K-th Not Divisible by n** 和 **1352D - Alice, Bob and Candies** 也是完全不同的问题，分别涉及找到第k个不能被n整除的数以及模拟Alice和Bob吃糖果的过程。

3. **1352E - Special Elements** 和 **1352F - Binary String Reconstruction** 分别涉及统计数组中的特殊元素以及构造一个特定模式的二进制字符串，两者之间也没有雷同之处。

因此，在提供的博客内容中，没有发现两道题目本质相同或相似的情况。博客内容涵盖了多个不同问题的解决方法，并且每种方法都是针对各自问题的独特解决方案。
77028,经过仔细阅读博客内容及其评论区，我没有发现两道不同的编程题目出现雷同、冲突或撞题的信息。博客和评论区主要讨论的是Codeforces引入新的Div4（第4组）比赛的提议及其可能的影响，包括对不同评级参赛者的影响、比赛难度设定、服务器压力等。

评论区中提到的一些问题和建议，如降低Div3难度、增加Div4以帮助初学者等，但这些讨论并不是围绕两道不同的编程题目展开的。因此，没有找到符合要求的雷同或冲突的题目信息。
76838,根据提供的博客内容和评论，没有明确提到两道不同编程题目的雷同、冲突或撞题的信息。博客本身讨论的是一个特定问题（内存限制超出问题）以及如何优化解决方案。评论中提到的另一个链接（#|0回复中的链接38461958）并没有被明确给出，因此我们无法确认它指向的具体内容。

但是，从评论内容来看，评论者提到“一个相似的解决方案似乎使用了更少的内存”，这暗示可能存在另一道类似的题目，但并没有具体指出这两道题目的来源或链接。因此，我们不能基于这些信息断定两道题目存在雷同或冲突。

总结：根据提供的信息，我们无法确定博客或其评论区包含两道不同的编程题目出现雷同或冲突的信息。如果需要进一步分析，需要更多关于第二个链接的具体内容或明确指出的另一道题目的描述。
76771,根据你提供的博客内容，没有直接提到两道不同的编程题目出现雷同、冲突或撞题的信息。博客的主要内容是关于在同一问题（235A — LCM Challenge）中使用不同版本的C++编译器导致结果不同的情况。

评论区中的信息解释了为什么在不同的C++标准下会出现不同的行为，但并没有提到两道不同的题目存在雷同或冲突的情况。

因此，根据提供的信息，这篇博客和其评论区没有包含两道不同的编程题目出现雷同或冲突的信息。如果有其他具体的博客内容或评论需要分析，请提供更多的上下文。
76635,在这篇博客及其评论中，并没有直接提到两道不同编程题目的内容出现雷同、冲突或撞题的情况。相反，大部分评论都是关于问题评级的问题，例如某些问题的难度被高估或低估了。

但是，在评论中有一个具体的例子涉及到两个版本的问题（一个简单版本和一个难版本），并讨论了它们的难度是否合理：

评论#5:
```
fivedemands5 years ago, #|^|+165
In Round 1305,1305G - Kuroni and Antihypeonly had 1 solve fromUm_nikwhile1305H - Kuroni the Private Tutorhad 2 solves fromtouristandmaroonrk. However,1305G - Kuroni and Antihypehad a rating of 3400 (3300 before) while1305H - Kuroni the Private Tutorhad a rating of 3600 (3600 before). I am very curious about what other parameters are used to calculate this problem difficulty.
```

评论#56:
```
NRK74 years ago, #|0
Yesterday's Div2 problems are highly overrated in difficulties: 1384B1, 1384B2 and 1384C have been solved by 846, 307 and 2260 Div2 contestants (rating < 1900) in contest time. But their problem difficulties has been set as 1900, 2200 and 1700 respectively.
```

这两个例子虽然提到了不同问题的评级问题，但并没有明确说明两道题目的内容是雷同的。评论中更多是在质疑评级算法和实际解决情况之间的不一致。

因此，从给出的内容来看，没有发现两道不同编程题目的内容雷同或冲突的情况。
76633,After carefully reviewing the blog post and its associated comments, there is no indication of two different programming problems that are essentially the same or conflicting with each other. Each problem appears to be distinct with its own unique requirements and solutions.

Here are brief summaries of the problems discussed:

1. **Problem A (Road To Zero)**:
   - The problem involves finding the minimum cost to reduce two numbers \(x\) and \(y\) to zero using two operations: incrementing by \(a\) or using a combined operation costing \(b\).

2. **Problem B (Binary Period)**:
   - The problem deals with checking whether a given string can be constructed from a repeating pattern of two possible substrings.

3. **Problem C (Yet Another Counting Problem)**:
   - The problem requires counting the number of integers within a given range that satisfy a specific modular arithmetic condition.

4. **Problem D (Multiple Testcases)**:
   - The problem involves distributing arrays into test cases while respecting capacity constraints for each test case.

5. **Problem E (Placing Rooks)**:
   - The problem focuses on placing rooks on a chessboard such that a specified number of rooks attack each other.

6. **Problem F (Make It Ascending)**:
   - The problem involves transforming a sequence of numbers into a strictly increasing sequence by merging subsets of the original sequence.

Each of these problems has a unique description and solution approach. No overlapping or conflicting concepts are evident across these problems. If you have a specific concern or need clarification on a particular problem, feel free to ask!
76553,在这篇博客及其评论中，并没有明确提到两道不同的编程题目出现雷同、冲突或撞题的信息。博客和评论主要讨论了如何使用段树（Segment Tree）解决一个特定的问题：给定一个非负数组，快速找到第一个使数组前缀和大于等于给定值 \(x\) 的索引。

以下是博客内容的简要总结：

- 第一个问题是关于如何构建一个包含前缀和的段树。
- 第二个问题是在评论区，用户`mamme_hunter`给出了一个不存储前缀和的段树解决方案，而只是简单地构建了一个普通的段树，并通过查询的方式找到答案。
- 第三个问题是由用户`Gheal`提出的，他建议如果没有需要更新数组元素的情况，可以使用二分查找（binary search）来找到第一个满足条件的索引。
- 最后一个评论是由`weakestOsuPlayer_244`对上述两种方法的理解和感谢。

尽管博客和评论中提到了两种不同的方法（一种使用段树，另一种使用二分查找），但它们并不是同一个问题的不同版本。它们分别代表了解决同一个问题的不同算法选择，而不是两道本质相同或相似的题目。

因此，根据你的要求，这篇博客和评论区并没有包含两道不同题目出现雷同、冲突或撞题的信息。
76526,经过仔细检查这篇博客内容及评论，我没有发现两道不同的编程题目出现了雷同、冲突或撞题的信息。博客主要是关于一次Codeforces比赛的总结和讨论，包括题目描述、解决方案、以及参赛者的反馈等。

评论中虽然有用户提到一些题目表述的问题（例如问题A中的“simultaneously”一词），但这些讨论都是针对单个题目的理解问题，并没有提及两道不同的题目存在雷同或冲突的情况。

因此，根据提供的信息，可以得出结论：在这篇博客及其评论中没有出现两道不同编程题目雷同或冲突的信息。
76518,在这篇博客及其评论区中，并没有明确提到两道不同的编程题目出现雷同、冲突或撞题的信息。相反，讨论集中在同一个问题的不同方面和解决方案上。

博客中提出的问题如下：
1. 给定一个长度为n的数组aa，所有元素都小于等于n。需要回答q个查询，每个查询包含三个数字xx、ll、rr，要求计算满足l≤i mod x≤r的元素aiai的和。
2. 如果查询变为包含一个额外参数kk，即打印满足i>k且l≤i mod x≤r的元素aiai的和。

评论区主要讨论了如何解决上述问题，特别是涉及区间更新（range updates）的情况。评论者fugazi和amiralisalimi分享了一些使用Fenwick树（也称为二叉索引树）和前缀和数组的解决方案。

评论区并没有提及另一道完全不同的编程题目的存在，也没有提到这两道题目是本质上相同或相似的问题。因此，根据给定的要求，这篇博客及其评论区不包含两道不同的编程题目出现雷同或冲突的信息。
76487,从提供的博客内容来看，没有直接表明两道不同编程题目出现雷同或冲突的信息。然而，在评论区中，有几条评论提到了一些相似性的问题，特别是关于“JMPFEVER”和另一个问题的相似性。

具体来说，评论#21和#22中有这样的对话：

评论#21:
```plaintext
»»aviroop12065 years ago,#^|+11This problem is quite, quite similar to this one:Link. If I am correct, only changing the line equation by adding the dp value of the current node will be enough. If this is the case, then this problem is just a repeated one.
```

评论#22:
```plaintext
»»sajibreadd5 years ago,#^|0I have read this problem. This problem just tells to do make prefix sum of path from u to v and in JMPFVR you have to choose all possible way of jumping from u to v. May be solution converts to this problem after doing some stuff like "maximum cost from a node and all of its descendents" but that doesn't mean it is repeated one.
```

评论#23:
```plaintext
»»aviroop12065 years ago,#^|0Here is the submission to the cf problem :LinkHere is the submission to the cc problem :LinkHere is the difference:LinkWould you now say that its quite different? Most of the difference is due to the fact that there were multiple test cases in the lunchtime problem.
```

评论#24:
```plaintext
»»sajibreadd5 years ago,#^|0May be you would have got ac may be not that's not the issue. This is not repeated one surely but as a contestant perspective solution is similar but I will point out this part direct_jump_score(u, v)(which is recommended in your problem) and max(direct_jump_score(u, a1) + direct_jump_score(a1, a2) + .... + direct_jump_score(am, v))(recommended in my problem) for all possible {a1, a2, a3.....ak} looks very different to me.
```

评论#25:
```plaintext
»»aviroop12065 years ago,#^|0What I am trying to point out is that 90% of the implementation is the same? Had I read the last problem during the contest I would have surely got ac. But had I not solved this problem but knew what was the approach, I wouldn't have been able to solve this during contest. The hard part was the implementation, which could be bypassed. I guess say that it is repeated would not be correct though.
```

这些评论讨论了“JMPFEVER”与另一个问题的相似性，但并没有明确说明这两道题是完全重复的。因此，虽然有一些相似之处，但并不能明确地说它们是完全相同的题目。评论区中的讨论更多是在探讨解题方法和实现细节上的相似性，而不是题目本身的雷同或冲突。

总结：
- 博客本身没有提到题目雷同或冲突的信息。
- 在评论区中，有评论指出“JMPFEVER”和另一个问题在解题方法上有相似之处，但并未明确说明两道题目是完全重复的。
76024,根据提供的博客内容，似乎并没有明确提到两道不同的编程题目出现雷同、冲突或撞题的情况。博客中提到的是两份解决方案代码之间的相似性，但没有具体说明这是两道不同的题目。相反，博客中的描述更像是在讨论同一场竞赛或任务中的不同解决方案的相似性。

博客中的关键句子是：“Also their solution of problem: C are similar!” 这句话表明的是在同一问题（Problem C）的不同解决方案之间存在相似性，而不是指两道不同的题目有雷同或冲突。此外，博客还提到一些代码文件头的不同以及变量名的变化，但这仍然是针对同一问题的不同实现的对比。

因此，根据这段描述，无法确认博客中包含两道不同的编程题目出现雷同或冲突的信息。如果要更准确地判断，需要更多的上下文信息，特别是具体的题目内容和链接等详细信息。
75802,经过仔细检查，这篇博客及其评论区并没有出现两道不同编程题目雷同或冲突的情况。每篇题解和评论都是针对各自问题的具体讨论，没有发现两道题目的本质内容相同或相似的情况。

以下是博客中提到的问题列表：
1. **问题 A** - 小小的阿尔特姆 (1333A - Маленький Артем)
2. **问题 B** - 安东 (1333B - Kind Anton)
3. **问题 C** - 尤金和数组 (1333C - Eugene and an array)
4. **问题 D** - 学校挑战 #41 (1333D - Challenges in school №41)
5. **问题 E** - 路径到 1600 (1333E - Road to 1600)
6. **问题 F** - 凯特与不完美 (1333F - Kate and imperfection)

每一道题都有具体的描述、解决方案及相应的讨论。例如，问题A涉及如何给一个棋盘涂色以满足特定条件；问题B讨论如何通过加法操作使数组中的元素相等；问题C涉及计算具有零和子数组的子数组数量等等。

评论区主要是用户对题目和解题方法的一些疑问和解答，例如为什么某些测试用例会失败，以及一些实现细节上的讨论。这些讨论都是针对每个问题的具体情况，没有发现两道题目的核心问题或解题方法有重叠或冲突的地方。

因此，可以得出结论，这篇博客及其评论区没有包含两道不同的编程题目雷同或冲突的信息。
75633,在这篇博客和评论中，并没有直接提及两道不同的编程题目出现了雷同、冲突或撞题的信息。相反，评论讨论的是如何使用不同的数据结构来实现特定的功能。

评论#0提到的是**Order Statistics Tree**，这是一种能够支持在\(O(\log n)\)时间内完成插入、删除以及查找小于某个值的元素个数的数据结构。

评论#1则提出了另一种解决方案，即使用**Treap**（一种随机化的平衡二叉搜索树），并通过存储子树大小来达到类似的效果。评论者还提到了可以利用“split”操作来找到第k小的元素。

这两条评论都在讨论如何实现相同的功能（即高效地进行插入、删除和查找小于某个值的元素个数），但它们所使用的具体数据结构不同。因此，这并不是两道不同的题目出现雷同或冲突的情况，而是在讨论不同数据结构的实现方式来解决同一个问题。

所以，根据你的要求，这里并没有发现两道不同的编程题目出现了雷同或冲突的信息。
75627,在这篇博客及其评论区中，确实存在两道编程题目出现雷同或相似的情况。具体来说：

- 在评论#2中，用户提到一个与博客中讨论的问题类似的题目：“https://leetcode.com/problems/count-ways-to-build-rooms-in-an-ant-colony/”。
- 在评论#5中，另一个用户也提到一个相似的问题：“https://codeforces.com/gym/103741/problem/H”。

这两道题目的核心思想都是计算某种排列或组合的数量，特别是涉及树结构中的拓扑排序数量。因此，它们本质上是相似的。

总结：
1. 第一个相似问题的来源和链接：LeetCode 问题 "Count Ways to Build Rooms in an Ant Colony" (https://leetcode.com/problems/count-ways-to-build-rooms-in-an-ant-colony/)
2. 第二个相似问题的来源和链接：Codeforces 题目 "Gym 103741H" (https://codeforces.com/gym/103741/problem/H)

这两个问题都涉及到计算特定树结构的拓扑排序数量，因此它们具有相似性。
75580,在这篇博客及其评论区中，并没有发现两道不同的编程题目出现了雷同、冲突或撞题的信息。相反，评论区中的讨论主要是围绕同一个问题（即给定树的最大匹配问题），提供了多种不同的解题方法和算法实现，包括BFS、动态规划（DP）、贪心算法以及Hopcroft-Karp最大匹配算法等。

具体来说：
- 博主提出了一个基于BFS和贪心的方法来解决这个问题。
- 评论区中有用户建议使用动态规划的方法，给出了递归公式和解释。
- 另外一些用户也提供了基于贪心策略的解决方案。
- 还有一些用户分享了使用Hopcroft-Karp算法实现的代码。

所有这些讨论都是针对同一个问题的不同解法，并没有出现两道不同题目内容雷同的情况。因此，根据你的要求，这里并没有找到两道不同题目出现雷同或冲突的信息。
75369,在这篇博客及其评论中，并没有明确提到两道不同的编程题目出现了雷同或冲突或撞题的信息。评论主要集中在视频内容、实现细节以及对不同问题的讨论上。评论者提到了一些与DSU（Disjoint Set Union）相关的技巧和问题，但这些讨论更多是围绕具体的技术细节和实现方法展开，而不是指出两道题目的雷同或冲突。

然而，有一些评论提到了一些具有相似性的问题，但并没有直接指出它们是雷同或冲突的题目：

1. **comment#3** 提到GCPC 2018, Problem M (Mountaineers) 和 NCPC 2014, Problem F (Particle Swapping) 这两道题目可能使用了类似的技巧。
2. **comment#4** 提到ECPC 2015, Problem C 和 SpbKOSHP 19 C 这两道题目也有类似的问题。

尽管这些评论提到了相似的问题，但并没有明确指出这两道题是雷同或冲突的题目。因此，根据你的要求，这里没有明确的证据表明两道不同的编程题目出现了雷同或冲突的信息。

如果需要进一步确认，可以仔细检查这些题目本身的描述和要求，看是否存在雷同或冲突的地方。但从当前评论的内容来看，这方面的信息并不明确。
75327,经过仔细检查，该博客及其评论区并没有出现两道不同的编程题目雷同或冲突的情况。评论区主要是用户对比赛内容和体验的反馈、对题目的讨论以及一些幽默的互动，没有发现两道题目的核心内容或逻辑上有重复或冲突的地方。

因此，可以得出结论：博客和其评论区中没有包含两道不同编程题目雷同或冲突的信息。
75320,从提供的博客内容和评论来看，并没有明确提到两道不同的编程题目的雷同、冲突或撞题的情况。博客的主要讨论点是关于Codeforces Round 598 (Div. 3)中的问题1256D - Binary String Minimizing，而评论主要集中在解决特定问题时遇到的技术细节和错误。

具体来说：
- 博主遇到了一个“wrong answer”的错误，原因在于程序没有为特定测试用例输出结果。
- 评论#0中指出博主的解决方案存在整数溢出的问题，因为`k`超过了数据类型的范围。评论者还提供了一个通过使用`long long`类型来避免溢出的解决方案。
- 评论#1中的用户表示遇到了类似的问题，并且他们的提交也遇到了同样的错误。

尽管这些评论都涉及到了同一个问题的不同方面，但并没有提及两道不同的编程题目的雷同或冲突。因此，根据提供的信息，我们无法找到两道不同题目的雷同或冲突情况。
75301,在这篇博客中，确实存在两道题目雷同的情况。根据评论区中的内容，我们可以找到以下信息：

- 在回复#2（由用户nipul15提供），指出了两个题目链接：
  - https://codeforces.com/contest/1326/problem/D2*1800
  - https://codeforces.com/problemset/problem/909/C*1800

这两个题目被指出是相同的，即具有雷同的问题设定或本质上是相同的问题。

因此，博客中的雷同问题出现在评论区的回复#2中，涉及的两个题目链接分别为：
- [CodeForces 1326D2](https://codeforces.com/contest/1326/problem/D2)
- [CodeForces 909C](https://codeforces.com/problemset/problem/909/C)

这两个题目在难度上都是1800分，且被认为是相同或非常相似的问题。
75158,在这篇博客及其评论区中，并没有明确提到两道不同的编程题目出现雷同或冲突的情况。博客主要讨论了两个相关但不完全相同的问题，即Codeforces上的问题E和问题H。博主及评论者们解释了如何使用动态规划和图论方法来解决这两个问题，同时指出了它们之间的差异和适用场景。

具体来说：

1. **问题E** 和 **问题H** 是两个不同的题目。尽管它们可能在某些方面有相似之处，但它们是本质上不同的问题。问题E可以通过图论和动态规划的方法解决，而问题H由于其输入规模的不同（如k的范围），需要采用不同的策略，比如动态规划。

2. 博主和评论者们讨论了解决问题E时可以使用的两种方法（动态规划和图论），并提到了问题H作为更难的版本。他们强调了不同方法适用于不同问题的原因，例如时间复杂度和输入规模的限制。

因此，从提供的内容来看，并没有发现两道题目雷同或冲突的信息。每个问题都有其独特的解决方案，且讨论集中在如何针对不同问题选择合适的方法。
74961,Based on the content of the blog post and the associated comments, there is no indication of two different programming questions appearing to be essentially the same or conflicting with each other. Each problem described in the blog appears to be distinct and unrelated to the others.

The blog post provides solutions and explanations for several Codeforces problems (A, B, C, D1, D2, E, F1, F2, G), and each problem is treated separately with its own set of instructions and explanations. There are no instances where two different problems are discussed as being essentially the same or conflicting with one another.

For example:
- Problem A deals with constructing numbers that are not divisible by 2 or 3.
- Problem B focuses on reconstructing an array from its maximum prefix sums.
- Problem C involves partitioning a permutation to maximize the sum of the maximum values in each partition.
- Problem D (both D1 and D2) is about finding the longest palindrome that can be formed by removing a prefix and a suffix.
- Problem E is about determining the maximum value in a sequence given certain conditions about bombs.
- Problems F1 and F2 involve complex combinatorial calculations and dynamic programming.
- Problem G deals with counting good partitions in a tree structure.

Each problem is presented with its own context, solution, and examples, indicating they are separate and distinct challenges. Therefore, there is no evidence of overlapping or conflicting problems in the provided blog post.
74871,Based on the content of the blog and comments, there is no clear indication that two different programming problems are essentially the same or have significant overlap. The discussions appear to be focused on individual problems from different days of the JOISC (Japanese Olympiad in Informatics Spring Camp) competition.

Some key points:

1. The blog post and subsequent comments discuss various problems from multiple days of the competition.
2. Each problem seems to be treated as distinct, with separate discussions and solutions provided.
3. There are no explicit mentions of two problems being fundamentally the same or having significant overlap.

Therefore, there is no evidence in the provided text of two different programming problems appearing to be essentially the same or conflicting with each other. Each problem appears to be treated as a separate challenge with its own solution and discussion.
74780,在这篇博客和评论中，并没有明确提到两道不同的编程题目出现了雷同、冲突或相似的情况。评论主要集中在对原问题的解决方案讨论以及如何优化处理方法上。

具体来说：

- 原博客中的问题是关于树结构上的查询操作，要求标记特定节点及其同色子树节点为特殊节点。
- 第一个评论者（Kallaseldor）提供了一种通过DFS遍历重新排序节点的方法来简化问题。
- 第二个评论者（Naithani）感谢了第一个评论者的建议，并分享了自己的AC（Accepted）解法链接。
- 第三个评论者（an09mous）指出该问题与Hackwithinfy竞赛中的第三个问题类似，但并没有详细说明这两道题的具体内容或指出它们之间存在雷同、冲突或相似之处。

因此，从提供的信息来看，并没有发现两道不同的编程题目出现了雷同或冲突的情况。如果需要进一步确认是否存在雷同或冲突的问题，可能需要查看Hackwithinfy竞赛中具体的第三题内容。
74713,根据你提供的博客内容和评论，没有明确提到两道不同的编程题目出现雷同、冲突或撞题的信息。博客主要描述了作者在解决一个特定问题（1324A - Yet Another Tetris Problem）时遇到的一个输入处理错误，而这个错误导致了不正确的输出。评论部分主要是对这个问题的讨论和建议。

具体来说：

1. **博客内容**：
   - 博主分享了一个关于问题 1324A 的代码实现以及该代码在处理某些测试用例时出现的问题。
   - 代码在处理输入时存在问题，导致在一些情况下输出不正确。

2. **评论内容**：
   - 评论者指出博主的程序在读取输入时存在缺陷，特别是当输出“NO”时，程序会提前结束当前测试用例的处理，导致下一个测试用例的输入被误读。
   - 还有评论者给出了具体的修改建议，即在发现不符合条件时不应立即返回，而是应该完成整个测试用例的处理。

因此，博客和评论中并没有提到两道不同题目之间的雷同、冲突或撞题的情况。更多的是关于单个问题的输入处理问题的讨论。

如果你有更多的上下文或具体的段落需要分析，请提供更详细的信息。
74687,在这篇博客中，并没有明确提到两道不同的编程题目出现雷同或冲突的情况。博客作者主要讨论的是他在UVaLive和CodeChef这两个在线判题系统上提交同一份代码时遇到的不同结果：在CodeChef上得到了正确答案（AC），而在UVaLive上却总是得到错误答案（WA）。这里讨论的核心问题是判题系统的差异，而不是两道题目本身的问题。

因此，根据给出的信息，这篇博客及其评论区并没有包含两道不同的编程题目出现雷同、冲突或撞题的信息。如果要找到雷同或相似问题，需要更具体的关于两道题目的描述或比较，而不仅仅是对不同判题系统之间结果差异的描述。
74656,在这篇博客及其评论中，确实提到了两道不同的编程题目存在雷同的情况。具体来说：

- 博客作者提到的题目是Codeforces 1312E - Array Shrinking。
- 游戏者（tourist）在评论中提到这道题与SnackDown 2017 Onsite Finals中的WEAPONS问题相似。

这两道题目的相似性在于它们都有一个\(O(n \log n)\)的解决方案，并且涉及到数组的缩减或压缩问题。以下是具体的评论位置和链接：

评论#0：
```
tourist5 years ago,
#|+213
This problem looks similar to problem WEAPONS from SnackDown 2017 Onsite Finals. Its editorial indeed proves that the number of reducible segments is \(O(n \log n)\).
```

链接：
- Codeforces 1312E - Array Shrinking: [Link](https://codeforces.com/problemset/problem/1312/E)
- SnackDown 2017 Onsite Finals WEAPONS: [Link](https://www.codechef.com/problems/WEAPONS)

总结来说，在博客评论区的#0位置，有提到这两道题目的相似性。因此，这两道题目在本质上是相似的。
74613,在这篇博客及其评论中，并没有直接提到两道不同编程题目的雷同、冲突或撞题的信息。博客内容主要介绍了CodeRed 2020编程比赛的相关信息和部分题目的描述及解决方案。评论区的讨论主要集中在对具体问题的求解方法和技术细节上，例如对某些算法复杂度的探讨、解题技巧的分享等，而并没有提到两个题目之间存在雷同或冲突的情况。

因此，根据提供的信息，无法确定这两道题目之间存在雷同或冲突的问题。如果确实需要查找类似情况，可能需要更详细地对比每一道题目的具体内容和要求，以确认是否存在雷同或冲突的问题。但从当前内容来看，没有明确指出这种情况的存在。
74598,从提供的博客内容和评论来看，似乎并没有直接提到两道不同的编程题目出现雷同、冲突或撞题的信息。但是，评论区中有一条评论暗示了这个问题的存在。

具体来说，在评论#1中，用户"VEGAnn"提到至少一半的问题来自另一篇博客（链接为https://codeforces.com/blog/entry/52492?locale=ru），并认为这种行为不妥当，即认为有人直接复制了别人已经收集好的题目。

根据这条评论，可以推测出两道题目可能存在的雷同或冲突问题如下：

- 这篇博客中的题目与另一篇博客（链接为https://codeforces.com/blog/entry/52492?locale=ru）中的题目存在重复。
- 两篇博客中的题目可能是本质上相同的题目。

具体涉及的博客链接分别为：
1. 当前博客：无明确链接，但提到了一些题目，例如293E - Close Vertices、321C - Ciel the Commander等。
2. 另一篇博客：https://codeforces.com/blog/entry/52492?locale=ru

总结来说，评论区中的信息暗示了两篇博客中的题目可能存在雷同，但没有明确指出具体的题目名称。如果需要进一步确认，可以查看这两篇博客中列出的具体题目，以确定是否存在雷同的情况。
74134,在这篇博客及其评论区中，并没有直接指出两道不同的编程题目出现雷同或冲突的信息。但是，在评论区中有一处提到两个题目可能是相同的问题：

在评论#10、#11和#12中，用户提出了一个观点，认为问题C与另一个问题相同。具体来说：

```markdown
comment#10»bora5 years ago,#|0Isn't problem C the same as this problem?→Reply
```

随后有评论确认了这一点：

```markdown
comment#11»hetp1115 years ago,#^|0Yes, It's exactly the same.→Reply
```

另一条评论提供了进一步的解释：

```markdown
comment#11»WaterColor20375 years ago,#^|0As the problem title declares (「いっしょ」 means "the same" in Japanese).→Reply
```

根据这些评论，可以推断出问题C与其他问题相同。然而，博客本身并没有提供关于这个问题的具体链接或来源。因此，我们只能从评论中得出结论，但不能明确指出这两道题目的具体来源或链接。如果需要更详细的信息，可能需要参考具体的比赛题目描述或官方提供的其他资源。
74103,在这篇博客及其评论区中，没有明确提到两道不同的编程题目出现雷同或冲突的信息。评论区主要讨论的是比赛中的具体问题、比赛过程中遇到的技术问题以及一些与比赛无关的讨论。

但是，在评论#7中，用户aryanc403提到了一个叫做"OneGCD"的问题，并且说“Same problems”（相同的问题），然后提供了一个链接到Codeforces的一篇博客文章（https://codeforces.com/blog/entry/73467）。从这个评论来看，似乎"OneGCD"问题和Codeforces博客中的某个问题存在雷同之处。

因此，可以推测出可能存在雷同或冲突的问题，但具体的细节并未详细说明。根据评论内容，我们可以认为有两个可能存在问题的地方：

1. Topcoder SRM 779中的"OneGCD"问题。
2. Codeforces博客文章中的一个问题（链接为 https://codeforces.com/blog/entry/73467）。

评论者aryanc403暗示这两个问题是相同的，但并没有提供进一步的细节来证实这一点。因此，需要进一步调查这两个链接中的具体内容以确认是否存在雷同或冲突。
74064,在这篇博客和评论中，并没有明确提到两道不同的编程题目出现了雷同或冲突或撞题的信息。博主提出了一个关于保龄球问题的动态规划解法，然后评论者“is-this-fft”重新表述了这个问题，并提出了一种动态规划的解决方案。评论者“ContestDestroyer”则提出了对顺序影响的不同理解，但并未提及另一道具体的编程题目。

因此，在这段内容中并没有发现两道不同题目之间存在雷同或冲突的情况。博主和评论者讨论的是同一个问题的不同表述和解法。如果要寻找两道题目的雷同或冲突，需要更具体地指出两道题目的来源和链接。目前提供的信息只涉及对同一问题的不同理解和表述方式。
73950,在这篇博客及其评论区中，并没有明确提到两道不同的编程题目出现了雷同、冲突或撞题的信息。评论主要集中在对比赛题目的讨论和解决方案上，而没有提及两道不同题目的内容有重复或相似的情况。

评论区提到了一些关于具体题目的讨论，例如用户讨论了某些题目的解法和实现细节，但这些讨论并未涉及不同题目之间的雷同或冲突。例如，评论区中有人讨论了D题和E题的不同解法，但并没有说这两题本身存在雷同或冲突的问题。

因此，根据提供的信息，这篇博客或其评论区没有包含两道不同的编程题目出现雷同或冲突的内容。
73629,在这篇博客文章及其评论区中，并没有明确提到两道不同的编程题目出现了雷同、冲突或撞题的信息。博主主要讨论了一道题目，即通过给定的数 `r` 来恢复有理数 `x = p/q` 中的 `p` 和 `q`。博主提到了两种方法来解决这个问题：基于欧几里得算法的方法和基于连分数的方法。

在评论区中，有用户提到了另一篇类似的文章和一个叫做 "Rational reconstruction" 的算法，但这些并未构成对原文中问题的重复。它们只是提供了相关的背景知识和其它解决问题的方法。

因此，在这个博客及其评论区中，没有发现两道不同题目雷同或冲突的信息。评论区中的链接和内容也没有提供明确的第二道题目的具体描述或链接。如果要确定是否有两道题目雷同，需要更具体的题目描述或链接作为参考。
73199,在这篇博客及其评论区中，确实存在两道不同的编程题目出现雷同的情况。具体来说，博客作者提到的问题和评论区中的一个问题在本质上是相同的。

### 博客中的问题：
- **题目来源**：Codeforces Round 848 (Div. 2) Problem D.
- **题目描述**：求解期望值的问题，通过动态规划解决。具体来说，给定一系列镜子（编号为1到n），每个镜子有相应的概率Pi，表示该镜子被选中的概率。如果当前镜子被选中，则我们转移到下一个镜子；否则，我们会重新开始，从第一个镜子开始。问题要求计算从第一个镜子开始到结束的期望天数。

### 评论区中的问题：
- **题目来源**：同样是Codeforces Round 848 (Div. 2) Problem D。
- **题目描述**：评论者给出了一个类似的描述和解决方案。这个描述与博客中的问题几乎相同，只是变量名称略有不同。评论者解释了如何使用前缀和来计算期望值。

### 雷同之处：
- **核心问题**：两道题目都是关于期望值的计算问题，涉及动态规划的思想。
- **解决方案**：两者的解决方案非常相似，都涉及到前缀和的概念以及递推公式。

### 具体位置：
- **博客内容**：博客中没有直接提到具体的题目链接，但提到了题目编号（Codeforces Round 848 (Div. 2) Problem D）。
- **评论区**：评论区中明确提到了题目链接，即Codeforces Round 848 (Div. 2) Problem D。

### 结论：
这两道题目在本质上是相同的，都是关于期望值的计算问题，因此可以认为它们出现了雷同。具体来说，博客中的问题和评论区中的问题描述及解决方案高度相似。
73061,After carefully analyzing the provided blog content, there is no evidence of two different programming questions being essentially the same or having significant overlap (i.e., coincidence, conflict, or similarity). The blog primarily consists of:

1. Announcements and discussions about an Educational Codeforces Round.
2. Problem-solving discussions and explanations for various problems from the contest.
3. Comments about the contest results, ratings, and other logistical matters.

While there are detailed discussions about specific problems (like Problem C, Problem D, etc.), none of the comments indicate that two separate problems are fundamentally the same or conflicting.

Therefore, based on the information provided, there are no indications of two different programming questions appearing to be essentially the same or conflicting. Each problem stands independently, and the blog mainly serves as a discussion forum for the participants.
72989,从你提供的博客内容来看，并没有直接提到两道不同的编程题目出现雷同、冲突或撞题的信息。博客内容主要集中在某个用户收到的警告消息上，说明他们的解题方案与他人有显著的雷同，可能违反了竞赛规则。博客中也没有提供具体的题目链接或详细描述题目内容。

博客中的讨论主要围绕着一个具体事件，即用户收到了关于其提交的解决方案与他人的解决方案有显著雷同的通知，并且没有涉及到两道不同的题目之间的雷同问题。

因此，根据所提供的信息，无法确定博客或评论区中存在两道不同的编程题目雷同、冲突或撞题的情况。如果要做出判断，需要更详细的信息来支持这一结论。如果有更多的具体内容或链接可以提供，可能会有助于进一步分析。
72978,从提供的博客内容来看，评论区中确实提到了两道题目的相似性问题。

具体来说，评论#1提到的 "Doofish Matrix" 题目与 CodeChef 网站上的 "DFMTRX" 题目看起来非常相似。评论者怀疑这可能是一个“notorious coincidence”（臭名昭著的巧合），但实际上更可能是撞题了。

因此，这里有两个涉及相同或相似问题的编程题目的信息：
1. Doofish Matrix - 来自 CodeChef 的实时竞赛题目。
2. DFMTRX - CodeChef 上的具体题目，链接为 https://www.codechef.com/JAN20A/problems/DFMTRX。

这两个题目在本质上看起来是相同的，因为评论者明确指出了它们之间的相似性。
72950,经过仔细检查，这篇博客和评论区的内容并没有出现两道不同编程题目雷同或冲突的情况。每篇博客内容都专注于对特定问题的解释、代码实现以及一些讨论，而评论区主要集中在对题目的理解、解题方法的探讨以及一些具体实现的问题上。

评论区中提到的一些问题，如复杂度分析、某些算法的具体实现细节等，都是针对单个题目的讨论，而不是将两道不同的题目进行比较。因此，没有发现两道不同题目有雷同或冲突的信息。

总结来说，这篇博客及其评论区没有包含两道不同编程题目雷同或冲突的信息。
72781,在这篇博客及其评论区中，并没有发现两道不同的编程题目出现雷同、冲突或撞题的信息。评论区主要讨论的是如何改进和增加该网页应用的功能，例如增加分类显示、增加每页显示的问题数量等建议。唯一的相关之处在于评论#14提到某些题目在Div 1和Div 2比赛中是相同的（如373C和372A），但这是关于同一个问题出现在不同比赛中的情况，而不是两个不同的题目有相似或相同的内容。

所以总结来说，这篇博客及评论区并没有包含两道不同的编程题目出现雷同、冲突或撞题的信息。
72611,经过仔细阅读提供的博客内容和相关评论，没有发现两道不同的编程题目出现了雷同、冲突或撞题的信息。每道题目的描述和解决方案都是独立的，没有明显的重复或相似之处。

具体来说：
- 博客中讨论了多个不同问题（例如1270A到1270H），每个问题都有独立的背景和解决方法。
- 评论区主要集中在对某些特定问题的解法讨论以及一些具体的实现细节，没有提到两道题目之间有雷同或冲突的情况。

因此，根据提供的信息，可以确定这些题目之间不存在雷同或冲突的问题。
72494,经过仔细检查，这篇博客及其评论区并没有显示出两道不同的编程题目出现雷同、冲突或撞题的信息。博客主要是关于一个具体的Codeforces比赛，包括比赛的介绍、问题的讨论以及对问题的求解方法的探讨。

评论区中虽然有一些关于不同问题的讨论和疑问，但这些讨论和疑问都集中在各自的题目上，并没有显示出两道不同的题目在本质上是相同的或相似的情况。

例如：
- 评论#38提到E题似乎与另一道题（553B - Kyoya and Permutation）有相似之处，但BledDest解释说E题是在误解了那道题的陈述后设计出来的，因此这两题并不是本质相同的。
- 其他评论大多是对具体问题的求解方法、实现细节等进行讨论，并没有显示出两道题目在核心思想上有重合的地方。

综上所述，根据提供的内容，这篇博客及其评论区并未包含两道不同的编程题目出现雷同或冲突的信息。
72420,在这篇博客中，确实提到了两道题目的雷同情况。具体来说，在评论区的#0»arknave5 的评论中提到：

> Problem is the same as 190E - Counter Attack and 920E - Connected Components?, if you want to look at more solutions. I have to imagine most people used a BFS to solve it than DSU.

评论者指出问题1242B与190E和920E这两道题是本质上相同的。这三道题目虽然可能有不同的描述或背景，但解决的核心问题是一致的。

涉及的题目及其链接如下：
1. 题目1242B - 0-1 MST：[Codeforces链接](https://codeforces.com/contest/1242/problem/B)
2. 题目190E - Counter Attack：[Codeforces链接](https://codeforces.com/contest/190/problem/E)
3. 题目920E - Connected Components：[Codeforces链接](https://codeforces.com/contest/920/problem/E)

从评论者的描述来看，这三道题目的核心问题相同，都是关于图的连通分量的计算。因此，可以认为这是两道不同题目之间存在雷同的情况。
72378,从你提供的博客内容来看，并没有直接提到具体的编程题目或与编程题目相关的具体内容。博客中主要讨论的是比赛剩余时间显示的问题，以及注册前后时间显示不一致的情况。此外，还提到了一个关于旧的开始时间与CodeChef Cook-Off冲突的更新。

根据你的要求，我们需要找出两道不同的编程题目是否存在雷同、冲突或撞题的信息。但是，所提供的博客内容并没有提及任何具体的编程题目或其相关内容，因此无法确定是否存在两道不同编程题目的雷同、冲突或撞题情况。

如果博客内容有所更新或包含更多关于编程题目的讨论，请提供更详细的内容以便进一步分析。目前，根据提供的信息，无法确认存在你所描述的情况。
72354,在这篇博客及其评论区的内容中，并没有明确提到两道不同的编程题目出现雷同或冲突的信息。但是，在评论区的某个地方提到了一个潜在的题目相似性问题。

具体来说，在评论#3中，square1001提到Topcoder SRM 773的Div1 500题目与AtCoder日本学生锦标赛资格赛的问题D（Classified）有相似之处。square1001认为虽然题目相似，但由于未指定“最小化”航空公司数量，使得解题思路有所不同。

相关评论如下：
```
comment#3»square10015 years ago,#|←Rev.2→-20Div1 500 was the unlucky problem publishment formisof. The very similar problem has appeared onAtCoder Japanese Student Championship Qual Problem D — Classified. Just this timesheyasutakawas few months earlier.
```

因此，可以认为这两道题目存在雷同的情况，但并没有直接的冲突或撞题，只是题目较为相似。具体涉及的题目为：

1. Topcoder SRM 773的Div1 500题目
2. AtCoder日本学生锦标赛资格赛的问题D（Classified）

这两道题目的链接没有直接提供，但可以通过Topcoder和AtCoder的官方网站找到对应的比赛和题目详情。
72132,经过仔细检查提供的博客内容和评论，我没有发现两道不同的编程题目出现雷同、冲突或撞题的信息。每篇博客都描述了一个独立的问题，并且每个问题都有详细的解决方案。评论部分虽然包含了一些对解题思路的讨论和一些替代解法的建议，但这些讨论并未涉及两个不同题目本质上相同或相似的情况。

因此，可以得出结论，这篇博客及其评论区没有包含两道不同编程题目出现雷同或冲突的信息。
72066,在这篇博客及其评论区中，并没有明确提到两道不同的编程题目的雷同、冲突或撞题信息。博客主要讨论了同一个问题的不同解法——一种使用栈的解法和一种动态规划的解法，并且它们解决的是同一个问题：在一个数组中找到每个位置左边比当前值大的最大索引。

但是，在评论区中，有用户提到了其他的问题，比如“Task Postering (pla)”和“Task Little Bird (pta)”，并指出这些题目与博客中的问题有相似之处，但并没有具体说明它们之间的雷同、冲突或撞题。评论区中提到的相似性更多的是基于问题的核心思想，而不是说它们是相同的题目。

因此，根据提供的信息，我们不能确定这两道题目（来自“Task Postering (pla)”和“Task Little Bird (pta)”）之间存在雷同或冲突。如果要确认这一点，需要查看这两个任务的具体描述和要求。根据博客内容和评论区信息，这里并没有明确指出两道不同的编程题目出现雷同或冲突的情况。
71916,经过仔细检查提供的博客内容，没有发现两道不同编程题目出现雷同或冲突的信息。博客主要是关于Codeforces Round #604的赛前介绍、赛后讨论以及参赛者对各个题目的具体解法和一些反馈。

博客中确实有一些关于题目难度、实现方法、解题思路等方面的讨论，但并没有提到任何两道题目在本质上是相同的或存在冲突的情况。

因此，根据提供的信息，可以得出结论：在这篇博客或其评论区中，没有发现两道不同的编程题目出现了雷同或冲突的信息。
71594,根据提供的博客内容，没有发现两道不同编程题目出现雷同、冲突或撞题的信息。每篇博客都详细描述了各自题目的解法和思路，且每道题目的背景和要求都有所不同。例如：

- 1255A - Changing Volume 和 1255B - Fridge Lockers 是完全不同的问题，一个是关于音量增减优化的问题，另一个是关于冰箱链锁定的问题。
- 1254A - Feeding Chicken 和 1254B1 - Send Boxes to Alice (Easy Version) 虽然都涉及到了数组和优化分配的问题，但具体的要求和解决方法完全不同。

因此，在这篇博客中，没有发现两道题目本质相同或相似的情况。
71534,经过仔细检查，该博客及其评论区没有出现两道不同的编程题目雷同或冲突的情况。评论主要集中在比赛过程中遇到的问题、对题目的讨论以及对比赛结果的反馈等方面。尽管有一些评论提到了某些题目可能存在实现上的复杂性或需要特定技巧，但并没有明确指出有两道题目本质上是相同的或存在雷同问题的情况。

例如，评论中提到的一些问题包括：
- 某些题目的测试用例较弱。
- 某些题目的时间限制较紧。
- 某些题目的输入条件发生变化（如Div2 B题的约束变化）。
- 题目难度和实现复杂度的讨论。

然而，这些评论都没有明确表示两道题目是本质相同或存在雷同的情况。因此，根据你提供的内容，可以得出结论：博客中的内容和评论没有涉及两道不同题目雷同或冲突的信息。
71494,在这篇博客和评论中，确实存在两道题目出现雷同的情况。具体来说，评论#2指出问题1与另一个问题相似（“Problem 1 is similar to this problem.”），尽管没有提供具体的链接。评论#3进一步解释了问题1可以使用对偶性进行处理，并且指出了这与问题1本质上是相同的。

具体分析如下：

- **问题1**：给定n个垂直线段，找到一条任意斜率的直线，使其穿过所有的线段。
- **问题2**：给定n条非平行线，找到这些线在y轴右侧的交点数量，并优化时间复杂度。

根据评论#3，问题1可以通过对偶性转换为一个半平面交的问题。评论提到，可以通过将线段转换为对应的半平面来解决这个问题。这实际上与问题1本质上是相同的，因为它们都涉及到寻找穿过所有线段的直线。

评论#3还提供了相关资源的链接：
- [半平面交问题](https://codeforces.com/topic/62055/en1)

因此，这两道题目在本质上是相同的，都涉及到寻找穿过所有线段的直线，只是采用了不同的表述方式。

总结：
- 出现雷同的两道题目分别是博客中的问题1和通过评论#3所提及的半平面交问题。
- 雷同出现在博客中的问题1和评论#3所描述的方法之间。
71482,根据提供的博客内容和评论区信息，没有发现两道不同编程题目出现雷同或冲突的情况。每篇博客文章讨论的是单一的问题及其解决方案，而评论区的讨论主要集中在对这些解决方案的不同解释、实现细节以及一些技巧上，而不是不同的题目之间的雷同或冲突。

以下是具体分析：

1. **博客内容**：
    - 博客详细描述了六个不同问题（A-F）的解决方法。
    - 每个问题都有其特定的背景、算法和代码示例。

2. **评论区**：
    - 评论区主要集中在对某些问题的具体实现细节的讨论，如问题C中的O(N²)解法的不同解释，问题F中动态规划状态的转换等。
    - 这些评论并没有提到两道题目本质上是相同的或存在冲突。

因此，在提供的博客和评论区中，并没有找到两道不同编程题目出现雷同或冲突的信息。
71311,根据提供的博客内容，我没有找到明确的证据表明其中涉及两道不同的编程题目出现雷同、冲突或相似的情况。博客中讨论的问题主要集中在一道题目上：给定一个等边三角形的边长和三个半径，计算三角形未被三个扇形覆盖的部分的面积。该博客作者分享了他的解题思路和遇到的问题，并且评论区也围绕这一问题展开讨论。

博客中的评论主要是针对同一道题目的具体实现细节和测试用例反馈，并没有提到另一道题目或者与之相似的问题。因此，从提供的信息来看，没有发现两道不同的编程题目存在雷同或冲突的情况。
71262,在这篇博客及其评论区中，并没有明确出现两道不同的编程题目出现雷同、冲突或撞题的信息。博客主要介绍了“NIKKEI Programming Contest 2019-2”的相关细节和参赛者对各个问题的讨论。评论区的内容主要是参与者们对于具体题目的解法进行交流和探讨。

然而，有一个评论提到了一些相似性的问题，但并没有明确指出两道题是本质相同或相似的：

评论#11（由用户jzdhb发布）提到：
```
Similar problems:
D and BZOJ 3073(pay to access) both segment tree optimizing vertexes connecting
```

该评论只是指出了两个问题（题目D和BZOJ 3073）都使用了段树（segment tree）来优化顶点连接，但这并不意味着它们是本质相同的题目。它们只是在解题方法上有所重叠，即都使用了段树这一数据结构。

总结：在这篇博客及评论区中，并没有明确出现两道不同的编程题目出现雷同、冲突或撞题的信息。评论#11仅指出了解题方法上的相似性，但并未说明两道题本身是本质相同的。
71216,经过仔细检查这篇博客及其评论区，没有发现两道不同的编程题目出现雷同或冲突的情况。每篇博客内容都专注于单独的题目，并且评论区主要讨论的是各个题目的解法、复杂度分析以及实现细节等问题，而不是指出两道不同题目的本质相同或相似之处。

因此，根据你的要求，这里没有指出任何博客或其评论区包含两道不同题目雷同或冲突的信息。
71170,在这篇博客及其评论中，确实提到了一些编程题目之间的雷同或相似性。具体如下：

### 雷同或相似题目：
1. **Div2 D / Div1 B** 与 **920E**
   - 评论#25 中提到：“Div2 D Spoiler” 并且评论#26 中提到“Div2 D 的代码几乎与问题 920E 相同，尽管它们要求的东西不同。我在练习时刚刚做过 920E，所以认出了它并复制粘贴了我的代码。”

2. **Div1 B** 与 **190E 和 920E**
   - 评论#61 中提到：“Div1 B 可以几乎直接使用 Borůvka 算法解决，但在比赛中我发现使用 Borůvka 算法的混合版本更方便。”
   - 评论#62 中提到：“Div1 B 与 190E 和 920E 很相似，至少代码是相同的。”

3. **Div1 D** 与 2015 年 Putnam 竞赛中的一个题目
   - 评论#65 中提到：“问题 Div1 D 与 2015 年 Putnam 竞赛中的一个问题非常相似，可以在以下链接中看到：https://artofproblemsolving.com/community/c7h1171035p5624365”

### 博客内容相关部分：
博客本身并没有直接提及题目之间的雷同或相似性，这些信息主要出现在评论区。特别是评论#25、#26、#61、#62 和 #65 提到的相似性。

### 总结：
博客评论区中明确指出了几个题目之间的相似性和雷同情况，尤其是 Div2 D 与 920E、Div1 B 与 190E 和 920E、以及 Div1 D 与 2015 年 Putnam 竞赛中的一个问题。这些相似性或雷同性表明，某些题目在不同竞赛中重复出现。
71003,在这篇博客及其评论区中，主要讨论的是CodeChef的November Long Challenge 2019中的题目和解决方案。评论区提到了一些具体问题和讨论点，但并没有明确指出两道不同题目之间存在雷同、冲突或相似的情况。

唯一提到的一道题目被移除是因为与过去比赛中的题目相似，即**SIMGAM**。该题目被从正式比赛中移除并添加到练习部分，但这并不意味着它与其他题目存在雷同或冲突，只是因为它与之前的一个题目相似。

因此，在这篇博客及其评论区中，并没有发现两道不同的编程题目出现雷同或冲突的信息。如果有任何具体的题目对比需求，请提供更详细的信息或链接以便进一步分析。
70944,在这篇博客及其评论中，确实提到了两道题目之间存在相似性的问题。具体来说，在评论区中，用户Xellos指出了该问题与另一道题目1237G - Balanced Distribution的相似之处。以下是相关讨论的内容：

评论#3:
```
Xellos5 years ago,#|0Sounds very similar to1237G - Balanced DistributionwithK=2.→Reply
```

这里的Xellos提到这个博客中的问题和题目1237G - Balanced Distribution非常相似（其中K=2）。这两道题目的核心问题是关于如何将一个数组转换为另一个数组，同时最小化某些成本（在这个情况下是距离）。

总结：
- 博客中的问题：给定两个整数数组A和B，通过特定操作（从一个元素减去1并加到相邻元素上）将数组A转换为数组B，并最小化总成本。
- 另一题目：1237G - Balanced Distribution（K=2的情况），虽然没有直接提供链接，但可以推测这是一道在线评测系统上的题目。

因此，这两个题目被指出是本质上相似的，都涉及到如何最小化转换成本的问题。
70802,经过仔细检查提供的博客内容和评论区，没有发现两道不同编程题目的雷同、冲突或撞题的信息。评论区主要讨论了各个问题的解题思路、遇到的问题以及一些技术细节，但并没有提到任何两道题是本质相同或相似的情况。

评论中确实有一些关于具体题目的讨论和疑问，例如如何解决特定问题（如B、C、D等），但这些讨论都是针对单个问题的不同方面，并未提及两道题之间的雷同或相似性。

如果需要进一步确认其他方面或有更具体的线索，可以提供更多的上下文信息或直接指出可能存在的问题区域。但从目前的内容来看，评论区并没有包含两道不同题目的雷同或冲突信息。
70754,从提供的博客内容来看，没有直接提到两道不同的编程题目出现了雷同、冲突或相似的情况。但是，在评论区中提到了一些相关的信息：

- 在评论#2中，用户"Bakry"提到这个反转子序列的问题与“Subsequence Reversal”问题相同。
- 在评论#5和评论#6中，用户"shan61916"和"Charlizard"分别提到了一个类似的USACO问题。

具体来说，博客中的问题是一个给定数组允许反转一次子序列，求最大非递减子序列长度的问题。评论区提到的“Subsequence Reversal”问题似乎也是关于反转子序列的，但没有明确说明这两个问题是完全相同的。

因此，可以认为在评论区中存在对两道题目可能相似的讨论，但没有明确指出这两道题是本质相同的。如果需要更准确的信息，可能需要查看“Subsequence Reversal”问题的具体描述和要求。

总结：
- 博客本身没有提到两道题目的雷同或冲突。
- 评论区中有提到类似的问题“Subsequence Reversal”，但未明确说明其与博客中的问题是完全相同的。

涉及的评论位置如下：
- 评论#2: Bakry
- 评论#5 和 评论#6: shan61916 和 Charlizard

涉及的问题来源：
- 博客中的问题
- “Subsequence Reversal”问题（链接参见评论#6中的链接）。
70744,经过仔细阅读提供的博客文章和评论区内容，我没有发现两道不同的编程题目出现雷同、冲突或撞题的信息。每条题目都独立存在，并且没有明确提到两道题目的内容或要求非常相似或相同的情况。

博客主要介绍了Codeforces Round 595 (Div. 3) 的相关信息，包括比赛的时间、规则、准备情况等。评论区则主要是参赛者对比赛的反馈、对某些问题的解决方案讨论以及一些技术性问题的交流。

如果有任何特定的题目被提及为与另一题目雷同或相似，请提供具体的评论或内容片段，这样我可以更准确地进行分析。但从整体内容来看，并没有明显的雷同或冲突的迹象。
70709,在这篇博客中，作者讨论了一个来自UKIEPC 2019竞赛的问题，并将其与一个图论问题进行了等价转换。评论区中的#0条评论提到了一个相似的问题，并给出了相关链接。

评论区中的信息表明，该博客所提到的问题（来自UKIEPC 2019）与另外两个竞赛中的问题有相似之处：

- 一个是来自COCI（Croatian Open Competition in Informatics）的问题；
- 另一个是来自SWERC（Southwestern Europe Regional Contest）14年的D题。

具体来说，评论区提到：“Similar problem. This one and this one from COCI. The problem from the post appeared before in SWERC14 as problem D.”

因此，可以得出结论，这篇博客所讨论的问题与来自COCI和SWERC14的某些问题存在相似性。这里有两个相关的题目：

1. 来自UKIEPC 2019的题目（博客中讨论的问题）。
2. 来自SWERC14的D题。

这两道题目的核心都是关于匹配问题（matching problem），因此它们具有相似性或说是“雷同”的部分。虽然它们不是完全相同的问题，但它们在结构和解决方法上具有相似性。
70690,根据提供的博客内容和评论，没有发现两道不同的编程题目出现雷同、冲突或撞题的信息。博客主要是关于Topcoder SRM 769比赛的通知及一些讨论，并没有明确提到具体的编程题目及其内容。评论区主要围绕比赛中的问题和挑战策略展开讨论，也没有提及具体两道题目之间的雷同或冲突。

唯一可能涉及不同题目比较的是评论#3中的一条回复提到“500 — notorious coincidence”，但这里并没有给出足够的信息来说明这是两道题目的雷同或冲突。此外，评论中附带的链接指向的是UVa Online Judge上的一个题目和一篇博客文章，以及一个Codeforces Gym中的题目链接，但这些链接没有被详细讨论，因此无法确定它们之间是否存在雷同或冲突。

综上所述，根据提供的信息，没有找到两道不同的编程题目出现雷同或冲突的内容。
70610,经过仔细阅读提供的博客内容及其评论，没有发现两道不同编程题目出现雷同、冲突或撞题的信息。博客主要讨论的是一个编程竞赛中的问题和解决方案，以及参赛者的反馈和解题思路。

评论区中提到了各个题目的解题方法和一些具体的测试用例，但并没有明确指出两道题目的本质相同或相似。例如，对于问题B和问题D，评论区讨论了它们各自的解法，但没有提到这两道题存在雷同或相似的问题。

因此，根据提供的信息，没有找到两道不同题目雷同或冲突的情况。
70573,根据提供的博客内容和评论，确实存在两道编程题目的雷同情况。具体来说：

在博客中提到的问题是关于计算一个图中从顶点1到顶点N的最小加权路径，这里的权重定义为所有边权重的异或值（exclusive bitwise XOR）。这个特定问题在评论中被指出与另一道题非常相似。

评论#2中提到：“This is exactly the same problem in a past edu round:845G - Кратчайший путь?” 这句话表明，博客中的问题与Educational Codeforces Round 85中的题目845G - Кратчайший путь（Shortest Path）本质上是相同的。

因此，博客中的问题和题目845G - Кратчайший путь（Shortest Path）是本质相同的。

博客内容：
- 博客中提出的问题链接未直接给出，但描述了如何找到一个图中从顶点1到顶点N的最小异或加权路径。

另一个题目：
- 题目链接：[845G - Кратчайший путь](https://codeforces.com/contest/845/problem/G)

这两个问题是相同的，因为它们都要求解决一个图上的最短路径问题，其中路径的“长度”定义为路径上所有边权重的异或值。因此，这两个问题可以被认为是雷同的。
70564,从你提供的博客内容来看，并没有明确提到两道不同的编程题目出现了雷同、冲突或撞题的信息。相反，评论区讨论的是“Smaller to larger”技术（也被称为dsu on tree技术），以及如何理解和应用这种技术。

唯一提到相似概念的地方是在评论#4中，用户qmk提出了一个问题：“你认为dsu on tree和Smaller to larger不是同一个东西吗？” 这里的讨论并不是说两道题目雷同或冲突，而是在讨论这两种技术是不是本质上相同的技术，只是叫法不同。

因此，根据你的要求，这段博客和其评论区并没有包含两道不同的编程题目出现雷同或冲突的信息。评论区主要围绕着对“Smaller to larger”技术的理解和应用展开讨论。
70547,经过仔细阅读提供的博客内容和评论，我没有发现两道不同的编程题目出现了雷同、冲突或撞题的信息。博客主要讨论的是Codeforces Global Round 5的比赛情况、难度以及一些选手的表现和感受等。虽然评论中提到了很多具体的解题方法和思路，但这些都集中在单个问题上，并没有出现两道题目本质相同或相似的情况。

如果需要进一步确认特定的问题是否雷同或相似，可以提供具体的问题名称或链接，以便进行更详细的分析。目前，从提供的内容来看，并没有提到两个题目之间存在雷同或冲突的情况。
70516,经过仔细检查这篇博客内容及评论，没有发现两道不同编程题目出现雷同、冲突或撞题的信息。这些评论主要是针对各个题目本身的解法和实现细节进行讨论，而没有提到两道题目本质上相同或相似的情况。

如果要具体说明，可以总结如下：

- 博客中提到的问题包括A、B、C、D、E、F和G。
- 各个问题的讨论集中在各自的解决方法上，例如使用贪心算法、扩展欧几里得算法等。
- 没有评论提到某个问题与另一个问题有重复或冲突的内容。

因此，根据提供的信息，这篇博客或其评论区并没有包含两道不同的编程题目出现雷同或冲突的信息。
70503,在这篇博客及其评论区中，并没有明确提到两道不同的编程题目出现雷同或冲突的信息。评论区主要讨论的是同一个问题的不同解决方案以及其难度级别。

评论区中的一个关键点是用户`ppavic`提到了一个类似的题目在Codeforces上的存在，但并没有直接说这两道题是完全相同或雷同的题目。相反，`ppavic`指出的是这两个问题是相似的，但难度不同（Codeforces上的题目难度较高）。此外，评论区的其他用户也对这个问题进行了讨论，但并没有明确指出两道题目的雷同或冲突。

因此，根据提供的内容，这里并没有发现两道不同的编程题目出现了雷同或冲突的信息。
70358,经过仔细阅读提供的博客内容和评论，我没有发现两道不同的编程题目出现雷同、冲突或撞题的信息。每个题目都有其独特的背景描述、解决方案以及讨论区域，没有明显的迹象表明它们本质上是相同的题目。

以下是简要说明：
- **1223A** 和 **1223B** 到 **1223G** 每个题目都有各自的问题描述和解决方法，彼此之间没有重复或相似的核心问题。
- 在评论部分，虽然有一些关于解题方法的讨论和解释，但这些讨论主要是针对单个题目的具体实现细节，并未涉及两个不同题目的本质相同或相似的情况。

如果需要进一步检查某些特定部分，请提供更具体的上下文或关注点，我可以再次进行详细检查。
70279,从提供的博客内容来看，这段文字并没有明确提到两道不同的编程题目出现了雷同、冲突或撞题的信息。博客作者主要描述了自己在解决“WARRIORS”问题时遇到的问题，并提到了自己的解决方案与另一位参与者的解决方案非常相似。但并没有提到另一道具体的编程题目的存在，也没有提及这两道题目之间有任何雷同或冲突。

博客中提到的评论也只是讨论了一个具体的实现细节（即`i >= 64`的情况），而不是讨论两道题目的相似性或雷同性。

因此，在这段博客和评论中没有发现两道不同的编程题目出现雷同或冲突的信息。如果需要进一步分析，可能需要更多的上下文信息。
70251,在这篇博客及其评论区的内容中，确实提到了两道题目有雷同的问题。具体来说，在评论区中，用户`roll_no_1`指出了一道名为“Finite or Infinite”的题目与另一道题目（原文未给出具体名称，但提到的是关于“number of chocolates”问题）存在雷同。根据评论内容，这两道题目的主要区别仅在于表述中的名词替换，而题目的实质内容和解题方法是相同的。

相关评论如下：
```
comment#2»roll_no_15 years ago,#|←Rev.4→+19WTF is this man? You copied the number of chocolates problem from some hair problem and just changed the no. of hair to no. of chocolates. You didn't even bother changing the explanation of the sample from the no. of hair to the no. of chocolates. Even the copied problem statement is wrong since Alice is losing chocolates not Bob.
P.S.: I even have a link to the hair problem that I'm talking of.
EDIT: Now, they've changed the explanation.
```

从这段评论可以看出，“Finite or Infinite”问题和另一个关于“chocolates”问题之间存在雷同。虽然官方尝试通过修改表述来掩盖这种雷同，但用户仍然发现了其中的相似之处。

因此，可以认为在这篇博客的评论区中存在两道题目雷同的情况。具体的题目来源是HackerEarth的October Easy'19竞赛中的两道题目。不过，由于原文并未提供第二个题目的明确链接，我们只能确定其中一道题目的来源为HackerEarth竞赛页面。
