70018,After carefully reviewing the provided blog and comments, there does not appear to be any explicit mention of two different programming problems that are essentially the same or have significant overlap beyond the general concept of dynamic programming (DP). Each problem described in the blog focuses on a specific type of DP problem, such as coin combinations, grid paths, book shop, and others.

However, there are two problems that share a similar structure and might be considered similar in terms of their DP formulation:

1. **Coin Combinations I (1635)**
2. **Coin Combinations II (1636)**

### Similarities Between Coin Combinations I and II

Both problems deal with finding the number of ways to achieve a certain sum using a given set of coins. However, they differ in the following key aspects:

- **Coin Combinations I (1635)**:
  - **Objective**: Find the number of ways to make a sum `x` using the given set of coins.
  - **Approach**: Uses a 1-dimensional DP array where `dp[i]` represents the number of ways to make sum `i`.
  
- **Coin Combinations II (1636)**:
  - **Objective**: Find the number of ways to make a sum `x` using the first `i` coins, allowing reuse of coins.
  - **Approach**: Uses a 2-dimensional DP array where `dp[i][x]` represents the number of ways to make sum `x` using the first `i` coins.

### Differences and Overlap

- **Dimensionality**: Coin Combinations I uses a 1D array, while Coin Combinations II uses a 2D array.
- **Problem Constraints**: Coin Combinations II allows reusing coins, which adds complexity and necessitates a 2D DP array.
- **Solution Complexity**: Both problems have similar time complexities, but the implementation details differ due to the additional dimension in Coin Combinations II.

### Conclusion

While the problems are similar in that they both involve counting the number of ways to achieve a sum using coins, they are distinct problems with different requirements and constraints. The primary difference lies in whether the coins can be reused (Coin Combinations II) or not (Coin Combinations I).

Thus, based on the provided blog content, there is no clear indication of two different problems being essentially the same or conflicting. The problems are presented as distinct challenges with their own unique formulations and solutions.
69776,在这篇博客及其评论中，没有直接提到两道不同编程题目的雷同、冲突或撞题的情况。评论主要集中在对比赛的具体问题、解法和一些技术细节的讨论上。

不过，在评论区有一个值得注意的地方：

评论#1 和评论#3 提到了这次 Codeforces 比赛与 AtCoder 比赛时间上的重叠。评论#01 中提到：

```
comment#1»Tsugiru5 years ago,
#|+20Overlaps with atcoder bc141 D:
```

```
comment#3»shan61916
#|+3isn't that a clash withAtCoder Beginner Contest 141?
```

这里提到的是时间上的重叠，而不是题目内容上的雷同。他们指的是两场比赛的时间安排有冲突，而不是说题目本身存在雷同或冲突。

另外，在评论#47中，BledDest提到：

```
comment#47»BledDest5 years ago,
#|+15The full Qualification Stage has been added to the Codeforces Gyms.
Note that the problem "The Number of Products" is different from the one used in the round.
```

这里BledDest提到的是资格赛中的某个问题与正式比赛中问题不同，但同样没有涉及两道不同题目的雷同或冲突。

综上所述，这篇博客和评论区并没有明确指出两道不同编程题目的雷同或冲突信息。
69713,根据你提供的博客内容和评论，没有明确的证据表明博客中讨论了两道不同的编程题目出现了雷同、冲突或撞题的信息。具体来说：

- 博客主要讨论的是 AtCoder Grand Contest 032 中的一个问题（实际链接指向的是 AGC031 的题目，但问题描述与 AGC032 B 题目类似）。博客作者提供了一种替代解法，并详细解释了解题思路和时间复杂度。
  
- 在评论部分，用户 nikhil1_raghav 提到了博客标题的问题，他认为博客标题应该改为“AGC032B REVERSI”，因为他在寻找“Balanced Neighbors”的解决方案时找到了这篇博客。这其实是一个关于标题误导性的问题，而不是两道题目本身存在雷同或冲突。

总结来说，博客内容本身并没有涉及到两道不同题目出现雷同或冲突的情况。唯一提到相关性的评论也只是对博客标题提出了意见，认为标题误导了读者，但这并不意味着题目之间存在雷同或冲突。因此，按照你的要求，这里没有发现两道不同的编程题目出现了雷同或冲突的信息。
69644,从提供的博客内容来看，这段博客主要是讨论如何高效地找到一个数组中所有子数组的GCD（最大公约数）为特定值x的子数组。评论区中的内容并没有提到具体的两道题目，也没有直接提及任何其他题目的链接或来源。因此，根据给出的信息，我们无法判断是否存在两道不同的编程题目出现了雷同、冲突或撞题的情况。

如果要更准确地回答这个问题，我们需要更多关于博客全文及评论区的具体内容，特别是是否有提到其他题目的链接或描述。如果有其他具体的评论或段落提到其他题目，并且这些题目与当前讨论的问题相似或相同，则可以进一步分析是否存在雷同、冲突或撞题的情况。
69624,在这篇博客和评论中，确实提到了两道相似但本质上不同的编程题目，其中涉及到了一个潜在的“雷同”或“冲突”的情况。

### 潜在冲突点：
- **博客作者的问题**：博客中的问题描述为一组数字（权重），需要将这些数字分成两组，使得两组的重量差最小。
- **Two Sets问题**：评论中提到的另一个问题是CSES平台上的"Two Sets"问题（链接：https://cses.fi/problemset/task/1092/），该问题要求将一组数字（通常是连续的整数1到n）分成两组，使得两组的总和相等。

### 分析：
1. **博客问题**：博主尝试通过将最大的元素放入一组，然后依次将其他元素添加到另一组，直到另一组的总和大于当前组，然后再切换回第一组，以此类推。这种贪心算法试图最小化两组之间的重量差。
   
2. **Two Sets问题**：这个任务是将一组连续的整数分成两组，使两组的总和相等。这个问题可以通过数学证明来解决，因为连续整数的总和是确定的，可以设计出一种线性时间复杂度的算法来找到解。

### 冲突点：
- **相同之处**：两道题目的输入都是一个数组，需要将数组分成两部分。
- **不同之处**：博客中的问题关注的是最小化两组之间的重量差，而Two Sets问题则是要使两组的总和相等。虽然两种方法都涉及到将数组分成两部分，但目标不同。

### 关键评论：
- **doesntexist**（评论#0）：提到Two Sets问题和博主讨论的问题相似，但目标不同。
- **fishy15**（评论#0）：解释了为什么博主的方法适用于Two Sets问题，因为Two Sets问题的输入是连续的整数，而博主的问题的输入是一组任意的数字。

### 结论：
尽管这两道题目的输入都是数组并且都需要将数组分成两部分，但是它们的目标不同：一个是使两组的重量差最小，另一个是要使两组的总和相等。因此，虽然它们在形式上有些相似，但本质上是不同的问题。

### 引用位置：
- **博客**：博客本身没有直接提到Two Sets问题，只是在评论中被提及。
- **评论**：评论区的#0和#1中有具体的讨论。

### 链接：
- 博客：无具体链接，仅作为示例。
- Two Sets问题：https://cses.fi/problemset/task/1092/

综上所述，这两道题目在形式上相似，但在本质上是不同的问题。
69529,在这篇博客及其评论区中，确实存在两道题目雷同或冲突的信息。具体来说，评论#7和评论#17提到的问题之间存在相似性：

评论#7由errorgorn提供，讨论了如何解决“zero the path”问题，并详细解释了解决方法。这是一道与树结构相关的动态规划问题。

评论#17由madlad提供，指出第一道题（假设为“First Problem”）非常类似于Codeforces上的一个问题（链接为：https://codeforces.com/problemset/problem/579/A）。虽然这个评论没有明确说明题目的名称，但是从上下文可以推测，它指的是同一场竞赛中的某一道题。

根据这两条评论，我们可以得出结论，即“First Problem”和Codeforces上的问题579/A之间可能存在雷同或冲突。因此，这两道题是本质相同或相似的。

具体位置如下：
- 第一道题：“First Problem”，来源于MNNIT Allahabad的编程竞赛（链接：https://www.codechef.com/INQU2019/problems/INQU1904）
- 第二道题：Codeforces上的问题579/A（链接：https://codeforces.com/problemset/problem/579/A）

需要注意的是，这种雷同可能是由于题目设计的巧合，也可能是有意模仿或抄袭。如果确定为后者，则需要进一步调查以确认是否存在学术不端行为。但从评论内容来看，更倾向于一种巧合的情况。
69410,从你提供的博客内容和评论来看，没有直接提到两道题目存在雷同或冲突的情况。不过，有一条评论提到了两个相似的问题，但它们并不是严格意义上的“雷同”或“冲突”，而更像是一个更普遍问题的不同表述形式。

具体来说：

- 在评论区的回复中，用户dalex（评论#2）提到一个叫做“Nested Segments”的问题（可能是LeetCode或其他在线评测平台上的题目），并且说这个题目与当前讨论的问题“几乎一样”。

  但是，这两个问题并没有明确的链接或来源说明，只是说“几乎一样”。因此，我们不能明确地得出结论说这两道题目是完全相同的或者存在冲突。

总结：
- 博客内容本身并没有提到两道题目出现雷同或冲突。
- 在评论区中，用户dalex提到一个叫做“Nested Segments”的问题与当前讨论的问题“几乎一样”，但没有提供具体的链接或进一步的细节。

因此，根据提供的信息，无法确定具体哪两道题目存在雷同或冲突。如果需要进一步确认，可能需要更多的上下文信息或具体的题目链接。
69260,在这篇博客及其评论中，并没有明确提到两道不同的编程题目出现雷同、冲突或撞题的信息。评论主要集中在对特定问题的讨论，例如如何解决某个具体的问题（如“Odd-One-Out”和“B (the balls one)”），以及对于代码和测试用例的一些疑问。

唯一可能与题目相似性相关的是博主和评论者讨论的一个测试用例和代码实现的问题。评论者提到他的代码在 HackerRank 上提交时遇到了“WA”（Wrong Answer）错误，但当他自行运行代码时，所有点都在圆内。这表明可能存在一个测试用例的问题或者某些约束条件没有被正确处理。不过，这并不意味着两道不同的题目有雷同之处，而只是针对某一特定问题的实现细节问题。

总结来说，在这篇博客及其评论中，没有发现两道不同的编程题目出现雷同或冲突的信息。
69158,After carefully reviewing the blog and the associated comments, there is no indication of two different programming problems appearing with significant overlap or conflict. Each problem discussed in the blog is presented as a separate challenge with distinct requirements and solutions.

Here’s a brief overview of the problems mentioned:

1. **1206A - Choose Two Numbers**: This problem focuses on selecting two numbers from different arrays such that their sum is not present in either array.
   
2. **1206B - Make Product Equal One**: This problem involves transforming an array of integers so that their product equals one by minimizing the number of operations needed.

3. **1205A - Almost Equal**: This problem requires arranging numbers in a circular fashion such that the sums of any `k` consecutive numbers differ by at most one.

4. **1205C - Palindromic Paths**: This problem deals with determining if there is a palindromic path between two points on a grid.

5. **1205D - Almost All**: This problem is about arranging numbers on a tree structure such that the distances from a central node to other nodes meet specific criteria.

6. **1205E - Expected Value Again**: This problem calculates the expected value of a function applied to a string, considering periodicity and overlap conditions.

None of these problems overlap or conflict with each other. They each address unique challenges in algorithm design and problem-solving techniques.

In the comments section, there are discussions related to specific problems and their solutions, but no indication of two problems being essentially the same or conflicting with each other.

Therefore, based on the provided content, there are no instances of two different programming problems appearing with significant overlap or conflict.
68953,After carefully reviewing the blog post and the associated problems, I did not find any instances where two different programming problems are essentially the same or conflicting with each other. Each problem presented introduces a distinct scenario and utilizes the concepts of XOR and vector spaces in unique ways.

Here’s a brief summary of the problems discussed:

1. **Problem 1**: Finds the number of non-empty subsets with a product that is a square number.
2. **Problem 2a**: Finds the number of distinct integers that can be represented using XOR over a set of given elements.
3. **Problem 2b**: Finds the number of connected components in a graph based on XOR operations.
4. **Problem 4**: Handles queries to insert elements into a set and then finds the k-th highest number from all possible XOR sums.
5. **Problem 5**: Answers queries regarding the number of subsequences with a specific XOR sum.
6. **Problem 6**: Finds the maximum number of segments such that no non-empty subset of segments has a XOR sum of zero.

Each problem leverages the core idea of XOR operations and vector spaces in different contexts, but they are distinct in their requirements and constraints. Hence, there is no indication of two different problems being essentially the same or conflicting.

If you have any specific questions or need further clarification on any of the problems or their solutions, feel free to ask!
68940,在这篇博客和评论中，确实存在两道不同编程题目雷同的情况。具体来说，评论区中提到了国际信息学奥林匹克竞赛（IOI）2019年第一天的比赛题目之一“shoes”与之前在Codeforces上出现的一道题目非常相似。

以下是相关信息的具体位置：

- **博客内容**：
  - 博客中描述了IOI 2019年的比赛情况，包括各个任务的得分和一些细节。
  
- **评论区**：
  - 在评论区中，用户`Radewoosh`提到“shoes”任务与之前在Codeforces上的一个任务非常相似，但IOI的任务具有更高的限制。
  - 用户`misof`对此进行了反驳，认为虽然任务有相似之处，但实际上是不同的问题。
  - 用户`eduardische`进一步指出至少有13个参赛者在Codeforces上解决了该问题但没有得到满分，并且详细讨论了这个问题的争议。

因此，可以确认的是，“shoes”任务与之前在Codeforces上的某个任务有相似之处。以下是相关链接和来源：

- **IOI 2019任务“shoes”**：出现在国际信息学奥林匹克竞赛（IOI）2019年第一天比赛中。
- **Codeforces任务**：之前在Codeforces平台上出现的一个类似问题。

如果需要更详细的分析或具体的题目链接，可以参考IOI官方网站或Codeforces平台的相关页面。
68676,经过仔细分析，这篇博客及其评论区并没有明确提到两道不同编程题目的内容出现雷同、冲突或撞题的情况。尽管讨论了多个子任务和不同的解题方法，但每道题目都是独立的问题，并没有证据表明两道题目之间存在本质上的相同或相似之处。

评论区主要集中在具体问题的解法和实现细节上，例如动态直径计算（问题B）的不同解法，以及如何处理各种边界情况。并没有评论提到两道题目有重复或相似之处。

因此，可以得出结论，在这篇博客或其评论区中并未发现两道不同编程题目出现雷同、冲突或撞题的信息。
68660,经过仔细检查，这篇博客及其评论区没有明确提到两道不同编程题目的雷同、冲突或撞题情况。唯一的相关讨论是在评论#12到评论#14之间，其中DragonTheLanceTrainer 提到了一些他认为存在抄袭嫌疑的问题，但这些讨论并没有具体指出两道题目的雷同或冲突。此外，Errichto 和其他用户也参与了讨论，但也没有明确指出两道题目的雷同或冲突。

因此，根据你的要求，这篇博客和其评论区并没有包含两道不同编程题目的雷同或冲突的信息。如果需要进一步分析具体的题目雷同问题，可能需要查看具体的题目内容而不是仅依赖于评论中的讨论。
68587,根据提供的博客内容，可以发现两道题目出现了雷同的情况。具体来说，评论区中的用户“Dalgerok”明确指出了这个问题：

> Dalgerok5 years ago,
>
> ^|+20
>
> It's actually the SAME problem. Shame on the codechef author :(

从这段评论中可以看出，用户认为CodeChef上的这道题目和Educational Round上的某道题目是同一个问题。另一位用户“vamaddur”进一步解释了这两个问题之间的关系，并提到虽然他之前已经解决了Educational Round的问题，但在CodeChef的比赛中由于时间限制（TL）的不同，需要进行一些额外的优化才能通过测试。

因此，这两道题目出现在以下位置：
- CodeChef上的题目：原文未提供具体链接，但可以推测为CodeChef上的一次比赛中的题目。
- Educational Round上的题目：原文同样未提供具体链接，但可以推测为Codeforces平台上的一个教育性质的比赛题目。

这两道题目本质上是相同的，只是在不同平台上出现，并且在时间限制和输入规模上有细微差异。这些差异导致了解决方案需要进行一些调整，但核心问题是相同的。
68449,在这篇博客和其评论区中，确实提到了两道题目有相似之处。具体来说，博客中的问题与评论区中提到的Codeforces题目1132F - Clear the String存在相似性。

### 博客内容：
博客描述了一个数组删除问题，即在一个数组中，可以选择删除一个所有元素都相等的子数组，得到的分数为子数组长度的平方。目标是完全消除数组并最大化得分。得分会根据子数组被删除的顺序而变化。

### 评论区内容：
评论区中的RedStone提到这个问题与Codeforces上的题目1132F - Clear the String类似。

### 题目来源：
- 博客中的问题：未给出具体链接，但可以理解为一个原创的问题描述。
- Codeforces题目：[1132F - Clear the String](https://codeforces.com/problemset/problem/1132/F)

### 分析：
两道题目的核心思想是类似的：都需要处理字符串或数组中的重复字符/元素，并且得分规则也都是基于这些重复元素的数量来计算的。虽然具体实现细节和输入输出格式可能不同，但基本问题是相同的。

### 结论：
博客中的问题与Codeforces题目1132F - Clear the String是本质相同的问题。这可以在评论区中的RedStone的评论中找到线索：“I think it is similar to 1132F - Clear the String”。

因此，这两道题目在博客和评论区中出现了雷同或冲突的情况。具体位置是在评论区的评论#1中。
68446,在这篇博客及其评论区的内容中，确实提到了两道题目，并且这两道题目的确存在相似之处。具体来说：

- 第一个问题是来自APIO 2016的题目，要求计算从长度为1到N的所有有效序列的数量。
- 第二个问题是来自Topcoder SRM 728的Medium难度题目，它要求计算长度为N的有效序列的数量。

这两道题目虽然表面上看起来不同（一个是计算长度从1到N的所有有效序列，另一个只是计算长度为N的有效序列），但它们本质上都是基于动态规划(DP)的方法来解决问题。评论区中的讨论也指出了这一点，特别是Errichto和ricardogg的评论。

在评论区中，用户ricardogg提到，在Topcoder问题中，`dp[i]`不是仅由`dp[i-1]`计算得出，而是通过迭代所有之前的状态`dp[j]`来更新的。而在APIO的问题中，我们不能确定两个元素之间的所有元素都会被覆盖，因此需要考虑每一种可能的组合。这表明两道题目的解法都涉及到状态转移和迭代过程，尽管它们的应用场景和具体细节有所不同。

总结来说，这两道题目虽然描述不同，但它们的核心思想和解决方法是相似的，因此可以认为这两道题目有雷同之处。这种相似性主要体现在它们都使用了动态规划的思想来解决问题。具体的相似点可以在评论区中找到，特别是Errichto和ricardogg的评论部分。
68436,根据提供的博客内容和评论，这里只有一篇博客以及一条评论提到另一个问题。具体来说，评论者Rahul提到了一个相似的问题，即Codeforces上的题目549C - The Game Of Parity。

从博客内容来看，博主分享的是自己编写的一个关于数组中奇数和偶数数量的逻辑推理问题。而评论者提到的549C - The Game Of Parity也是一个与奇偶性相关的算法问题。

因此，可以认为这两者之间存在相似性。但是，这并不意味着它们是完全相同的题目。它们都是关于奇偶性的逻辑问题，但具体的细节、要求和解决方案可能会有所不同。

总结：
- 博客中的问题是博主自己编写的，没有给出具体的链接或来源。
- 评论者提到的类似问题是Codeforces上的549C - The Game Of Parity（链接：https://codeforces.com/problemset/problem/549/C）。

因此，在评论部分出现了两道相似的编程题目。具体位置是在评论#0中，评论者Rahul指出了这一点。
68425,经过仔细阅读博客内容及其评论，我没有发现两道不同的编程题目出现雷同或冲突的信息。博客主要是关于Codeforces Round 574 (Div. 2) 的介绍和讨论，包括赛题、评分分布、以及一些选手的反馈和提问。

在评论中，虽然有一些用户提到某些题目的解法类似或存在重复的情况，但这些并不是两道不同的编程题目的雷同或冲突，而是同一个问题的不同解法或相似的问题处理方式。例如：

- 用户讨论了问题 D1 和 D2 的相似之处，但这是同一个系列题目的不同部分，而不是两道不同的题目。
- 有用户提到问题 E 的解法与另一问题的解法类似，但这也是基于同一个问题的不同实现方法。

因此，根据你的要求，博客和评论中并没有出现两道不同的编程题目出现雷同或冲突的信息。
68367,在这篇博客和评论中，并没有明确提到两道不同的编程题目出现了雷同或冲突的信息。博客内容主要讨论的是构建一个数组的问题，其中子数组的和不能被某个数m整除。评论部分则讨论了该问题的不可行性，并且引用了一个具体的题目链接。

评论#2中的链接指向了一个特定的问题（http://matcomgrader.com/problem/5777/regalos/），但该问题的具体要求与博客讨论的问题并不完全相同。博客和评论讨论的是如何构建数组以确保子数组的和不被m整除，而评论#2中的链接指向的问题则是找到一组值，其索引之和能被m+1整除。

因此，在提供的信息中并没有发现两道不同的编程题目出现了雷同或冲突的情况。两道题目关注的问题点不同，一个是防止子数组的和被m整除，另一个是寻找使得索引之和能被m+1整除的元素。
68273,根据你的描述和提供的博客内容，确实存在两道题目雷同的情况。具体来说，在博客的评论区中，用户"dorijanlendvaj"指出了博客中的问题与Codeforces上的一个题目非常相似。

评论区的内容如下：

```
comment#1»dorijanlendvaj5 years ago,#|+4https://codeforces.com/problemset/problem/148/Ethis problem is almost the same as the problem you presented and the solution idea is the same.
```

这里提到的题目是：
- 博客中的问题：给定N个栈，每个栈包含Si个元素，找到这N个栈中最大的M个数的和。只能通过获取栈顶元素来操作。

- Codeforces上的题目链接：[https://codeforces.com/problemset/problem/148/E](https://codeforces.com/problemset/problem/148/E)

这两道题目的核心问题是相似的，都是关于从多个栈中选择最大值的问题。因此，可以认为这两道题目是雷同的。评论者明确指出这两道题目的解题思路也是相同的。

总结：博客中的问题和Codeforces上的题目本质上是相同的，存在雷同现象。相关信息出现在博客评论区第1条评论中。
68242,在这篇博客及其评论中，并没有出现两道不同的编程题目出现雷同、冲突或撞题的信息。相反，评论主要集中在讨论模运算（modulo operation）对程序执行时间的影响。

具体来说：

- 在评论#0中，用户sohamshah456提到他在解决“最长可整除子集问题”时使用了两种方法，一种是排序数组后进行一次模运算，另一种不排序数组而进行两次模运算。他发现第二种方法的执行时间更长，尽管他原本认为排序操作会使得第一种方法更慢。评论者Errichto回复说这是因为模运算较慢。

- 在评论#1中，用户jef解释了模运算不会影响时间复杂度，但它确实比其他基本算术运算慢。他还提到，实际运行时间取决于许多因素，例如实现的质量和编译器的优化。

- 在评论#2中，用户Satish_S分享了他的代码提交经验，即在某些情况下，频繁使用模运算会导致超时（TLE），而不频繁使用则能通过测试（执行时间为62毫秒）。

综上所述，这些讨论都围绕着同一个问题展开，即模运算对程序执行时间的影响，而不是两道不同的题目之间的雷同或冲突。
68096,根据您提供的博客内容和评论，这里并没有提到两道不同的编程题目出现雷同、冲突或撞题的情况。相反，博客作者遇到了一个具体的问题，即在一个主 `HashMap` 中存储多个 `HashMap` 的值时，所有这些内部的 `HashMap` 实际上都引用了同一个对象，因此所有键对应的值都是最后迭代的结果。

评论者（Omar_Tarek）指出了问题所在并提供了解决方案，即每次添加新的条目到主 `HashMap` 时，需要创建一个新的内部 `HashMap` 对象，而不是重复使用同一个对象。

因此，博客和评论中并没有涉及到两道不同的编程题目的雷同、冲突或撞题问题。博客内容主要集中在解决一个特定的编码问题上。如果要找的是两道不同但本质上相似的编程题目，当前提供的材料并不符合这个条件。
68064,经过仔细阅读博客内容及其评论区，没有发现两道不同编程题目的雷同、冲突或撞题信息。每一道题都具有独特的背景和解决方法：

- **题目A**（Fifty-Fifty）：检查一个字符串是否可以分为两个相等部分。
- **题目B**（Ordinary Number）：检查数组中的元素是否为局部中位数。
- **题目C**（Divide the Problems）：将问题分成两组，每组难度不同。
- **题目D**（Blue and Red Balls）：计算蓝球和红球的排列组合方式。
- **题目E**（Hopscotch Addict）：寻找图中长度为3的倍数的最短路径。
- **题目F**（Small Products）：计算满足特定条件的小数和大数的序列数量。

评论区中提到的一些问题，如评论#2和评论#6，是对具体题目解法的讨论或疑问，但并没有提到两道题目的雷同或冲突。

因此，根据提供的信息，没有发现两道不同编程题目的雷同或冲突。
68058,从提供的博客内容来看，该博客主要讨论了两个与树相关的路径求和问题，但这两个问题是不同的，而不是雷同或冲突的问题。

1. 第一个问题：“计算树中路径和为k的数量。”
2. 第二个问题：“计算树中路径对（即两条路径）和为k的数量。”

这两个问题虽然都涉及到树中的路径和，但是目标不同：
- 第一个问题是要求找出所有路径和等于k的单条路径。
- 第二个问题是要求找出所有路径对（两条路径），其路径和等于k。

因此，从描述来看，这两道题并不是本质相同或相似的问题。它们有不同的解题思路和方法。博客作者只是将两个不同的问题放在一起讨论，但没有明确表明这两个问题是相同的或者有冲突的地方。

总结来说，根据所提供的信息，没有发现两道题目出现雷同或冲突的情况。
68035,从提供的博客内容和评论来看，没有明确提到两道编程题目的存在，也没有提到这两道题目之间有雷同、冲突或相似的情况。博客的主要内容是介绍一个用于寻找和参与虚拟编程竞赛的工具，并没有提及具体的编程题目。

唯一可能与题目相关的评论是评论#3，提到Codeforces有一个类似的功能叫做“User Lists”，但这个功能不支持过滤竞赛。这并没有涉及到两道具体题目的雷同或冲突问题。

因此，根据提供的信息，没有发现两道不同的编程题目出现雷同或冲突的信息。
68016,从提供的博客内容和评论来看，这里并没有直接提到两道不同的编程题目的雷同、冲突或撞题信息。评论主要集中在对特定问题的讨论上，即如何排列N个连续数字以确保相邻数字之间的差值互不相同，并且第一个和最后一个数字也被视为相邻。

但是，评论中提到了一个与原问题类似的题目，即Codeforces上的1179B - Tolik and His Uncle。这道题和原问题有一定的相似性，但它们并不是完全相同的题目。原问题强调的是排列数字使得相邻数字的差值互不相同，而第二个问题（Codeforces 1179B）可能是另一个与序列或数组操作相关的题目。

因此，根据你的要求，这些内容并不构成两道不同编程题目的雷同或冲突。评论中的提及只是提供了一个参考，表明原问题可能与某个竞赛题目有相似之处，但这并不意味着它们是同一问题或者存在冲突。

如果需要进一步的信息，比如明确指出两道题目的链接，目前提供的评论中并没有给出第二个题目的完整链接或描述，只有问题的ID（1179B）。所以无法直接提供第二个题目的链接。如果你需要更详细的信息，可以自行访问Codeforces网站查找该问题。
68010,从提供的博客内容来看，博客作者描述了两段代码用于解决同一个问题的不同方法，但没有直接提到两道不同的编程题目。因此，根据你的要求，这里并没有出现两道不同的编程题目出现了雷同、冲突或撞题的情况。

博客中提到的是同一个问题的两种不同实现方式，一种是固定边然后遍历节点，另一种是固定节点然后遍历边。作者讨论了为什么第二种方法会导致错误（WA），尽管他认为这两种方法有相同的直觉。但是，这并不意味着两道不同的编程题目出现了雷同或冲突，只是同一个问题的不同解法。

如果需要进一步的帮助来理解这个问题，或者你有其他具体的博客内容需要分析，请提供更多信息。
67880,在这篇博客和评论中，并没有明确提到两道不同的编程题目出现了雷同或冲突的情况。相反，评论主要集中在对某一题目的批评和讨论上。特别是针对SRM 761中的Div1 Easy题目，评论者们对其难度、实现复杂度以及题目设置表达了不满和困惑。

例如，评论者adamant强烈反对将一个“重复数字求和”的问题作为Div1 Easy题目，认为这个问题过于繁琐且不适合当前的比赛环境。此外，还有一些评论提到该题目与之前的一些题目相似或有类似解决方案的问题。

然而，这些评论并没有直接指出两道不同题目的雷同或冲突。它们更多地是在讨论单个题目的问题，而不是指出两道题目的雷同或冲突。

因此，根据提供的内容，我们无法找到两道不同题目出现雷同或冲突的信息。如果要找出两道题目雷同或冲突的信息，可能需要更详细的内容或具体指出哪两道题目的对比。
67813,经过仔细检查提供的博客内容，没有发现两道不同的编程题目出现雷同、冲突或撞题的信息。博客主要是关于一次Codeforces比赛的通知、感谢和一些赛后讨论，包括对不同题目的解题思路、一些技术问题和系统测试延迟等讨论。并没有明确提到两道题目的内容有重复或相似之处。

如果需要进一步确认其他类型的博客或评论区是否存在雷同或冲突的情况，可以提供更具体的内容或上下文。目前提供的内容中，并未发现类似的问题。
67743,经过仔细阅读和分析博客内容及其评论区，我没有发现两道不同的编程题目出现雷同、冲突或撞题的信息。博客主要是关于CSES问题集的新版本发布以及用户反馈和讨论。评论区的内容涉及对问题集的各种反馈和建议，但没有明确提到两道不同题目的本质相同或相似的情况。

如果要寻找潜在的问题，需要关注的是用户对于某些具体问题的反馈，比如测试数据错误、问题描述不准确等，但这些反馈并没有直接说明两道题目是本质相同的或相似的。

因此，根据提供的内容，无法指出两道题目在博客或评论区中出现雷同或冲突的信息。
67641,在这篇博客及其评论区中，并没有出现两道不同编程题目的雷同、冲突或撞题的情况。评论区主要讨论了比赛规则、账户创建问题、提交限制以及对特定问题的解答方法等。虽然有一些用户提到了具体的题目（例如“Trees as a Service”和最后一个问题），但这些讨论并没有表明存在两道题目本质相同或相似的情况。

唯一提到可能存在相似情况的是在评论#12中，LoneFox解释了为什么某些用户的分数被重置，并指出这是因为一些用户提交了完全相同的源代码到多个问题（例如Leapfrog章节1和章节2）。然而，这并不意味着题目本身是雷同或相似的，而只是说明这些用户可能没有提供他们实际编写的代码。

因此，根据提供的信息，该博客及评论区未包含两道不同编程题目的雷同或冲突内容。
67586,在这篇博客和评论中，确实存在两道题目雷同或相似的情况。具体来说，是在评论#2和评论#3中提到的。

- **评论#2** 中提到了一个在Codeforces上的问题：**Beautiful Array (1155D)**，并提供了题目的链接：[Codeforces 1155D](https://codeforces.com/blog/entry/66687)。
  
- **评论#3** 中提到博客中的问题与某个正在进行的比赛中的问题相似，但不能提供链接。

从描述来看，这两个问题的核心都是关于数组操作和最大化某个变量的问题。虽然具体的细节和要求可能有所不同，但它们在本质上是相似的。评论#2中的Codeforces问题也是关于对数组进行操作以达到某种优化目标，这与博客中的问题非常相似。

因此，可以认为这两道题目存在雷同或相似之处。具体来说：

- 博客中的问题：用户提出了一个需要最大化“sum”的问题，通过选择子序列并反转其元素值来实现。
- Codeforces 1155D：这个问题也涉及对数组的操作，目的是最大化某种数值。

综上所述，这两道题目在核心问题上具有相似性。评论#2和评论#3分别指出了这一点。
67561,在这篇博客及其评论区中，确实存在两道题目雷同的情况。具体来说：

博客中提到的问题是：“给定n对整数，你必须找到第二元素之和的最大值，其中对应的第一元素之和小于或等于某个特定值。”这个问题本质上是一个约束优化问题。

评论区中的用户Volodya333和Leonardo_Paes都指出了这个题目实际上是一个“背包问题”（Knapsack Problem）。他们提供的链接（分别是维基百科和一个YouTube视频）进一步确认了这一点。

因此，这里的两道题目实际上是同一个问题的不同表述：
1. 博客中的问题。
2. 背包问题（Knapsack Problem），可以通过上述链接获取更多信息。

这两个问题本质上是相同的。关键在于博客中的问题可以被归类为背包问题的一种变体。背包问题的定义是：给定一组物品，每种物品都有自己的重量和价值，在限定的总重量内，选择物品使得总价值最大。这与博客中的问题有很强的相似性，因为它们都在寻求在给定限制条件下最大化某种价值（或和）。

总结：博客中的问题和背包问题（通过评论区提供的链接可查）是本质相同的问题。
67544,从提供的博客内容来看，并没有明确提到两道不同的编程题目出现了雷同、冲突或相似的情况。博客主要是关于TOKI Regular Open Contest (TROC) #6的通知、时间调整以及比赛的一些特点和建议。评论区中也没有讨论到具体的编程题目之间的雷同或冲突问题。

唯一提及到的时间安排上的冲突是与AtCoder的Diverta 2019 Programming Contest（链接未给出）在日期上有所重合，但这也只是时间上的冲突，而不是题目内容上的雷同或冲突。

因此，根据现有信息，无法指出任何两道不同的编程题目出现了雷同或冲突的信息。如果需要进一步确认，可能需要查看具体的题目描述或相关链接中的详细内容。
67511,经过仔细阅读和分析提供的博客内容及评论区信息，我没有发现两道不同的编程题目出现了雷同、冲突或撞题的情况。每道题目都有其独特的背景、解题思路和解决方案。例如：

1. **1173A - Nauuo and Votes** 和其他问题如 **1173B - Nauuo and Chess**、**1172A - Nauuo and Cards** 等，虽然都涉及到一些数学计算或逻辑推理，但它们的问题描述、解题方法和应用场景完全不同。

2. **1172C1 - Nauuo and Pictures (easy version)** 和 **1172C2 - Nauuo and Pictures (hard version)** 虽然都是关于图片权重的问题，但它们的难度不同，解题方法也有所区别，且硬版本通过一个引理简化了计算过程。

3. 其他问题如 **1172D - Nauuo and Portals**、**1172E - Nauuo and ODT** 和 **1172F - Nauuo and Bug** 都各自独立，分别处理不同的问题，如网格路径规划、树形结构中的简单路径计数以及数组变换等。

因此，根据提供的信息，没有证据表明存在两道不同的编程题目出现了雷同或冲突的情况。每道题目都针对特定的问题场景，采用了不同的算法和技术手段进行解决。
67376,在这篇博客及其评论中，并没有明确提到两道不同的编程题目出现雷同、冲突或撞题的信息。相反，讨论主要集中在单个问题的不同方面和复杂度分析上。

具体来说，博客提出的问题是关于如何通过最少的操作次数将水杯中的水量调整为最大容量。评论区中讨论了这个问题与背包问题（knapsack problem）和装箱问题（bin packing problem）的关系，但并没有提到另一道独立的编程题目的存在，也没有表明这两者之间有雷同或冲突的情况。

所以，根据提供的信息，这篇博客和评论区没有包含两道不同编程题目雷同或冲突的信息。
67340,经过仔细阅读博客内容和评论，没有发现两道不同的编程题目出现雷同或冲突的信息。每道题目的讨论都是独立的，没有提到任何两道题目本质相同或相似的情况。

唯一可能接近的是在评论#48中提到的问题：

```
kumarpratyush45 years ago,#|+3https://codeforces.com/problemset/problem/1054/Da question similar to today's D
```

这条评论提到CF1054D与今天的题目D有些相似，但并未详细说明这两道题目的具体相似之处，也没有明确指出这两道题是本质相同的题目。因此，这并不能作为两道题目雷同或冲突的确切证据。

所以，根据提供的信息，这篇博客或其评论区并没有包含两道不同的编程题目出现雷同或冲突的信息。
67316,根据提供的博客内容，没有明显的迹象表明两道题目出现了雷同或冲突的情况。博客主要记录了Codeforces Global Round 3的比赛情况、题目描述、以及赛后讨论和解决方案分享。然而，在评论区中，有用户提到类似的问题出现在其他题目中：

评论#80的用户提到：
“Problems similar to Problem C, Crazy Diamonds
432C - Prime Swaps (Almost same statement)
1365B - Trouble Sort”

该评论指出与问题C“疯狂钻石”相似的问题出现在其他题目中，即432C - Prime Swaps和1365B - Trouble Sort。但是，这些信息并不直接出现在博客原文中，而是在评论区中提及的。

如果需要严格回答问题，即博客原文中是否有两道不同题目雷同或冲突的信息，答案是没有。但若考虑评论区中的信息，可以发现一些相似的问题出现在不同的题目中。

总结：
- 博客原文中未出现两道题目雷同或冲突的信息。
- 在评论区中，用户提到某些问题与问题C“疯狂钻石”相似，例如432C - Prime Swaps和1365B - Trouble Sort。不过这并非出现在博客原文中，而是评论区中的讨论内容。
67189,根据提供的博客内容，没有明确提到两道不同的编程题目出现雷同或冲突的信息。不过，有一条评论提到了一个可能的相似问题：

在评论区中，用户chemthan 提问：“这个问题和这个是不是同一个问题？”

链接：https://community.topcoder.com/stat?c=problem_statement&pm=14159&rd=16690

评论原文：
```
chemthan6 years ago,#|+85Hmm! Is this E:https://community.topcoder.com/stat?c=problem_statement&pm=14159&rd=16690.
```

对此评论，其他用户进行了回复，确认这是一个相似的问题，但并没有明确说明这两道题目是本质相同或相似的题目。评论区中提到的TopCoder上的题目与Codeforces上的题目可能有相似之处，但并没有直接说它们是相同或相似的题目。

总结：虽然存在一个可能的相似问题的线索，但是没有明确的证据表明两道题目是本质相同或相似的。如果需要更准确的结论，可能需要进一步查看具体的题目描述和测试用例。
67187,根据提供的博客内容和评论，没有明确提到两道不同编程题目的雷同、冲突或撞题信息。博客和评论主要讨论的是如何过滤问题集以避免看到某些标签（例如贪心算法和动态规划），而不是讨论具体的编程题目。

博客中的问题主要是关于如何过滤特定标签的问题集，而评论则讨论了为什么有些题目会同时带有动态规划和贪心算法的标签，但这并不意味着这些题目本身是雷同或冲突的。相反，评论解释了为什么某些问题可以使用这两种方法解决。

因此，在提供的信息中并没有发现两道不同编程题目的雷同、冲突或撞题的情况。如果要更准确地判断，可能需要更多具体涉及题目内容的信息。
66972,根据提供的博客内容和评论区信息，可以发现两道编程题目存在雷同的情况。具体来说：

在评论区中，用户**SHAMPINION**提到一个在线资源（链接为 http://hsin.hr/coci/archive/2015_2016/contest4_tasks.pdf），并指出其中的问题“GALAKSIJA”与博客中的问题有相同的思想。

博客中的问题是关于处理一棵树上的查询，每次查询需要移除特定编号的边，并计算剩余的最大子树大小。而“GALAKSIJA”问题同样涉及处理树结构，并且可能包含类似的查询操作来处理树的变化。

因此，这两道题目在本质上是相似的，因为它们都涉及到对树进行操作并求解某种最大值的问题。

总结：
- 博客中的问题：给定一棵树，进行若干次删除指定编号边的操作，并计算每次操作后剩余的最大子树大小。
- “GALAKSIJA”问题：虽然具体描述没有给出，但从评论区的信息来看，该问题同样涉及树结构上的操作，可能是求解某种最大值或类似问题。

出现雷同的地方在于评论区中的用户提及了“GALAKSIJA”问题，暗示了两者在问题设置上有相似之处。

相关引用位置：
- 博客：未直接给出题目名称，但通过描述可以识别为特定类型的树操作问题。
- 链接：“GALAKSIJA”问题的来源页面：http://hsin.hr/coci/archive/2015_2016/contest4_tasks.pdf

因此，评论区中的信息表明了两道题目的相似性。
66958,经过仔细检查，这篇博客及其评论区没有明确提到两道不同编程题目出现雷同、冲突或撞题的信息。大部分评论集中在比赛的具体问题、技术问题、个人体验和解决方案上，而没有特别指出两道题目的内容有雷同或相似之处。

不过，有一个值得注意的评论，涉及到两个具体的问题：

评论#22和评论#123（重复的评论#22）提到：
```
xiaowuc1: Problem D is Windy Path (Problem L) from the2016 ACM-ICPC Pacific Northwest Regional, with slightly higher bounds.
```

这里提到了两个问题——当前比赛中的Div2D/Div1D与2016年ACM-ICPC Pacific Northwest Regional中的Windy Path（Problem L）。评论者认为这两个问题本质上是相同的，只是后者稍有不同的约束条件。

总结来说，评论中确实提到了两道题目雷同的情况，具体如下：

- 来源：当前的Codeforces比赛（题目D）
- 链接：当前比赛题目（Div2D/Div1D），链接为 https://codeforces.com/contest/1159/problem/D
- 另一个题目：2016 ACM-ICPC Pacific Northwest Regional的Windy Path（Problem L）

这个评论指出这两道题目的核心算法和解题思路是相似的，只是约束条件略有不同。这可以被视为题目雷同或相似的一种情况。
66827,经过仔细检查博客内容和评论区，我没有发现两道不同的编程题目出现雷同或冲突的信息。每篇博客主要讨论的是单个题目的解法、思路或相关问题的解释，而评论区主要是对这些题目的理解、实现细节或具体测试用例的讨论，并没有提到两道不同题目的本质相同或相似的问题。

如果有特定的题目编号或名称需要进一步分析，可以提供更详细的信息，我会根据具体内容进行检查。但从目前提供的信息来看，没有发现两道不同的题目出现雷同或冲突的情况。
66728,在这篇博客及其评论中，并没有明确提到两道不同的编程题目出现雷同、冲突或撞题的信息。相反，博客作者主要关注的是两位参赛者（4ul_sharma 和 utkarshv3）提交的解决方案之间的相似性，这更像是讨论作弊行为而不是题目本身的问题。

具体来说，博客作者指出4ul_sharma和utkarshv3提交的代码在不同题目中存在高度相似性，尤其是在变量名称和输出格式上有所不同，但整体逻辑非常相似。这引起了作者对作弊行为的关注。

评论区也没有提到两道不同题目的雷同、冲突或撞题。评论主要集中在对参赛者的作弊行为进行批评和讨论，以及对这些参赛者提交代码相似性的进一步解释。

因此，根据你的要求，这篇博客及评论区并没有包含两道不同题目出现雷同或冲突的信息。
66244,在这篇博客及其评论中，并没有直接提到两道不同编程题目的雷同、冲突或撞题的信息。评论主要集中在对问题的理解、解题方法、特定测试用例和评分分布等方面。

但是，有几条评论提到了某些题目与外部资源中的题目相似或相同的问题：

1. 在评论#19到#22中，用户harshit15和adhoc_king提到Div2/B题与GeeksforGeeks上的一个题目非常相似：
   - GeeksforGeeks题目：https://www.geeksforgeeks.org/find-the-number-in-a-range-having-maximum-product-of-the-digits/
   - Codeforces题目：https://codeforces.com/contest/1143/problem/B

2. 之后，这些评论引起了更多的讨论，包括其他用户也指出了这个问题：
   - 用户harshit15还提供了另一个类似题目的链接：https://codeforces.com/gym/100886/problem/G
   - MikeMirzayanov承认了这个问题，并表示他提供的问题是重复的。

因此，根据上述信息，在这篇博客中确实存在两道不同编程题目的雷同情况。具体来说，就是Codeforces Round #549 (Div. 2) 中的题目B与GeeksforGeeks及Codeforces Gym中的题目存在相似性。

总结：博客评论区第19到22条评论处提到了两道题目的相似性问题。
66047,从提供的博客内容来看，并没有直接指出两道不同的编程题目出现雷同、冲突或撞题的信息。博客主要讨论的是Topcoder SRM 753的比赛情况和一些题目的解决方案，以及一些用户对比赛和题目的反馈和疑问。

然而，在评论部分中，有一些间接提到题目之间可能存在相似性的内容。例如：

- 在评论#2中，Swistakk提到“500基本上是1000问题的简化版，但更难”，这表明两道题目的本质是相似的，但难度不同。不过，这只是关于同一场比赛中的两道题目的难度比较，并不是说这两道题目雷同或冲突。

- 在评论#9中，P___提出了一个关于伪随机数生成的问题，涉及到题目是否应该利用伪随机数序列的性质。尽管这里提到了多个题目都使用了伪随机数序列，但并没有明确指出这些题目之间存在雷同或冲突。

因此，根据提供的信息，我们不能确定博客或其评论区中明确指出了两道不同的编程题目出现雷同或冲突的情况。如果要更准确地回答这个问题，需要更多的具体信息来证明两道题目之间确实存在雷同或冲突的内容。
65807,从提供的博客内容来看，主要讨论的是Codeforces Round #549 (Div. 2)中的几道题目及其解决方案。经过仔细分析，博客本身和评论区并没有明确提到两道不同题目有雷同、冲突或相似之处。评论区主要关注于教程和解决方案的准确性、某些问题的具体解法以及一些技术细节，例如为什么某些解决方案会得到TLE等。

然而，有一条评论指出了一个问题，即题目F1和F2的教程似乎有重复或混淆的情况：

- **评论#0**: angry_Dmitry 指出 F2 的解释是 F1 的复制粘贴，需要修正。
- **评论#1**: saquib2508 提到 F2 教程缺失（F1 被重复），并建议根据难度对问题进行排序时将F1放在E之前。
- **评论#2**: kuksag 提到 F2 教程缺失。
- **评论#3**: diago_alley 等人进一步讨论了F2的解决方法，但没有明确指出两道题目的雷同或冲突。

这些评论确实指出了F1和F2之间可能存在混淆的问题，但并没有明确说明这两道题是本质相同或相似的问题。因此，根据你的要求，这两道题并没有出现雷同或冲突的情况。

如果要更准确地回答你的问题，可以总结为：博客和评论区中没有明确提到两道不同题目存在雷同或冲突的信息。不过，确实存在关于F1和F2教程重复或混淆的讨论，但这并不意味着这两道题目在本质上是相同的或相似的。
65630,根据提供的博客内容，没有明确提到两道不同的编程题目出现雷同、冲突或撞题的信息。不过，在评论区中，有一个评论提到了一个问题（CR197）与另一个平台上的题目相似：

```plaintext
comment#3»lakshay_nasa6 years ago,
#|+17
https://www.codechef.com/CORD2019/problems/CR197
=
https://codeforces.com/contest/913/problem/C
(saw someone's solution and got to know this :( )
```

这里提到CR197的问题与Codeforces上的一道题（问题编号为913/C）非常相似。这可以被视为两道题目的雷同或撞题。

具体来说：
- **来源**: CodeChef上的CR197问题和Codeforces上的913/C问题。
- **链接**:
  - CodeChef上的问题: https://www.codechef.com/CORD2019/problems/CR197
  - Codeforces上的问题: https://codeforces.com/contest/913/problem/C

因此，评论区确实包含了两道不同编程题目的雷同或冲突信息。
65583,从提供的博客内容来看，它主要讨论了两场编程竞赛之间的关系，特别是“Technocup 2019-Final”和Codeforces Round #543之间的关系。根据评论区的内容，这两场比赛的问题集存在关联，但并不是完全相同的问题。具体来说：

- **Technocup 2019-Final** 是一个面向俄罗斯选手的比赛。
- **Codeforces Round #543** 的题目是从Technocup 2019-Final中选取的，但这两场比赛本身是独立的，且参赛者群体不完全重合。

因此，从这段内容中并没有明确指出两道不同的编程题目的雷同、冲突或撞题的情况。相反，评论区表明的是两场比赛的题目集有部分重叠，但并不是完全相同的问题。所以，这里并没有发现两道不同的编程题目出现雷同或冲突的信息。
65520,根据提供的博客内容，没有明显的迹象表明两道不同的编程题目出现了雷同、冲突或撞题的信息。博客中的讨论主要集中在各个题目的解法和挑战上，而不是在描述两道题目之间存在本质相同或相似的情况。

以下是几个关键点：

1. **题目多样性**：博客中提到的题目涉及不同类型的算法和数据结构问题，例如动态规划、图论、贪心算法等。
   
2. **具体讨论内容**：每个题目都有具体的解题思路和技巧，但这些讨论都是围绕各自题目的解法展开的，并没有提到两道题目是本质相同的。

3. **挑战部分**：虽然有提到一些挑战和变种问题，但这些挑战都是针对单个题目的扩展，而非两个不同题目之间的雷同或冲突。

综上所述，从提供的博客内容来看，并没有发现两道不同的编程题目出现雷同、冲突或撞题的信息。
65269,在这篇博客及其评论中，并没有明确提到两道不同的编程题目出现雷同、冲突或撞题的情况。但是，在评论区里，用户Harolinch提出了一个与博客主题相关的疑问：

> Harolinch6 years ago, #|^|0this problem statement want to find LCS between A and B that doesn't include C as substring.i want to make sure .. is it the same as to find D=LCS between A and B. and then find longest subsequence of D that doesn't include C.

这个评论提到了一个问题，即找到A和B之间的最长公共子序列（LCS），并且这个子序列不包含字符串C作为子串。这与博客中的问题（寻找A中不包含B作为子串的最长子序列）有相似之处，但并不是完全相同的问题。博客中的问题并不涉及第三个字符串C，而Harolinch的问题则引入了第三个字符串C。

然而，博主Ahmad对这个问题进行了澄清：

> Ahmad6 years ago, #|^|←Rev.2→+1That's actually not the case. Consider this test case:
>
> A = viviviaba
> B = abavivivi
> C = vi
> 
> D = vivivi
> 
> But the longest subsequence of D that doesn't contain C is 2 ("iv"). But if you instead took the subequence "aba" from A and B, you could get an answer of 3.

从这个澄清中可以看出，博主认为这两个问题虽然有相似之处，但本质上是不同的问题。博主通过一个具体的例子说明了为什么这两个问题不同。

因此，尽管评论区里提到了两个相似的问题，但并没有明确指出两道不同的编程题目出现了雷同或冲突。博主澄清了这一点，并且没有提供具体的题目来源或链接来支持雷同或冲突的说法。
65016,根据你的描述和提供的博客内容，确实存在两道题目的雷同情况。具体来说，在评论区中的第3条评论里，用户praveenojha336提到了这道题目与另一个题目非常相似。这两个题目分别是：

1. **原博客中的题目**：
   - 题目链接：[Shift the Array](https://www.hackerearth.com/practice/algorithms/dynamic-programming/2-dimensional/practice-problems/algorithm/shift-the-array-4074fac2/)
   - 描述：给定一个字符串，可以通过将字符替换为下一个字母来减少相邻不同字符的数量，目标是使相邻不同字符的数量不超过给定的限制。

2. **相似的另一题目**：
   - 题目链接：[Codeforces 1108D](https://codeforces.com/contest/1108/problem/D)
   - 这个题目没有直接给出链接和描述，但根据评论者的说法，这两道题目的核心问题非常相似。

因此，根据评论区中praveenojha336的评论，可以判断这两道题目在本质上是相似的。评论出现在博客的评论区部分，具体位置为评论区的第3条评论。

总结：
- 博客链接：[Shift the Array](https://www.hackerearth.com/practice/algorithms/dynamic-programming/2-dimensional/practice-problems/algorithm/shift-the-array-4074fac2/)
- 相似题目链接：[Codeforces 1108D](https://codeforces.com/contest/1108/problem/D)

评论区中提到的相似性使得这两道题目的本质相同或相似。
64989,经过仔细检查博客内容和评论区，没有发现两道不同的编程题目出现雷同、冲突或撞题的信息。博客中的文章和评论主要讨论了不同的算法问题及其解决方案，并没有明确指出两道不同的题目是本质相同或相似的情况。

评论区主要是对题目的解法、实现细节、复杂度分析等方面的讨论，并没有提到两道不同的题目是重复或本质上相似的情况。因此，根据提供的信息，无法指出两道雷同或冲突的题目。
64909,经过仔细阅读和分析提供的博客内容及其评论区，我没有发现两道不同的编程题目出现雷同、冲突或撞题的信息。这些讨论主要集中在添加和确认参与ACM-ICPC竞赛的团队信息上，包括成员姓名、所属大学和国家/地区等。此外，有一些评论涉及到了政治敏感话题，如香港和台湾的地位问题，但这与编程题目无关。

因此，根据你的要求，没有找到两道不同编程题目雷同或冲突的信息。如果需要进一步帮助或有其他具体问题，请告诉我！
64715,在这篇博客及其评论区中，确实存在两道题目雷同的信息。具体来说，在评论#1和评论#2中，评论者提到最后一道题目与另一道题目非常相似。

相关评论如下：

评论#1：
```
»lunae6 years ago,
#|+18The last one appears to be the same as this problem.
```

评论#2：
```
»simonlindholm6 years ago,
#^|+8Oh, you're right. That's further back in ICPC history than I've looked. :) I guess it's not too surprising that it has appeared before given the simple graph reformulation, though it does at least require a bit of thinking to reduce it to that.
```

这两条评论表明，最后一道题目与“this problem”（原文未提供链接）非常相似。尽管没有明确的链接，但根据上下文，我们可以推断出这两道题目具有相似性。

具体来说，最后一道题目来自瑞典奥林匹克决赛，链接为 https://pofinal19-open.kattis.com/ 或 https://pofinal19.kattis.com/，而另一道题目则未提供具体链接。

总结：两道题目本质相同或相似，出现在博客的评论区中。具体来说是在评论#1和评论#2中提及的。
64685,根据提供的博客内容，没有明显的迹象表明两道题目出现了雷同或冲突。博客主要讨论的是Codeforces Round 534的比赛情况和部分问题的解决方案，但并没有提到任何两道题目在本质上是相同的或相似的情况。

博客中的评论主要集中在各个问题的具体解法、比赛过程中遇到的问题以及对比赛结果的反馈等。例如，评论中提到了一些关于Div2 D/Div1 B的解决方法，但这只是针对该特定问题的不同实现方式，并没有提到这两道题目本身有雷同或冲突的地方。

如果要更精确地判断是否有雷同或冲突，需要具体查看涉及的题目描述和测试用例。从博客内容来看，没有直接提到两道题目的具体内容，也没有指出它们之间存在雷同或冲突的问题。因此，可以认为博客及其评论区中并未包含两道不同编程题目出现雷同或冲突的信息。
64547,在这篇博客及其评论区中，并没有明确指出两道不同的编程题目出现雷同或冲突的情况。不过，在评论部分提到了一些相关讨论：

1. 在评论#2和评论#3之间，有提到问题D与另一场数学训练中的问题非常相似，甚至解决方案也完全相同。这里提到的链接为：http://olympiads.win.tue.nl/imo/soviet/RusMath.html。但是这个讨论并没有明确指出这两道题是本质相同的题目。

2. 关于问题C和F，评论者Um_nik提到博客作者试图通过互联网寻找解决方案的行为，并且质疑了GeeksforGeeks网站提供的关于F问题的解决方案的有效性。同时，Um_nik也提到另一个类似的问题是用中文写的，但他认为这不应成为问题设定者的负担，并称这种相似性为“100%的巧合”。

3. 评论者TooNewbie则认为问题D和另一道题是相同的，而Um_nik反驳说由于棋子移动规则的不同，这两道题是不同的。这里没有提供具体的题目链接。

综上所述，虽然存在对某些题目相似性的讨论，但没有明确指出两道不同的编程题目是本质相同或相似的情况。因此，根据你的要求，这篇博客或其评论区并未包含两道不同编程题目的雷同或冲突信息。如果有需要进一步澄清的地方，请告知我。
64495,Based on the provided blog content, there is no indication that two different programming problems are essentially the same, similar, or conflicting. The comments and discussions focus mainly on the difficulties, solutions, and aspects of individual problems rather than pointing out duplicated or overlapping problems.

To be more specific:

- The problems discussed are distinct and each has its own unique challenges and solutions.
- There is no mention of two problems having the same essence or core concept.
- The tags and descriptions for each problem are different and do not indicate overlap.

Therefore, the blog and its comments do not contain any information about two different programming problems being essentially the same or conflicting. Each problem appears to be treated as a separate challenge.
64477,在这篇博客和评论中，并没有明确提到两道不同的编程题目出现雷同、冲突或撞题的信息。博主主要讨论的是一个特定的问题，即CSAcademy竞赛中的Pitmutation问题。而评论区中提到的内容是对原问题的一个变种或扩展的处理方法，而不是另一个独立的编程题目。

具体来说：
- 博主讨论的是一个排列组合问题，其中有两个排列A和B，长度为N，且有部分位置固定，部分位置未知。目标是找到满足特定条件的配置数。
- 评论者提供了该问题的一种解决方案思路，特别是当存在已知卡片的情况下如何将问题分解成更小的子问题。

因此，从提供的内容来看，这两段文字并没有涉及到两道不同的题目之间的雷同或冲突问题。博主和评论者都在讨论同一个问题的不同方面或解决方案。
64379,经过仔细阅读博客内容和评论区，没有发现两道不同的编程题目出现雷同、冲突或撞题的信息。所有讨论主要集中在各个问题的解决方法、测试用例、时间复杂度以及相关技术细节上，并未提到两道题目本质上相同或相似的情况。

因此，根据提供的信息，这篇博客及其评论区中并没有出现两道不同的编程题目有雷同或冲突的内容。
64251,经过仔细检查提供的博客内容，我没有发现两道不同的编程题目出现雷同、冲突或撞题的信息。博客主要记录了一个由Radewoosh编写的Codeforces竞赛的相关信息，包括竞赛准备、问题设置、赛后的讨论等。评论区里讨论的是各个题目如何解决以及一些具体问题的解决方案和思路，但并没有明确指出两道题目在本质上相同或相似的情况。

如果要更精确地查找雷同或相似的题目，通常需要关注以下几点：
1. 题目描述是否有高度重合的部分。
2. 解题方法是否有明显的重复或相似之处。
3. 竞赛题目列表中是否存在描述或难度相似的题目。

在提供的博客内容中，上述条件都没有满足，因此没有找到两道题目雷同或相似的信息。
64066,在这篇博客及其评论区中，并没有明确提到两道不同的编程题目出现了雷同、冲突或撞题的信息。博主主要分享了他在解决Codeforces上的一个问题（490B - Очередь）时遇到的问题和解决方案。他提到了不同编译器版本之间的差异导致的不同结果，以及他在代码中未给某些键赋值为0所带来的问题。

评论区中提到的另一道题是abhaypatil2000提到的“问题 https://codeforces.com/contest/1462/problem/E1”，但是并没有详细讨论这道题与490B - Очередь之间的关系，也没有提到这两道题之间存在雷同或冲突的情况。

因此，根据提供的内容，没有发现两道不同的编程题目出现了雷同或冲突的信息。
64006,Based on the provided blog content and comments, there are no indications that two different programming problems are essentially the same or similar. The discussions in the comments are focused on individual problems and their solutions, without pointing out any overlap or similarity between distinct problems.

The comments cover various aspects of the contest and specific problems, including:

1. Discussion on the number of problems and their difficulty.
2. Solutions and approaches for specific problems (e.g., Div2 C, Div2 D, Div2 E).
3. Comments on the implementation complexity and difficulty of certain problems.
4. Requests for editorials and clarifications.

However, none of the comments mention that two different problems are essentially the same or similar. They discuss the challenges and solutions for each problem independently.

Therefore, based on the information provided, there is no evidence of two different programming problems appearing to be the same or conflicting with each other.
63807,经过仔细阅读和分析提供的博客内容及评论区的内容，我没有发现明确的证据表明两道不同的编程题目出现了雷同或冲突或撞题的信息。这些评论主要集中在对各个题目的解题思路、代码实现以及可能出现的问题上，比如时间复杂度、内存限制等。

具体来说，博客中的讨论主要围绕比赛中的问题D、E、F等展开，而没有出现明显的两道不同题目的核心内容或解决方法非常相似的情况。例如：

- **问题D**：关于图的二分图着色问题。
- **问题E**：涉及区间查询和修改的高效数据结构问题。
- **问题F**：涉及字符串反转和查询的问题。

虽然有些评论提到了某些问题的解决思路与其它题目有相似之处，但这些相似之处更多体现在使用了类似的数据结构或算法，而不是题目本身存在雷同或冲突。

因此，根据当前提供的信息，没有找到两道不同题目出现雷同或冲突的具体例子。如果有更具体的例子或特定关键词需要查找，请提供更多信息。
63723,从提供的博客内容来看，这段讨论并没有涉及到两道不同的编程题目的雷同、冲突或撞题问题。相反，博客和评论区讨论的是同一个问题的不同解法：给定一个环形城市列表以及每对相邻城市之间的距离，要求找到一对城市使得在这两者之间旅行的最短距离最大化。

评论者PrakharJain提出了一个解决这个问题的方法，即将数组自身连接起来以处理环形结构，并使用前缀和以及二分查找来优化解决方案。

这里并没有提到另一道题目的存在，也没有提到任何与这道题本质相同或相似的其他题目。因此，根据你的要求，无法从提供的内容中找出两道不同但雷同、冲突或撞题的编程题目。如果有其他具体的博客或题目链接，可以提供更多信息以便进一步分析。
63435,从提供的博客内容来看，并没有明确提到两道不同编程题目的存在。博客主要讨论了一个特定的问题：给定一个带权重的树，允许交换两条边的成本最多一次，以使所有路径的总和最大化。评论区中提到了几种解决这个问题的方法，并且将该问题与2017年ACM-ICPC世界总决赛的D题“Money for Nothing”进行了对比，但并没有明确指出这两道题目是雷同或冲突的。

因此，在提供的博客内容中，并未发现两道不同编程题目出现雷同或冲突的信息。评论区中提到的2017年ACM-ICPC世界总决赛的D题只是作为解决方案的一个参考，并非表明这两个问题是相同的。
63343,从提供的博客内容来看，主要讨论的是在一个特定矩阵中寻找一条路径以收集最多钻石的问题。问题描述和讨论集中在如何设计算法来解决这个问题，特别是在前进和返回过程中需要考虑的约束条件和状态转移。

但是，博客中的评论并没有明确提到两道不同的编程题目出现雷同、冲突或撞题的情况。评论更多是在讨论如何解决同一个问题的不同方法和思路，而不是指出两道不同的题目有相似或相同之处。

因此，根据所提供的内容，没有发现两道不同的编程题目出现了雷同或冲突或撞题的信息。

如果要更准确地分析，可能需要更多的上下文或具体的题目来源链接。目前的评论区内容主要是对一个问题的讨论，而不是指出两道不同题目的相似性。
63267,在这篇博客及其评论区中，没有直接提到两道不同编程题目出现雷同、冲突或撞题的信息。不过，在评论区的第82条评论中，有用户指出了一个问题：

> Problem Div1A/Div2D "Barcelonian distance" is very similar to the problem of the Spanish Informatics Olympiad 2018:"Barcelona distance"

这条评论指出Div1A/Div2D的问题与2018年西班牙信息学奥林匹克竞赛中的一个名为“Barcelona distance”的问题非常相似。

**总结：**
- **来源**: Codeforces Round 522 (Div. 1, based on Technocup 2019 Elimination Round 3) 和 2018年西班牙信息学奥林匹克竞赛
- **链接**:
  - Codeforces Round 522: https://codeforces.com/contest/1079
  - 西班牙信息学奥林匹克竞赛2018: 可能需要通过相关网站查找具体链接

这条评论暗示了两道题目的相似性，但并没有明确说明它们完全相同或存在冲突。因此，可以认为这两道题在某种程度上存在相似之处，但不能确定它们是否完全相同或存在冲突。
63071,在这篇博客和评论区的内容中，并没有明确提到两道不同的编程题目出现了雷同或冲突的情况。博客主要讨论的是`'\n'`和`endl`的区别以及它们在编程中的性能影响。评论区主要是对博客内容的讨论和补充，没有提及具体的两道题目存在雷同或冲突的问题。

评论#2提到了一个情况，即在同一提交中使用`endl`导致TLE（Time Limit Exceeded），而使用`'\n'`则通过了测试。这并不是两道不同题目的雷同或冲突，而是同一个问题的不同实现方式导致的结果差异。

因此，在这篇博客或其评论区中，并没有发现两道不同的编程题目出现雷同或冲突的信息。
63064,从提供的博客内容和评论来看，并没有明确提到两道不同的编程题目出现雷同、冲突或撞题的情况。博客主要讨论了如何用O(N)的时间复杂度来初始化一个Binary Indexed Tree (BIT)，并且提到了一些相关的技巧和应用场景。评论部分虽然提到了其他关于BIT的内容和相关问题，但也没有指出两道题目的雷同或冲突。

评论#1中提到了另一种构造BIT的方法，并且提供了一些思考和扩展的想法，但这更多是针对BIT本身的优化和应用方法的探讨，而不是两道不同题目的雷同或冲突。

因此，在这段博客内容及评论中，并未发现两道不同的编程题目出现雷同或冲突的信息。
63057,在这篇博客及其评论区中，并没有明确提到两道不同编程题目的雷同、冲突或撞题信息。博客主要介绍了两个ACM-ICPC区域赛的在线镜像比赛，并且讨论了这些比赛中的一些问题和解决方案。

评论区中提到了一些具体的问题和解决方法，但这些内容都是针对各自独立的问题进行讨论的，并没有指出两个不同题目是本质相同或相似的情况。例如：

- 评论#2中提到的一个问题是与OpenCup回合时间上的重合，但这并不意味着两道题目的雷同或冲突。
- 评论#15和#16分别讨论了两个不同比赛中的问题L和B，但是没有提到这两个问题之间的雷同或冲突。

因此，在这段博客及评论区的内容中，并未发现两道不同编程题目出现雷同或冲突的信息。
62876,根据你提供的博客内容和评论，我们可以分析一下是否存在两道不同的编程题目出现雷同或冲突的情况。

博客本身并没有提供具体的题目信息，只是介绍了比赛的基本情况和规则。但评论区中的一条评论提到了一个细节，涉及到题目之间的相似性问题：

评论#2»ay23066 years ago提到：
> I solved a problem in this contest but then I realized it is way too much similar to contest 1037 D so I actually copy pasted my code, which wrote looking at the solution in editorial and guess what, it passed. Other questions were good though.

这条评论表明，在这次比赛中有一个问题与之前某个比赛（编号为1037D）中的一个问题非常相似。因此，可以认为在这次比赛中出现了与之前比赛中的题目雷同的情况。

具体来说，这两个题目是：
1. 这次比赛中的某一个问题（未明确说明是哪个题目，但可以理解为参赛者所提到的那个问题）
2. 另一个比赛（编号为1037D）中的问题

这两道题目出现在了不同的比赛里，但因为它们被参赛者认为非常相似，所以可以认为存在雷同的情况。

因此，根据提供的信息，可以得出结论：在博客评论区确实出现了两道不同编程题目的雷同问题。具体的出处是在评论#2中。
62666,Based on the provided blog and comments, there is no clear indication of two different programming problems appearing to be essentially the same or conflicting. The blog and comments primarily focus on criticizing the difficulty and balance of the contest problems, rather than pointing out that two distinct problems are essentially the same.

However, there is one notable mention of a potential similarity between problems:

1. **Comment #56 (CandyZack)**:
   - **Link**: https://www.codechef.com/problems/RRGAME
   - **Description**: CandyZack mentions that the second problem (REDGAME) is very similar to a problem from a CodeChef Cook-Off contest in 2013.

While this comment suggests a similarity between two problems, it does not explicitly state that they are the same problem or that one is a direct copy of the other. It merely notes that the problem ideas are similar.

Therefore, based on the content provided, there is no clear evidence of two distinct problems being essentially the same or conflicting. The primary concern expressed is the overall imbalance and difficulty of the contest problems rather than specific similarities between individual problems.
61933,在这篇博客及其评论区中，并没有明确指出两道不同的编程题目出现了雷同或冲突或撞题的信息。评论主要集中在比赛过程中出现的技术问题、对某些题目的讨论以及对比赛是否应该保持有效（rated）的讨论上。

评论中确实提到一些用户认为某些题目和之前遇到的题目有相似之处，例如：

- prakhar172526评论说：“Problem F had the same idea as this problem, but with a slightly tricky implementation.” 这里提到了F题与另一个题目有相似的想法，但实现方式略有不同。不过，他并没有提供具体题目链接。

- RoadToTheMaster评论说：“Problem F is similar with http://codeforces.com/gym/101808/problem/K which I have done 2 weeks ago.” 这里指出了F题与另一个题目非常相似，但同样没有提供两道题的具体来源和链接。

因此，虽然有一些评论指出题目之间存在相似性，但并没有明确指出两道具体的题目是雷同或冲突的。如果需要进一步确认两道具体题目的相似性，可能需要查看具体的题目链接和内容。根据现有信息，我们无法确定两道具体的题目存在雷同或冲突。
61780,经过仔细分析，这篇博客及其评论区没有出现两道不同的编程题目雷同或冲突的情况。博客主要讨论的是作者在国际信息学奥林匹克竞赛（IOI）中的经历、感受以及对未来的展望，并未涉及具体的编程题目。评论区虽然有一些关于编辑器（如CodeBlocks）和比赛组织的讨论，但也没有提到两道不同的编程题目存在雷同或冲突的问题。

因此，根据你的要求，这篇博客及评论区中并没有包含两道不同的编程题目出现雷同或冲突的信息。
61770,在这篇博客及其评论区中，并没有明确提到两道不同的编程题目出现了雷同、冲突或相似的情况。博客内容主要讨论了一个特定问题的解决方案，即在一个有向图中找到从顶点0到顶点n-1的最短路径以及最短路径的数量。评论区中提到了一个类似的题目链接，但并没有指出这两道题目本质上相同或相似。

评论区中提到的一个相关问题链接是：[CSes.fi Problemset Task 1202](https://cses.fi/problemset/task/1202)，这个题目与博客中讨论的问题在描述上有一定的相似性，因为它们都涉及到计算最短路径和最短路径的数量。但是，这两个问题并不完全相同，因为它们可能有不同的约束条件、输入输出格式或其他细节。

因此，根据提供的信息，不能确定这两道题目存在雷同、冲突或相似的问题。如果要确认是否存在雷同或相似的问题，需要更详细地比较两个题目的具体要求和解题方法。但从目前的博客内容来看，它们描述的是同一个类型的问题，而不是两道本质相同的题目。
61761,在这篇博客和其评论区中，并没有明确提到两道不同的编程题目出现了雷同、冲突或撞题的信息。博客的主要内容是关于TETRAspoj问题的解法，作者询问是否有更优雅的解决方法，例如二分查找等。而评论区中主要是对这个问题的一些提示和解答思路，并未提及另一道不同的编程题目。

唯一可能涉及类似问题的是评论区中的一个回复提到了CodeChef上的一个类似问题，但并未具体说明这两道题之间存在雷同或冲突的情况，只是指出了解决这类几何问题的方法可能相似。

因此，在这篇博客及其评论区中，没有发现两道不同的编程题目出现雷同或冲突的信息。
61638,经过仔细阅读和分析这篇博客及其评论区的内容，没有发现两道不同的编程题目出现雷同或冲突的情况。评论区主要讨论的是比赛中的各种问题，如题目的理解难度、随机化解决方案的有效性、测试用例的强度等，但没有提到两个不同的题目在本质上相同或相似的问题。

如果有任何特定的题目或内容让你感到疑惑或认为存在雷同或冲突的地方，请指明具体的位置和题目名称，我可以进一步帮助分析。
61593,经过仔细检查所提供的博客内容，我没有发现两道不同的编程题目出现了雷同、冲突或撞题的信息。每篇博客的内容和所涉及的编程问题看起来都是独立的，并且涵盖了不同的数学和算法概念。

例如：

- **Shooting Game** 涉及概率计算。
- **SolveForTrisha** 涉及复数根和多项式方程。
- **Polynomial Guess** 涉及多项式的构造与求值。
- **FunctionGame** 涉及欧拉函数（Euler's Totient Function）和几何级数求和。
- **PrimeMaker** 涉及质数生成和编辑距离。
- **CountingTriangles** 和 **ConfusingTriangle** 涉及几何图形计数。
- **MinimizeExpression** 涉及加权算术平均不等式。
- **EquationSolver** 涉及多项式展开与快速幂运算。
- **Tribonacci** 涉及矩阵快速幂和Tribonacci数列。

这些题目虽然都使用了数学和算法知识，但它们关注的问题领域不同，没有出现重复或相似到引起冲突的情况。

博客的评论区也没有提及任何关于题目雷同或冲突的信息。评论主要集中在对具体解题方法的理解和讨论上，而不是题目本身的相似性或冲突。

因此，可以得出结论：提供的博客及其评论区并没有包含两道不同的编程题目出现了雷同或冲突的信息。
61525,在这篇博客及其评论区中，确实存在两道题目相似的情况。具体来说，博主提到的“Road Cutting”问题（来源：interviewbit.com）与评论中提到的“Matrix Chain Multiplication”问题有相似之处。

以下是具体的分析：

### 博客内容：
博主正在尝试解决“Road Cutting”问题，这是一个动态规划（DP）问题。博主提供了一个问题链接：[Road Cutting](https://www.interviewbit.com/problems/rod-cutting/)。

### 评论内容：
在评论区中，`secret.coder`提到这个“Road Cutting”问题可以归类到经典的动态规划问题——矩阵链乘法（Matrix Chain Multiplication）。他给出了几个相关的资源链接，其中一个是关于矩阵链乘法的问题教程：[Matrix Chain Multiplication DP](https://www.geeksforgeeks.org/matrix-chain-multiplication-dp-8/)。

### 具体相似点：
- **Road Cutting**问题和**Matrix Chain Multiplication**问题都属于动态规划范畴。
- 这两个问题都可以通过动态规划来求解，且其状态转移方程具有相似性。

### 出现雷同或冲突的地方：
在评论区中的`secret.coder`回复里明确指出了这两个问题的相似性。这表明尽管它们来自不同的问题集（一个来自InterviewBit，另一个属于经典动态规划问题），但本质上是相似的。

### 总结：
因此，这篇博客及其评论区确实包含了两道不同的编程题目出现了相似的情况。具体表现为“Road Cutting”问题和“Matrix Chain Multiplication”问题在动态规划求解方法上的相似性。这两道题目分别来源于：
1. [Road Cutting](https://www.interviewbit.com/problems/rod-cutting/)
2. Matrix Chain Multiplication (经典动态规划问题)

希望这些信息对你有所帮助！
61480,从提供的博客内容来看，并没有明确提到两道不同编程题目的雷同、冲突或撞题问题。博客主要讨论的是同一个比赛中的一个问题（AIM Tech Round 5 Problem C），以及提交代码时遇到的“Time Limit Exceeded”问题。评论中提到了类似的问题和建议，但并未提及另一道具体的题目。

评论#0提到有同样的问题，但并没有具体指出是哪一道题。评论#1提到另一个类似的问题（Maximal Intersection of round 506），但是这仍然只是针对一个特定比赛中的特定问题，并未说明两道不同题目的雷同或冲突。

因此，根据提供的信息，没有发现两道不同的编程题目出现雷同或冲突的情况。如果需要进一步确认，可能需要更详细的内容或上下文。
61414,在这篇博客中，作者提到他最近解决了两个问题：1027F 和 875F。然而，从描述来看，这两个问题似乎是不同的，因为它们需要不同的算法来解决，并且遇到了不同的性能问题。具体来说：

1. 对于1027F，作者尝试使用二分查找和并查集（DSU），但得到了TLE（时间限制超出）。而Kuhn算法则通过了测试。
2. 对于875F，作者尝试使用Kuhn算法，但得到了TLE。而使用并查集（DSU）则通过了测试。

虽然这两个问题在某些方面可能有一些相似之处（比如都需要处理某种类型的图问题），但从提供的信息来看，它们并不是本质相同的问题。因此，根据给定的信息，我们没有发现这两道题目是雷同或冲突的证据。

评论部分也没有提及这两个问题是雷同或冲突的情况。相反，评论更多地讨论了为什么特定的算法会更有效率，以及如何优化代码以避免TLE等问题。

综上所述，根据提供的信息，这篇博客及其评论区并没有包含两道不同的编程题目出现雷同或冲突的信息。
61405,在这篇博客及其评论区中，并没有明确出现两道不同的编程题目出现雷同、冲突或撞题的信息。博客内容主要是介绍一个编程竞赛的相关信息和一些常见问题的回答，而评论区主要讨论了竞赛中的具体问题、赛题争议以及奖品分配等问题。

唯一的可能涉及雷同或相似题目的讨论出现在评论#7中，由用户Ashishgup提出的关于题目的争议。他提到两个题目：

1. SQMANIA：这个题目涉及到计算某种长度的问题，用户认为存在争议，因为他的团队为此浪费了一个小时的时间。
2. SACGAME：这个题目涉及到棋盘游戏中的规则争议，用户认为规则描述不够清晰导致其团队被扣了一次罚分。

尽管Ashishgup对这两个题目的规则和解决方案提出了质疑，但并没有明确指出这两个题目是本质相同或相似的。相反，这两个题目看起来是完全不同的问题，一个是关于长度计算的优化问题，另一个是关于棋盘游戏规则的解析问题。

因此，在这篇博客或其评论区中，并未发现两道不同的编程题目出现雷同或冲突的信息。
61340,根据提供的博客内容和评论，我们可以分析出是否存在两道不同的编程题目出现雷同或冲突的情况。

在这篇博客中，作者讨论了他在解决某个名为“bubblesort2”的问题时所遇到的困难。这个博客主要描述了作者对于前两个子任务的解决方案以及在解决第三个子任务时遇到的问题。

评论#1由用户dawn提出，指出该问题与USACO 2018 Silver 1的问题非常相似。以下是评论中的关键信息：

- **原问题**: 作者正在尝试解决的“bubblesort2”问题。
- **相似问题**: USACO 2018 Silver 1问题。

**具体相似性**:
评论者指出，这两个问题本质上是相同的。在“bubblesort2”问题中，作者需要计算数组中元素前面有多少个元素大于当前元素；而在USACO 2018 Silver 1问题中，也是需要找到每个元素前面有多少个元素比它小。因此，这两个问题有相同的核心逻辑。

**总结**:
确实存在两道不同的编程题目（“bubblesort2”和USACO 2018 Silver 1）在本质上是相同的或相似的。这可以在博客的评论区找到，评论者dawn明确指出了这一点。

**涉及的题目来源和链接**:
- **bubblesort2**: 来自Codeforces平台上的某个问题，但没有提供具体的链接。
- **USACO 2018 Silver 1**: 可以通过评论者的链接访问，但是评论者只提供了文字描述而未直接给出链接。实际上，USACO 2018 Silver 1的题目可以在USACO Training Pages找到。

所以，在博客的评论区（评论#1），我们发现了两道不同的编程题目（bubblesort2和USACO 2018 Silver 1）出现了雷同的情况。
61323,Based on the content of the blog and comments provided, there is no indication of two different programming questions appearing to be essentially the same or conflicting with each other. Each problem described appears to be unique and focuses on different aspects of algorithmic problem-solving.

Here's a brief summary of the problems discussed:

1. **Problem A (Doggo Recoloring)**: Focuses on recoloring puppies based on their colors.
2. **Problem B (Weakened Common Divisor)**: Involves finding a weakened common divisor among pairs of numbers.
3. **Problem C (Plasticine Zebra)**: Involves manipulating strings to form a zebra pattern.
4. **Problem D (Recovering BST)**: Deals with constructing a Binary Search Tree with specific edge constraints.
5. **Problem E (Colored Cubes)**: Involves moving cubes to specific positions.
6. **Problem F (Disjoint Triangles)**: Focuses on counting pairs of disjoint triangles.
7. **Problem G (Company Acquisitions)**: Involves analyzing the potential of startups and their acquisitions.

The comments and discussions under each problem are specific to the respective challenges and do not indicate any overlap or similarity between the problems themselves.

Therefore, there is no evidence of two different programming questions being essentially the same or conflicting with each other.
61297,经过仔细阅读博客内容及评论，没有发现两道不同编程题目出现雷同、冲突或撞题的信息。博客主要讨论的是Codeforces Round #505中的问题以及该轮比赛的评测情况，包括一些特定测试用例和解决方案的细节。评论区主要是对比赛题目本身、评测结果以及某些问题的解决方案进行讨论。

如果要找出可能有相似性的地方，可能是评论中提到的一些具体问题，例如关于B题和D题的不同解法，但这些并不是题目本身雷同的问题，而是不同选手提出的不同解题方法。

因此，根据提供的信息，博客和评论区并没有出现两道不同题目雷同或冲突的情况。
61161,在这篇博客及其评论区的内容中，并没有直接指出两道不同编程题目的雷同、冲突或撞题的信息。评论区主要讨论的是各个题目的解法和一些具体实现细节，并未明确提到两道题目的本质相同或相似。

不过，在评论区里有一些关于“Elections”问题的讨论，提到了该问题与另一场比赛中的类似问题的相似性。具体来说：

```markdown
#0»Harolinch6 years ago,
#|←Rev.2→-7
problem elections can be solved using ternary search, how ??
i already solved it inO(n2)how to solve it innlog(n)??
→Reply»»rotavirus6 years ago,
#^|0no way
→Reply»»»Harolinch6 years ago,
#^|+3
this is one of the solution for same problem but in another contest
http://codeforces.com/contest/458/submission/7416845
→Reply»»»»rotavirus6 years ago,
#^|←Rev.2→0
This problem isn't the same. that problem is like problem from round 503 with m= 2, but with m up to 3000 there are no such solution (i think)
→Reply»»»»»Harolinch6 years ago,
#^|0
what m= 2, look read both problems carefully they match!!! in old elections problem number of parties and voters are much bigger but with less constraints on cost
```

这些评论表明，“Elections”问题与另一场比赛中的问题有相似之处，但具体指出这两道题并不是完全相同的问题。因此，尽管存在一些相似性，但并没有明确说明它们是本质相同的题目。

总结来说，这篇博客及评论区并没有明确包含两道不同编程题目出现雷同或冲突的信息。
61143,从提供的博客内容来看，这并不是关于两道不同编程题目的雷同、冲突或撞题的信息。相反，博客的内容主要描述了作者在Codeforces平台上提交的解决方案与另一位用户missed2的解决方案高度相似，导致账号被禁止评级的问题。

具体来说，博客中提到的是同一个题目（1020B - Badge）的不同解决方案之间的相似性问题，而不是两道不同题目之间的雷同或冲突。因此，根据你的要求，这里没有发现两道不同编程题目的雷同或冲突信息。

如果要寻找两道不同编程题目的雷同或冲突信息，则需要更详细地查看包含多道题目和多种解决方案的博客或评论区。
61081,经过仔细阅读和分析提供的博客内容，我没有发现任何两道不同的编程题目出现了雷同、冲突或撞题的信息。每篇教程和对应的解决方案看起来都是独立的问题，没有重复或相似到引起冲突的内容。

这些博客中的题目涵盖了多种算法和数据结构问题，例如图论、动态规划、计算几何等。尽管某些解法可能在实现细节上有相似之处，但它们所解决的问题本身是不同的。

如果需要更具体的分析，可以提供具体的题目描述或进一步的上下文信息。这样可以帮助更准确地判断是否存在雷同或冲突的情况。
61064,从你提供的博客内容来看，评论区中确实提到了可能存在一道题目和当前讨论的问题雷同的情况。具体来说：

- **评论#2** (由用户MystikNinja发表): “Isn't this similar to this question from a currently running Codechef Long Contest?”
- **评论#3** (由用户WNG发表): “Astonishingly, you describe exactly a problem in an ongoing contest on Codechef!”

根据这些评论，可以推断出当前讨论的问题与CodeChef正在进行的一场长赛中的某个问题非常相似或相同。因此，这两道题目存在雷同的可能性。

### 具体位置：
- **博客**: 文章本身没有提到具体的题目，只是讨论了一个更一般化的问题。
- **评论**: 在评论#2和评论#3中提到的CodeChef长赛中的题目。

### 题目来源：
- 当前博客讨论的问题。
- CodeChef正在进行的长赛中的一个题目。

### 链接：
- 博客文章本身没有提供链接，但根据评论#3，可以推测该问题出现在CodeChef的某次长赛中。要找到具体的题目链接，需要访问CodeChef的长赛页面并查找相关题目。

综上所述，评论区中的信息表明当前讨论的问题与CodeChef长赛中的某个问题高度相似或相同。
60976,根据提供的博客内容和评论，没有明确提到两道不同编程题目的雷同、冲突或相似性。具体来说：

- 在评论#2中，用户“Ashishgup”询问了如何解决C问题，并且提到了一些国家不满足T恤发放资格的问题。
- 在评论#3中，用户“Kognition”问C问题是否与Codeforces上的某个问题相同（链接为<http://codeforces.com/contest/995/problem/F>），但是“ma5termind”回复说他认为这两个问题是不同的。

从这些评论中并没有直接证据表明这两道题目（博客中的Hackerrank HourRank Edition 29的C问题和Codeforces上的F问题）是本质相同的或者相似的。因此，无法从提供的信息中得出结论，认为这两道题目存在雷同或冲突。

如果有进一步的具体信息或评论提到这两道题目的雷同或冲突，请提供更详细的上下文。否则，根据现有内容，这两道题目并没有被指认为雷同或冲突。
60870,在这篇博客及其评论区中，并没有明确指出两道不同的编程题目出现了雷同、冲突或撞题的信息。大部分评论集中在比赛的流程、问题的难度、系统故障以及一些技术性问题上。

然而，在评论#4和评论#4的回复中，提到了“MEX and Ranges”问题和一个Codeforces上的问题很相似。这可以被视为一种潜在的雷同问题，但并不构成完全相同或本质相同的题目。具体如下：

评论#4：
> Kerim.K6 years ago, #|+6I think "MEX and Ranges" problem is similar to this CFproblem. I directly copied my online solution from that problem and submitted. Unfortunately time limit is too strict, that is why 2 testcases in the last subtask do not pass. But I believe with some optimizations, I can get full score. My solution works in O(N5/3).

评论#4的回复：
> kingofnumbers6 years ago, #^|+10actually this complexity is intended to get TLE, the fact that MEXRNG doesn't ask for updates will allow O(q sqrt n) solution, but yes this problem is really similar if we were aware of it we wouldn't use the version without update.

这里提到的“MEX and Ranges”问题和某个Codeforces的问题很相似，但并没有明确说明这两个问题是完全相同的。因此，这不能被直接认定为两道不同的编程题目出现了雷同或冲突。

总结来说，这篇博客和评论区并没有明显的两道不同编程题目出现雷同或冲突的信息。
60607,经过仔细检查提供的博客内容和评论，没有发现两道不同的编程题目出现雷同、冲突或撞题的信息。博客主要是关于一次Codeforces Div. 3竞赛的总结、规则说明以及一些问题解答。评论区也主要围绕具体的题目解法、竞赛体验和个人疑问展开讨论。

因此，在这篇博客及其评论区中，并未找到两道不同的编程题目在本质上相同或相似的情况。
60451,根据提供的博客内容和评论，可以发现两道题目出现了相似性或雷同的情况。具体来说：

- 博客中描述的问题是关于在一个大小为 \(10^5\) 的数组中处理 \(10^5\) 次查询，每次查询需要找出给定范围内（包含边界）的不同元素数量。
- 评论中提到的问题是 DQUERY，这个题目也是要求在数组中进行多次查询，并且需要找出给定范围内的不同元素数量。

这两道题目的核心问题是相同的，即在数组中进行多次查询并计算某个范围内不同元素的数量。虽然具体实现方法可能有所不同，但问题的本质是一样的。

**总结**：
- 博客中的问题与DQUERY问题存在雷同或相似性。
- 评论者已经指出了这一点，并建议可以使用Mo's算法或持久化线段树等方法来解决这个问题。

**引用原文**：
- 博客中的问题：“there is an array with \(10^5\) size. & there are \(10^5\) query.In each query, there is given a range L-R .within this range(inclusive) i want to find out how many distinct element remaining there?”
- 评论中的问题：“Same as this problem:DQUERY”

因此，在评论部分已经明确提到了博客中的问题与DQUERY问题是相同的。具体位置在评论#0中，由用户GusFringBB于6年前发布的评论。 

**相关链接**：
- 博客中的问题没有提供具体的链接，但其描述清晰。
- DQUERY问题可以通过搜索引擎找到相关资源，例如在线评测平台上的题目描述。
60448,从提供的博客内容和评论来看，没有明确提到两道不同编程题目的雷同、冲突或撞题情况。博客主要讨论了比赛题目的多样性以及参与者对题目的反馈问题，而评论区也没有提供具体的例子来说明哪两道题目存在雷同或相似的问题。

评论#0提到一些参赛者会对题目主题相似的比赛表示不满（例如，第491轮因为DEF都是实现题型，第493轮因为div 1 BC是数学题）。但评论中并没有具体指出哪两道题是相似的，只是提到了这些比赛中的某些题型相似导致的抱怨。因此，无法根据这些信息明确指出哪两道题目存在雷同或冲突。

评论#1和评论#2则更多是在表达个人观点，没有涉及具体的题目对比或冲突。

综上所述，根据提供的信息，无法确定两道不同的编程题目存在雷同或冲突的情况。需要更具体的信息才能做出判断。
60411,根据提供的博客内容和评论，没有明确提到两道不同的编程题目出现了雷同、冲突或撞题的信息。博客中的讨论主要集中在作者提交的代码为何会遇到时间限制超出（TLE）的问题，以及使用`TreeMap`与`AbstractMap.SimpleEntry`的区别和性能影响。

具体来说，博客中的内容主要是关于单个问题的不同实现方式及其性能差异。评论部分解释了为什么使用`TreeMap`可以接受而使用`AbstractMap.SimpleEntry`会导致TLE，这是因为`HashMap`使用了O(n)复杂度的哈希函数，而`TreeSet`保证了O(log(n))的时间复杂度。

因此，没有发现两道不同题目之间的雷同或冲突信息。如果有其他具体的博客内容或链接需要分析，请提供更详细的信息。
60263,在这篇博客及其评论区中，并没有明确出现两道不同编程题目的雷同、冲突或撞题的信息。评论区主要讨论了具体问题的解法和比赛相关的信息，但并没有提到两个本质上相同或相似的问题。

不过，在评论区的某处提到了一个问题与另一个问题的相似性：

```plaintext
comment#4»zscoder6 years ago,#^|+16Pretty much the same as this problem :link
```

这里，`zscoder`提到Day 1 B题与另一个问题非常相似，并给出了一个链接。但是这个链接并未在给出的文本中显示出来，因此我们无法确定这两个题目是否真的存在雷同或冲突的情况。

总结来说，根据提供的内容，没有明确证据表明两道不同编程题目出现了雷同或冲突。如果有具体的链接或其他信息来证明这一点，需要进一步补充说明。
60217,经过仔细检查，这篇博客及其评论区没有出现两道不同的编程题目雷同、冲突或撞题的信息。评论区主要集中在对具体问题的讨论、解题思路和代码实现等方面，而没有提到两个不同题目之间存在雷同或相似的情况。

博客内容主要是用户在讨论一些具体的算法问题和代码实现细节，例如贪心算法、动态规划等，并没有明确指出任何两道题目之间有雷同或相似的问题。如果确实存在这样的情况，评论区或博客正文会提及两道题目的来源和链接，但这里并没有这样的内容。
60110,从你提供的博客内容来看，这段对话主要是关于Codeforces平台上不同提交状态的颜色和字体显示方式的讨论，并没有涉及到任何编程题目。因此，从这段对话中我们无法找到与两道编程题目出现雷同、冲突或撞题相关的信息。

具体来说，博客内容主要集中在用户对Codeforces平台展示提交结果时颜色和字体的反馈上，例如系统测试失败的提交和被黑客攻击后锁定的提交在界面显示上的区别。但这些讨论并不涉及具体的编程题目，更不用说题目之间的雷同或冲突了。

所以，根据你给出的内容，没有发现包含两道不同编程题目出现雷同或冲突的信息。
60047,经过仔细检查，这篇博客及其评论区并没有出现两道不同的编程题目雷同或冲突的情况。每一条评论和博客内容都是针对各自题目的解法、思路、实现细节等进行讨论，并没有发现两道不同题目在本质上是相同或相似的情况。

以下是几条主要的观察点：

1. **题目覆盖范围**：
   - 博客详细描述了Codeforces Round #494中的各个题目的解决方法，包括从A到F的所有题目。
   - 每个题目都有具体的算法和实现步骤说明。

2. **评论内容**：
   - 评论区中讨论的内容主要集中在对题目理解、具体实现细节、以及各种解法的复杂度分析等方面。
   - 例如，对于题目994A至994F，评论者们提出了不同的解题思路和优化方案，但这些讨论都集中在各自的题目上，没有出现两道题目的解法雷同或冲突的情况。

综上所述，根据提供的信息，可以确定这篇博客及其评论区中没有两道不同的编程题目出现雷同或冲突的情况。
