59942,在这篇博客及其评论区中，确实存在两道题目出现雷同或冲突的信息。具体来说：

在评论区的多条评论中提到，**Codeforces Round 487 (Div. 2)** 中的 **问题D** 和 **AtCoder 的一个问题** 非常相似。例如，在评论#50和评论#52中有这样的对话：

评论#50:
```
xuanquang19996 years ago,#|+9C is similar tothis problem→
```

评论#52:
```
cyand13176 years ago,#^|+28Wow, my problem finally collided with an AtCoder one... Thanks for pointing out.→
```

另外，关于 **问题B** 的定义和答案，也有不少评论提到该问题的条件（特别是当 `p == n` 时）容易引起误解。例如，评论#46、评论#47和评论#55等都有类似的讨论：

评论#46:
```
a_kk6 years ago,#|←Rev.2→0in problem B the given statement is,a positive integer p is considered a period of string s if for all 1 ≤ i ≤ |s| — p, the i and (i + p)-th characters if s are the same.so, if p == n there is no valid i which satisfies the given condition, hence there is no valid period, so shouldn't the answer be "YES" is this case. Costed me four WA.Can anyone provide any explantion!!! thanks→
```

评论#47:
```
veschii_nevstrui6 years ago,#^|+5In this case: give me i such that i and (i + p)-th characters in s are not same. You can't do it, so "for all 1 ≤ i ≤ |s| — p, the i and (i + p)-th characters if s are the same."→
```

评论#55:
```
_kookmin20103324_6 years ago,#|←Rev.3→0And Problem B, Whyhttp://codeforces.com/contest/989/submission/39152340is Accepted?9 3 1010100014th and 7th is same so answer is No. but this source print 101010001. I try to hack this source, but console does not appear.→
```

这些评论表明，问题B在处理 `p == n` 的情况下容易产生歧义，导致很多参赛者提交了错误的答案。

因此，这两道题目的雷同或冲突主要体现在以下两点：
1. **问题D** 与 **AtCoder 的问题** 相似。
2. **问题B** 在某些条件下的定义容易引起误解。

这两个问题出现在博客中的评论区部分，特别是在关于问题B和问题D的具体讨论中。
59842,根据提供的博客内容，没有发现两道不同的编程题目出现了雷同或冲突的信息。博客主要讨论的是一个线性丢番图方程 \(a \cdot x + b \cdot y = c\) 的解法及其避免整数溢出的方法。虽然评论中提到了一些关于实现细节和技术点的讨论，但并没有提到两道不同的题目之间有雷同、冲突或撞题的情况。

博客中的内容和评论主要是围绕同一个问题的不同解决方法和思路进行讨论，而不是描述了两道不同的题目。因此，从给定的信息来看，并不存在两道不同题目雷同或冲突的情况。
59624,在这篇博客及其评论中，并没有明确提到两道不同的编程题目出现雷同或冲突的信息。博客作者描述了一个关于计算数组所有子数组的GCD（最大公约数）数量的问题，并且在评论中讨论了这个问题的一种优化方法。评论者freeloop2提出了一个O(nlogn)复杂度的解决方案，并提到了一个查询版本的问题：“Different GCD Subarry Query”。

但是，评论中并没有直接比较两个具体的问题，也没有提到这两个问题有雷同、冲突或本质上是相同的。评论主要集中在如何优化原始问题的解决方法上，并且freeloop2提供了查询版本问题的一个链接，但这个链接并没有在评论中给出。

因此，根据提供的信息，我们不能确定这两道题目之间存在雷同或冲突的情况。如果要找到具体的雷同或冲突信息，需要更明确的说明或链接来验证。从现有内容来看，评论更多是在讨论解决问题的方法和技巧，而不是讨论两道题目的相似性或雷同性。
59596,从提供的博客内容来看，并没有直接提到两道题目出现雷同、冲突或撞题的情况。博客主要讨论的是一个特定的问题，即给定两棵加权树，计算满足条件 \( f(x, y) < g(x, y) \) 的节点对数量，其中 \( f(x, y) \) 和 \( g(x, y) \) 分别表示在第一棵树和第二棵树中节点 \( x \) 和 \( y \) 之间的距离。

评论区中的讨论主要是围绕该问题的不同解法和实现细节，例如使用重心分解（centroid decomposition）、虚拟树（virtual tree）等方法。虽然有一些评论者提到了类似的问题或者不同的解决方案，但并没有明确指出两道题目是本质相同或相似的。

因此，根据提供的信息，没有发现两道不同题目出现雷同或冲突的内容。如果有更具体的关于其他博客或评论区的内容需要检查，可以提供更多信息进行进一步分析。
59553,在这篇博客及其评论区中，并没有明确提到两道不同编程题目的雷同、冲突或撞题的情况。博客的主要内容是关于如何计算一个网格中边长大于等于3的由“#”构成的矩形数量的问题，而评论区则是围绕这个问题的解决方案和算法讨论。

评论区中确实提到了一些类似问题的讨论，例如：

- **评论#6** 提到一个相似的问题（寻找最大大小的矩形），但并没有详细说明该问题的具体内容或链接。

尽管如此，这些评论并未具体指出两道题目的雷同或冲突。因此，根据提供的信息，无法确认博客或其评论区中存在两道不同编程题目的雷同或冲突。

如果需要进一步分析，可能需要更详细的描述或具体的题目链接来帮助识别是否存在雷同或冲突的问题。
59473,在这篇博客及其评论区中，并没有明确提到两道不同编程题目的雷同、冲突或撞题信息。评论主要集中在对比赛题目难度的讨论以及一些解题思路和方法的分享上。

唯一接近“雷同”或“冲突”的评论是`notking`的评论，他认为Div2的比赛题目缺乏独特性：

> **notking**:
> 
> The Div2 contest was not good. It didn't have unique problems.
> 250 — google search "lattice points within a circle"
> 500 — brute force (low constraints)
> 1000 — standard dfs/dp travel in a grid with some conditions

这里提到的三个题目分别是：
1. 250分题目：谷歌搜索“圆内的格点”。
2. 500分题目：暴力求解（低约束）。
3. 1000分题目：标准的深度优先搜索/动态规划在网格中移动并满足某些条件。

但这些描述并不具体说明这些题目是雷同的或存在冲突的。它们只是描述了题目的类型和解决方法。例如，圆内的格点问题、暴力求解问题和网格中的标准DFS/DPS问题在Topcoder或任何其他竞赛中都是常见的题目类型，这并不意味着它们彼此雷同。

因此，根据提供的内容，没有发现两道不同的编程题目存在雷同或冲突的信息。
59457,经过仔细检查，这篇博客及其评论区并没有明确提到两道不同的编程题目出现雷同、冲突或撞题的情况。大部分评论集中在对比赛的反馈、题目难度、时间限制、解题方法等方面，而不是讨论两道题目的内容是否相同或相似。

唯一可能与题目相似性相关的是在评论#44和评论#47之间的一段对话，但这段对话主要是关于题目B（地雷清扫游戏）的有效性，而不是题目之间的相似性。具体来说，评论#44提到：

```
_Hosam7 年前,
in problem (B. Minesweeper) 1 1 * how test like this can be valid ??? 
```

这只是一个关于题目的特定测试案例是否有效的讨论，并没有涉及到两道不同题目之间的雷同或相似性问题。

因此，根据所提供的信息，这篇博客及评论区并没有包含两道不同的编程题目出现雷同、冲突或撞题的信息。
59448,在这篇博客及其评论中，并没有明确提到两道不同的编程题目的具体内容，也没有直接提及两道题目的对比或雷同、冲突的情况。评论区的内容主要集中在讨论APIO 2018的比赛数据集是否会公开的问题上，以及提到了Open Contest可能会使用相同的问题，但这并没有具体指出哪两道题目是相同的或相似的。

因此，根据提供的信息，我们无法确定该博客或其评论区包含两道不同的编程题目出现雷同或冲突的情况。评论区中的“Open Contest is supposed to have the same problems”这句话虽然暗示了可能存在相同题目的情况，但并未具体指出涉及哪些题目及其来源或链接。所以，无法直接定位到具体的题目和它们的来源。
59314,从提供的博客内容来看，并没有直接提到两道不同的编程题目的存在，也没有明确指出这两道题目在本质上是相同或相似的。博客主要讨论了一个特定的问题，即给定N个点（N ≤ 1000），找到每个至少包含3个点的子集的凸包面积之和。

评论区中的讨论主要集中在解决这个问题的方法上，例如使用交叉乘积来计算多边形面积，以及如何计算某个边出现在多少个凸包中等细节。评论#0和评论#1虽然提供了不同的解释和解决方案，但它们都是围绕同一个问题展开的，即解决给定条件下的凸包面积求和问题。

因此，根据当前提供的信息，没有发现两道不同编程题目的雷同、冲突或撞题的情况。博客和评论区的内容都集中在同一个问题的不同解法上。如果需要进一步分析，可能需要提供更多的上下文或具体链接到相关的题目描述。
59149,在这篇博客及其评论区中，并没有直接提到两道不同编程题目的雷同、冲突或相似的情况。不过，在评论区中，有用户提到第二个问题（判断字符串对是否能组成回文串）与一个CodeChef上的题目非常类似。以下是具体的相关内容：

```plaintext
n_-__-_n7 years ago,#^|+14This problem is basically the same:https://www.codechef.com/problems/PP
```

这条评论指出，博客中的问题2（给定N个字符串，找出可以组成回文串的字符串对的数量）与CodeChef上的一个问题（题目链接为：https://www.codechef.com/problems/PP）非常相似。

根据这个信息，我们可以得出结论：
- 博客中的问题2与CodeChef上的问题PP本质上是相同的。
- 具体来说，两道题目都是要求找出能够组成回文串的字符串对。

因此，这两道题目的确存在雷同的情况。相关信息出现在博客评论区中的这条评论里。
59054,从你提供的博客内容来看，没有直接指出两道不同编程题目的雷同、冲突或撞题的信息。但是，评论区中提到了一些相关信息。

具体来说，在评论区的`comment#0`中，用户`mango_lassi`提到问题I（Imperial Road）是一个经典的老问题，可以看作是带权重版本的“建桥问题”，即不能交叉的桥梁建造问题。他给出了一个参考链接：[https://people.cs.clemson.edu/~bcdean/dp_practice/](https://people.cs.clemson.edu/%7Ebcdean/dp_practice/)。这里指出了问题I和另一个经典问题（建桥问题）之间的相似性。

根据这些信息，我们可以推测出以下情况：
- **问题I**（Imperial Road）和**经典建桥问题**有相似之处，但它们并不是完全相同的问题。经典建桥问题更侧重于不相交的路径，而问题I则涉及城市和权重。
  
因此，虽然评论区提到了一个问题与经典问题之间的相似性，但这并不构成“雷同”或“冲突”。这两个问题在本质上还是有所区别的，只是有一定的相似性。

总结：评论区中的信息并没有明确表示两道题目出现雷同或冲突，而只是指出了问题I和经典建桥问题之间存在一定的相似性。
58875,在这篇博客及其评论区中，并没有明确提到两道不同的编程题目出现了雷同或冲突的信息。然而，在评论部分的最后几条评论中，用户`vaibhav138`指出最难题目与另一题目非常相似。根据评论内容，我们可以找到以下相关信息：

评论#5中的最后一段：
```
I know it portrayed your college in a bad light. That is why I deleted the post and edited the comment after receiving the prize.
But you are calling me unprofessional, whereas I have explained how the team at your college handled the event unprofessionally.
I was not going to bring this up but now that you are making UNPROFESSIONALISM an issue,
the hardest problem for the contest is same as this one.
Problem from csacademy
I just changed one line of my accepted code for the problem and submitted and got accepted. So it seems like a notorious coincidence to me.
That's professional enough for you?
```

根据这段评论，用户`vaibhav138`认为比赛中的最难题目与另一个平台（csacademy）上的题目非常相似。他认为这是一次“臭名昭著的巧合”，并质疑这种相似性是否专业。

但是，从评论内容来看，这只是用户的主观感受，并没有提供具体的题目链接或详细说明这两道题目的相似之处。因此，我们无法确切地指出这两道题目的具体来源和链接，只能推测用户认为它们之间存在某种雷同关系。

总结来说，虽然评论中提到了可能存在雷同的情况，但并没有明确的证据或具体的题目链接来支持这一点。因此，我们不能确定地说博客或其评论区确实包含了两道不同的编程题目出现了雷同或冲突的信息。
58874,在这篇博客及其评论区中，并没有直接提到两道不同的编程题目出现雷同、冲突或撞题的信息。评论主要集中在比赛提醒、问题难度和实现方法等方面，而并没有明确指出两道题目本质相同或相似的情况。

唯一接近这种情况的是评论#3中的用户ilyakor提到的一个问题：“给定一个在线竞赛的问题是关于实现一个在网络上能找到的算法（例如哈密尔顿圈），这并不好。”但是这里并没有提及另一个具体题目，只是对问题设置提出了个人意见，并未涉及到两道不同题目之间的雷同或冲突。

因此，根据提供的内容，无法确定博客或其评论区中存在两道不同的编程题目雷同或冲突的信息。
58817,在这篇博客和其评论区中，确实存在两道编程题目出现雷同的信息。

具体来说，在评论#1中提到：

> This problem is exactly IOI 2011 — Race.

这意味着该博客中的问题与IOI 2011的Race问题完全相同。虽然没有给出IOI 2011 — Race的具体描述，但根据评论者的说法，这两道题目是本质上相同的。

因此，可以认为博客中的题目和IOI 2011 — Race题目是雷同的。

总结：
- 博客中的题目：给定一个带权重的树，找到长度为K的路径上最少的边数，或者返回-1如果不存在这样的路径。
- 雷同题目：IOI 2011 — Race。

这两道题目的雷同信息出现在评论#1中。
58693,从提供的博客内容来看，这里并没有明确提到两道不同的编程题目出现雷同、冲突或撞题的信息。博客主要讨论的是在一个图中收集特定数量的物品并以最小时间从源节点到达目标节点的问题。评论部分提到了将该问题转化为哈密尔顿回路问题的情况，但这仍然是对原问题的一种特殊情况下的讨论，而不是另一道不同的题目。

评论中的讨论更多是针对原问题的不同解法和特殊情况，并没有提及另一道不同的题目。因此，根据所提供的信息，无法找到两道不同题目出现雷同或冲突的内容。

如果要更准确地判断，需要更多的上下文信息，特别是博客全文和其他评论内容。如果有其他具体的评论或段落提到另一道题目并且与当前题目有雷同或冲突的地方，请提供详细内容以便进一步分析。
58235,经过仔细阅读和分析博客内容及相关评论，没有发现两道不同的编程题目出现雷同、冲突或撞题的信息。博客主要描述了VK Cup 2018 Round 1的比赛情况，包括比赛时间、参赛者名单、问题数量和评分标准等信息。评论部分主要是对比赛结果、具体题目的讨论以及个人感受等。

博客内容及评论中并没有提到任何两道题目是本质相同或相似的情况。因此，根据你的要求，该博客及其评论区不包含两道不同的编程题目出现雷同或冲突的信息。
58208,在这篇博客及其评论区中，并没有明确提到两道不同的编程题目出现了雷同、冲突或相似的情况。博主提出的问题是关于如何处理节点查询并找到满足特定条件下的最小绝对差值。评论者们讨论了这个问题的不同解决方案，但并没有提及另一道具体的题目。

唯一可能接近这种情况的是评论#2中的“CaptainWayne”提到的一点：“I am not sure but this problem from ongoing Codechef Long Challenge seems quite similar.” 这句话暗示了博主的问题可能与某个正在进行的Codechef长挑战中的问题相似，但是紧接着"P_Nyagolov"要求具体指出相似之处，而CaptainWayne并没有进一步说明这两个问题的具体相似之处，也没有提供任何链接或具体描述这两道题目的内容。

因此，根据提供的信息，无法确定这两道题目是否真的存在雷同或冲突。如果要更准确地判断，需要具体了解CaptainWayne所指的Codechef长挑战中的题目内容。但从现有信息来看，评论区并没有明确指出两道题目雷同或冲突的具体细节。
58135,经过仔细检查，这篇博客及其评论区并没有出现两道不同编程题目的雷同、冲突或撞题的情况。每篇博客都描述了不同的问题和解决方案，涉及不同的算法和数据结构：

1. **Police Patrol** - 描述了一个巡逻队覆盖房屋的问题，通过将房屋分成块来解决。
2. **Alphabetic Subsequence** - 涉及计算字符串中数字排列的数量。
3. **Infinite Graph Game** - 讨论了一种图游戏中的得分问题，涉及优化时间和复杂度。
4. **Stamp Stamp Stamp** - 关于字符串的覆盖问题，使用动态规划（DP）解决。
5. **Increasing Sequence** - 解决一个数组翻转的问题，使得数组成为递增序列。
6. **Yet Another Binary Matrix** - 二进制矩阵的问题，涉及线性代数和最大权匹配算法。

每篇博客和相关讨论都是围绕各自独立的问题进行的，没有发现两道题目本质相同或相似的情况。因此，可以认为这些内容没有出现雷同或冲突的信息。
57819,根据提供的博客内容，没有明确提到两道不同的编程题目出现雷同、冲突或撞题的情况。博客主要是关于一场Codeforces竞赛的公告和参赛者对问题的讨论。尽管有些评论提到了某些问题的解法和实现细节，但并没有发现两道不同的题目之间存在雷同或冲突的问题。

博客中提到的问题是基于Nizhny Novgorod Olympiad的题目改编而来，但是KAN在评论中已经说明了哪些问题是完全相同，哪些是经过修改的。例如：

- A题是专门为这次Codeforces竞赛准备的。
- B、C、D题与Olympiad中的题目相同。
- E题在Olympiad中的时间限制为1秒。
- F题在Olympiad中的约束条件是n为500,000，而在Codeforces竞赛中的约束条件是k为100。

这些差异说明了不同比赛之间的调整，并未涉及题目雷同或冲突的问题。

因此，从提供的内容来看，没有找到两道不同的编程题目出现雷同或冲突的信息。
57763,经过仔细检查提供的博客内容及其评论，没有发现两道不同的编程题目出现了雷同或冲突或撞题的信息。博客中涉及的各个题目都是独立的，尽管有些题目可能有相似之处或解题思路上的重叠，但它们本质上是不同的问题。

具体来说：

1. **934A - A Compatible Pair** 和 **933C - A Colourful Prospect** 是两个完全不同的问题。前者要求找到一个兼容对的最大乘积，而后者是关于计算多个圆圈相交形成的区域数量。

2. **933A - A Twisty Movement** 和 **933B - A Determined Cleanup** 也分别处理了不同的问题。前者涉及最长子序列，后者则与多项式除法有关。

3. **933D - A Creative Cutout** 和 **933E - A Preponderant Reunion** 各自处理复杂度较高的算法问题，但它们的问题背景和解决方法完全不同。

博客中提到的“这道题与另一道题存在雷同”的情况仅限于作者自己对题目设计过程中的一些反思，而不是指题目本身存在雷同或冲突。

因此，根据所提供的信息，没有发现两道不同的编程题目出现雷同或冲突的情况。
57526,在这篇博客和其评论区中，并没有明确提到两道不同的编程题目出现了雷同、冲突或撞题的信息。博客作者提出了两个关于C++的问题，而评论者也分别回答了这两个问题。这两个问题是：

1. 是否可以使用标准C++库中的`binary_search()`函数在`stack<>`上操作。
2. 如何访问堆栈顶部元素的第二个值（即`b`字段）。

评论者建议使用`vector`代替`stack`来实现类似的功能，因为`vector`支持`push_back`和`pop_back`操作，也可以进行`binary_search`。对于第二个问题，评论者直接给出了如何访问栈顶元素的`b`字段的方法，即通过`trial.top().b`。

这里并没有出现两道不同的题目内容雷同、冲突或撞题的情况。评论者只是提供了一种替代方案来解决第一个问题，以及直接解答了第二个问题。因此，没有发现任何与题目雷同、冲突或撞题相关的内容。
57478,经过仔细检查这篇博客和其评论区的内容，我没有发现两道不同的编程题目出现雷同或冲突的信息。尽管评论区中有人提到某些问题与之前的问题有相似之处，但这些讨论主要是关于题目之间的相似性或重复性，而不是明确指出两道题目本质上相同或相似的情况。

具体来说，评论区中确实提到了一些题目可能与之前的题目相似的情况，例如：

1. 在评论#39、#42、#58等中，用户指出题目E与之前某个比赛中的题目相似（Codeforces 190E - Counter Attack）。
2. 评论#30、#31、#32等中提到某些题目可能与其他题目有相似之处，但没有明确说明两道题目是本质相同的。

然而，这些评论并没有明确指出两道不同题目在本质上是相同的或存在冲突。因此，根据你的要求，这篇博客或其评论区并未包含两道不同编程题目出现雷同或冲突的信息。

如果你需要进一步的帮助来查找具体的相似题目或冲突情况，请提供更详细的线索或具体关键词。
57436,从提供的博客内容和评论来看，没有明确提到两道题目出现雷同、冲突或撞题的信息。评论区主要讨论了比赛的具体安排、延迟时间以及一些题目解决方案的细节，但并没有提及具体题目的重复或相似问题。

唯一接近的是评论#1中的内容，用户Aeon提到E题的解法与International Zhautykov Olympiad 2017中的某个题目解法相同。但这个评论仅指出了一个具体的题目（E题）与另一个竞赛中的题目可能存在相似之处，并未明确说明这两道题是本质相同或相似的题目。

因此，根据提供的信息，无法确认博客或评论区中存在两道不同编程题目出现雷同或冲突的情况。如果有更详细的信息或特定的评论需要分析，可以进一步提供以便做出更准确的判断。
57395,根据提供的博客内容和评论区的内容，我没有发现两道不同的编程题目出现了雷同、冲突或撞题的信息。大多数讨论集中在单个问题的不同解法或具体问题的解决方法上，而不是在描述两道不同的题目之间存在雷同或冲突的情况。

不过，有一个值得注意的点，评论中提到了两个不同的题目可能存在相似之处：

在评论区中的一个回复提到：“I find the problem F similar to problem K from CERC 2017.” 这句话的意思是“我发现问题F与CERC 2017中的问题K相似”。但这个相似性并不意味着题目本身存在雷同、冲突或撞题的问题，只是说它们有相似的解题思路。

具体来说：
- **问题F** 来源于这个AtCoder比赛中的某个问题。
- **问题K** 是CERC 2017中的一个问题。

尽管这两个问题有相似的解题思路，但并没有明确指出它们在形式或具体实现上有雷同或冲突的情况。因此，从现有信息来看，没有明确的证据表明这两道题目在博客或评论区中出现了雷同或冲突的信息。

如果有更多具体的例子或信息，可以进一步分析。但从当前提供的内容来看，不存在明显的两道题目雷同或冲突的情况。
57377,从提供的博客内容来看，确实存在两道相似的编程题目。具体来说：

- 第一个问题是出现在博客中讨论的问题，即给定一个包含N个整数的数组A，定义maxi,j为A[i..j]中的最大值，mini,j为A[i..j]中的最小值。要求计算所有子数组的最大值和最小值乘积之和。
- 第二个问题是出现在评论区的链接中提到的问题，即COCI 2014/15中的Norma问题。

这两个问题本质上是相似的，都是涉及到求解数组中子数组的最大值与最小值的乘积之和。因此，可以认为这两道题目有雷同之处。

出现雷同信息的地方：
- 在评论区的第二条评论中提到了第二个问题：“Another very similar problem is Norma from COCI 2014/15. You can submit it here.” 这里给出了第二个问题的链接。

总结：
- 第一个问题来源于博客作者自己提出的问题。
- 第二个问题来源于COCI 2014/15中的Norma问题，链接为：[Norma from COCI 2014/15](https://hsin.hr/coci/archive/2014_2015/)。

这两道题目在核心思想上是相似的。
57360,经过仔细阅读提供的博客内容和评论区，我没有发现两道不同的编程题目出现了雷同、冲突或撞题的信息。这些评论主要集中在讨论比赛中的具体问题、分享解题思路以及一些关于比赛体验的反馈。

例如，有一些评论提到了不同题目（如Div2 C和Div2 D）的难度和解题方法，但这些讨论并没有涉及到两道题目的本质相同或相似的问题。还有一些评论提到代码相似性或比赛评分等问题，但这些也不涉及题目本身的雷同或冲突。

因此，根据所提供的信息，没有找到两道不同的编程题目出现雷同或冲突的证据。
57183,在这篇博客及其评论区中，并没有明确提到两道不同的编程题目出现雷同、冲突或撞题的信息。博主和评论者主要讨论的是`std::sort`和`std::stable_sort`在特定情况下的性能差异以及为何在某些测试用例中使用`std::stable_sort`能够通过时间限制而使用`std::sort`则会超时。

博主提到在解决一个问题时，通过将`sort()`替换为`stable_sort()`使得程序通过了最后两个测试用例，这主要是因为这两个函数在某些情况下有不同的性能表现。评论者们进一步讨论了这种现象的原因，包括算法复杂度、实现细节等。

因此，在这篇博客和评论区中并没有发现两道不同编程题目的内容存在雷同、冲突或撞题的情况。主要讨论点集中在`std::sort`与`std::stable_sort`之间的性能差异及应用场景上。
57091,在这篇博客和评论中，并没有明确提到两道不同的编程题目出现雷同、冲突或撞题的信息。博客和评论主要讨论的是一个特定的数学问题：将N个糖果放入K个盒子中，每个盒子至少有一个糖果，且盒子和糖果都是不可区分的。评论者们探讨了解决这个问题的不同方法，包括使用递归函数f(n, k)以及组合数学中的公式等。

然而，在评论区的某个地方提到了另一个相关的问题：

- radoslav11 在评论#2中提到，该问题类似于CodeChef的一个长挑战题目，这个挑战题目出现在2017年初。虽然没有提供具体链接，但这是唯一一处暗示存在另一类似问题的地方。

尽管如此，这并不意味着这两道题目是本质相同的或者有直接的雷同或冲突。它们只是处理了与分配问题相关的不同方面。因此，根据你的要求，这里并没有发现两道不同的编程题目出现了雷同或冲突的信息。
57002,根据提供的博客内容和评论，确实存在两道题目雷同的情况。具体来说，评论#1中提到的问题E与一个Codeforces上的问题非常相似，具有相同的想法。评论#6也提到了一个问题，即“Limited Moves”似乎之前已经被多次使用过。

这两道题目分别是：
1. CS Academy Round #64中的问题E，评论中提到它与某个Codeforces的问题非常相似。
2. “Limited Moves”，这个在评论#6中被指出似乎之前已经被多次使用过的问题。

然而，评论中并没有提供足够的细节来确定这两个问题的具体链接或来源。因此，我们只能推测它们可能存在雷同的问题，但无法明确指出具体的题目链接或来源。

如果需要更准确的信息，可以查看评论中的链接或其他详细描述。例如，评论#1中提到的Codeforces的问题链接没有被给出，而评论#6中提到的“Limited Moves”的具体问题也没有被指明。如果能找到具体的题目链接，就能更清楚地了解是否存在雷同问题。
56954,经过仔细阅读和分析提供的博客内容及其评论区，没有发现两道不同的编程题目出现雷同或冲突的情况。评论区主要讨论的是比赛的内容、问题解决的方法以及对比赛的评价等，并未提到任何两道题目本质相同或相似的问题。

博客的主要内容是介绍即将到来的Codeforces比赛，包括比赛的时间、时长、评分分布、作者名单等信息。评论区则讨论了比赛的题目难度、解题方法、评分系统等细节，但没有明确指出两道不同题目的雷同或冲突情况。

因此，根据所提供的信息，该博客及其评论区没有包含两道不同的编程题目出现雷同或冲突的信息。
56896,从提供的信息来看，这篇博客中的评论指出两道题目可能是相同或相似的。具体来说，博客作者提到：

“I wonder if anyone noticed that 858F - Турне волшебника and 405E - Разрез графа are same!”

这句话表明作者认为Codeforces上的两道题目858F - Турне волшебника和405E - Разрез графа本质上是相同的或者非常相似的。

- 题目1: 858F - Турне волшебника (Magic Tour) 
- 题目2: 405E - Разрез графа (Graph Cut)

这两道题目的链接分别为：
- 858F - Magic Tour: https://codeforces.com/problemset/problem/858/F
- 405E - Graph Cut: https://codeforces.com/problemset/problem/405/E

因此，在这个博客中确实提到了两道题目的雷同问题。作者认为这两道题目可能是本质上相同的或非常相似的题目。这种情况下，这两道题目在某种程度上存在冲突或雷同的问题，因为它们看起来是用不同的背景故事或表述方式来描述同一个问题。
56731,在这篇博客中，确实提到了一个问题与另一个已知竞赛题目的相似性。具体来说，在评论区的评论#8和评论#7中，ko_osaga 指出这个博客中的问题与 BOI 2007 中的 "Sorting" 问题相同。以下是相关评论：

```plaintext
comment#8»ko_osaga7 years ago,#|←Rev.3→+13You are referring to problem "Sorting" in BOI 2007 (solution,judge)
```

```plaintext
comment#7»TheDude__7 years ago,#^|←Rev.2→0You gave a wrong link
```

```plaintext
comment#8»ko_osaga7 years ago,#^|0Fixed. Thanks for noticing this
```

因此，这篇博客中的问题与 BOI 2007 的 "Sorting" 题目是相同的。这两个问题可以被视为本质相同的问题，因为它们描述的是同一个算法问题——给定一个整数排列，计算将其排序所需的最小移动成本。

总结：
- 博客中的问题：给定一个整数排列，计算将其排序所需的最小移动成本。
- 另一个题目：BOI 2007 的 "Sorting" 问题。

这两个问题在本质上是相同的。
56693,经过仔细分析提供的博客内容，没有明确的证据表明两道不同的编程题目出现了雷同、冲突或本质上相同的情况。博客的主要讨论焦点集中在如何证明某个特定算法的时间复杂度以及其在不同情况下的表现，而不是在讨论两道不同的题目是否相同或相似。

博客中的评论主要围绕着一个特定的问题——使用Treaps的数据结构来解决某种类型的问题，以及该问题的时间复杂度分析。评论者们讨论了如何构建测试用例以达到时间复杂度的最大值（TLE），并探讨了不同的数据结构（如持久化线段树）和算法复杂度的证明方法。

唯一提到的两个“题目”之间的关系是在评论#1中提及的一个HackerEarth上的问题链接（https://www.hackerearth.com/practice/data-structures/advanced-data-structures/segment-trees/practice-problems/algorithm/replace-27c5286c/）。该评论指出这个题目是问题G的一个更难版本。然而，这并不意味着这两个题目在核心上是相同的或存在雷同，只是难度有所区别。

因此，在所提供的博客内容中，并没有发现两道不同的编程题目出现雷同、冲突或本质上相同的信息。
56663,经过仔细检查，这篇博客和评论区并没有明确提到两道不同的编程题目出现雷同、冲突或撞题的情况。相反，评论区主要讨论了比赛的各个方面，包括解题思路、对比赛的看法以及一些技术性问题等。

评论区中有一些用户提到他们的提交被判定为与他人的提交高度相似，但这通常是指同一用户的不同提交或误操作，并不涉及两道不同题目的内容雷同或冲突。

因此，根据提供的内容，无法指出任何两道不同的编程题目出现雷同或冲突的信息。如果有具体关于题目雷同或冲突的信息，需要更详细的内容来支持这一结论。
56611,在这篇博客及其评论中，没有明确提到两道不同的编程题目出现雷同、冲突或撞题的信息。评论主要集中在讨论某个特定问题的不同解法和复杂度分析上，并未提及另一道相似或相同的题目。

唯一提到的一点是在评论#1中，用户luismo提到了SPOJ上的一个问题COT2，但随后autumncloud解释说这两个问题虽然有相似之处，但是具体的要求和限制不同。因此，这并不构成两道题目雷同或冲突的情况。

总结：这篇博客及其评论区没有包含两道不同的编程题目出现雷同或冲突的信息。
56593,从提供的博客内容和评论来看，并没有明确提到两道不同的编程题目的具体内容或链接。评论中提到了类似的问题出现在某个比赛或比赛中，但并没有具体说明这两道题目是什么，也没有提供链接或详细描述。

评论#1提到的一个相似问题是在CEOI 2016中的一个题目，并提供了一个链接到Codeforces博客文章，但并没有具体说明这道题与博客中的问题是否完全相同或只是相似。同样地，评论#2也只提到了“最近的一场比赛”，但没有提供具体的链接或详细描述。

因此，根据所提供的信息，无法确定这两条评论所提到的题目是否与博客中的问题存在雷同、冲突或相似。需要更多信息才能做出准确判断。

如果需要进一步分析，需要评论者提供更多关于这些题目的具体信息或链接。
56562,经过仔细阅读博客内容和评论，我没有发现两道不同的编程题目出现雷同或冲突的信息。博客主要是关于Codeforces Round 454的比赛总结和一些选手对比赛题目的反馈。部分评论提到了题目表述不清、测试用例较弱等问题，但并没有提到两道题目本质上相同或相似的情况。

如果有具体的题目名称或链接，可以进一步检查是否存在雷同或冲突的问题，但从当前提供的信息来看，并未发现这种情况。
56477,在这篇博客及其评论中，并没有直接提到两道不同的编程题目出现了雷同或冲突的信息。然而，在评论区的最后几条评论中，提到了一个与博客中的问题相似的问题。

评论#3中提到：“问题F来自Datatähti Open 2018，你可以尝试解决它[链接]。” 这里指出了另一个相似的问题，但并没有明确表示这两个问题是雷同或冲突的。评论者只是简单地提供了一个类似的题目链接。

所以，根据你的要求，这里并没有出现两道不同的编程题目雷同、冲突或撞题的信息。评论区只是提供了一个类似的题目链接，但没有详细说明这两个题目是否本质上相同或相似。因此，无法确定这两个题目是否有雷同或冲突。如果需要进一步的信息来判断，我们需要看到具体的题目内容进行对比。
56458,根据提供的博客内容和评论区信息，确实存在两道题目雷同或相似的情况。具体来说，在评论区的第4条评论中提到：“It seems that the problem set is same as the last (yesterday) OpenCup. Is there an editorial? I'd like to know how to solve C, E, and J.”

这条评论表明本次MosCode Festival的问题集与前一天的OpenCup问题集有重合。评论者希望获得关于C、E和J这三道题的解题方法，暗示了这两场比赛中的某些题目是相同的或者非常相似的。

- 博客链接：[MosCode Festival 官方博客](假设这是官方博客的链接，实际上这里没有给出具体的链接)
- OpenCup 的链接：通常OpenCup会有自己的官方网站，但在这里也没有提供具体的链接。

因此，评论区第4条评论指出了两场赛事之间的问题雷同情况。需要注意的是，博客本身并没有直接提到这种雷同，而是通过评论区的信息间接反映出来的。
56444,在这篇博客和评论中，虽然提到了两道解题方法，但并没有明确提到两道不同的编程题目出现了雷同、冲突或撞题的情况。相反，讨论的是同一个问题（即CERC 15中的Problem F）的不同解法。

具体来说，博主分享了他解决该问题的方法，而Swistakk则补充了关于这个问题的其他细节，包括另一个容易的解决方案以及测试用例设计上的潜在问题。他们讨论的是如何在一个问题中找到一个更高效的解法，而不是两道不同的题目。

因此，根据提供的内容，没有发现两道不同的编程题目出现了雷同或冲突的信息。如果有更多的上下文或具体的链接指向不同的题目，请提供更多信息以便进一步分析。
55957,根据提供的博客内容和评论，没有明确提到两道不同的编程题目出现了雷同、冲突或撞题的信息。评论主要集中在比赛的注册、系统故障、问题解答等方面，没有直接提及两道不同题目存在雷同或冲突的情况。

唯一与题目相关的信息出现在评论#0中：

> Dinar_Gumirov7 years ago,#
>
> Hi everyone! Additionally, we would like to inform that Codeforces Round #402 (Div. 1) problems were the same as Innopolis Open 2016/2017 final problems.

这条评论提到了Codeforces Round #402 (Div. 1) 的题目与Innopolis Open 2016/2017决赛题目相同。但这里并没有具体说明哪两道题目相同，只是说明了两场比赛的整体题目集是相同的，而不是指某两道具体的题目。

因此，在这段博客和评论中，没有找到明确的关于两道不同题目出现雷同或冲突的信息。如果需要进一步确认，可以检查Codeforces Round #402的具体题目列表以及Innopolis Open 2016/2017的具体题目列表，以确定是否有具体题目重复。但根据现有信息，没有发现具体题目雷同或冲突的信息。
55917,在这篇博客及其评论区中，确实存在两道题目出现雷同的情况。具体来说，在评论区中的第3条评论指出了这一点：

> Rezwan.Arefin017 years ago,
>
> #|0
>
> 100570F — Tree Queries: Basically same problem on general trees, just you don't need to sum the distances. Adding a prefix sum will do that.
>
> →Reply

从这段评论可以看出，博客作者讨论的问题与Codeforces上的一个题目“100570F - Tree Queries”是本质相同的。尽管博客作者讨论的是计算所有距离之和的问题，而“Tree Queries”问题不需要求和，但它们的核心思路都是处理树上节点之间的距离问题。

因此，这两道题目在本质上是相似的。具体的来源如下：
- 博客文章：讨论了一种用于任意树的解决方案。
- “100570F - Tree Queries”：题目链接为https://codeforces.com/problemset/problem/100570/F。

这两道题目的核心问题都是如何高效地处理树上节点之间的距离问题，尽管具体实现方式和要求有所不同。
55849,根据您提供的博客内容，评论区确实包含了一条关于两道题目雷同的信息。具体来说，在评论#1中，用户`ivan100sic`提到这道题目与Bubble Cup X决赛中出现的一道题目非常相似。

相关信息如下：

- 第一道题目来自HDU ACM赛题，链接为：http://acm.hdu.edu.cn/showproblem.php?pid=6219
- 第二道题目来自Bubble Cup X决赛，虽然没有提供具体的链接，但可以推测这是一道在Bubble Cup赛事中出现的题目。

因此，这两道题目被认为是本质相似的题目。评论中提到的“Editorial”可能是指那道题目的解答或分析文档，但并未提供具体链接。
55722,在这篇博客和其评论区的内容中，并没有明确提到两道不同的编程题目出现雷同、冲突或撞题的信息。评论中的内容主要讨论的是个人在解决特定问题时的策略，即先写出能够处理小输入但可能会超时(TLE)的程序，然后在此基础上进行优化以通过测试。

评论者提到的是一个具体的题目，来自CodeChef竞赛平台上的TSTIND17的比赛第四题。他描述了自己如何从一个会TLE的解决方案开始，最终通过使用BIT(Binary Indexed Tree)等方法优化后获得AC(Accepted)的过程。这里并没有提到两道不同题目之间的雷同或冲突。

因此，在这个例子中，我们找不到两道题目存在雷同或冲突的信息。
55543,经过仔细检查这篇博客和其评论区的内容，我没有发现两道不同的编程题目出现雷同或冲突的情况。博客主要讨论的是比赛的结果以及一些问题的反馈，特别是关于题目C（涉及Rubik's Cube）的问题和比赛是否应该被评分的问题。

评论区中有很多用户对题目C表达了不满，因为需要处理一个2x2的魔方旋转问题，而且存在一些理解上的困难。但是这些评论并没有显示出两道不同的题目本质上是相同的或者有冲突的地方。

因此，根据你的要求，这篇博客或其评论区没有包含两道不同编程题目出现雷同或冲突的信息。
55527,从提供的博客内容来看，评论区讨论的是同一个问题的不同解决方案，即如何解决“Breaking Biscuits”这个问题。虽然评论中提到了不同方法和算法，但它们都是针对同一个问题的不同实现方式。

具体来说，评论主要围绕以下几点展开：
1. 如何使用凸包（convex hull）来解决问题。
2. 如何使用旋转卡尺技术（rotating calipers technique）或三元搜索（ternary search）找到每个点的最远点。
3. 最优解法是将多边形的一个边与杯子的一边对齐，然后找到该边对应的最远顶点。

这些讨论并没有涉及到两个不同的编程题目出现雷同或冲突的情况。所有评论都集中在如何解决同一个问题上。

因此，根据你提供的内容，博客和评论区并没有包含两道不同的编程题目出现雷同或冲突的信息。
55473,根据您提供的博客内容和评论，可以发现两道题目存在雷同的情况。

博客中的问题描述了一道关于选择并定向图中边的问题，目标是在给定一个无向、简单且加权的图的情况下，选择恰好N条边，并将它们定向，使得这些边的权重之和最大，同时确保每个节点的出度为1。这道题目的约束条件和示例也一并给出。

评论区中，用户“-Morass-”提到该问题与另一个问题非常相似（尽管约束条件较低）。接着，用户“dcordb”进一步确认了这是同一个问题。

因此，这里出现了两道题目雷同的情况。虽然博客没有提供另一题的具体链接，但从评论可以看出，这两道题本质上是相同的。

总结：博客中的问题与另一个问题（评论中提到的）是雷同的。具体来说，这两道题目是关于选择并定向图中边以最大化权重之和的问题。但由于博客本身没有提供另一题的链接，我们无法直接指出另一题的具体来源。不过，从评论中可以推测，这两个问题是同一类型的优化问题，只是可能在具体的约束条件上有所不同。
55444,在这篇博客及其评论中，确实存在两道题目出现雷同的情况。具体来说：

- 博客作者提到他们需要解决一个组合数学问题，即计算nCr（n选r）模一个大质数的问题，其中n、r和质数的数量级都在10^9左右。
- 评论者`radoslav11`指出，该问题已经在过去的CodeChef竞赛中出现过，且详细描述了问题的条件（大N和K）。这与博客中的问题描述非常相似。
- 另外，评论者`KrK`分享了一个具体的竞赛链接（https://www.hackerearth.com/challenge/competitive/october-circuits-17/algorithm/army-parade-7bcfea8e/），该链接指向一个竞赛题目，题目描述很可能与此博客中的问题一致。

因此，可以认为这两道题目是本质相同的或至少非常相似的。具体来说，出现在博客中的问题和出现在CodeChef竞赛中的问题是同一问题的不同表述。以下是涉及的两个来源：

1. **博客**：博客作者提出的问题，背景为需要解决一个组合数学问题，计算nCr模一个大质数的问题。
2. **竞赛题目**：通过KrK分享的链接指向的Hackerearth竞赛题目，具体题目名称未明确给出，但根据评论者的描述，其内容应该与博客中提到的问题一致。

总结：博客和评论区中提到的两道题目本质上是相同的，都涉及计算大范围内的组合数并取模的问题。
55361,在这篇博客及其评论区中，确实存在两道题目出现雷同或冲突的信息。具体来说，是在评论区中的讨论。

评论#8中提到的一个问题与之前某个竞赛中的问题有相似之处。评论者“chemthan”提到“Closest Numbers”问题与另一个版本的问题相似：

```plaintext
"Closest Numbers" is online version of this.
```

评论#8还提到了一个更详细的情况，其中“oversolver”分享了他在不同比赛和训练营中遇到类似问题的经历：

```plaintext
"Closest Numbers" is online version of this.
...
"Closest Numbers" is an online version of a problem that I prepared for an ICPC quarterfinal in 2015. The constraints were less strict in that problem.
```

根据这些评论，我们可以推断出“Closest Numbers”问题与之前某次比赛中的问题非常相似，甚至可以说是同一个问题的不同版本。这表明两道题目出现了雷同或冲突。

总结：
- 出现雷同或冲突的两道题目是“Closest Numbers”和之前某次比赛中的问题。
- 这些信息出现在评论区，特别是在评论#8和评论#8下的回复中。
55288,在这篇博客及其评论中，没有直接提到两道不同编程题目的雷同、冲突或撞题的信息。不过，我们可以看到一些用户提到了一些类似的或相关的题目链接：

1. 用户`albeXL`分享了一个与原问题相似但可能更难的问题链接：
   - 链接：[Codeforces 817F](http://codeforces.com/contest/817/problem/F)

2. 用户`pranet`分享了另一个可能相关的讨论链接：
   - 链接：[Codeforces 博客文章](http://codeforces.com/blog/entry/44711?#comment-292040)

3. 用户`omgcoin`提供了一个不同的链接：
   - 链接：[Codeforces 842D](http://codeforces.com/problemset/problem/842/D)

这些链接指向的是不同的问题，但是评论中并没有明确指出这些题目之间存在雷同或冲突。因此，从提供的信息来看，没有发现两道不同编程题目的雷同或冲突情况。如果需要进一步确认是否存在雷同或冲突，可以对比这些题目的具体描述和要求。
55217,在这篇博客及其评论区中，并没有明确提到两道不同编程题目的雷同、冲突或相似性。博客作者主要讨论的是一个特定问题，即在一个数组中找到满足条件 \(A[i] + A[j] = A[k]\) 的三元组，其中 \(i < j < k\)。评论者则在讨论如何优化解决方案，例如使用快速傅里叶变换（FFT）来降低时间复杂度。

博客中提到的问题链接为：[Counting Triplets](https://toph.co/p/counting-triplets)，而另一个相关的背景问题是来自csacademy的“Sum of Triplets”。

从内容上看，这两道题虽然都是关于数组中三元组的问题，但它们的条件和要求并不完全相同：
- “Counting Triplets”要求找到满足 \(A[i] + A[j] = A[k]\) 的三元组。
- “Sum of Triplets”（虽然没有具体链接）通常也是关于三元组的求和问题，但具体的条件可能有所不同。

因此，基于提供的信息，我们无法确定这两道题目是本质相同的或相似的。评论区主要集中在如何更高效地解决问题的方法上，而不是讨论两道题目的雷同或冲突。

总结：根据现有信息，该博客及评论区并没有显示出两道不同编程题目的雷同或冲突。
55187,根据提供的博客内容和评论，没有明确提到两道不同的编程题目出现雷同、冲突或撞题的信息。博客主要讨论的是同一个问题（即LeetCode上的854C - Вопросы планирования），并且重点在于作者自己的解决方案与他人解决方案的不同之处以及可能存在的性能问题。

具体来说：
- 博主提到了自己使用了排序向量（sorted vector），而其他人使用了优先队列（priority_queue）。
- 评论者解释了为什么优先队列在这种情况下更有效率（时间复杂度较低）。
- 没有提及到另一道不同的题目或问题。

因此，在这段博客和评论中并没有发现两道不同的编程题目出现雷同、冲突或撞题的信息。
55171,根据你提供的博客内容，没有明确提到两道不同编程题目的雷同、冲突或相似性。不过，在评论区中有一条评论提到了一个潜在的相似问题：

在评论#4中，用户" PRESS_F_2_PAY_RESPECT "提到：“Isn't this problem similar to1278C - Berry Jam?”

这条评论暗示了博客中的问题E可能与LeetCode或Codeforces上的题目“1278C - Berry Jam”有相似之处。然而，评论区中并没有提供关于这两道题目的详细比较或链接，因此不能确定它们是否确实存在雷同或冲突。

总结：
- 博客本身没有包含两道不同编程题目的雷同或冲突信息。
- 在评论#4中，有一个用户提出了博客中的问题E可能与“1278C - Berry Jam”相似，但没有进一步解释或链接。

如果需要进一步确认这两道题目的相似性，可以查找“1278C - Berry Jam”的具体描述和博客中问题E的详细要求进行对比。
55118,从提供的博客内容来看，没有直接提到两道不同编程题目的雷同、冲突或相似性。博客本身描述了一个数组合并问题，并给出了具体的例子和背景。但是，在评论区中，用户`yanire`提到了另一个“某种程度上相似的问题”，并指出这两个问题的不同之处在于，一个是只能合并相邻元素，而另一个可以合并任意两个元素。

然而，评论中并没有提供另一个具体问题的来源或链接，所以无法确认这是否意味着两道题目存在雷同或冲突。因此，根据提供的信息，我们不能明确指出这两道题目在哪里出现雷同或冲突。

总结来说，博客本身及其评论区并未包含两道不同编程题目的雷同或冲突信息。只有在评论中提到的一个潜在相似问题，但缺乏足够的细节来确认这一点。
54983,在这篇博客及其评论区中，确实提到了两道可能有相似之处的编程题目，但没有明确指出这两道题是完全相同或本质上相同的题目。根据提供的内容，评论区中的用户提到的两道题分别是：

1. 快速矩阵幂算法相关的题目，由博客作者提出的需求。
2. Codeforces Gym中的问题G（http://codeforces.com/gym/101081/problem/G），由用户lucaasdamaso提供。

评论区中的用户Rezwan.Arefin01提到“E - Tetrahedron”这道题与快速矩阵幂算法相关的题目基本是同一个问题，但是没有提供具体的题目链接。因此，从这段对话来看，可能存在两道题目的相似性或雷同性，但没有足够的信息来确定它们是同一道题或非常相似的题目。

总结来说，虽然评论区中提到了两道题目可能有相似性，但并没有足够的信息明确指出这两道题目是本质相同或雷同的。如果要确认这一点，可能需要更多的上下文信息或直接查看这两道题的具体描述。如果要判断这两道题是否雷同或冲突，可以关注它们的问题描述、输入输出格式和测试用例等关键要素。
54744,在这篇博客及其评论中，并没有直接提到两道不同的编程题目出现了雷同或冲突的信息。大多数评论都是关于比赛的时间、题目难度、解题思路和一些具体题目的实现细节等。

不过，在评论区中有几条评论提到了去年类似的比赛和具体的题目情况：

1. 在评论#1中，用户Darui99提到去年类似的竞赛：
   ```
   comment#1»Darui997 years ago,#|+22Similar contest of last year :http://codeforces.com/contest/723→Reply
   ```

2. 在评论#3中，用户Sahashoo对题量变化提出疑问：
   ```
   comment#3»Sahashoo7 years ago,#|0**It will be a little unusual round** — you will be given six problems and two hours to solve themwhat does it mean?→Reply
   ```

3. 评论#58和#59讨论了864E题目的解法，特别是排序的问题：
   ```
   comment#58»Suika_predator7 years ago,#|0Anyone got the idea of problem F test 13 query 24?I saw many people failing on it... (including me...)I was wondering if the algorithm was incorrect...→Reply
   
   comment#59»MagicWand7 years ago,#|←Rev.4→+1in problem 864E — FireI can't understand why it's right to sort the input by d and then calculate the answer with dp ,, t is also affecting the answer as t can be large and d small so i should take this value after other values with large d ?→Reply
   ```

尽管这些评论提供了关于某些题目的详细讨论，但它们并没有明确指出两道题目之间有雷同或冲突的情况。因此，根据提供的信息，这篇博客及其评论区没有包含两道不同的编程题目出现雷同或冲突的信息。
54682,经过仔细检查，这篇博客及其评论区没有出现两道不同的编程题目雷同、冲突或撞题的情况。评论主要集中在对比赛的反馈、具体题目的解法讨论以及一些技术性问题上。虽然评论中提到了许多不同的题目（例如B、C、D和E），但这些讨论都是针对单个题目的不同解法和实现细节，并没有显示出两道题目之间存在本质相同或相似的情况。因此，可以确认在这篇博客和评论区中没有发现两道题目雷同或冲突的信息。
54589,从提供的博客内容来看，并没有直接提到两道不同的编程题目出现了雷同、冲突或撞题的信息。博客主要讨论的是Codeforces上的一个问题（133B — Unary），并围绕如何正确处理二进制数转换和计算中的技术细节进行了讨论。

具体来说：
- 博客的评论区中提到了关于将两个二进制数合并成一个更大的二进制数的问题，这涉及到将一个二进制数乘以 \(2^4\)（即16）再进行加法操作。
- 另一部分讨论了使用 `pow` 函数计算大指数时可能出现的精度问题和整数溢出问题，并提供了一种快速模幂算法（来自Khan Academy）作为替代方案。

这两部分讨论虽然都涉及到了二进制数的操作和乘以16的操作，但它们并不是两道不同的编程题目的雷同或冲突。它们更像是同一个问题的不同方面或解决方案。

因此，根据你的要求，博客或其评论区并没有包含两道不同的编程题目出现雷同或冲突的信息。
54459,从提供的博客内容来看，评论区中并没有明确提到两道不同的编程题目出现雷同、冲突或撞题的信息。评论区主要是针对同一个问题的不同解法进行讨论，即如何计算一个字符串所有子串的唯一和的问题。该问题可以通过快速傅里叶变换（FFT）来解决，并且有多位评论者提供了不同的方法和见解。

评论区中提及的“similar problem”是指该问题与FFT相关的其他问题有相似之处，而不是指两道不同的题目之间存在雷同或冲突。因此，根据你的要求，这里没有找到两道不同题目雷同或冲突的信息。
54318,从你提供的博客内容来看，并没有明确提到两道题目的具体内容，也没有直接指出两道题目之间的雷同、冲突或相似性。博客作者提到他准备了一个与“851D - Arpa and a list of numbers”相似的问题，并打算分享出来。评论中有人表示这个问题看起来很眼熟，但没有具体说明是在哪里见过。

因此，根据这段有限的信息，我们无法确定博客中的两道题目是否存在雷同或冲突。评论者只是感觉问题眼熟，但没有提供足够的信息来证明这两道题目是本质相同或相似的。

如果要更准确地判断，我们需要更多的上下文，比如具体的题目描述或其他评论者的进一步讨论。如果有更多详细内容，可以再提供给我进行分析。
54317,经过仔细阅读和分析提供的博客内容及其评论区，我没有发现有两道不同编程题出现雷同、冲突或撞题的信息。每篇博客中的题目都是独立的，尽管有些题目可能涉及类似的概念或解题技巧，但它们本质上是不同的问题。

例如：

- **Div.2 A** 提到了查看说明部分。
- **Div.2 B** 要求创建一个通过给定点形成的圆。
- **Div.1 B** 涉及到计算最大公约数（GCD）。
- **Div.1 C** 使用了格兰迪数（Grundy number）来解决问题。

这些题目虽然都涉及到数学概念，但每个题目都有其独特的背景、输入和输出要求以及解决方案方法。评论区主要讨论的是具体实现细节和算法优化，并没有指出任何两道题目的核心问题是相同或相似的。

因此，根据你提供的信息，博客及其评论区中并没有出现两道不同的编程题目雷同或冲突的情况。
54315,在这篇博客和评论中，并没有直接提到两道不同的编程题目出现雷同、冲突或撞题的信息。评论主要集中在比赛结果、解题技巧、比赛体验等方面，而不是题目之间的相似性或重复性。

不过，在评论#13中，有一些间接的信息可能引起注意：

dalex 评论说：“Just solve more problems. It's the third time this problem appears on CF. UPD:180C - Letter, and the other problem is in Gym.”

这表明一个问题（可能是CF上的某个问题）第三次出现在Codeforces上，而另一个问题则在Gym（Codeforces的一个训练区）。但是，这里并没有明确指出两道题是相同或相似的问题，只是说某位用户觉得这个问题之前见过。

所以，根据给定的内容，没有明确的证据表明两道不同的编程题目出现了雷同或冲突。如果要更准确地回答这个问题，可能需要更多关于具体题目内容的信息。
54265,经过仔细检查提供的博客内容，没有发现两道不同的编程题目出现雷同、冲突或撞题的信息。博客主要是关于一场编程竞赛的介绍、赛前和赛后的讨论以及对问题的分析和解决方案的分享。尽管博客中提到了多个编程题目，但这些题目都是独立的，没有出现本质相同或相似的情况。

如果需要进一步检查特定内容或有其他具体要求，请告知。
54230,从提供的博客内容和评论来看，没有直接表明两道不同的编程题目出现雷同或冲突的信息。但是，有一条评论提到两个不同比赛中的问题可能有重复的情况。具体来说：

评论#1中用户询问如何解决“Palindrome Tree”问题，而评论#3提到另一个比赛（CS Academy的比赛）正在进行，并且禁止讨论问题，直到比赛结束2小时后。评论#3的用户回复说比赛已经结束，并提供了解决方案链接。

评论#3中提到：“There is a parallel round going on with the same problems (junior challenge) -- please don't discuss the problems [...] for another 2 hours”，这表明两个比赛之间的问题可能有重叠。

但是，这里并没有明确指出哪两道题目是相同的或相似的。因此，虽然存在两个比赛可能存在相同题目的可能性，但根据提供的信息无法明确指出具体的题目及其来源或链接。

总结：从提供的信息来看，没有明确的证据显示两道不同的编程题目出现了雷同或冲突，只是提到了可能存在相同题目的比赛。
54093,在这篇博客及其评论中，并没有明确提到两道不同的编程题目出现雷同或冲突的信息。博客本身讨论的是一个特定的问题：给定一个整数序列，找到其中平衡区间（所有元素出现次数相同的区间）的数量。评论区也没有提及另一道具体的题目或问题，只是对这个特定问题的解法进行了讨论和澄清。

唯一的例外是评论#5中的PermanAtayev提到这个问题与IZHO 2016竞赛中的Day 1, Problem C相关联。但ania随后回复说这两个问题是不同的。因此，即使存在关联，它们也被认为是不同的问题。

所以总结来说，这篇博客和评论区并没有包含两道不同编程题目的雷同或冲突信息。
53938,从提供的博客内容和评论来看，没有直接提到两道不同编程题目的雷同、冲突或撞题的信息。评论主要集中在讨论同一个问题的不同解决方案上，即如何有效地计算给定数组a和b的特定卷积形式的和。

评论#0中的提示和回答都是围绕同一个问题进行的：如何高效地计算`sum(a[i]*b[x-i])`，其中`0 <= i <= x`。评论#1也延续了这个讨论，提供了一种可能的简化方法，但仍然是基于解决最初提出的问题。

因此，在这段博客和评论中没有发现两道不同编程题目的雷同或冲突的信息。所有讨论都集中在一个问题上，即如何优化计算特定形式的卷积和。如果要寻找雷同或冲突，需要更多的上下文或具体示例来说明两道题目的存在及其关系。
53928,在这篇博客及其评论中，并没有明确提到两道不同的编程题目的存在，也没有直接指出这两道题目在内容上是否有雷同、冲突或相似的情况。因此，根据提供的信息和要求，我们无法找出两道不同的编程题目出现了雷同或冲突的信息。

博客内容主要讨论了一个问题：给定一棵树（节点及其权重）以及查询包含两个节点号和一个值c，需要找到具有大于c的权重的祖先数量。评论中的讨论集中在如何使用不同的数据结构（如Segment Tree、Order Statistic Tree等）来解决这个问题。

如果要检测雷同或冲突，通常需要具体提到两道题目的来源和链接，但这里并没有这样的信息。因此，可以得出结论，在这个博客和评论中并没有出现两道不同编程题目的雷同或冲突信息。
53861,在这篇博客和其评论区中，并没有直接提到两道不同的编程题目出现了雷同、冲突或撞题的信息。但是评论#0中的内容确实提到了一个与博客作者讨论的问题相关的另一种方法，这可以视为一种不同的解题思路，而不是一个独立的编程题目。

具体来说，评论#0中提到：

- 这个问题实际上是“矩形面积并问题”扫线法的一个子问题。
- 可以用带有懒惰传播的线段树来解决这个问题。对于线段树中的每个节点，维护最小值 `m` 以及最小值出现的次数 `c`。由于 `m` 总是非负的，所以可以通过检查 `m` 是否为零来决定贡献的次数。

虽然这个评论提供了一个不同的解决方案，但它并没有明确地表示这是一个不同的题目。因此，根据你的要求，这里并没有两道不同的编程题目出现了雷同或冲突的信息。

如果要更精确地找到两道不同的编程题目，需要有明确的题目来源和链接，并且这两个题目需要有相似或相同的核心问题描述。在这个例子中，并没有这样的信息。
53818,在这篇博客和评论中，并没有明确提到两道不同的编程题目出现了雷同、冲突或撞题的信息。相反，讨论集中在二分查找（binary search）和三元查找（ternary search）这两种算法的适用场景和原理上。

评论主要讨论的是：
1. 二分查找和三元查找的区别以及各自的适用场景。
2. 二分查找适用于单调函数，而三元查找适用于单峰函数（unimodal function）。
3. 有人提出可以通过一定的技巧让二分查找也能应用于单峰函数，但可能存在精度问题。

因此，根据提供的内容，这里并没有出现两道不同的编程题目雷同或冲突的情况。评论主要是对两种搜索算法的理解和应用场景进行探讨。
53810,根据提供的博客内容和评论区信息，没有发现两道不同编程题目出现雷同、冲突或撞题的信息。博客主要讨论了一个经典问题及其扩展到多维的情况，而评论区主要是对博客内容的补充说明和讨论，并没有提到两个本质相同或相似的不同题目。

具体来说：

1. **博客内容**：博主首先介绍了一个使用双端队列解决的经典问题（一维数组中的连续子数组最小值问题），然后扩展到二维甚至更高维度的情况。
   
2. **评论区内容**：评论区的讨论主要集中在算法实现细节、其他解法、以及一些相关问题的练习上，但并没有提及两个本质上相同的题目。

因此，在这个博客和评论区中没有找到两道不同题目出现雷同或冲突的信息。
53630,根据提供的博客内容和评论，没有明确提到两道不同编程题目的具体内容或链接，也没有直接指出两道题目的雷同、冲突或相似之处。评论中只是提到有一个旧的Codeforces讨论帖以及一个古老的TopCoder问题看起来很相似，但没有具体说明这两道题目的细节或链接。

因此，从给出的信息来看，我们无法确定这两道题目是否存在雷同或冲突。需要更多的上下文信息或具体的题目描述来做出准确判断。

如果要更详细地分析，我们需要：
1. 具体的题目描述或链接。
2. 更详细的评论内容，特别是关于这两道题目的具体相似之处或差异之处。

目前的评论只提到了这些题目的存在，并没有提供足够的信息来判断它们之间是否有雷同或冲突。
53550,经过仔细检查，该博客文章及其评论区没有出现两道不同的编程题目雷同、冲突或撞题的信息。所有讨论主要集中在比赛题目本身的质量、难度以及选手的表现上，而没有提及任何两道题目本质相同或相似的情况。

因此，根据你的要求，这里并没有发现两道不同题目出现雷同或冲突的信息。
53538,根据提供的博客内容和评论，没有发现两道不同编程题目的雷同、冲突或撞题的信息。博客主要是关于AtCoder Regular Contest 079和AtCoder Beginner Contest 068的比赛介绍，以及一些用户对比赛中具体问题的讨论和解答。

评论区中的讨论主要集中在比赛中的特定问题（例如ABC中的D和E题，ARC中的F题等）的具体解法和算法复杂度上，但这些讨论并没有涉及两道不同题目的雷同或冲突问题。

因此，根据给定的信息，可以得出结论：博客及其评论区中没有包含两道不同的编程题目出现雷同或冲突的信息。
53499,在这篇博客及其评论中，并没有发现两道不同的编程题目出现了雷同或冲突或撞题的信息。博客内容主要围绕IOI 2017赛事的相关信息和直播渠道进行介绍，而评论区的内容主要是对参赛者表示祝福、讨论赛事安排以及一些关于参赛国家的问题等。

唯一接近这种主题的评论是在评论#16和#17中，ko_osaga 提到了一道名为“Wiring”的问题（链接为 https://www.acmicpc.net/problem/1659），并提到这道题与之前的一些竞赛题目有相似之处，例如2007年的Seoul地区赛、2007年的APIO Backup问题以及2010年IOI训练中的题目。但是这些讨论并没有表明两道题目是本质相同或相似的，而只是指出了某些相似之处。

因此，根据你的要求，这篇博客及其评论区并没有包含两道不同的编程题目出现了雷同或冲突或撞题的信息。
53354,经过仔细阅读提供的博客内容和评论，我没有发现两道不同的编程题目出现雷同、冲突或撞题的信息。博客和评论主要讨论的是比赛中的具体问题以及解题方法，但没有明确提到两道不同题目在本质上相同或相似的情况。

博客内容涉及的是关于某次编程竞赛中几个问题的讨论，特别是关于如何解决某些特定问题的方法。例如，评论区里讨论了问题B和问题F的解题思路，但这些讨论都是针对单个问题的不同实现细节，并未提及两个不同题目之间的雷同或冲突。

因此，根据所提供的信息，无法指出任何两道不同题目的雷同或冲突情况。如果要更准确地判断，可能需要更多的背景信息或具体题目描述。
53267,经过仔细阅读和分析提供的博客内容，没有发现两道不同编程题目出现雷同、冲突或撞题的信息。博客主要记录了一场Codeforces竞赛的相关信息，包括问题映射到VK Cup决赛的问题，以及一些关于解决方案和比赛规则的讨论。

博客中提到的问题和讨论主要集中在以下几个方面：
1. 比赛的基本信息，如题目来源、准备者等。
2. 部分题目的具体解决方案和算法。
3. 竞赛期间的一些疑问和解答。
4. 获奖者名单及其获奖情况。

博客中的评论也没有提及任何两道不同题目有雷同或冲突的情况。因此，根据提供的信息，没有找到两道题目雷同或冲突的例子。
53107,在这篇博客中，作者提到他尝试使用Wavelet Tree数据结构来解决SPOJ上的MKTHNUM问题，并且提到了在同一份代码上测试了另一个问题（虽然没有明确指出具体的问题名，但可以理解为“this problem”是指另一个在线评测系统上的类似问题），该代码在这个其他在线评测系统上得到了接受（accepted）。此外，作者还提到在同一数据结构下，他在KQUERY问题上也遇到了运行时错误（RTE）。

从这些描述来看，我们可以推测出以下几点：

1. MKTHNUM问题和KQUERY问题都是使用Wavelet Tree数据结构来解决的。
2. 作者在同一份代码基础上，在不同问题上遇到了不同的结果：一个是在SPOJ上遇到RTE，另一个是在另一个在线评测系统上得到接受。
3. 这里并没有直接表明MKTHNUM和KQUERY这两个问题本身是相同的或者相似的，但是由于它们都使用了同样的数据结构并且遇到了相同类型的问题（RTE），这提示我们这两个问题可能在某些方面有相似之处。

然而，仅凭博客内容无法明确地指出MKTHNUM和KQUERY是本质相同或相似的问题。这两个问题可能是独立设计的，但由于它们都适合用Wavelet Tree数据结构来解决，并且在实现过程中遇到了相似的技术难题（如RTE），所以看起来它们可能有一些共通之处。

总结：博客中没有直接提到MKTHNUM和KQUERY是本质相同或相似的问题，但从它们都需要使用Wavelet Tree数据结构以及遇到相似的实现问题这一点来看，可以推测它们可能有一些相似之处，但这需要更多的信息来确认。如果要准确判断两道题目的相似性，通常需要查看题目的具体要求和测试用例等详细信息。
53054,在这篇博客和评论中，确实存在两道题目有相似之处的情况，但它们并不是完全相同的问题。具体来说：

- 博主提出的问题是：给定两个长度为n的数组A和B，计算将数组A转换成数组B所需的最小交换次数。
- 在评论区中，用户提到的AtCoder上的问题（尽管没有给出具体链接）可能是与排序相关的最小交换次数问题，即把数组转换成升序排列所需的最小交换次数。

这两个问题的核心都是“计算最小交换次数”，但侧重点不同：
- 博主的问题要求将一个数组转换为另一个特定数组。
- 而AtCoder的问题则是将一个数组转换成升序排列。

尽管两者都涉及计算最小交换次数，但它们解决的具体问题是不同的。博主的问题更加通用，而AtCoder的问题则更具体地针对排序。

评论中提到的“这些问题是几乎相同的，只是固定数组B为{1,2,3,...,n}”这种说法并不准确。因为即使固定数组B为升序排列，问题的本质仍然有所不同。博主的问题需要考虑的是如何通过交换将一个数组变成另一个特定数组，而不是简单地将其变成升序排列。

因此，虽然它们有相似之处，但并不能说它们是本质相同的问题。总结来说，这里并没有出现两道题目雷同、冲突或撞题的情况。
53051,从提供的博客内容来看，并没有明确提到两道不同的编程题目出现了雷同、冲突或相似的情况。博客主要讨论了一个特定的问题，即给定一个数组，找到将该数组排序所需的最小翻转次数。博主还提到了一个更简单的版本，称为煎饼排序（Pancake Sorting），但并没有引入另一道不同的编程题目。

评论区也没有提及任何两道题目的比较或指出题目之间的雷同、冲突或相似性。评论主要是关于问题规模和复杂度的讨论，例如最大数组大小以及算法的时间复杂度。

因此，根据提供的信息，没有发现两道不同编程题目出现雷同或冲突或撞题的信息。如果有其他具体的评论或博客内容需要检查，请提供更多信息。
52895,经过仔细检查，这篇博客及其评论区并没有出现两道不同编程题目雷同、冲突或撞题的情况。每篇题解和讨论都集中在各自的问题上，没有发现两道题目的核心内容或解法本质上相同或相似的情况。

如果需要进一步确认某些具体细节或有其他特定问题，请告诉我！
52861,在这篇博客和评论区中，并没有直接提到两道不同的编程题目出现雷同或冲突的情况。博客主要介绍了两个同时举行的编程竞赛（AtCoder Regular Contest 076 和 AtCoder Beginner Contest 065），并且评论区主要是对比赛结果和个人体验的讨论。

然而，在评论区中确实有一些关于特定问题的讨论，比如在评论#7和评论#9中，用户讨论了AtCoder Regular Contest 076中的问题E（Connected?）。但是这些讨论并没有提到两道不同的题目有雷同或冲突的问题，只是针对某一题目的具体实现和测试用例进行讨论。

因此，根据提供的内容，没有发现两道不同的编程题目出现雷同或冲突的信息。
52846,在这篇博客及其评论区中，确实提到了两道相似但本质上不同的题目。具体来说：

- 博客作者提到的问题是一个关于查找最长正确括号子串（consecutive elements）长度的问题，区间查询范围为[l, r]。
- 在评论区中，用户`mr_knownothing` 提到的另一个问题是关于查找正确括号子序列（subsequence）的问题，而不是子串（substring）。这两个问题虽然都涉及括号匹配，但是子串要求连续，而子序列则不一定连续。

评论区中的讨论进一步确认了这两道题目的区别。例如，用户`zscoder`明确指出这两个问题不是同一个问题，因为一个是关于正确括号子序列（subsequence），另一个是关于正确括号子串（substring）。

所以，虽然这两道题目的背景相似，但它们的核心区别在于是否要求连续性。这使得它们在解题方法上会有很大的不同。

总结：
- 出现雷同或冲突的信息主要是在评论区的讨论中。
- 具体位置是在`mr_knownothing` 和`zscoder` 的评论中。
- 题目来源分别为：
  - 博客作者提出的问题：博客内容本身。
  - `mr_knownothing` 提到的问题：链接未提供，但可以从上下文推测出这是一个关于正确括号子序列的问题。

希望这些信息对你有所帮助！
52773,在这篇博客及其评论中，并没有明确提到两道不同的编程题目出现了雷同或冲突的情况。博客和评论主要讨论的是一个特定问题（一道题目）的不同实现细节，特别是关于数组类型对程序运行结果的影响。

具体来说，博客作者遇到了一个运行时错误(SIGFPE)，而通过将数组类型从`long long`改为`int`解决了这个问题。评论者`redocyz`认为作者的`int`类型的解决方案实际上是错误的，因为它不能正确处理大于25的阶乘。

这里并没有涉及到两道不同的编程题目的比较或讨论。因此，根据你的要求，这则博客及评论区的内容不符合你所指的“两道不同的编程题目出现了雷同或冲突”的情况。
52589,在这篇博客及其评论区中，并没有明确提到两道不同题目的描述或内容，也没有直接指出两道题目是本质相同或相似的。因此，根据提供的信息，我们不能确定这些评论中的问题涉及的是两道题目雷同或冲突的问题。

但是，从评论内容来看，用户似乎遇到了一些提交上的问题，如输出格式错误或错误答案（WA）。其中，评论#1提到提交了几乎相同的代码到两个不同的题目（812A），但只在一个题目上遇到了WA，这暗示了可能有某种雷同或相似的情况，但并没有明确说明这两道题目的内容是相同的。

具体来说：
- 提交到735D Taxes的代码遇到“wrong output format”问题。
- 提交到235A的代码也遇到了类似的问题（由其他用户提到）。
- 提交到812A的代码遇到了WA，而另一份几乎相同的代码得到了正确的结果。

然而，这些评论并没有提供足够的信息来证明两道题目的内容本身是雷同或冲突的。因此，无法直接指出具体的博客部分或链接来证明这一点。

如果要更准确地分析是否存在雷同或冲突的问题，需要查看这些题目的具体描述和测试用例。但从目前的评论内容来看，没有明确证据表明存在两道题目雷同或冲突的情况。
52540,在这篇博客及其评论中，没有直接提到两道不同的编程题目的内容出现雷同、冲突或撞题的信息。然而，评论区中有一些讨论涉及到不同题目之间的相似性或问题解决方案的相似性。

特别值得注意的是，评论中提到了一个问题（E题，即纳米机器人问题）与前一年决赛中的一个问题非常相似。具体来说：

- chintu 在评论#3中提到：“E题和去年决赛中的金牌题几乎相同，我只用了20分钟就修改了fhlasek去年提交的代码。”
- fhlasek 回复说他并没有意识到可以使用类似的解决方案，所以基本上是从头开始实现了一个相似的想法。

尽管如此，这并不意味着这两个题目本质上是相同的。只是因为它们有相似的问题背景或解决方案思路，使得一些参赛者能够快速解决当前的问题，因为他们之前已经解决了类似的问题。

总结：这篇博客和评论区没有明确指出两道不同题目之间存在雷同或冲突的信息，但确实讨论了某些题目之间的相似性。这些相似性主要体现在问题解决方案上的相似，而不是题目本身的内容完全相同。因此，没有明确指出两道题目出现雷同或冲突的具体位置和链接。
52348,在这篇博客及其评论区中，确实存在两道题目雷同的情况。具体来说，评论区中的用户讨论指出了两个问题（SPCLN和RIN）非常相似甚至几乎完全相同。

相关评论如下：

```markdown
comment#5»
Lewin7 years ago,#|+203
It looks like this problem:
https://www.codechef.com/SNCKEL17/problems/SPCLN
is almost an exact copy of this problem:
https://www.codechef.com/problems/RIN
```

随后，有更多评论进一步证实了这一点，并且管理员也确认了这个问题：

```markdown
comment#5»
Kostroma7 years ago,#^|←Rev.5→+243
Any comments from admins? For me it seems the author of yersterday's problem simply copied it from cgy4ever's problem. And it may have ruined the selection of onsite teams.
...
PraveenDhinwa7 years ago,#^|+82
Kostroma, Currently we are investigating this possibility. We will soon notify about it.
...
PraveenDhinwa7 years ago,#^|+49
We have confirmed that the author has deliberately copied the problem. Author's code is exactly same as that of one of the submissions in the problem RIN. Also, author's short editorial/explanation contains images that are taken from the editorial and are edited slightly. The author will be banned from Codechef problem setting. We apologize for the situation.
```

因此，在这篇博客的评论区中，明确提到了两个题目（SPCLN和RIN）存在雷同的问题。这两个题目的来源分别是：

- SPCLN: https://www.codechef.com/SNCKEL17/problems/SPCLN
- RIN: https://www.codechef.com/problems/RIN

总结起来，博客评论区第5条评论开始的讨论指出SPCLN和RIN是几乎完全相同的题目。
52346,在这篇博客中，确实提到了两场同时进行的比赛AtCoder Regular Contest 075 (ARC) 和 AtCoder Beginner Contest 063 (ABC)，并且明确指出后两题在ABC中与前两题在ARC中是相同的。这可以被视为两道不同比赛中的题目存在雷同的情况。

具体来说，博客中提到的信息表明：
- ABC的最后两题与ARC的第一二题相同。

因此，这里的雷同指的是：
- 来源：AtCoder Beginner Contest 063 (ABC) 和 AtCoder Regular Contest 075 (ARC)
- 题目：ABC的第3和第4题与ARC的第1和第2题是相同的。

这两场比赛的链接如下：
- [AtCoder Beginner Contest 063](https://atcoder.jp/contests/abc063)
- [AtCoder Regular Contest 075](https://atcoder.jp/contests/arc075)

总结：博客中明确指出的这两场比赛的部分题目是相同的，这可以被视为雷同的情况。
52170,在这篇博客及其评论区中，确实存在两道题目雷同的情况。具体来说：

- 博客作者提出的问题是：“给定100个站点以及相邻站点之间的距离。你需要从中选择10个站点（即10个停靠站），使得任意两个停靠站之间的最大距离最小化。默认情况下，第一个和最后一个站点已经被选中，因此只需要再选择8个站点。”
  
- 在评论区中，用户`sdssudhu`提到这个问题可以被建模为与CodeChef上的一个竞赛问题类似，该问题是：[https://www.codechef.com/MARCH17/problems/SCHEDULE](https://www.codechef.com/MARCH17/problems/SCHEDULE)。

根据评论者的描述，这两个问题实际上是类似的：
- **博客中的问题**：需要从100个站点中选择10个站点，使得任意两个站点之间的最大距离最小化。
- **CodeChef上的问题**（SCHEDULE）：需要安排警察在特定位置进行巡逻，以确保任意两个巡逻点之间的最大距离最小化。可以通过将站点视为1，并将距离视为0来建模，然后使用二分查找法解决问题。

因此，这两道题本质上是相似的。博主所提的问题与CodeChef上的[SCHEDULE]问题在解决思路和目标上是相同的，只是表述和背景不同。具体来说，两者都是通过某种方式（如二分查找）来最小化任意两点之间的最大距离。
52164,在这篇博客及其评论中，并没有明确提到两道不同的编程题目出现了雷同、冲突或撞题的信息。相反，博客和评论主要讨论了在同一竞赛中出现相同问题的情况，即ICPC世界总决赛（World Finals, WF）中出现了与Timus Online Judge上的问题1955相同的题目。

具体来说，评论者们讨论的是：

1. 在ICPC世界总决赛中出现了与Timus Online Judge上的问题1955相同的题目。
2. 有参赛队伍之前在Timus上已经解决了这个问题，但在ICPC世界总决赛中遇到了不同的实现难度（主要是精度问题）。
3. 还提到了Codeforces教育场次（Educational Round）中存在一个非常相似的问题。

但是，这些讨论并没有涉及到两道不同来源的题目在本质上是相同的或相似的。因此，根据你的要求，这里并没有发现两道不同的编程题目出现了雷同或冲突的信息。

如果有任何特定的细节或进一步的上下文需要分析，请告诉我。
52065,在这篇博客及其评论中，并没有明确提到两道不同的编程题目出现雷同或冲突的信息。评论主要集中在讨论比赛的时间变更、具体问题的解法和一些比赛中的细节问题。

不过，在评论区中，有用户提到一道题目与另一场竞赛中的题目非常相似。具体如下：

评论#8（camypaper）:
```
wow! too fast editorial!
Problem A seems to be almost same as 500pts!
```

评论#3（KAN）:
```
A harder version was here: http://cf16-exhibition.contest.atcoder.jp/tasks/codefestival_2016_ex_a, and there is an editorial for this problem here (problem A, english version is at the end).
```

评论#2（satyaki3794）:
```
So, this is the same as creating a complete graph and removing all edges which are invalid (ie. abs(dist0[a]-dist0[b]) > 1 || abs(dist1[a]-dist1[b]) > 1).
```

这些评论暗示了某些题目可能存在相似性，但并没有明确指出两道题是完全相同的问题。评论#3明确提到了一个更难版本的问题链接，但是没有说明这个题目和当前讨论的题目之间存在雷同或冲突。

因此，根据提供的信息，我们不能断定两道题目是完全相同或存在雷同的情况。如果要确认是否存在雷同或冲突，需要进一步查看具体的题目描述和测试用例。
52031,经过仔细阅读提供的博客内容和评论，我没有发现两道不同的编程题目出现雷同或冲突的信息。博客主要是对一个Codeforces比赛的介绍和讨论，而评论区的内容也主要围绕各个题目本身的具体解法、实现细节以及一些技术问题进行讨论。

如果要特别注意的话，评论区中有一些用户提到了某些题目与以前的竞赛题目相似，例如：

- 评论#5提到Div1 B与Google Kickstart Round B 2017 Problem A相似。
- 评论#37提到Div1 C / Div2 E与CodeJam的一个问题相似。

但是这些都只是相似性而非雷同或冲突。题目本身还是独立的，没有直接出现两道题目完全相同的情况。因此根据你的要求，这并不符合需要指出的条件。
52010,在这篇博客文章及其评论区中，并没有出现两道不同的编程题目出现了雷同或冲突的情况。每篇博客文章讨论的是独立的问题和解决方案，而评论区主要围绕各个问题的具体实现和理解展开讨论。

评论区有一些关于如何解决特定问题的不同方法的讨论，例如关于“Selling Souvenirs”（808E）问题的不同动态规划实现方法，但这些讨论并没有表明两道题目之间存在雷同或冲突。

例如，评论区讨论了如何使用动态规划来解决“Selling Souvenirs”问题的不同方法，包括使用不同数量的元素（如1-元素、2-元素和3-元素），以及如何优化这些方法。然而，这些讨论都是针对同一个问题的不同解法，而不是不同的题目之间的雷同或冲突。

因此，根据提供的内容，没有发现两道不同的编程题目出现了雷同或冲突的信息。
51989,在这篇博客及其评论中，并没有明确提到两道不同的编程题目出现雷同或冲突的信息。评论主要集中在对比赛题目的讨论、解题思路以及一些技术细节上。

然而，在评论#14中，有用户提到了一个问题，即问题E和另一个题目非常相似：

> f2lk6wf90d8 years ago,#|0Did anybody else notice that problem E was exactly this problem?

这条评论暗示了问题E和另一个未具体指明的问题很相似，但没有提供具体的题目链接或来源。随后的回复也并未确认这一点：

> yassin_8 years ago,#|+5Read statements + constraints again carefully. Also if you look at the editorials, you will see they are very different.

因此，根据提供的内容，无法明确指出哪两道题目存在雷同或冲突。如果需要更确切的答案，可能需要进一步查阅相关题目的描述和测试用例。
51965,在这篇博客及其评论区中，确实存在两道不同的编程题目出现雷同的情况。具体来说，在评论区中提到的问题F与另一场竞赛中的问题存在高度相似性。

相关信息如下：

- **博客内容**：博客作者宣布了Yandex.Algorithm竞赛的第一轮比赛，感谢了相关人员并介绍了比赛的多样性。

- **评论区内容**：
    - **评论#2**：用户W4yneb0t提到问题F与AtCoder和波兰某次竞赛中的题目非常相似。
    - **评论#2回复**：用户Zlobober解释了他们已经尽力去避免这种情况，但还是未能成功。
    - **评论#2回复**：用户Petr和其他人讨论了这个问题，指出了问题F与AtCoder竞赛中的问题D以及波兰OI竞赛中的问题jas的高度相似性。

相关链接如下：
- [AtCoder竞赛中的问题D](http://agc009.contest.atcoder.jp/tasks/agc009_d)
- [波兰OI竞赛中的问题jas](http://main.edu.pl/en/archive/oi/11/jas)

因此，评论区中的信息表明两道题（Yandex.Algorithm竞赛中的问题F和AtCoder竞赛中的问题D/波兰OI竞赛中的问题jas）是本质上相似的。这在评论区的第2条评论中被明确指出，并且有多位用户对此进行了讨论。
51894,根据提供的博客内容和评论，没有明确提到两道不同的编程题目的具体内容或链接，只是提到了一个已知的问题可以通过广度优先搜索（BFS）来解决，并且给出了一个类似的题目链接（http://www.spoj.com/problems/ONEZERO/）。评论者认为这两个问题本质上是相似的，因为它们都可以通过构造数字的方式来解决。

具体来说：
- 博客中的问题是寻找由0和1组成的、最小的能被N整除的数。
- 评论中提到的类似问题是SPOJ上的"ONEZERO"问题。

从评论者的描述来看，这两个问题确实有相似之处，但没有提供足够的细节来确认它们是完全相同的题目。因此，我们不能直接断定这两个问题是雷同或冲突的。

如果需要更精确地判断是否有雷同或冲突，我们需要查看“ONEZERO”问题的具体描述和要求。不过，根据现有的信息，我们可以推测这两个问题可能是解决类似问题的不同实例，但不一定是完全相同的问题。

所以，在这个博客和评论中并没有明确出现两道不同编程题目的雷同或冲突的信息。如果要确认是否存在雷同或冲突，需要进一步查看“ONEZERO”问题的具体描述。
51761,在这篇博客及其评论区中，并没有直接提到两道不同的编程题目出现雷同或冲突的信息。评论区主要讨论的是关于比赛中的具体问题和体验，例如某个问题的重复、栈限制以及随机数函数在不同环境下的表现等。

唯一接近于题目雷同的是在评论#3到评论#4之间的对话，但这是指同一场比赛中的两个问题可能存在重复，而不是两道不同的编程题目的雷同或冲突。具体来说，评论#3提到无法提交解决方案的问题，而评论#4提到问题C与其他比赛的问题非常相似，但这并不涉及两道不同的编程题目的雷同或冲突。

因此，在这个博客及其评论区中，没有找到两道不同的编程题目出现雷同或冲突的信息。
51729,在这篇博客及其评论区中，并没有明确提到两道不同的编程题目出现了雷同或冲突的信息。然而，在评论区的第7条评论中，用户Deemo提到“Problem F was the same as 196C - Paint Tree”，这暗示了两道题目的相似性。

具体来说：
- **问题F** 是HackerRank World Codesprint 10中的一个问题。
- **196C - Paint Tree** 是Codeforces上的一道题目。

根据Deemo的评论，这两道题似乎非常相似或相同。因此，可以认为这两道题目出现了雷同的情况。

总结：
- **博客位置**：评论区第7条评论
- **涉及的题目**：
  - Problem F（HackerRank World Codesprint 10）
  - 196C - Paint Tree（Codeforces）

这两道题被指认为本质上相同的题目。
51677,在这篇博客及其评论中，确实提到了两道相似的问题。具体来说，在评论#4中，用户skmonir提到“这个题目有点类似。你可以看看编辑器和别人的代码。” 这里暗示了另一道与当前讨论的题目相似的问题。

然而，从提供的评论内容来看，并没有明确提及这两道题的具体来源或链接。因此，我们无法确切知道这两道题目的具体内容和出处。

总结：
- **存在两道相似的问题**：但具体的题目来源或链接并未在评论区给出。
- **相关信息**：skmonir在评论#4中提到的问题与当前博客讨论的问题相似，建议查看该问题的编辑器和他人的代码。

如果需要进一步的信息，可能需要查找skmonir所提到的具体题目链接或来源。
51666,根据提供的博客内容，没有明确提到两道不同的编程题目的雷同、冲突或相似性。博客主要介绍了两个比赛（AtCoder Regular Contest 072 和 AtCoder Beginner Contest 059）的时间、规则和题目的分值等信息。此外，博客中的评论主要是针对具体题目解法的讨论，并未提及题目之间的雷同或冲突问题。

唯一可能引起注意的地方是博客中提到“ABC 的最后两个任务与 ARC 的前两个任务相同”。然而，这并不意味着题目本身存在雷同或冲突，只是说两场竞赛中有重叠的题目。这些重叠的题目本质上还是不同的题目，因为它们出现在不同的比赛环境中，面向不同水平的选手。

因此，从提供的信息来看，并没有发现两道不同的编程题目出现雷同或冲突的情况。
51598,经过仔细检查，博客及其评论区中并没有出现两道不同的编程题目出现雷同或冲突的信息。每个博客条目都描述了不同问题的不同解决方案，而评论区也没有提到任何关于两道题目本质相同或相似的情况。

评论区主要讨论的是各个题目的解法、实现细节和一些具体测试用例的问题。例如：

- 对于“Voltage Keepsake”（772A），评论者讨论了二分查找的最大上界问题以及如何处理精度误差。
- 在“Vulnerable Kerbals”（772C）的评论中，有人询问了具体的代码片段，但没有提到题目之间的雷同或冲突。
- 对于其他题目如“Volatile Kite”，评论者讨论了浮点数精度问题以及为何使用 `double` 类型可以避免错误。

因此，根据提供的内容，没有发现两道题目出现雷同或冲突的信息。
